#
# There is insufficient memory for the Java Runtime Environment to continue.
# Native memory allocation (malloc) failed to allocate 936976 bytes. Error detail: Chunk::new
# Possible reasons:
#   The system is out of physical RAM or swap space
#   This process is running with CompressedOops enabled, and the Java Heap may be blocking the growth of the native heap
# Possible solutions:
#   Reduce memory load on the system
#   Increase physical memory or swap space
#   Check if swap backing store is full
#   Decrease Java heap size (-Xmx/-Xms)
#   Decrease number of Java threads
#   Decrease Java thread stack sizes (-Xss)
#   Set larger code cache with -XX:ReservedCodeCacheSize=
#   JVM is running with Unscaled Compressed Oops mode in which the Java heap is
#     placed in the first 4GB address space. The Java Heap base address is the
#     maximum limit for the native heap growth. Please use -XX:HeapBaseMinAddress
#     to set the Java Heap base and to place the Java Heap above 4GB virtual address.
# This output file may be truncated or incomplete.
#
#  Out of Memory Error (arena.cpp:191), pid=12216, tid=10912
#
# JRE version: OpenJDK Runtime Environment (17.0.11) (build 17.0.11+0--11852314)
# Java VM: OpenJDK 64-Bit Server VM (17.0.11+0--11852314, mixed mode, tiered, compressed oops, compressed class ptrs, g1 gc, windows-amd64)
# No core dump will be written. Minidumps are not enabled by default on client versions of Windows
#

---------------  S U M M A R Y ------------

Command Line: org.jetbrains.kotlin.cli.jvm.K2JVMCompiler @C:\Users\HP\Desktop\MVVM\app\build\20241111_16316022661386580336.compiler.options

Host: Intel(R) Core(TM) i5-6300U CPU @ 2.40GHz, 4 cores, 7G,  Windows 10 , 64 bit Build 19041 (10.0.19041.5072)
Time: Mon Nov 11 02:55:49 2024 Pacific Standard Time elapsed time: 23.575340 seconds (0d 0h 0m 23s)

---------------  T H R E A D  ---------------

Current thread (0x000002969c856ad0):  JavaThread "C2 CompilerThread1" daemon [_thread_in_native, id=10912, stack(0x000000b02e100000,0x000000b02e200000)]


Current CompileTask:
C2:  23575 11214       4       org.jetbrains.kotlin.types.checker.NewCapturedTypeKt::captureArguments (659 bytes)

Stack: [0x000000b02e100000,0x000000b02e200000]
Native frames: (J=compiled Java code, j=interpreted, Vv=VM code, C=native code)
V  [jvm.dll+0x687bb9]
V  [jvm.dll+0x84142a]
V  [jvm.dll+0x8430ae]
V  [jvm.dll+0x843713]
V  [jvm.dll+0x24a35f]
V  [jvm.dll+0xac544]
V  [jvm.dll+0xacb8c]
V  [jvm.dll+0x369be2]
V  [jvm.dll+0x1be126]
V  [jvm.dll+0x21c029]
V  [jvm.dll+0x21b311]
V  [jvm.dll+0x1a63ed]
V  [jvm.dll+0x22b1ee]
V  [jvm.dll+0x229375]
V  [jvm.dll+0x7f5647]
V  [jvm.dll+0x7efa4a]
V  [jvm.dll+0x686a35]
C  [ucrtbase.dll+0x21bb2]
C  [KERNEL32.DLL+0x17374]
C  [ntdll.dll+0x4cc91]


---------------  P R O C E S S  ---------------

Threads class SMR info:
_java_thread_list=0x000002969ba9eb60, length=13, elements={
0x00000296fc1ccfb0, 0x0000029695742260, 0x00000296957430e0, 0x00000296959b49a0,
0x00000296959b5560, 0x00000296959b5f20, 0x00000296959aa5f0, 0x00000296959ae6f0,
0x00000296959af0f0, 0x00000296959afaf0, 0x0000029695b39850, 0x0000029695b4e010,
0x000002969c856ad0
}

Java Threads: ( => current thread )
  0x00000296fc1ccfb0 JavaThread "main" [_thread_in_Java, id=6484, stack(0x000000b02ce00000,0x000000b02cf00000)]
  0x0000029695742260 JavaThread "Reference Handler" daemon [_thread_blocked, id=5408, stack(0x000000b02d500000,0x000000b02d600000)]
  0x00000296957430e0 JavaThread "Finalizer" daemon [_thread_blocked, id=13812, stack(0x000000b02d600000,0x000000b02d700000)]
  0x00000296959b49a0 JavaThread "Signal Dispatcher" daemon [_thread_blocked, id=11316, stack(0x000000b02d700000,0x000000b02d800000)]
  0x00000296959b5560 JavaThread "Attach Listener" daemon [_thread_blocked, id=7732, stack(0x000000b02d800000,0x000000b02d900000)]
  0x00000296959b5f20 JavaThread "Service Thread" daemon [_thread_blocked, id=3036, stack(0x000000b02d900000,0x000000b02da00000)]
  0x00000296959aa5f0 JavaThread "Monitor Deflation Thread" daemon [_thread_blocked, id=4756, stack(0x000000b02da00000,0x000000b02db00000)]
  0x00000296959ae6f0 JavaThread "C2 CompilerThread0" daemon [_thread_in_native, id=7336, stack(0x000000b02db00000,0x000000b02dc00000)]
  0x00000296959af0f0 JavaThread "C1 CompilerThread0" daemon [_thread_blocked, id=5708, stack(0x000000b02dc00000,0x000000b02dd00000)]
  0x00000296959afaf0 JavaThread "Sweeper thread" daemon [_thread_blocked, id=11176, stack(0x000000b02dd00000,0x000000b02de00000)]
  0x0000029695b39850 JavaThread "Notification Thread" daemon [_thread_blocked, id=7548, stack(0x000000b02de00000,0x000000b02df00000)]
  0x0000029695b4e010 JavaThread "Common-Cleaner" daemon [_thread_blocked, id=12860, stack(0x000000b02e000000,0x000000b02e100000)]
=>0x000002969c856ad0 JavaThread "C2 CompilerThread1" daemon [_thread_in_native, id=10912, stack(0x000000b02e100000,0x000000b02e200000)]

Other Threads:
  0x00000296956c67a0 VMThread "VM Thread" [stack: 0x000000b02d400000,0x000000b02d500000] [id=6196]
  0x00000296956aca10 WatcherThread [stack: 0x000000b02df00000,0x000000b02e000000] [id=14104]
  0x00000296fc2296d0 GCTaskThread "GC Thread#0" [stack: 0x000000b02cf00000,0x000000b02d000000] [id=12200]
  0x000002969a1ed300 GCTaskThread "GC Thread#1" [stack: 0x000000b02e200000,0x000000b02e300000] [id=13700]
  0x000002969a1ed5c0 GCTaskThread "GC Thread#2" [stack: 0x000000b02e300000,0x000000b02e400000] [id=12480]
  0x000002969a1c6650 GCTaskThread "GC Thread#3" [stack: 0x000000b02e400000,0x000000b02e500000] [id=11044]
  0x00000296fc23a2a0 ConcurrentGCThread "G1 Main Marker" [stack: 0x000000b02d000000,0x000000b02d100000] [id=9280]
  0x00000296fc23b460 ConcurrentGCThread "G1 Conc#0" [stack: 0x000000b02d100000,0x000000b02d200000] [id=12792]
  0x00000296955720b0 ConcurrentGCThread "G1 Refine#0" [stack: 0x000000b02d200000,0x000000b02d300000] [id=13508]
  0x000002969c171790 ConcurrentGCThread "G1 Refine#1" [stack: 0x000000b02e500000,0x000000b02e600000] [id=2960]
  0x0000029695be9800 ConcurrentGCThread "G1 Refine#2" [stack: 0x000000b02e600000,0x000000b02e700000] [id=9248]
  0x00000296955728f0 ConcurrentGCThread "G1 Service" [stack: 0x000000b02d300000,0x000000b02d400000] [id=13476]

Threads with active compile tasks:
C2 CompilerThread0    23676 11298       4       org.jetbrains.kotlin.util.IncrementalTrackerUtilKt::record (238 bytes)
C2 CompilerThread1    23676 11214       4       org.jetbrains.kotlin.types.checker.NewCapturedTypeKt::captureArguments (659 bytes)

VM state: not at safepoint (normal execution)

VM Mutex/Monitor currently owned by a thread: None

Heap address: 0x0000000081c00000, size: 2020 MB, Compressed Oops mode: 32-bit

CDS archive(s) not mapped
Compressed class space mapped at: 0x0000000100000000-0x0000000140000000, reserved size: 1073741824
Narrow klass base: 0x0000000000000000, Narrow klass shift: 3, Narrow klass range: 0x140000000

GC Precious Log:
 CPUs: 4 total, 4 available
 Memory: 8072M
 Large Page Support: Disabled
 NUMA Support: Disabled
 Compressed Oops: Enabled (32-bit)
 Heap Region Size: 1M
 Heap Min Capacity: 8M
 Heap Initial Capacity: 128M
 Heap Max Capacity: 2020M
 Pre-touch: Disabled
 Parallel Workers: 4
 Concurrent Workers: 1
 Concurrent Refinement Workers: 4
 Periodic GC: Disabled

Heap:
 garbage-first heap   total 156672K, used 101681K [0x0000000081c00000, 0x0000000100000000)
  region size 1024K, 34 young (34816K), 9 survivors (9216K)
 Metaspace       used 61158K, committed 61440K, reserved 1114112K
  class space    used 6846K, committed 6976K, reserved 1048576K

Heap Regions: E=young(eden), S=young(survivor), O=old, HS=humongous(starts), HC=humongous(continues), CS=collection set, F=free, OA=open archive, CA=closed archive, TAMS=top-at-mark-start (previous, next)
|   0|0x0000000081c00000, 0x0000000081d00000, 0x0000000081d00000|100%|HS|  |TAMS 0x0000000081d00000, 0x0000000081c00000| Complete 
|   1|0x0000000081d00000, 0x0000000081e00000, 0x0000000081e00000|100%|HC|  |TAMS 0x0000000081e00000, 0x0000000081d00000| Complete 
|   2|0x0000000081e00000, 0x0000000081f00000, 0x0000000081f00000|100%|HC|  |TAMS 0x0000000081f00000, 0x0000000081e00000| Complete 
|   3|0x0000000081f00000, 0x0000000082000000, 0x0000000082000000|100%|HC|  |TAMS 0x0000000082000000, 0x0000000081f00000| Complete 
|   4|0x0000000082000000, 0x0000000082100000, 0x0000000082100000|100%| O|  |TAMS 0x0000000082100000, 0x0000000082000000| Untracked 
|   5|0x0000000082100000, 0x00000000821eea00, 0x0000000082200000| 93%| O|  |TAMS 0x00000000821eea00, 0x0000000082100000| Untracked 
|   6|0x0000000082200000, 0x0000000082300000, 0x0000000082300000|100%| O|  |TAMS 0x0000000082300000, 0x0000000082200000| Untracked 
|   7|0x0000000082300000, 0x0000000082400000, 0x0000000082400000|100%| O|  |TAMS 0x0000000082400000, 0x0000000082300000| Untracked 
|   8|0x0000000082400000, 0x0000000082500000, 0x0000000082500000|100%| O|  |TAMS 0x0000000082500000, 0x0000000082400000| Untracked 
|   9|0x0000000082500000, 0x0000000082600000, 0x0000000082600000|100%| O|  |TAMS 0x0000000082600000, 0x0000000082500000| Untracked 
|  10|0x0000000082600000, 0x0000000082700000, 0x0000000082700000|100%| O|  |TAMS 0x0000000082700000, 0x0000000082600000| Untracked 
|  11|0x0000000082700000, 0x0000000082800000, 0x0000000082800000|100%| O|  |TAMS 0x0000000082800000, 0x0000000082700000| Untracked 
|  12|0x0000000082800000, 0x0000000082900000, 0x0000000082900000|100%| O|  |TAMS 0x0000000082900000, 0x0000000082800000| Untracked 
|  13|0x0000000082900000, 0x0000000082a00000, 0x0000000082a00000|100%| O|  |TAMS 0x0000000082a00000, 0x0000000082900000| Untracked 
|  14|0x0000000082a00000, 0x0000000082b00000, 0x0000000082b00000|100%| O|  |TAMS 0x0000000082b00000, 0x0000000082a00000| Untracked 
|  15|0x0000000082b00000, 0x0000000082c00000, 0x0000000082c00000|100%| O|  |TAMS 0x0000000082c00000, 0x0000000082b00000| Untracked 
|  16|0x0000000082c00000, 0x0000000082d00000, 0x0000000082d00000|100%| O|  |TAMS 0x0000000082c00000, 0x0000000082c00000| Untracked 
|  17|0x0000000082d00000, 0x0000000082e00000, 0x0000000082e00000|100%| O|  |TAMS 0x0000000082e00000, 0x0000000082d00000| Untracked 
|  18|0x0000000082e00000, 0x0000000082f00000, 0x0000000082f00000|100%| O|  |TAMS 0x0000000082e00000, 0x0000000082e00000| Untracked 
|  19|0x0000000082f00000, 0x0000000083000000, 0x0000000083000000|100%| O|  |TAMS 0x0000000083000000, 0x0000000082f00000| Untracked 
|  20|0x0000000083000000, 0x0000000083100000, 0x0000000083100000|100%| O|  |TAMS 0x0000000083100000, 0x0000000083000000| Untracked 
|  21|0x0000000083100000, 0x0000000083200000, 0x0000000083200000|100%| O|  |TAMS 0x0000000083200000, 0x0000000083100000| Untracked 
|  22|0x0000000083200000, 0x0000000083300000, 0x0000000083300000|100%|HS|  |TAMS 0x0000000083300000, 0x0000000083200000| Complete 
|  23|0x0000000083300000, 0x0000000083400000, 0x0000000083400000|100%|HC|  |TAMS 0x0000000083400000, 0x0000000083300000| Complete 
|  24|0x0000000083400000, 0x0000000083500000, 0x0000000083500000|100%| O|  |TAMS 0x0000000083500000, 0x0000000083400000| Untracked 
|  25|0x0000000083500000, 0x0000000083600000, 0x0000000083600000|100%| O|  |TAMS 0x0000000083600000, 0x0000000083500000| Untracked 
|  26|0x0000000083600000, 0x0000000083700000, 0x0000000083700000|100%| O|  |TAMS 0x0000000083700000, 0x0000000083600000| Untracked 
|  27|0x0000000083700000, 0x0000000083800000, 0x0000000083800000|100%| O|  |TAMS 0x0000000083800000, 0x0000000083700000| Untracked 
|  28|0x0000000083800000, 0x0000000083900000, 0x0000000083900000|100%| O|  |TAMS 0x0000000083900000, 0x0000000083800000| Untracked 
|  29|0x0000000083900000, 0x0000000083a00000, 0x0000000083a00000|100%| O|  |TAMS 0x0000000083a00000, 0x0000000083900000| Untracked 
|  30|0x0000000083a00000, 0x0000000083b00000, 0x0000000083b00000|100%| O|  |TAMS 0x0000000083b00000, 0x0000000083a00000| Untracked 
|  31|0x0000000083b00000, 0x0000000083c00000, 0x0000000083c00000|100%| O|  |TAMS 0x0000000083c00000, 0x0000000083b00000| Untracked 
|  32|0x0000000083c00000, 0x0000000083d00000, 0x0000000083d00000|100%| O|  |TAMS 0x0000000083d00000, 0x0000000083c00000| Untracked 
|  33|0x0000000083d00000, 0x0000000083e00000, 0x0000000083e00000|100%| O|  |TAMS 0x0000000083e00000, 0x0000000083d00000| Untracked 
|  34|0x0000000083e00000, 0x0000000083f00000, 0x0000000083f00000|100%| O|  |TAMS 0x0000000083f00000, 0x0000000083e00000| Untracked 
|  35|0x0000000083f00000, 0x0000000084000000, 0x0000000084000000|100%| O|  |TAMS 0x0000000084000000, 0x0000000083f00000| Untracked 
|  36|0x0000000084000000, 0x0000000084100000, 0x0000000084100000|100%| O|  |TAMS 0x0000000084100000, 0x0000000084000000| Untracked 
|  37|0x0000000084100000, 0x0000000084200000, 0x0000000084200000|100%| O|  |TAMS 0x0000000084200000, 0x0000000084100000| Untracked 
|  38|0x0000000084200000, 0x0000000084300000, 0x0000000084300000|100%| O|  |TAMS 0x0000000084300000, 0x0000000084200000| Untracked 
|  39|0x0000000084300000, 0x0000000084400000, 0x0000000084400000|100%| O|  |TAMS 0x0000000084400000, 0x0000000084300000| Untracked 
|  40|0x0000000084400000, 0x0000000084500000, 0x0000000084500000|100%| O|  |TAMS 0x0000000084500000, 0x0000000084400000| Untracked 
|  41|0x0000000084500000, 0x0000000084600000, 0x0000000084600000|100%| O|  |TAMS 0x0000000084600000, 0x0000000084500000| Untracked 
|  42|0x0000000084600000, 0x0000000084700000, 0x0000000084700000|100%| O|  |TAMS 0x0000000084600000, 0x0000000084600000| Untracked 
|  43|0x0000000084700000, 0x0000000084800000, 0x0000000084800000|100%| O|  |TAMS 0x0000000084700000, 0x0000000084700000| Untracked 
|  44|0x0000000084800000, 0x0000000084900000, 0x0000000084900000|100%| O|  |TAMS 0x0000000084800000, 0x0000000084800000| Untracked 
|  45|0x0000000084900000, 0x0000000084a00000, 0x0000000084a00000|100%| O|  |TAMS 0x0000000084900000, 0x0000000084900000| Untracked 
|  46|0x0000000084a00000, 0x0000000084b00000, 0x0000000084b00000|100%| O|  |TAMS 0x0000000084a00000, 0x0000000084a00000| Untracked 
|  47|0x0000000084b00000, 0x0000000084c00000, 0x0000000084c00000|100%| O|  |TAMS 0x0000000084b00000, 0x0000000084b00000| Untracked 
|  48|0x0000000084c00000, 0x0000000084d00000, 0x0000000084d00000|100%| O|  |TAMS 0x0000000084c00000, 0x0000000084c00000| Untracked 
|  49|0x0000000084d00000, 0x0000000084e00000, 0x0000000084e00000|100%| O|  |TAMS 0x0000000084d00000, 0x0000000084d00000| Untracked 
|  50|0x0000000084e00000, 0x0000000084f00000, 0x0000000084f00000|100%| O|  |TAMS 0x0000000084e00000, 0x0000000084e00000| Untracked 
|  51|0x0000000084f00000, 0x0000000085000000, 0x0000000085000000|100%| O|  |TAMS 0x0000000084f00000, 0x0000000084f00000| Untracked 
|  52|0x0000000085000000, 0x0000000085100000, 0x0000000085100000|100%|HS|  |TAMS 0x0000000085000000, 0x0000000085000000| Complete 
|  53|0x0000000085100000, 0x0000000085200000, 0x0000000085200000|100%|HC|  |TAMS 0x0000000085100000, 0x0000000085100000| Complete 
|  54|0x0000000085200000, 0x0000000085300000, 0x0000000085300000|100%| O|  |TAMS 0x0000000085200000, 0x0000000085200000| Untracked 
|  55|0x0000000085300000, 0x0000000085400000, 0x0000000085400000|100%| O|  |TAMS 0x0000000085300000, 0x0000000085300000| Untracked 
|  56|0x0000000085400000, 0x0000000085500000, 0x0000000085500000|100%| O|  |TAMS 0x0000000085400000, 0x0000000085400000| Untracked 
|  57|0x0000000085500000, 0x0000000085600000, 0x0000000085600000|100%| O|  |TAMS 0x0000000085500000, 0x0000000085500000| Untracked 
|  58|0x0000000085600000, 0x0000000085700000, 0x0000000085700000|100%|HS|  |TAMS 0x0000000085600000, 0x0000000085600000| Complete 
|  59|0x0000000085700000, 0x0000000085800000, 0x0000000085800000|100%|HC|  |TAMS 0x0000000085700000, 0x0000000085700000| Complete 
|  60|0x0000000085800000, 0x0000000085900000, 0x0000000085900000|100%|HS|  |TAMS 0x0000000085800000, 0x0000000085800000| Complete 
|  61|0x0000000085900000, 0x0000000085a00000, 0x0000000085a00000|100%|HC|  |TAMS 0x0000000085900000, 0x0000000085900000| Complete 
|  62|0x0000000085a00000, 0x0000000085b00000, 0x0000000085b00000|100%| O|  |TAMS 0x0000000085a00000, 0x0000000085a00000| Untracked 
|  63|0x0000000085b00000, 0x0000000085c00000, 0x0000000085c00000|100%| O|  |TAMS 0x0000000085b00000, 0x0000000085b00000| Untracked 
|  64|0x0000000085c00000, 0x0000000085c5dc00, 0x0000000085d00000| 36%| O|  |TAMS 0x0000000085c00000, 0x0000000085c00000| Untracked 
|  65|0x0000000085d00000, 0x0000000085e00000, 0x0000000085e00000|100%|HS|  |TAMS 0x0000000085d00000, 0x0000000085d00000| Complete 
|  66|0x0000000085e00000, 0x0000000085e00000, 0x0000000085f00000|  0%| F|  |TAMS 0x0000000085e00000, 0x0000000085e00000| Untracked 
|  67|0x0000000085f00000, 0x0000000085f00000, 0x0000000086000000|  0%| F|  |TAMS 0x0000000085f00000, 0x0000000085f00000| Untracked 
|  68|0x0000000086000000, 0x0000000086000000, 0x0000000086100000|  0%| F|  |TAMS 0x0000000086000000, 0x0000000086000000| Untracked 
|  69|0x0000000086100000, 0x0000000086100000, 0x0000000086200000|  0%| F|  |TAMS 0x0000000086100000, 0x0000000086100000| Untracked 
|  70|0x0000000086200000, 0x0000000086200000, 0x0000000086300000|  0%| F|  |TAMS 0x0000000086200000, 0x0000000086200000| Untracked 
|  71|0x0000000086300000, 0x0000000086300000, 0x0000000086400000|  0%| F|  |TAMS 0x0000000086300000, 0x0000000086300000| Untracked 
|  72|0x0000000086400000, 0x0000000086400000, 0x0000000086500000|  0%| F|  |TAMS 0x0000000086400000, 0x0000000086400000| Untracked 
|  73|0x0000000086500000, 0x0000000086500000, 0x0000000086600000|  0%| F|  |TAMS 0x0000000086500000, 0x0000000086500000| Untracked 
|  74|0x0000000086600000, 0x0000000086700000, 0x0000000086700000|100%| S|CS|TAMS 0x0000000086600000, 0x0000000086600000| Complete 
|  75|0x0000000086700000, 0x0000000086800000, 0x0000000086800000|100%| S|CS|TAMS 0x0000000086700000, 0x0000000086700000| Complete 
|  76|0x0000000086800000, 0x0000000086800000, 0x0000000086900000|  0%| F|  |TAMS 0x0000000086800000, 0x0000000086800000| Untracked 
|  77|0x0000000086900000, 0x0000000086a00000, 0x0000000086a00000|100%| S|CS|TAMS 0x0000000086900000, 0x0000000086900000| Complete 
|  78|0x0000000086a00000, 0x0000000086b00000, 0x0000000086b00000|100%| S|CS|TAMS 0x0000000086a00000, 0x0000000086a00000| Complete 
|  79|0x0000000086b00000, 0x0000000086c00000, 0x0000000086c00000|100%| S|CS|TAMS 0x0000000086b00000, 0x0000000086b00000| Complete 
|  80|0x0000000086c00000, 0x0000000086d00000, 0x0000000086d00000|100%| S|CS|TAMS 0x0000000086c00000, 0x0000000086c00000| Complete 
|  81|0x0000000086d00000, 0x0000000086e00000, 0x0000000086e00000|100%| S|CS|TAMS 0x0000000086d00000, 0x0000000086d00000| Complete 
|  82|0x0000000086e00000, 0x0000000086f00000, 0x0000000086f00000|100%| S|CS|TAMS 0x0000000086e00000, 0x0000000086e00000| Complete 
|  83|0x0000000086f00000, 0x0000000086f00000, 0x0000000087000000|  0%| F|  |TAMS 0x0000000086f00000, 0x0000000086f00000| Untracked 
|  84|0x0000000087000000, 0x0000000087000000, 0x0000000087100000|  0%| F|  |TAMS 0x0000000087000000, 0x0000000087000000| Untracked 
|  85|0x0000000087100000, 0x0000000087100000, 0x0000000087200000|  0%| F|  |TAMS 0x0000000087100000, 0x0000000087100000| Untracked 
|  86|0x0000000087200000, 0x0000000087200000, 0x0000000087300000|  0%| F|  |TAMS 0x0000000087200000, 0x0000000087200000| Untracked 
|  87|0x0000000087300000, 0x0000000087300000, 0x0000000087400000|  0%| F|  |TAMS 0x0000000087300000, 0x0000000087300000| Untracked 
|  88|0x0000000087400000, 0x0000000087500000, 0x0000000087500000|100%| S|CS|TAMS 0x0000000087400000, 0x0000000087400000| Complete 
|  89|0x0000000087500000, 0x0000000087500000, 0x0000000087600000|  0%| F|  |TAMS 0x0000000087500000, 0x0000000087500000| Untracked 
|  90|0x0000000087600000, 0x0000000087600000, 0x0000000087700000|  0%| F|  |TAMS 0x0000000087600000, 0x0000000087600000| Untracked 
|  91|0x0000000087700000, 0x0000000087700000, 0x0000000087800000|  0%| F|  |TAMS 0x0000000087700000, 0x0000000087700000| Untracked 
|  92|0x0000000087800000, 0x0000000087800000, 0x0000000087900000|  0%| F|  |TAMS 0x0000000087800000, 0x0000000087800000| Untracked 
|  93|0x0000000087900000, 0x0000000087900000, 0x0000000087a00000|  0%| F|  |TAMS 0x0000000087900000, 0x0000000087900000| Untracked 
|  94|0x0000000087a00000, 0x0000000087a00000, 0x0000000087b00000|  0%| F|  |TAMS 0x0000000087a00000, 0x0000000087a00000| Untracked 
|  95|0x0000000087b00000, 0x0000000087b00000, 0x0000000087c00000|  0%| F|  |TAMS 0x0000000087b00000, 0x0000000087b00000| Untracked 
|  96|0x0000000087c00000, 0x0000000087c00000, 0x0000000087d00000|  0%| F|  |TAMS 0x0000000087c00000, 0x0000000087c00000| Untracked 
|  97|0x0000000087d00000, 0x0000000087d00000, 0x0000000087e00000|  0%| F|  |TAMS 0x0000000087d00000, 0x0000000087d00000| Untracked 
|  98|0x0000000087e00000, 0x0000000087e00000, 0x0000000087f00000|  0%| F|  |TAMS 0x0000000087e00000, 0x0000000087e00000| Untracked 
|  99|0x0000000087f00000, 0x0000000087f00000, 0x0000000088000000|  0%| F|  |TAMS 0x0000000087f00000, 0x0000000087f00000| Untracked 
| 100|0x0000000088000000, 0x0000000088000000, 0x0000000088100000|  0%| F|  |TAMS 0x0000000088000000, 0x0000000088000000| Untracked 
| 101|0x0000000088100000, 0x0000000088100000, 0x0000000088200000|  0%| F|  |TAMS 0x0000000088100000, 0x0000000088100000| Untracked 
| 102|0x0000000088200000, 0x0000000088200000, 0x0000000088300000|  0%| F|  |TAMS 0x0000000088200000, 0x0000000088200000| Untracked 
| 103|0x0000000088300000, 0x0000000088300000, 0x0000000088400000|  0%| F|  |TAMS 0x0000000088300000, 0x0000000088300000| Untracked 
| 104|0x0000000088400000, 0x0000000088400000, 0x0000000088500000|  0%| F|  |TAMS 0x0000000088400000, 0x0000000088400000| Untracked 
| 105|0x0000000088500000, 0x0000000088500000, 0x0000000088600000|  0%| F|  |TAMS 0x0000000088500000, 0x0000000088500000| Untracked 
| 106|0x0000000088600000, 0x0000000088600000, 0x0000000088700000|  0%| F|  |TAMS 0x0000000088600000, 0x0000000088600000| Untracked 
| 107|0x0000000088700000, 0x0000000088700000, 0x0000000088800000|  0%| F|  |TAMS 0x0000000088700000, 0x0000000088700000| Untracked 
| 108|0x0000000088800000, 0x0000000088800000, 0x0000000088900000|  0%| F|  |TAMS 0x0000000088800000, 0x0000000088800000| Untracked 
| 109|0x0000000088900000, 0x0000000088900000, 0x0000000088a00000|  0%| F|  |TAMS 0x0000000088900000, 0x0000000088900000| Untracked 
| 110|0x0000000088a00000, 0x0000000088a00000, 0x0000000088b00000|  0%| F|  |TAMS 0x0000000088a00000, 0x0000000088a00000| Untracked 
| 111|0x0000000088b00000, 0x0000000088b00000, 0x0000000088c00000|  0%| F|  |TAMS 0x0000000088b00000, 0x0000000088b00000| Untracked 
| 112|0x0000000088c00000, 0x0000000088c00000, 0x0000000088d00000|  0%| F|  |TAMS 0x0000000088c00000, 0x0000000088c00000| Untracked 
| 113|0x0000000088d00000, 0x0000000088d00000, 0x0000000088e00000|  0%| F|  |TAMS 0x0000000088d00000, 0x0000000088d00000| Untracked 
| 114|0x0000000088e00000, 0x0000000088e00000, 0x0000000088f00000|  0%| F|  |TAMS 0x0000000088e00000, 0x0000000088e00000| Untracked 
| 115|0x0000000088f00000, 0x0000000088f00000, 0x0000000089000000|  0%| F|  |TAMS 0x0000000088f00000, 0x0000000088f00000| Untracked 
| 116|0x0000000089000000, 0x0000000089000000, 0x0000000089100000|  0%| F|  |TAMS 0x0000000089000000, 0x0000000089000000| Untracked 
| 117|0x0000000089100000, 0x0000000089100000, 0x0000000089200000|  0%| F|  |TAMS 0x0000000089100000, 0x0000000089100000| Untracked 
| 118|0x0000000089200000, 0x0000000089200000, 0x0000000089300000|  0%| F|  |TAMS 0x0000000089200000, 0x0000000089200000| Untracked 
| 119|0x0000000089300000, 0x0000000089300000, 0x0000000089400000|  0%| F|  |TAMS 0x0000000089300000, 0x0000000089300000| Untracked 
| 120|0x0000000089400000, 0x0000000089400000, 0x0000000089500000|  0%| F|  |TAMS 0x0000000089400000, 0x0000000089400000| Untracked 
| 121|0x0000000089500000, 0x0000000089500000, 0x0000000089600000|  0%| F|  |TAMS 0x0000000089500000, 0x0000000089500000| Untracked 
| 122|0x0000000089600000, 0x0000000089600000, 0x0000000089700000|  0%| F|  |TAMS 0x0000000089600000, 0x0000000089600000| Untracked 
| 123|0x0000000089700000, 0x0000000089700000, 0x0000000089800000|  0%| F|  |TAMS 0x0000000089700000, 0x0000000089700000| Untracked 
| 124|0x0000000089800000, 0x0000000089800000, 0x0000000089900000|  0%| F|  |TAMS 0x0000000089800000, 0x0000000089800000| Untracked 
| 125|0x0000000089900000, 0x0000000089900000, 0x0000000089a00000|  0%| F|  |TAMS 0x0000000089900000, 0x0000000089900000| Untracked 
| 126|0x0000000089a00000, 0x0000000089a00000, 0x0000000089b00000|  0%| F|  |TAMS 0x0000000089a00000, 0x0000000089a00000| Untracked 
| 127|0x0000000089b00000, 0x0000000089b80800, 0x0000000089c00000| 50%| E|  |TAMS 0x0000000089b00000, 0x0000000089b00000| Complete 
| 128|0x0000000089c00000, 0x0000000089d00000, 0x0000000089d00000|100%| E|CS|TAMS 0x0000000089c00000, 0x0000000089c00000| Complete 
| 129|0x0000000089d00000, 0x0000000089e00000, 0x0000000089e00000|100%| E|CS|TAMS 0x0000000089d00000, 0x0000000089d00000| Complete 
| 130|0x0000000089e00000, 0x0000000089f00000, 0x0000000089f00000|100%| E|CS|TAMS 0x0000000089e00000, 0x0000000089e00000| Complete 
| 131|0x0000000089f00000, 0x000000008a000000, 0x000000008a000000|100%| E|CS|TAMS 0x0000000089f00000, 0x0000000089f00000| Complete 
| 132|0x000000008a000000, 0x000000008a100000, 0x000000008a100000|100%| E|CS|TAMS 0x000000008a000000, 0x000000008a000000| Complete 
| 133|0x000000008a100000, 0x000000008a200000, 0x000000008a200000|100%| E|CS|TAMS 0x000000008a100000, 0x000000008a100000| Complete 
| 134|0x000000008a200000, 0x000000008a300000, 0x000000008a300000|100%| E|CS|TAMS 0x000000008a200000, 0x000000008a200000| Complete 
| 135|0x000000008a300000, 0x000000008a400000, 0x000000008a400000|100%| E|CS|TAMS 0x000000008a300000, 0x000000008a300000| Complete 
| 136|0x000000008a400000, 0x000000008a500000, 0x000000008a500000|100%| E|CS|TAMS 0x000000008a400000, 0x000000008a400000| Complete 
| 137|0x000000008a500000, 0x000000008a600000, 0x000000008a600000|100%| E|CS|TAMS 0x000000008a500000, 0x000000008a500000| Complete 
| 138|0x000000008a600000, 0x000000008a700000, 0x000000008a700000|100%| E|CS|TAMS 0x000000008a600000, 0x000000008a600000| Complete 
| 139|0x000000008a700000, 0x000000008a800000, 0x000000008a800000|100%| E|CS|TAMS 0x000000008a700000, 0x000000008a700000| Complete 
| 140|0x000000008a800000, 0x000000008a900000, 0x000000008a900000|100%| E|CS|TAMS 0x000000008a800000, 0x000000008a800000| Complete 
| 141|0x000000008a900000, 0x000000008aa00000, 0x000000008aa00000|100%| E|CS|TAMS 0x000000008a900000, 0x000000008a900000| Complete 
| 142|0x000000008aa00000, 0x000000008ab00000, 0x000000008ab00000|100%| E|CS|TAMS 0x000000008aa00000, 0x000000008aa00000| Complete 
| 143|0x000000008ab00000, 0x000000008ac00000, 0x000000008ac00000|100%| E|CS|TAMS 0x000000008ab00000, 0x000000008ab00000| Complete 
| 144|0x000000008ac00000, 0x000000008ad00000, 0x000000008ad00000|100%| E|CS|TAMS 0x000000008ac00000, 0x000000008ac00000| Complete 
| 145|0x000000008ad00000, 0x000000008ae00000, 0x000000008ae00000|100%| E|CS|TAMS 0x000000008ad00000, 0x000000008ad00000| Complete 
| 146|0x000000008ae00000, 0x000000008af00000, 0x000000008af00000|100%| E|CS|TAMS 0x000000008ae00000, 0x000000008ae00000| Complete 
| 147|0x000000008af00000, 0x000000008b000000, 0x000000008b000000|100%| E|CS|TAMS 0x000000008af00000, 0x000000008af00000| Complete 
| 148|0x000000008b000000, 0x000000008b100000, 0x000000008b100000|100%| E|CS|TAMS 0x000000008b000000, 0x000000008b000000| Complete 
| 149|0x000000008b100000, 0x000000008b200000, 0x000000008b200000|100%| E|CS|TAMS 0x000000008b100000, 0x000000008b100000| Complete 
| 150|0x000000008b200000, 0x000000008b300000, 0x000000008b300000|100%| E|CS|TAMS 0x000000008b200000, 0x000000008b200000| Complete 
| 151|0x000000008b300000, 0x000000008b400000, 0x000000008b400000|100%| E|CS|TAMS 0x000000008b300000, 0x000000008b300000| Complete 
|2019|0x00000000fff00000, 0x0000000100000000, 0x0000000100000000|100%| O|  |TAMS 0x0000000100000000, 0x00000000fff00000| Untracked 

Card table byte_map: [0x00000296ffab0000,0x00000296ffeb0000] _byte_map_base: 0x00000296ff6a2000

Marking Bits (Prev, Next): (CMBitMap*) 0x00000296fc229cf0, (CMBitMap*) 0x00000296fc229d30
 Prev Bits: [0x000002968f400000, 0x0000029691390000)
 Next Bits: [0x0000029691390000, 0x0000029693320000)

Polling page: 0x00000296fb990000

Metaspace:

Usage:
  Non-class:     53.04 MB used.
      Class:      6.69 MB used.
       Both:     59.73 MB used.

Virtual space:
  Non-class space:       64.00 MB reserved,      53.19 MB ( 83%) committed,  1 nodes.
      Class space:        1.00 GB reserved,       6.81 MB ( <1%) committed,  1 nodes.
             Both:        1.06 GB reserved,      60.00 MB (  6%) committed. 

Chunk freelists:
   Non-Class:  10.59 MB
       Class:  9.17 MB
        Both:  19.76 MB

MaxMetaspaceSize: unlimited
CompressedClassSpaceSize: 1.00 GB
Initial GC threshold: 21.00 MB
Current GC threshold: 90.12 MB
CDS: off
MetaspaceReclaimPolicy: balanced
 - commit_granule_bytes: 65536.
 - commit_granule_words: 8192.
 - virtual_space_node_default_size: 8388608.
 - enlarge_chunks_in_place: 1.
 - new_chunks_are_fully_committed: 0.
 - uncommit_free_chunks: 1.
 - use_allocation_guard: 0.
 - handle_deallocations: 1.


Internal statistics:

num_allocs_failed_limit: 6.
num_arena_births: 256.
num_arena_deaths: 0.
num_vsnodes_births: 2.
num_vsnodes_deaths: 0.
num_space_committed: 958.
num_space_uncommitted: 0.
num_chunks_returned_to_freelist: 6.
num_chunks_taken_from_freelist: 2179.
num_chunk_merges: 6.
num_chunk_splits: 1761.
num_chunks_enlarged: 1543.
num_inconsistent_stats: 0.

CodeHeap 'non-profiled nmethods': size=120000Kb used=5776Kb max_used=6924Kb free=114223Kb
 bounds [0x0000029687ad0000, 0x00000296881b0000, 0x000002968f000000]
CodeHeap 'profiled nmethods': size=120000Kb used=26258Kb max_used=26258Kb free=93741Kb
 bounds [0x0000029680000000, 0x00000296819b0000, 0x0000029687530000]
CodeHeap 'non-nmethods': size=5760Kb used=1299Kb max_used=1419Kb free=4460Kb
 bounds [0x0000029687530000, 0x00000296877a0000, 0x0000029687ad0000]
 total_blobs=9462 nmethods=8856 adapters=515
 compilation: enabled
              stopped_count=0, restarted_count=0
 full_count=0

Compilation events (20 events):
Event: 23.306 Thread 0x00000296959af0f0 nmethod 11289 0x000002968199f310 code [0x000002968199f500, 0x000002968199f7c8]
Event: 23.406 Thread 0x00000296959ae6f0 nmethod 11172 0x0000029688046a10 code [0x0000029688047020, 0x00000296880504b8]
Event: 23.407 Thread 0x00000296959ae6f0 11255       4       org.jetbrains.kotlin.descriptors.impl.AbstractClassDescriptor::getDefaultType (22 bytes)
Event: 23.420 Thread 0x00000296959ae6f0 nmethod 11255 0x0000029687f96210 code [0x0000029687f96400, 0x0000029687f96e58]
Event: 23.421 Thread 0x00000296959ae6f0 11281       4       org.jetbrains.kotlin.resolve.calls.components.candidate.ResolutionCandidate::getSystem (80 bytes)
Event: 23.426 Thread 0x00000296959ae6f0 nmethod 11281 0x0000029687f65310 code [0x0000029687f654c0, 0x0000029687f65918]
Event: 23.426 Thread 0x00000296959ae6f0 11263       4       org.jetbrains.kotlin.descriptors.impl.SimpleFunctionDescriptorImpl::getOriginal (5 bytes)
Event: 23.427 Thread 0x00000296959ae6f0 nmethod 11263 0x0000029687faf790 code [0x0000029687faf920, 0x0000029687fafa38]
Event: 23.427 Thread 0x00000296959ae6f0 11153       4       java.util.zip.ZipCoder$UTF8ZipCoder::hasTrailingSlash (20 bytes)
Event: 23.428 Thread 0x00000296959ae6f0 nmethod 11153 0x0000029687faf410 code [0x0000029687faf580, 0x0000029687faf658]
Event: 23.431 Thread 0x00000296959af0f0 11290       3       org.jetbrains.kotlin.resolve.calls.inference.components.ConstraintIncorporator$Context::addNewIncorporatedConstraint$default (51 bytes)
Event: 23.431 Thread 0x00000296959af0f0 nmethod 11290 0x000002968199f990 code [0x000002968199fb60, 0x000002968199fe58]
Event: 23.438 Thread 0x00000296959af0f0 11291       3       org.jetbrains.kotlin.types.checker.SimpleClassicTypeSystemContext::isError (6 bytes)
Event: 23.439 Thread 0x00000296959af0f0 nmethod 11291 0x00000296819a0010 code [0x00000296819a01a0, 0x00000296819a02c8]
Event: 23.440 Thread 0x00000296959ae6f0 11292       4       org.jetbrains.kotlin.resolve.jvm.checkers.JavaTypeAccessibilityChecker::checkType (150 bytes)
Event: 23.506 Thread 0x00000296959ae6f0 nmethod 11292 0x0000029687e79110 code [0x0000029687e79480, 0x0000029687e7aef0]
Event: 23.506 Thread 0x00000296959ae6f0 11293       4       org.jetbrains.kotlin.resolve.jvm.checkers.JvmArrayVariableInLoopAssignmentChecker::checkType (292 bytes)
Event: 23.508 Thread 0x00000296959ae6f0 nmethod 11293 0x0000029687de4b10 code [0x0000029687de4ca0, 0x0000029687de4e28]
Event: 23.523 Thread 0x00000296959af0f0 11294       3       org.jetbrains.kotlin.resolve.checkers.OptInUsageChecker$Companion::loadOptIns (356 bytes)
Event: 23.525 Thread 0x00000296959af0f0 nmethod 11294 0x00000296819a0390 code [0x00000296819a0780, 0x00000296819a2758]

GC Heap History (20 events):
Event: 6.688 GC heap before
{Heap before GC invocations=23 (full 0):
 garbage-first heap   total 76800K, used 60692K [0x0000000081c00000, 0x0000000100000000)
  region size 1024K, 18 young (18432K), 1 survivors (1024K)
 Metaspace       used 54991K, committed 55232K, reserved 1114112K
  class space    used 6505K, committed 6592K, reserved 1048576K
}
Event: 6.694 GC heap after
{Heap after GC invocations=24 (full 0):
 garbage-first heap   total 156672K, used 45518K [0x0000000081c00000, 0x0000000100000000)
  region size 1024K, 3 young (3072K), 3 survivors (3072K)
 Metaspace       used 54991K, committed 55232K, reserved 1114112K
  class space    used 6505K, committed 6592K, reserved 1048576K
}
Event: 9.383 GC heap before
{Heap before GC invocations=25 (full 0):
 garbage-first heap   total 156672K, used 117198K [0x0000000081c00000, 0x0000000100000000)
  region size 1024K, 74 young (75776K), 3 survivors (3072K)
 Metaspace       used 58183K, committed 58432K, reserved 1114112K
  class space    used 6667K, committed 6784K, reserved 1048576K
}
Event: 9.400 GC heap after
{Heap after GC invocations=26 (full 0):
 garbage-first heap   total 156672K, used 52935K [0x0000000081c00000, 0x0000000100000000)
  region size 1024K, 10 young (10240K), 10 survivors (10240K)
 Metaspace       used 58183K, committed 58432K, reserved 1114112K
  class space    used 6667K, committed 6784K, reserved 1048576K
}
Event: 9.433 GC heap before
{Heap before GC invocations=26 (full 0):
 garbage-first heap   total 156672K, used 53959K [0x0000000081c00000, 0x0000000100000000)
  region size 1024K, 11 young (11264K), 10 survivors (10240K)
 Metaspace       used 58188K, committed 58432K, reserved 1114112K
  class space    used 6667K, committed 6784K, reserved 1048576K
}
Event: 9.445 GC heap after
{Heap after GC invocations=27 (full 0):
 garbage-first heap   total 156672K, used 53187K [0x0000000081c00000, 0x0000000100000000)
  region size 1024K, 1 young (1024K), 1 survivors (1024K)
 Metaspace       used 58188K, committed 58432K, reserved 1114112K
  class space    used 6667K, committed 6784K, reserved 1048576K
}
Event: 11.302 GC heap before
{Heap before GC invocations=27 (full 0):
 garbage-first heap   total 156672K, used 112579K [0x0000000081c00000, 0x0000000100000000)
  region size 1024K, 59 young (60416K), 1 survivors (1024K)
 Metaspace       used 58986K, committed 59264K, reserved 1114112K
  class space    used 6667K, committed 6784K, reserved 1048576K
}
Event: 11.307 GC heap after
{Heap after GC invocations=28 (full 0):
 garbage-first heap   total 156672K, used 54805K [0x0000000081c00000, 0x0000000100000000)
  region size 1024K, 3 young (3072K), 3 survivors (3072K)
 Metaspace       used 58986K, committed 59264K, reserved 1114112K
  class space    used 6667K, committed 6784K, reserved 1048576K
}
Event: 13.220 GC heap before
{Heap before GC invocations=28 (full 0):
 garbage-first heap   total 156672K, used 117269K [0x0000000081c00000, 0x0000000100000000)
  region size 1024K, 64 young (65536K), 3 survivors (3072K)
 Metaspace       used 59276K, committed 59520K, reserved 1114112K
  class space    used 6668K, committed 6784K, reserved 1048576K
}
Event: 13.228 GC heap after
{Heap after GC invocations=29 (full 0):
 garbage-first heap   total 156672K, used 56670K [0x0000000081c00000, 0x0000000100000000)
  region size 1024K, 5 young (5120K), 5 survivors (5120K)
 Metaspace       used 59276K, committed 59520K, reserved 1114112K
  class space    used 6668K, committed 6784K, reserved 1048576K
}
Event: 14.655 GC heap before
{Heap before GC invocations=29 (full 0):
 garbage-first heap   total 156672K, used 122206K [0x0000000081c00000, 0x0000000100000000)
  region size 1024K, 69 young (70656K), 5 survivors (5120K)
 Metaspace       used 59463K, committed 59712K, reserved 1114112K
  class space    used 6669K, committed 6784K, reserved 1048576K
}
Event: 14.665 GC heap after
{Heap after GC invocations=30 (full 0):
 garbage-first heap   total 156672K, used 58792K [0x0000000081c00000, 0x0000000100000000)
  region size 1024K, 7 young (7168K), 7 survivors (7168K)
 Metaspace       used 59463K, committed 59712K, reserved 1114112K
  class space    used 6669K, committed 6784K, reserved 1048576K
}
Event: 15.970 GC heap before
{Heap before GC invocations=30 (full 0):
 garbage-first heap   total 156672K, used 126376K [0x0000000081c00000, 0x0000000100000000)
  region size 1024K, 71 young (72704K), 7 survivors (7168K)
 Metaspace       used 59671K, committed 59904K, reserved 1114112K
  class space    used 6669K, committed 6784K, reserved 1048576K
}
Event: 15.983 GC heap after
{Heap after GC invocations=31 (full 0):
 garbage-first heap   total 156672K, used 62741K [0x0000000081c00000, 0x0000000100000000)
  region size 1024K, 7 young (7168K), 7 survivors (7168K)
 Metaspace       used 59671K, committed 59904K, reserved 1114112K
  class space    used 6669K, committed 6784K, reserved 1048576K
}
Event: 17.126 GC heap before
{Heap before GC invocations=31 (full 0):
 garbage-first heap   total 156672K, used 127253K [0x0000000081c00000, 0x0000000100000000)
  region size 1024K, 70 young (71680K), 7 survivors (7168K)
 Metaspace       used 59713K, committed 59904K, reserved 1114112K
  class space    used 6669K, committed 6784K, reserved 1048576K
}
Event: 17.138 GC heap after
{Heap after GC invocations=32 (full 0):
 garbage-first heap   total 156672K, used 64676K [0x0000000081c00000, 0x0000000100000000)
  region size 1024K, 7 young (7168K), 7 survivors (7168K)
 Metaspace       used 59713K, committed 59904K, reserved 1114112K
  class space    used 6669K, committed 6784K, reserved 1048576K
}
Event: 18.953 GC heap before
{Heap before GC invocations=32 (full 0):
 garbage-first heap   total 156672K, used 129188K [0x0000000081c00000, 0x0000000100000000)
  region size 1024K, 70 young (71680K), 7 survivors (7168K)
 Metaspace       used 59807K, committed 60032K, reserved 1114112K
  class space    used 6669K, committed 6784K, reserved 1048576K
}
Event: 18.967 GC heap after
{Heap after GC invocations=33 (full 0):
 garbage-first heap   total 156672K, used 66385K [0x0000000081c00000, 0x0000000100000000)
  region size 1024K, 6 young (6144K), 6 survivors (6144K)
 Metaspace       used 59807K, committed 60032K, reserved 1114112K
  class space    used 6669K, committed 6784K, reserved 1048576K
}
Event: 22.193 GC heap before
{Heap before GC invocations=33 (full 0):
 garbage-first heap   total 156672K, used 134993K [0x0000000081c00000, 0x0000000100000000)
  region size 1024K, 69 young (70656K), 6 survivors (6144K)
 Metaspace       used 60888K, committed 61120K, reserved 1114112K
  class space    used 6815K, committed 6912K, reserved 1048576K
}
Event: 22.216 GC heap after
{Heap after GC invocations=34 (full 0):
 garbage-first heap   total 156672K, used 76081K [0x0000000081c00000, 0x0000000100000000)
  region size 1024K, 9 young (9216K), 9 survivors (9216K)
 Metaspace       used 60888K, committed 61120K, reserved 1114112K
  class space    used 6815K, committed 6912K, reserved 1048576K
}

Dll operation events (2 events):
Event: 0.007 Loaded shared library C:\Users\HP\AppData\Local\Programs\Android Studio\jbr\bin\java.dll
Event: 1.909 Loaded shared library C:\Users\HP\AppData\Local\Programs\Android Studio\jbr\bin\verify.dll

Deoptimization events (20 events):
Event: 23.130 Thread 0x00000296fc1ccfb0 Uncommon trap: trap_request=0xffffffde fr.pc=0x0000029687ef1c44 relative=0x00000000000007c4
Event: 23.130 Thread 0x00000296fc1ccfb0 Uncommon trap: reason=class_check action=maybe_recompile pc=0x0000029687ef1c44 method=org.jetbrains.kotlin.resolve.scopes.SyntheticScopesKt.collectSyntheticExtensionProperties(Lorg/jetbrains/kotlin/resolve/scopes/SyntheticScopes;Ljava/util/Collection;Lorg
Event: 23.130 Thread 0x00000296fc1ccfb0 DEOPT PACKING pc=0x0000029687ef1c44 sp=0x000000b02cef74c0
Event: 23.130 Thread 0x00000296fc1ccfb0 DEOPT UNPACKING pc=0x00000296875869a3 sp=0x000000b02cef7390 mode 2
Event: 23.298 Thread 0x00000296fc1ccfb0 Uncommon trap: trap_request=0xffffff45 fr.pc=0x000002968812c108 relative=0x0000000000000068
Event: 23.298 Thread 0x00000296fc1ccfb0 Uncommon trap: reason=unstable_if action=reinterpret pc=0x000002968812c108 method=org.jetbrains.kotlin.resolve.SinceKotlinUtilKt.getOwnSinceKotlinVersion$consider(Lorg/jetbrains/kotlin/descriptors/DeclarationDescriptor;Lkotlin/jvm/internal/Ref$ObjectRef;)
Event: 23.298 Thread 0x00000296fc1ccfb0 DEOPT PACKING pc=0x000002968812c108 sp=0x000000b02cef5c70
Event: 23.298 Thread 0x00000296fc1ccfb0 DEOPT UNPACKING pc=0x00000296875869a3 sp=0x000000b02cef5bd8 mode 2
Event: 23.298 Thread 0x00000296fc1ccfb0 Uncommon trap: trap_request=0xffffffc6 fr.pc=0x0000029688076484 relative=0x00000000000001c4
Event: 23.298 Thread 0x00000296fc1ccfb0 Uncommon trap: reason=bimorphic_or_optimized_type_check action=maybe_recompile pc=0x0000029688076484 method=kotlin.collections.CollectionsKt___CollectionsKt.singleOrNull(Ljava/lang/Iterable;)Ljava/lang/Object; @ 42 c2
Event: 23.298 Thread 0x00000296fc1ccfb0 DEOPT PACKING pc=0x0000029688076484 sp=0x000000b02cef5bd0
Event: 23.298 Thread 0x00000296fc1ccfb0 DEOPT UNPACKING pc=0x00000296875869a3 sp=0x000000b02cef5b60 mode 2
Event: 23.299 Thread 0x00000296fc1ccfb0 Uncommon trap: trap_request=0xffffff45 fr.pc=0x0000029687c810c4 relative=0x0000000000000304
Event: 23.299 Thread 0x00000296fc1ccfb0 Uncommon trap: reason=unstable_if action=reinterpret pc=0x0000029687c810c4 method=java.math.BigInteger.compareMagnitude(Ljava/math/BigInteger;)I @ 79 c2
Event: 23.299 Thread 0x00000296fc1ccfb0 DEOPT PACKING pc=0x0000029687c810c4 sp=0x000000b02cef5c90
Event: 23.299 Thread 0x00000296fc1ccfb0 DEOPT UNPACKING pc=0x00000296875869a3 sp=0x000000b02cef5b28 mode 2
Event: 23.516 Thread 0x00000296fc1ccfb0 Uncommon trap: trap_request=0xffffff45 fr.pc=0x000002968812dcb8 relative=0x00000000000011f8
Event: 23.516 Thread 0x00000296fc1ccfb0 Uncommon trap: reason=unstable_if action=reinterpret pc=0x000002968812dcb8 method=org.jetbrains.kotlin.resolve.checkers.OptInUsageChecker$Companion.loadOptIns(Lorg/jetbrains/kotlin/types/KotlinType;Lorg/jetbrains/kotlin/resolve/ModuleAnnotationsResolver;L
Event: 23.516 Thread 0x00000296fc1ccfb0 DEOPT PACKING pc=0x000002968812dcb8 sp=0x000000b02cef65a0
Event: 23.516 Thread 0x00000296fc1ccfb0 DEOPT UNPACKING pc=0x00000296875869a3 sp=0x000000b02cef6540 mode 2

Classes unloaded (0 events):
No events

Classes redefined (0 events):
No events

Internal exceptions (20 events):
Event: 3.811 Thread 0x00000296fc1ccfb0 Exception <a 'java/lang/NoSuchMethodError'{0x00000000842e6af8}: 'java.lang.Object java.lang.invoke.DirectMethodHandle$Holder.invokeSpecial(java.lang.Object, java.lang.Object, java.lang.Object, java.lang.Object, int)'> (0x00000000842e6af8) 
thrown [s\src\hotspot\share\interpreter\linkResolver.cpp, line 771]
Event: 3.811 Thread 0x00000296fc1ccfb0 Exception <a 'java/lang/NoSuchMethodError'{0x00000000842ea968}: 'java.lang.Object java.lang.invoke.Invokers$Holder.linkToTargetMethod(java.lang.Object, java.lang.Object, int, java.lang.Object)'> (0x00000000842ea968) 
thrown [s\src\hotspot\share\interpreter\linkResolver.cpp, line 771]
Event: 4.926 Thread 0x00000296fc1ccfb0 Exception <a 'java/lang/NoSuchMethodError'{0x00000000850d33a0}: 'java.lang.Object java.lang.invoke.DirectMethodHandle$Holder.newInvokeSpecial(java.lang.Object, java.lang.Object, java.lang.Object, java.lang.Object, java.lang.Object, java.lang.Object)'> (0x00000000850d33a0) 
thrown [s\src\hotspot\share\interpreter\linkResolver.cpp, line 771]
Event: 5.271 Thread 0x00000296fc1ccfb0 Exception <a 'java/lang/NoSuchMethodError'{0x0000000085892640}: 'java.lang.Object java.lang.invoke.DirectMethodHandle$Holder.invokeStaticInit(java.lang.Object, java.lang.Object, java.lang.Object)'> (0x0000000085892640) 
thrown [s\src\hotspot\share\interpreter\linkResolver.cpp, line 771]
Event: 6.135 Thread 0x00000296fc1ccfb0 Exception <a 'java/lang/NoSuchMethodError'{0x0000000084fafb28}: 'int java.lang.invoke.DirectMethodHandle$Holder.invokeStaticInit(java.lang.Object, int)'> (0x0000000084fafb28) 
thrown [s\src\hotspot\share\interpreter\linkResolver.cpp, line 771]
Event: 6.397 Thread 0x00000296fc1ccfb0 Implicit null exception at 0x0000029687d3a411 to 0x0000029687d3a718
Event: 6.406 Thread 0x00000296fc1ccfb0 Implicit null exception at 0x0000029687c5476f to 0x0000029687c5495c
Event: 6.408 Thread 0x00000296fc1ccfb0 Implicit null exception at 0x0000029687b1a7ef to 0x0000029687b1a9cc
Event: 6.681 Thread 0x00000296fc1ccfb0 Implicit null exception at 0x0000029687be3814 to 0x0000029687be390c
Event: 6.681 Thread 0x00000296fc1ccfb0 Implicit null exception at 0x0000029687b38f60 to 0x0000029687b38ffa
Event: 20.165 Thread 0x00000296fc1ccfb0 Implicit null exception at 0x0000029687f7c217 to 0x0000029687f7c418
Event: 20.231 Thread 0x00000296fc1ccfb0 Exception <a 'java/lang/NoSuchMethodError'{0x0000000088746018}: 'java.lang.Object java.lang.invoke.DirectMethodHandle$Holder.invokeInterface(java.lang.Object, java.lang.Object, java.lang.Object)'> (0x0000000088746018) 
thrown [s\src\hotspot\share\interpreter\linkResolver.cpp, line 771]
Event: 20.232 Thread 0x00000296fc1ccfb0 Exception <a 'java/lang/IncompatibleClassChangeError'{0x0000000088749c30}: Found class java.lang.Object, but interface was expected> (0x0000000088749c30) 
thrown [s\src\hotspot\share\interpreter\linkResolver.cpp, line 838]
Event: 20.242 Thread 0x00000296fc1ccfb0 Implicit null exception at 0x00000296880e5d0b to 0x00000296880e6cdc
Event: 20.715 Thread 0x00000296fc1ccfb0 Implicit null exception at 0x0000029687d207c0 to 0x0000029687d210cc
Event: 21.075 Thread 0x00000296fc1ccfb0 Exception <a 'java/lang/NoSuchMethodError'{0x0000000087f7de88}: 'java.lang.Object java.lang.invoke.DirectMethodHandle$Holder.newInvokeSpecial(java.lang.Object, java.lang.Object, java.lang.Object, java.lang.Object, java.lang.Object, java.lang.Object, java.lang.Object)'> (0x0000000087f7de88) 
thrown [s\src\hotspot\share\interpreter\linkResolver.cpp, line 771]
Event: 21.076 Thread 0x00000296fc1ccfb0 Exception <a 'java/lang/NoSuchMethodError'{0x0000000087f82f28}: 'java.lang.Object java.lang.invoke.Invokers$Holder.linkToTargetMethod(java.lang.Object, java.lang.Object, java.lang.Object, java.lang.Object, java.lang.Object, java.lang.Object, java.lang.Object)'> (0x0000000087f82f28) 
thrown [s\src\hotspot\share\interpreter\linkResolver.cpp, line 771]
Event: 22.866 Thread 0x00000296fc1ccfb0 Exception <a 'java/lang/NoSuchMethodError'{0x000000008a2fb220}: 'java.lang.Object java.lang.invoke.DirectMethodHandle$Holder.newInvokeSpecial(java.lang.Object, int, java.lang.Object)'> (0x000000008a2fb220) 
thrown [s\src\hotspot\share\interpreter\linkResolver.cpp, line 771]
Event: 22.868 Thread 0x00000296fc1ccfb0 Exception <a 'java/lang/NoSuchMethodError'{0x000000008a102510}: 'int java.lang.invoke.DirectMethodHandle$Holder.invokeInterface(java.lang.Object, java.lang.Object)'> (0x000000008a102510) 
thrown [s\src\hotspot\share\interpreter\linkResolver.cpp, line 771]
Event: 23.106 Thread 0x00000296fc1ccfb0 Implicit null exception at 0x0000029687b3890f to 0x0000029687b38989

VM Operations (20 events):
Event: 21.654 Executing VM operation: ICBufferFull
Event: 21.654 Executing VM operation: ICBufferFull done
Event: 22.193 Executing VM operation: G1CollectForAllocation
Event: 22.216 Executing VM operation: G1CollectForAllocation done
Event: 22.276 Executing VM operation: HandshakeAllThreads
Event: 22.276 Executing VM operation: HandshakeAllThreads done
Event: 22.642 Executing VM operation: ICBufferFull
Event: 22.642 Executing VM operation: ICBufferFull done
Event: 22.722 Executing VM operation: HandshakeAllThreads
Event: 22.722 Executing VM operation: HandshakeAllThreads done
Event: 22.725 Executing VM operation: HandshakeAllThreads
Event: 22.725 Executing VM operation: HandshakeAllThreads done
Event: 22.739 Executing VM operation: HandshakeAllThreads
Event: 22.739 Executing VM operation: HandshakeAllThreads done
Event: 22.863 Executing VM operation: ICBufferFull
Event: 22.863 Executing VM operation: ICBufferFull done
Event: 23.065 Executing VM operation: ICBufferFull
Event: 23.065 Executing VM operation: ICBufferFull done
Event: 23.148 Executing VM operation: ICBufferFull
Event: 23.148 Executing VM operation: ICBufferFull done

Events (20 events):
Event: 21.493 Thread 0x00000296959afaf0 flushing nmethod 0x0000029680f5bd90
Event: 21.493 Thread 0x00000296959afaf0 flushing nmethod 0x0000029680f5c410
Event: 21.496 Thread 0x00000296959afaf0 flushing nmethod 0x0000029681273a90
Event: 21.496 Thread 0x00000296959afaf0 flushing nmethod 0x0000029681276110
Event: 21.496 Thread 0x00000296959afaf0 flushing nmethod 0x000002968128bf90
Event: 21.497 Thread 0x00000296959afaf0 flushing nmethod 0x00000296812d2e10
Event: 21.497 Thread 0x00000296959afaf0 flushing nmethod 0x0000029681307c90
Event: 21.497 Thread 0x00000296959afaf0 flushing nmethod 0x0000029681316810
Event: 21.497 Thread 0x00000296959afaf0 flushing nmethod 0x0000029681318110
Event: 21.497 Thread 0x00000296959afaf0 flushing nmethod 0x000002968131a710
Event: 21.498 Thread 0x00000296959afaf0 flushing nmethod 0x0000029681445e90
Event: 21.498 Thread 0x00000296959afaf0 flushing nmethod 0x000002968144ea90
Event: 21.498 Thread 0x00000296959afaf0 flushing nmethod 0x0000029681529f10
Event: 21.500 Thread 0x00000296959afaf0 flushing nmethod 0x00000296817af590
Event: 21.500 Thread 0x00000296959afaf0 flushing nmethod 0x00000296817d2d90
Event: 21.500 Thread 0x00000296959afaf0 flushing nmethod 0x0000029681890710
Event: 21.501 Thread 0x00000296959afaf0 flushing nmethod 0x00000296818ca210
Event: 21.501 Thread 0x00000296959afaf0 flushing nmethod 0x0000029681906190
Event: 21.501 Thread 0x00000296959afaf0 flushing nmethod 0x0000029681916790
Event: 21.501 Thread 0x00000296959afaf0 flushing nmethod 0x0000029681974990


Dynamic libraries:
0x00007ff671980000 - 0x00007ff67198a000 	C:\Users\HP\AppData\Local\Programs\Android Studio\jbr\bin\java.exe
0x00007ffcbe2d0000 - 0x00007ffcbe4c8000 	C:\Windows\SYSTEM32\ntdll.dll
0x00007ffcbcc30000 - 0x00007ffcbccf2000 	C:\Windows\System32\KERNEL32.DLL
0x00007ffcbbbb0000 - 0x00007ffcbbeae000 	C:\Windows\System32\KERNELBASE.dll
0x00007ffcbb9f0000 - 0x00007ffcbbaf0000 	C:\Windows\System32\ucrtbase.dll
0x00007ffca3e30000 - 0x00007ffca3e4b000 	C:\Users\HP\AppData\Local\Programs\Android Studio\jbr\bin\VCRUNTIME140.dll
0x00007ffca4f90000 - 0x00007ffca4fa7000 	C:\Users\HP\AppData\Local\Programs\Android Studio\jbr\bin\jli.dll
0x00007ffcbcd10000 - 0x00007ffcbcead000 	C:\Windows\System32\USER32.dll
0x00007ffca45b0000 - 0x00007ffca484a000 	C:\Windows\WinSxS\amd64_microsoft.windows.common-controls_6595b64144ccf1df_6.0.19041.4355_none_60b8b9eb71f62e16\COMCTL32.dll
0x00007ffcbb970000 - 0x00007ffcbb992000 	C:\Windows\System32\win32u.dll
0x00007ffcbd440000 - 0x00007ffcbd4de000 	C:\Windows\System32\msvcrt.dll
0x00007ffcbcb10000 - 0x00007ffcbcb3b000 	C:\Windows\System32\GDI32.dll
0x00007ffcbc0b0000 - 0x00007ffcbc1c7000 	C:\Windows\System32\gdi32full.dll
0x00007ffcbc010000 - 0x00007ffcbc0ad000 	C:\Windows\System32\msvcp_win.dll
0x00007ffcbd550000 - 0x00007ffcbd57f000 	C:\Windows\System32\IMM32.DLL
0x00007ffcae480000 - 0x00007ffcae48c000 	C:\Users\HP\AppData\Local\Programs\Android Studio\jbr\bin\vcruntime140_1.dll
0x00007ffc94830000 - 0x00007ffc948bd000 	C:\Users\HP\AppData\Local\Programs\Android Studio\jbr\bin\msvcp140.dll
0x00007ffc7cc10000 - 0x00007ffc7d893000 	C:\Users\HP\AppData\Local\Programs\Android Studio\jbr\bin\server\jvm.dll
0x00007ffcbc730000 - 0x00007ffcbc7e1000 	C:\Windows\System32\ADVAPI32.dll
0x00007ffcbc400000 - 0x00007ffcbc49f000 	C:\Windows\System32\sechost.dll
0x00007ffcbc7f0000 - 0x00007ffcbc913000 	C:\Windows\System32\RPCRT4.dll
0x00007ffcbbb80000 - 0x00007ffcbbba7000 	C:\Windows\System32\bcrypt.dll
0x00007ffcae4b0000 - 0x00007ffcae4b9000 	C:\Windows\SYSTEM32\WSOCK32.dll
0x00007ffcbb720000 - 0x00007ffcbb76b000 	C:\Windows\SYSTEM32\POWRPROF.dll
0x00007ffcbcbc0000 - 0x00007ffcbcc2b000 	C:\Windows\System32\WS2_32.dll
0x00007ffcb6a10000 - 0x00007ffcb6a1a000 	C:\Windows\SYSTEM32\VERSION.dll
0x00007ffc96180000 - 0x00007ffc961a7000 	C:\Windows\SYSTEM32\WINMM.dll
0x00007ffcbb700000 - 0x00007ffcbb712000 	C:\Windows\SYSTEM32\UMPDC.dll
0x00007ffcb97f0000 - 0x00007ffcb9802000 	C:\Windows\SYSTEM32\kernel.appcore.dll
0x00007ffcae470000 - 0x00007ffcae47a000 	C:\Users\HP\AppData\Local\Programs\Android Studio\jbr\bin\jimage.dll
0x00007ffcadce0000 - 0x00007ffcadec4000 	C:\Windows\SYSTEM32\DBGHELP.DLL
0x00007ffc96120000 - 0x00007ffc96154000 	C:\Windows\SYSTEM32\dbgcore.DLL
0x00007ffcbbaf0000 - 0x00007ffcbbb72000 	C:\Windows\System32\bcryptPrimitives.dll
0x00007ffcae440000 - 0x00007ffcae465000 	C:\Users\HP\AppData\Local\Programs\Android Studio\jbr\bin\java.dll
0x00007ffcae420000 - 0x00007ffcae438000 	C:\Users\HP\AppData\Local\Programs\Android Studio\jbr\bin\zip.dll
0x00007ffcbdb20000 - 0x00007ffcbe28d000 	C:\Windows\System32\SHELL32.dll
0x00007ffcb99f0000 - 0x00007ffcba194000 	C:\Windows\SYSTEM32\windows.storage.dll
0x00007ffcbd580000 - 0x00007ffcbd8d3000 	C:\Windows\System32\combase.dll
0x00007ffcbb330000 - 0x00007ffcbb35e000 	C:\Windows\SYSTEM32\Wldp.dll
0x00007ffcbc660000 - 0x00007ffcbc72d000 	C:\Windows\System32\OLEAUT32.dll
0x00007ffcbc920000 - 0x00007ffcbc9cd000 	C:\Windows\System32\SHCORE.dll
0x00007ffcbcb60000 - 0x00007ffcbcbb5000 	C:\Windows\System32\shlwapi.dll
0x00007ffcbb8a0000 - 0x00007ffcbb8c4000 	C:\Windows\SYSTEM32\profapi.dll
0x00007ffcadff0000 - 0x00007ffcae009000 	C:\Users\HP\AppData\Local\Programs\Android Studio\jbr\bin\net.dll
0x00007ffcb43a0000 - 0x00007ffcb44ad000 	C:\Windows\SYSTEM32\WINHTTP.dll
0x00007ffcbb090000 - 0x00007ffcbb0fa000 	C:\Windows\system32\mswsock.dll
0x00007ffcadfd0000 - 0x00007ffcadfe6000 	C:\Users\HP\AppData\Local\Programs\Android Studio\jbr\bin\nio.dll
0x00007ffcacdc0000 - 0x00007ffcacdd0000 	C:\Users\HP\AppData\Local\Programs\Android Studio\jbr\bin\verify.dll

dbghelp: loaded successfully - version: 4.0.5 - missing functions: none
symbol engine: initialized successfully - sym options: 0x614 - pdb path: .;C:\Users\HP\AppData\Local\Programs\Android Studio\jbr\bin;C:\Windows\SYSTEM32;C:\Windows\WinSxS\amd64_microsoft.windows.common-controls_6595b64144ccf1df_6.0.19041.4355_none_60b8b9eb71f62e16;C:\Users\HP\AppData\Local\Programs\Android Studio\jbr\bin\server

VM Arguments:
java_command: org.jetbrains.kotlin.cli.jvm.K2JVMCompiler @C:\Users\HP\Desktop\MVVM\app\build\20241111_16316022661386580336.compiler.options
java_class_path (initial): C:\Users\HP\.gradle\caches\modules-2\files-2.1\org.jetbrains.kotlin\kotlin-compiler-embeddable\1.9.0\2c8c3a7402becca891f12739b3e9fd2dc2adbd7a\kotlin-compiler-embeddable-1.9.0.jar;C:\Users\HP\.gradle\caches\modules-2\files-2.1\org.jetbrains.kotlin\kotlin-stdlib\1.9.0\8ee15ef0c67dc83d874f412d84378d7f0eb50b63\kotlin-stdlib-1.9.0.jar;C:\Users\HP\.gradle\caches\modules-2\files-2.1\org.jetbrains.kotlin\kotlin-script-runtime\1.9.0\4b3102cbbb7e1b58d9d1adf89563f00069ffa7d1\kotlin-script-runtime-1.9.0.jar;C:\Users\HP\.gradle\caches\modules-2\files-2.1\org.jetbrains.kotlin\kotlin-reflect\1.6.10\1cbe9c92c12a94eea200d23c2bbaedaf3daf5132\kotlin-reflect-1.6.10.jar;C:\Users\HP\.gradle\caches\modules-2\files-2.1\org.jetbrains.kotlin\kotlin-daemon-embeddable\1.9.0\186543f5e28cf8d9a0290fecc2cf34301c40a65c\kotlin-daemon-embeddable-1.9.0.jar;C:\Users\HP\.gradle\caches\modules-2\files-2.1\org.jetbrains.intellij.deps\trove4j\1.0.20200330\3afb14d5f9ceb459d724e907a21145e8ff394f02\trove4j-1.0.20200330.jar;C:\Users\HP\.gradle\caches\modules-2\files-2.1\org.jetbrains.kotlin\kotlin-stdlib-common\1.9.0\cd65c21cfd1eec4d44ef09f9f52b6d9f8a720636\kotlin-stdlib-common-1.9.0.jar;C:\Users\HP\.gradle\caches\modules-2\files-2.1\org.jetbrains\annotations\13.0\919f0dfe192fb4e063e7dacadee7f8bb9a2672a9\annotations-13.0.jar
Launcher Type: SUN_STANDARD

[Global flags]
     intx CICompilerCount                          = 3                                         {product} {ergonomic}
     uint ConcGCThreads                            = 1                                         {product} {ergonomic}
     uint G1ConcRefinementThreads                  = 4                                         {product} {ergonomic}
   size_t G1HeapRegionSize                         = 1048576                                   {product} {ergonomic}
    uintx GCDrainStackTargetSize                   = 64                                        {product} {ergonomic}
   size_t InitialHeapSize                          = 134217728                                 {product} {ergonomic}
   size_t MarkStackSize                            = 4194304                                   {product} {ergonomic}
   size_t MaxHeapSize                              = 2118123520                                {product} {ergonomic}
   size_t MaxNewSize                               = 1270874112                                {product} {ergonomic}
   size_t MinHeapDeltaBytes                        = 1048576                                   {product} {ergonomic}
   size_t MinHeapSize                              = 8388608                                   {product} {ergonomic}
    uintx NonNMethodCodeHeapSize                   = 5832780                                {pd product} {ergonomic}
    uintx NonProfiledCodeHeapSize                  = 122912730                              {pd product} {ergonomic}
    uintx ProfiledCodeHeapSize                     = 122912730                              {pd product} {ergonomic}
    uintx ReservedCodeCacheSize                    = 251658240                              {pd product} {ergonomic}
     bool SegmentedCodeCache                       = true                                      {product} {ergonomic}
   size_t SoftMaxHeapSize                          = 2118123520                             {manageable} {ergonomic}
     bool UseCompressedClassPointers               = true                           {product lp64_product} {ergonomic}
     bool UseCompressedOops                        = true                           {product lp64_product} {ergonomic}
     bool UseG1GC                                  = true                                      {product} {ergonomic}
     bool UseLargePagesIndividualAllocation        = false                                  {pd product} {ergonomic}

Logging:
Log output configuration:
 #0: stdout all=warning uptime,level,tags
 #1: stderr all=off uptime,level,tags

Environment Variables:
PATH=C:\Windows\system32;C:\Windows;C:\Windows\System32\Wbem;C:\Windows\System32\WindowsPowerShell\v1.0\;C:\Windows\System32\OpenSSH\;C:\Program Files\Git\cmd;C:\Users\HP\AppData\Local\Programs\Python\Python312\Scripts\;C:\Users\HP\AppData\Local\Programs\Python\Python312\;C:\Users\HP\AppData\Local\Programs\Python\Launcher\;C:\Users\HP\AppData\Local\Microsoft\WindowsApps;C:\Users\HP\AppData\Local\JetBrains\Toolbox\scripts;C:\Users\HP\AppData\Local\Programs\Microsoft VS Code\bin;C:\Users\HP\AppData\Local\GitHubDesktop\bin
USERNAME=HP
OS=Windows_NT
PROCESSOR_IDENTIFIER=Intel64 Family 6 Model 78 Stepping 3, GenuineIntel
TMP=C:\Users\HP\AppData\Local\Temp
TEMP=C:\Users\HP\AppData\Local\Temp



Periodic native trim disabled

JNI global refs:
JNI global refs: 10, weak refs: 1

JNI global refs memory usage: 843, weak refs: 841

Process memory usage:
Resident Set Size: 368780K (4% of 8266332K total physical memory with 448344K free physical memory)

OOME stack traces (most recent first):
Classloader memory used:
Loader jdk.internal.loader.ClassLoaders$AppClassLoader                                 : 6234K
Loader bootstrap                                                                       : 1329K
Loader java.net.URLClassLoader                                                         : 65427B
Loader jdk.internal.reflect.DelegatingClassLoader                                      : 17297B


---------------  S Y S T E M  ---------------

OS:
 Windows 10 , 64 bit Build 19041 (10.0.19041.5072)
OS uptime: 0 days 2:21 hours

CPU: total 4 (initial active 4) (2 cores per cpu, 2 threads per core) family 6 model 78 stepping 3 microcode 0xcc, cx8, cmov, fxsr, ht, mmx, 3dnowpref, sse, sse2, sse3, ssse3, sse4.1, sse4.2, popcnt, lzcnt, tsc, tscinvbit, avx, avx2, aes, erms, clmul, bmi1, bmi2, rtm, adx, fma, vzeroupper, clflush, clflushopt
Processor Information for all 4 processors :
  Max Mhz: 2496, Current Mhz: 2396, Mhz Limit: 2396

Memory: 4k page, system-wide physical 8072M (437M free)
TotalPageFile size 9977M (AvailPageFile size 5M)
current process WorkingSet (physical memory assigned to process): 360M, peak: 372M
current process commit charge ("private bytes"): 391M, peak: 405M

vm_info: OpenJDK 64-Bit Server VM (17.0.11+0--11852314) for windows-amd64 JRE (17.0.11+0--11852314), built on May 16 2024 21:29:20 by "androidbuild" with MS VC++ 16.10 / 16.11 (VS2019)

END.
