#
# There is insufficient memory for the Java Runtime Environment to continue.
# Native memory allocation (malloc) failed to allocate 2120464 bytes. Error detail: Chunk::new
# Possible reasons:
#   The system is out of physical RAM or swap space
#   This process is running with CompressedOops enabled, and the Java Heap may be blocking the growth of the native heap
# Possible solutions:
#   Reduce memory load on the system
#   Increase physical memory or swap space
#   Check if swap backing store is full
#   Decrease Java heap size (-Xmx/-Xms)
#   Decrease number of Java threads
#   Decrease Java thread stack sizes (-Xss)
#   Set larger code cache with -XX:ReservedCodeCacheSize=
#   JVM is running with Unscaled Compressed Oops mode in which the Java heap is
#     placed in the first 4GB address space. The Java Heap base address is the
#     maximum limit for the native heap growth. Please use -XX:HeapBaseMinAddress
#     to set the Java Heap base and to place the Java Heap above 4GB virtual address.
# This output file may be truncated or incomplete.
#
#  Out of Memory Error (arena.cpp:191), pid=8200, tid=10016
#
# JRE version: OpenJDK Runtime Environment (17.0.11) (build 17.0.11+0--11852314)
# Java VM: OpenJDK 64-Bit Server VM (17.0.11+0--11852314, mixed mode, tiered, compressed oops, compressed class ptrs, g1 gc, windows-amd64)
# No core dump will be written. Minidumps are not enabled by default on client versions of Windows
#

---------------  S U M M A R Y ------------

Command Line: --add-opens=java.base/java.util=ALL-UNNAMED --add-opens=java.base/java.lang=ALL-UNNAMED --add-opens=java.base/java.lang.invoke=ALL-UNNAMED --add-opens=java.prefs/java.util.prefs=ALL-UNNAMED --add-opens=java.base/java.nio.charset=ALL-UNNAMED --add-opens=java.base/java.net=ALL-UNNAMED --add-opens=java.base/java.util.concurrent.atomic=ALL-UNNAMED -Xmx2048m -Dfile.encoding=UTF-8 -Duser.country=US -Duser.language=en -Duser.variant -javaagent:C:\Users\HP\.gradle\wrapper\dists\gradle-8.7-bin\bhs2wmbdwecv87pi65oeuq5iu\gradle-8.7\lib\agents\gradle-instrumentation-agent-8.7.jar org.gradle.launcher.daemon.bootstrap.GradleDaemon 8.7

Host: Intel(R) Core(TM) i5-6300U CPU @ 2.40GHz, 4 cores, 7G,  Windows 10 , 64 bit Build 19041 (10.0.19041.5072)
Time: Wed Nov 13 02:49:59 2024 Pacific Standard Time elapsed time: 22.826756 seconds (0d 0h 0m 22s)

---------------  T H R E A D  ---------------

Current thread (0x0000029f826759b0):  JavaThread "C2 CompilerThread0" daemon [_thread_in_native, id=10016, stack(0x000000c4aad00000,0x000000c4aae00000)]


Current CompileTask:
C2:  22827 2880       4       java.lang.invoke.MethodType::makeImpl (109 bytes)

Stack: [0x000000c4aad00000,0x000000c4aae00000]
Native frames: (J=compiled Java code, j=interpreted, Vv=VM code, C=native code)
V  [jvm.dll+0x687bb9]
V  [jvm.dll+0x84142a]
V  [jvm.dll+0x8430ae]
V  [jvm.dll+0x843713]
V  [jvm.dll+0x24a35f]
V  [jvm.dll+0xac544]
V  [jvm.dll+0xacb8c]
V  [jvm.dll+0x369c37]
V  [jvm.dll+0x33416a]
V  [jvm.dll+0x33360a]
V  [jvm.dll+0x21bed1]
V  [jvm.dll+0x21b311]
V  [jvm.dll+0x1a63ed]
V  [jvm.dll+0x22b1ee]
V  [jvm.dll+0x229375]
V  [jvm.dll+0x7f5647]
V  [jvm.dll+0x7efa4a]
V  [jvm.dll+0x686a35]
C  [ucrtbase.dll+0x21bb2]
C  [KERNEL32.DLL+0x17374]
C  [ntdll.dll+0x4cc91]


---------------  P R O C E S S  ---------------

Threads class SMR info:
_java_thread_list=0x0000029f872a6710, length=31, elements={
0x0000029fe8e9e900, 0x0000029f82525250, 0x0000029f82651090, 0x0000029f82512600,
0x0000029f82674000, 0x0000029f826744e0, 0x0000029f82674db0, 0x0000029f826759b0,
0x0000029f826e2bc0, 0x0000029f826e50f0, 0x0000029f82741710, 0x0000029f8289c840,
0x0000029f87cd9bc0, 0x0000029f88952010, 0x0000029f87a9fb30, 0x0000029f87aa3970,
0x0000029f87aa15a0, 0x0000029f888cd100, 0x0000029f8860e600, 0x0000029f8787f3a0,
0x0000029f8787fdc0, 0x0000029f8787e980, 0x0000029f8787ee90, 0x0000029f8787f8b0,
0x0000029f8873e9b0, 0x0000029f88737f60, 0x0000029f88738470, 0x0000029f8873e4a0,
0x0000029f8873da80, 0x0000029f8873acf0, 0x0000029f8873b710
}

Java Threads: ( => current thread )
  0x0000029fe8e9e900 JavaThread "main" [_thread_blocked, id=10136, stack(0x000000c4aa000000,0x000000c4aa100000)]
  0x0000029f82525250 JavaThread "Reference Handler" daemon [_thread_blocked, id=9984, stack(0x000000c4aa700000,0x000000c4aa800000)]
  0x0000029f82651090 JavaThread "Finalizer" daemon [_thread_blocked, id=2432, stack(0x000000c4aa800000,0x000000c4aa900000)]
  0x0000029f82512600 JavaThread "Signal Dispatcher" daemon [_thread_blocked, id=8928, stack(0x000000c4aa900000,0x000000c4aaa00000)]
  0x0000029f82674000 JavaThread "Attach Listener" daemon [_thread_blocked, id=11872, stack(0x000000c4aaa00000,0x000000c4aab00000)]
  0x0000029f826744e0 JavaThread "Service Thread" daemon [_thread_blocked, id=4060, stack(0x000000c4aab00000,0x000000c4aac00000)]
  0x0000029f82674db0 JavaThread "Monitor Deflation Thread" daemon [_thread_blocked, id=12224, stack(0x000000c4aac00000,0x000000c4aad00000)]
=>0x0000029f826759b0 JavaThread "C2 CompilerThread0" daemon [_thread_in_native, id=10016, stack(0x000000c4aad00000,0x000000c4aae00000)]
  0x0000029f826e2bc0 JavaThread "C1 CompilerThread0" daemon [_thread_blocked, id=7668, stack(0x000000c4aae00000,0x000000c4aaf00000)]
  0x0000029f826e50f0 JavaThread "Sweeper thread" daemon [_thread_blocked, id=10480, stack(0x000000c4aaf00000,0x000000c4ab000000)]
  0x0000029f82741710 JavaThread "Common-Cleaner" daemon [_thread_blocked, id=9872, stack(0x000000c4ab000000,0x000000c4ab100000)]
  0x0000029f8289c840 JavaThread "Notification Thread" daemon [_thread_blocked, id=9328, stack(0x000000c4ab100000,0x000000c4ab200000)]
  0x0000029f87cd9bc0 JavaThread "Daemon health stats" [_thread_blocked, id=13920, stack(0x000000c4ab600000,0x000000c4ab700000)]
  0x0000029f88952010 JavaThread "Incoming local TCP Connector on port 53178" [_thread_in_native, id=1868, stack(0x000000c4ab700000,0x000000c4ab800000)]
  0x0000029f87a9fb30 JavaThread "Daemon periodic checks" [_thread_blocked, id=8924, stack(0x000000c4ab900000,0x000000c4aba00000)]
  0x0000029f87aa3970 JavaThread "Daemon" [_thread_blocked, id=12160, stack(0x000000c4aba00000,0x000000c4abb00000)]
  0x0000029f87aa15a0 JavaThread "Handler for socket connection from /127.0.0.1:53178 to /127.0.0.1:53179" [_thread_in_native, id=13988, stack(0x000000c4abb00000,0x000000c4abc00000)]
  0x0000029f888cd100 JavaThread "Cancel handler" [_thread_blocked, id=2212, stack(0x000000c4ab800000,0x000000c4ab900000)]
  0x0000029f8860e600 JavaThread "Daemon worker" [_thread_in_vm, id=2096, stack(0x000000c4abc00000,0x000000c4abd00000)]
  0x0000029f8787f3a0 JavaThread "Asynchronous log dispatcher for DefaultDaemonConnection: socket connection from /127.0.0.1:53178 to /127.0.0.1:53179" [_thread_blocked, id=4012, stack(0x000000c4abd00000,0x000000c4abe00000)]
  0x0000029f8787fdc0 JavaThread "Stdin handler" [_thread_blocked, id=9568, stack(0x000000c4abe00000,0x000000c4abf00000)]
  0x0000029f8787e980 JavaThread "Daemon client event forwarder" [_thread_blocked, id=6024, stack(0x000000c4abf00000,0x000000c4ac000000)]
  0x0000029f8787ee90 JavaThread "Cache worker for journal cache (C:\Users\HP\.gradle\caches\journal-1)" [_thread_blocked, id=7700, stack(0x000000c4ac000000,0x000000c4ac100000)]
  0x0000029f8787f8b0 JavaThread "File lock request listener" [_thread_in_native, id=9180, stack(0x000000c4ac100000,0x000000c4ac200000)]
  0x0000029f8873e9b0 JavaThread "Cache worker for file hash cache (C:\Users\HP\.gradle\caches\8.7\fileHashes)" [_thread_blocked, id=10812, stack(0x000000c4ac200000,0x000000c4ac300000)]
  0x0000029f88737f60 JavaThread "Cache worker for file hash cache (C:\Users\HP\Desktop\MVVM\.gradle\8.7\fileHashes)" [_thread_blocked, id=11224, stack(0x000000c4ac300000,0x000000c4ac400000)]
  0x0000029f88738470 JavaThread "File watcher server" daemon [_thread_in_native, id=8940, stack(0x000000c4ac400000,0x000000c4ac500000)]
  0x0000029f8873e4a0 JavaThread "File watcher consumer" daemon [_thread_blocked, id=13628, stack(0x000000c4ac500000,0x000000c4ac600000)]
  0x0000029f8873da80 JavaThread "Cache worker for checksums cache (C:\Users\HP\Desktop\MVVM\.gradle\8.7\checksums)" [_thread_blocked, id=12912, stack(0x000000c4ac600000,0x000000c4ac700000)]
  0x0000029f8873acf0 JavaThread "Cache worker for cache directory md-supplier (C:\Users\HP\.gradle\caches\8.7\md-supplier)" [_thread_blocked, id=11480, stack(0x000000c4ac700000,0x000000c4ac800000)]
  0x0000029f8873b710 JavaThread "Cache worker for cache directory md-rule (C:\Users\HP\.gradle\caches\8.7\md-rule)" [_thread_blocked, id=3560, stack(0x000000c4ac800000,0x000000c4ac900000)]

Other Threads:
  0x0000029f82501e10 VMThread "VM Thread" [stack: 0x000000c4aa600000,0x000000c4aa700000] [id=2680]
  0x0000029fe8e9f7d0 WatcherThread [stack: 0x000000c4ab200000,0x000000c4ab300000] [id=13676]
  0x0000029fe8efad30 GCTaskThread "GC Thread#0" [stack: 0x000000c4aa100000,0x000000c4aa200000] [id=14376]
  0x0000029f87099f00 GCTaskThread "GC Thread#1" [stack: 0x000000c4ab300000,0x000000c4ab400000] [id=10636]
  0x0000029f87158140 GCTaskThread "GC Thread#2" [stack: 0x000000c4ab400000,0x000000c4ab500000] [id=9684]
  0x0000029f87d6aac0 GCTaskThread "GC Thread#3" [stack: 0x000000c4ab500000,0x000000c4ab600000] [id=5540]
  0x0000029fe8f0bb90 ConcurrentGCThread "G1 Main Marker" [stack: 0x000000c4aa200000,0x000000c4aa300000] [id=8188]
  0x0000029fe8f0cc60 ConcurrentGCThread "G1 Conc#0" [stack: 0x000000c4aa300000,0x000000c4aa400000] [id=13644]
  0x0000029f823620c0 ConcurrentGCThread "G1 Refine#0" [stack: 0x000000c4aa400000,0x000000c4aa500000] [id=4744]
  0x0000029f82363910 ConcurrentGCThread "G1 Service" [stack: 0x000000c4aa500000,0x000000c4aa600000] [id=8304]

Threads with active compile tasks:
C2 CompilerThread0    22894 2880       4       java.lang.invoke.MethodType::makeImpl (109 bytes)

VM state: not at safepoint (normal execution)

VM Mutex/Monitor currently owned by a thread: None

Heap address: 0x0000000080000000, size: 2048 MB, Compressed Oops mode: 32-bit

CDS archive(s) not mapped
Compressed class space mapped at: 0x0000000100000000-0x0000000140000000, reserved size: 1073741824
Narrow klass base: 0x0000000000000000, Narrow klass shift: 3, Narrow klass range: 0x140000000

GC Precious Log:
 CPUs: 4 total, 4 available
 Memory: 8072M
 Large Page Support: Disabled
 NUMA Support: Disabled
 Compressed Oops: Enabled (32-bit)
 Heap Region Size: 1M
 Heap Min Capacity: 8M
 Heap Initial Capacity: 128M
 Heap Max Capacity: 2G
 Pre-touch: Disabled
 Parallel Workers: 4
 Concurrent Workers: 1
 Concurrent Refinement Workers: 4
 Periodic GC: Disabled

Heap:
 garbage-first heap   total 68608K, used 40498K [0x0000000080000000, 0x0000000100000000)
  region size 1024K, 23 young (23552K), 4 survivors (4096K)
 Metaspace       used 32719K, committed 32960K, reserved 1114112K
  class space    used 4439K, committed 4544K, reserved 1048576K

Heap Regions: E=young(eden), S=young(survivor), O=old, HS=humongous(starts), HC=humongous(continues), CS=collection set, F=free, OA=open archive, CA=closed archive, TAMS=top-at-mark-start (previous, next)
|   0|0x0000000080000000, 0x0000000080100000, 0x0000000080100000|100%| O|  |TAMS 0x0000000080100000, 0x0000000080000000| Untracked 
|   1|0x0000000080100000, 0x0000000080200000, 0x0000000080200000|100%|HS|  |TAMS 0x0000000080200000, 0x0000000080100000| Complete 
|   2|0x0000000080200000, 0x0000000080300000, 0x0000000080300000|100%|HC|  |TAMS 0x0000000080300000, 0x0000000080200000| Complete 
|   3|0x0000000080300000, 0x0000000080400000, 0x0000000080400000|100%|HC|  |TAMS 0x0000000080400000, 0x0000000080300000| Complete 
|   4|0x0000000080400000, 0x0000000080500000, 0x0000000080500000|100%|HC|  |TAMS 0x0000000080500000, 0x0000000080400000| Complete 
|   5|0x0000000080500000, 0x0000000080600000, 0x0000000080600000|100%| O|  |TAMS 0x0000000080600000, 0x0000000080500000| Untracked 
|   6|0x0000000080600000, 0x0000000080700000, 0x0000000080700000|100%| O|  |TAMS 0x0000000080700000, 0x0000000080600000| Untracked 
|   7|0x0000000080700000, 0x0000000080800000, 0x0000000080800000|100%| O|  |TAMS 0x0000000080800000, 0x0000000080700000| Untracked 
|   8|0x0000000080800000, 0x0000000080900000, 0x0000000080900000|100%| O|  |TAMS 0x0000000080900000, 0x0000000080800000| Untracked 
|   9|0x0000000080900000, 0x0000000080a00000, 0x0000000080a00000|100%| O|  |TAMS 0x0000000080a00000, 0x0000000080900000| Untracked 
|  10|0x0000000080a00000, 0x0000000080a8b000, 0x0000000080b00000| 54%| O|  |TAMS 0x0000000080a8b000, 0x0000000080a00000| Untracked 
|  11|0x0000000080b00000, 0x0000000080c00000, 0x0000000080c00000|100%| O|  |TAMS 0x0000000080b00000, 0x0000000080b00000| Untracked 
|  12|0x0000000080c00000, 0x0000000080d00000, 0x0000000080d00000|100%| O|  |TAMS 0x0000000080c00000, 0x0000000080c00000| Untracked 
|  13|0x0000000080d00000, 0x0000000080e00000, 0x0000000080e00000|100%| O|  |TAMS 0x0000000080d00000, 0x0000000080d00000| Untracked 
|  14|0x0000000080e00000, 0x0000000080f00000, 0x0000000080f00000|100%| O|  |TAMS 0x0000000080e00000, 0x0000000080e00000| Untracked 
|  15|0x0000000080f00000, 0x0000000081000000, 0x0000000081000000|100%| O|  |TAMS 0x0000000080f00000, 0x0000000080f00000| Untracked 
|  16|0x0000000081000000, 0x0000000081100000, 0x0000000081100000|100%| O|  |TAMS 0x0000000081000000, 0x0000000081000000| Untracked 
|  17|0x0000000081100000, 0x0000000081200000, 0x0000000081200000|100%| O|  |TAMS 0x0000000081100000, 0x0000000081100000| Untracked 
|  18|0x0000000081200000, 0x0000000081275000, 0x0000000081300000| 45%| O|  |TAMS 0x0000000081200000, 0x0000000081200000| Untracked 
|  19|0x0000000081300000, 0x0000000081300000, 0x0000000081400000|  0%| F|  |TAMS 0x0000000081300000, 0x0000000081300000| Untracked 
|  20|0x0000000081400000, 0x0000000081400000, 0x0000000081500000|  0%| F|  |TAMS 0x0000000081400000, 0x0000000081400000| Untracked 
|  21|0x0000000081500000, 0x0000000081500000, 0x0000000081600000|  0%| F|  |TAMS 0x0000000081500000, 0x0000000081500000| Untracked 
|  22|0x0000000081600000, 0x0000000081600000, 0x0000000081700000|  0%| F|  |TAMS 0x0000000081600000, 0x0000000081600000| Untracked 
|  23|0x0000000081700000, 0x0000000081700000, 0x0000000081800000|  0%| F|  |TAMS 0x0000000081700000, 0x0000000081700000| Untracked 
|  24|0x0000000081800000, 0x0000000081800000, 0x0000000081900000|  0%| F|  |TAMS 0x0000000081800000, 0x0000000081800000| Untracked 
|  25|0x0000000081900000, 0x0000000081900000, 0x0000000081a00000|  0%| F|  |TAMS 0x0000000081900000, 0x0000000081900000| Untracked 
|  26|0x0000000081a00000, 0x0000000081a00000, 0x0000000081b00000|  0%| F|  |TAMS 0x0000000081a00000, 0x0000000081a00000| Untracked 
|  27|0x0000000081b00000, 0x0000000081b00000, 0x0000000081c00000|  0%| F|  |TAMS 0x0000000081b00000, 0x0000000081b00000| Untracked 
|  28|0x0000000081c00000, 0x0000000081c00000, 0x0000000081d00000|  0%| F|  |TAMS 0x0000000081c00000, 0x0000000081c00000| Untracked 
|  29|0x0000000081d00000, 0x0000000081d00000, 0x0000000081e00000|  0%| F|  |TAMS 0x0000000081d00000, 0x0000000081d00000| Untracked 
|  30|0x0000000081e00000, 0x0000000081e00000, 0x0000000081f00000|  0%| F|  |TAMS 0x0000000081e00000, 0x0000000081e00000| Untracked 
|  31|0x0000000081f00000, 0x0000000081f00000, 0x0000000082000000|  0%| F|  |TAMS 0x0000000081f00000, 0x0000000081f00000| Untracked 
|  32|0x0000000082000000, 0x0000000082000000, 0x0000000082100000|  0%| F|  |TAMS 0x0000000082000000, 0x0000000082000000| Untracked 
|  33|0x0000000082100000, 0x0000000082100000, 0x0000000082200000|  0%| F|  |TAMS 0x0000000082100000, 0x0000000082100000| Untracked 
|  34|0x0000000082200000, 0x0000000082200000, 0x0000000082300000|  0%| F|  |TAMS 0x0000000082200000, 0x0000000082200000| Untracked 
|  35|0x0000000082300000, 0x000000008238ca90, 0x0000000082400000| 54%| S|CS|TAMS 0x0000000082300000, 0x0000000082300000| Complete 
|  36|0x0000000082400000, 0x0000000082500000, 0x0000000082500000|100%| S|CS|TAMS 0x0000000082400000, 0x0000000082400000| Complete 
|  37|0x0000000082500000, 0x0000000082600000, 0x0000000082600000|100%| S|CS|TAMS 0x0000000082500000, 0x0000000082500000| Complete 
|  38|0x0000000082600000, 0x0000000082700000, 0x0000000082700000|100%| S|CS|TAMS 0x0000000082600000, 0x0000000082600000| Complete 
|  39|0x0000000082700000, 0x0000000082700000, 0x0000000082800000|  0%| F|  |TAMS 0x0000000082700000, 0x0000000082700000| Untracked 
|  40|0x0000000082800000, 0x0000000082800000, 0x0000000082900000|  0%| F|  |TAMS 0x0000000082800000, 0x0000000082800000| Untracked 
|  41|0x0000000082900000, 0x0000000082900000, 0x0000000082a00000|  0%| F|  |TAMS 0x0000000082900000, 0x0000000082900000| Untracked 
|  42|0x0000000082a00000, 0x0000000082a00000, 0x0000000082b00000|  0%| F|  |TAMS 0x0000000082a00000, 0x0000000082a00000| Untracked 
|  43|0x0000000082b00000, 0x0000000082b00000, 0x0000000082c00000|  0%| F|  |TAMS 0x0000000082b00000, 0x0000000082b00000| Untracked 
|  44|0x0000000082c00000, 0x0000000082c00000, 0x0000000082d00000|  0%| F|  |TAMS 0x0000000082c00000, 0x0000000082c00000| Untracked 
|  45|0x0000000082d00000, 0x0000000082d00000, 0x0000000082e00000|  0%| F|  |TAMS 0x0000000082d00000, 0x0000000082d00000| Untracked 
|  46|0x0000000082e00000, 0x0000000082e00000, 0x0000000082f00000|  0%| F|  |TAMS 0x0000000082e00000, 0x0000000082e00000| Untracked 
|  47|0x0000000082f00000, 0x0000000082f00000, 0x0000000083000000|  0%| F|  |TAMS 0x0000000082f00000, 0x0000000082f00000| Untracked 
|  48|0x0000000083000000, 0x00000000830c31e0, 0x0000000083100000| 76%| E|  |TAMS 0x0000000083000000, 0x0000000083000000| Complete 
|  49|0x0000000083100000, 0x0000000083200000, 0x0000000083200000|100%| E|CS|TAMS 0x0000000083100000, 0x0000000083100000| Complete 
|  50|0x0000000083200000, 0x0000000083300000, 0x0000000083300000|100%| E|CS|TAMS 0x0000000083200000, 0x0000000083200000| Complete 
|  51|0x0000000083300000, 0x0000000083400000, 0x0000000083400000|100%| E|CS|TAMS 0x0000000083300000, 0x0000000083300000| Complete 
|  52|0x0000000083400000, 0x0000000083500000, 0x0000000083500000|100%| E|CS|TAMS 0x0000000083400000, 0x0000000083400000| Complete 
|  53|0x0000000083500000, 0x0000000083600000, 0x0000000083600000|100%| E|CS|TAMS 0x0000000083500000, 0x0000000083500000| Complete 
|  54|0x0000000083600000, 0x0000000083700000, 0x0000000083700000|100%| E|CS|TAMS 0x0000000083600000, 0x0000000083600000| Complete 
|  55|0x0000000083700000, 0x0000000083800000, 0x0000000083800000|100%| E|CS|TAMS 0x0000000083700000, 0x0000000083700000| Complete 
|  56|0x0000000083800000, 0x0000000083900000, 0x0000000083900000|100%| E|CS|TAMS 0x0000000083800000, 0x0000000083800000| Complete 
|  57|0x0000000083900000, 0x0000000083a00000, 0x0000000083a00000|100%| E|CS|TAMS 0x0000000083900000, 0x0000000083900000| Complete 
|  69|0x0000000084500000, 0x0000000084600000, 0x0000000084600000|100%| E|CS|TAMS 0x0000000084500000, 0x0000000084500000| Complete 
|  70|0x0000000084600000, 0x0000000084700000, 0x0000000084700000|100%| E|CS|TAMS 0x0000000084600000, 0x0000000084600000| Complete 
|  71|0x0000000084700000, 0x0000000084800000, 0x0000000084800000|100%| E|CS|TAMS 0x0000000084700000, 0x0000000084700000| Complete 
|  72|0x0000000084800000, 0x0000000084900000, 0x0000000084900000|100%| E|CS|TAMS 0x0000000084800000, 0x0000000084800000| Complete 
|  73|0x0000000084900000, 0x0000000084a00000, 0x0000000084a00000|100%| E|CS|TAMS 0x0000000084900000, 0x0000000084900000| Complete 
|  74|0x0000000084a00000, 0x0000000084b00000, 0x0000000084b00000|100%| E|CS|TAMS 0x0000000084a00000, 0x0000000084a00000| Complete 
|  75|0x0000000084b00000, 0x0000000084c00000, 0x0000000084c00000|100%| E|CS|TAMS 0x0000000084b00000, 0x0000000084b00000| Complete 
|  76|0x0000000084c00000, 0x0000000084d00000, 0x0000000084d00000|100%| E|CS|TAMS 0x0000000084c00000, 0x0000000084c00000| Complete 
| 127|0x0000000087f00000, 0x0000000088000000, 0x0000000088000000|100%| E|CS|TAMS 0x0000000087f00000, 0x0000000087f00000| Complete 

Card table byte_map: [0x0000029ffb780000,0x0000029ffbb80000] _byte_map_base: 0x0000029ffb380000

Marking Bits (Prev, Next): (CMBitMap*) 0x0000029fe8efb2a0, (CMBitMap*) 0x0000029fe8efb260
 Prev Bits: [0x0000029ffdf80000, 0x0000029ffff80000)
 Next Bits: [0x0000029ffbf80000, 0x0000029ffdf80000)

Polling page: 0x0000029fe6e30000

Metaspace:

Usage:
  Non-class:     27.62 MB used.
      Class:      4.34 MB used.
       Both:     31.96 MB used.

Virtual space:
  Non-class space:       64.00 MB reserved,      27.75 MB ( 43%) committed,  1 nodes.
      Class space:        1.00 GB reserved,       4.44 MB ( <1%) committed,  1 nodes.
             Both:        1.06 GB reserved,      32.19 MB (  3%) committed. 

Chunk freelists:
   Non-Class:  4.14 MB
       Class:  11.38 MB
        Both:  15.52 MB

MaxMetaspaceSize: unlimited
CompressedClassSpaceSize: 1.00 GB
Initial GC threshold: 21.00 MB
Current GC threshold: 35.12 MB
CDS: off
MetaspaceReclaimPolicy: balanced
 - commit_granule_bytes: 65536.
 - commit_granule_words: 8192.
 - virtual_space_node_default_size: 8388608.
 - enlarge_chunks_in_place: 1.
 - new_chunks_are_fully_committed: 0.
 - uncommit_free_chunks: 1.
 - use_allocation_guard: 0.
 - handle_deallocations: 1.


Internal statistics:

num_allocs_failed_limit: 3.
num_arena_births: 252.
num_arena_deaths: 0.
num_vsnodes_births: 2.
num_vsnodes_deaths: 0.
num_space_committed: 515.
num_space_uncommitted: 0.
num_chunks_returned_to_freelist: 3.
num_chunks_taken_from_freelist: 1155.
num_chunk_merges: 3.
num_chunk_splits: 748.
num_chunks_enlarged: 537.
num_inconsistent_stats: 0.

CodeHeap 'non-profiled nmethods': size=120000Kb used=1544Kb max_used=1544Kb free=118455Kb
 bounds [0x0000029ff3e50000, 0x0000029ff40c0000, 0x0000029ffb380000]
CodeHeap 'profiled nmethods': size=120000Kb used=6129Kb max_used=6129Kb free=113870Kb
 bounds [0x0000029fec380000, 0x0000029fec980000, 0x0000029ff38b0000]
CodeHeap 'non-nmethods': size=5760Kb used=1235Kb max_used=1295Kb free=4524Kb
 bounds [0x0000029ff38b0000, 0x0000029ff3b20000, 0x0000029ff3e50000]
 total_blobs=3437 nmethods=2893 adapters=456
 compilation: enabled
              stopped_count=0, restarted_count=0
 full_count=0

Compilation events (20 events):
Event: 22.687 Thread 0x0000029f826e2bc0 2885       3       java.util.stream.Sink::end (1 bytes)
Event: 22.688 Thread 0x0000029f826e2bc0 nmethod 2885 0x0000029fec96f710 code [0x0000029fec96f8a0, 0x0000029fec96f9b8]
Event: 22.688 Thread 0x0000029f826e2bc0 2886       3       java.lang.StringBuilder::append (8 bytes)
Event: 22.688 Thread 0x0000029f826e2bc0 nmethod 2886 0x0000029fec96fa90 code [0x0000029fec96fc20, 0x0000029fec96fd68]
Event: 22.688 Thread 0x0000029f826e2bc0 2887       3       org.objectweb.asm.ByteVector::put11 (52 bytes)
Event: 22.689 Thread 0x0000029f826e2bc0 nmethod 2887 0x0000029fec96fe10 code [0x0000029fec96ffc0, 0x0000029fec9701c8]
Event: 22.689 Thread 0x0000029f826e2bc0 2888       3       org.objectweb.asm.Type::getOpcode (284 bytes)
Event: 22.689 Thread 0x0000029f826e2bc0 nmethod 2888 0x0000029fec970310 code [0x0000029fec9705a0, 0x0000029fec971278]
Event: 22.689 Thread 0x0000029f826e2bc0 2889       3       org.objectweb.asm.ClassWriter::visitMethod (57 bytes)
Event: 22.690 Thread 0x0000029f826e2bc0 nmethod 2889 0x0000029fec971510 code [0x0000029fec9716c0, 0x0000029fec971a28]
Event: 22.690 Thread 0x0000029f826e2bc0 2890       3       org.objectweb.asm.MethodVisitor::<init> (7 bytes)
Event: 22.690 Thread 0x0000029f826e2bc0 nmethod 2890 0x0000029fec971b90 code [0x0000029fec971d40, 0x0000029fec971e88]
Event: 22.690 Thread 0x0000029f826e2bc0 2891       3       org.objectweb.asm.MethodWriter::computeAllFrames (510 bytes)
Event: 22.693 Thread 0x0000029f826e2bc0 nmethod 2891 0x0000029fec971f10 code [0x0000029fec972260, 0x0000029fec9736c8]
Event: 22.693 Thread 0x0000029f826e2bc0 2892       3       org.objectweb.asm.Type::getArgumentTypes (94 bytes)
Event: 22.695 Thread 0x0000029f826e2bc0 nmethod 2892 0x0000029fec974190 code [0x0000029fec9744e0, 0x0000029fec975b38]
Event: 22.697 Thread 0x0000029f826e2bc0 2893       3       org.objectweb.asm.MethodWriter::visitEnd (1 bytes)
Event: 22.697 Thread 0x0000029f826e2bc0 nmethod 2893 0x0000029fec976410 code [0x0000029fec9765a0, 0x0000029fec9766b8]
Event: 22.699 Thread 0x0000029f826e2bc0 2894       3       org.objectweb.asm.MethodWriter::computeMethodInfoSize (571 bytes)
Event: 22.701 Thread 0x0000029f826e2bc0 nmethod 2894 0x0000029fec976790 code [0x0000029fec976ac0, 0x0000029fec977a68]

GC Heap History (12 events):
Event: 3.717 GC heap before
{Heap before GC invocations=0 (full 0):
 garbage-first heap   total 131072K, used 12288K [0x0000000080000000, 0x0000000100000000)
  region size 1024K, 13 young (13312K), 0 survivors (0K)
 Metaspace       used 7675K, committed 7808K, reserved 1114112K
  class space    used 673K, committed 704K, reserved 1048576K
}
Event: 3.733 GC heap after
{Heap after GC invocations=1 (full 0):
 garbage-first heap   total 131072K, used 3008K [0x0000000080000000, 0x0000000100000000)
  region size 1024K, 2 young (2048K), 2 survivors (2048K)
 Metaspace       used 7675K, committed 7808K, reserved 1114112K
  class space    used 673K, committed 704K, reserved 1048576K
}
Event: 6.666 GC heap before
{Heap before GC invocations=1 (full 0):
 garbage-first heap   total 131072K, used 22464K [0x0000000080000000, 0x0000000100000000)
  region size 1024K, 18 young (18432K), 2 survivors (2048K)
 Metaspace       used 11402K, committed 11584K, reserved 1114112K
  class space    used 1194K, committed 1280K, reserved 1048576K
}
Event: 6.676 GC heap after
{Heap after GC invocations=2 (full 0):
 garbage-first heap   total 131072K, used 10794K [0x0000000080000000, 0x0000000100000000)
  region size 1024K, 3 young (3072K), 3 survivors (3072K)
 Metaspace       used 11402K, committed 11584K, reserved 1114112K
  class space    used 1194K, committed 1280K, reserved 1048576K
}
Event: 8.569 GC heap before
{Heap before GC invocations=2 (full 0):
 garbage-first heap   total 131072K, used 33322K [0x0000000080000000, 0x0000000100000000)
  region size 1024K, 25 young (25600K), 3 survivors (3072K)
 Metaspace       used 11479K, committed 11648K, reserved 1114112K
  class space    used 1195K, committed 1280K, reserved 1048576K
}
Event: 8.572 GC heap after
{Heap after GC invocations=3 (full 0):
 garbage-first heap   total 131072K, used 11330K [0x0000000080000000, 0x0000000100000000)
  region size 1024K, 1 young (1024K), 1 survivors (1024K)
 Metaspace       used 11479K, committed 11648K, reserved 1114112K
  class space    used 1195K, committed 1280K, reserved 1048576K
}
Event: 15.005 GC heap before
{Heap before GC invocations=3 (full 0):
 garbage-first heap   total 131072K, used 61506K [0x0000000080000000, 0x0000000100000000)
  region size 1024K, 51 young (52224K), 1 survivors (1024K)
 Metaspace       used 21329K, committed 21504K, reserved 1114112K
  class space    used 2518K, committed 2624K, reserved 1048576K
}
Event: 15.017 GC heap after
{Heap after GC invocations=4 (full 0):
 garbage-first heap   total 131072K, used 18936K [0x0000000080000000, 0x0000000100000000)
  region size 1024K, 8 young (8192K), 8 survivors (8192K)
 Metaspace       used 21329K, committed 21504K, reserved 1114112K
  class space    used 2518K, committed 2624K, reserved 1048576K
}
Event: 18.438 GC heap before
{Heap before GC invocations=5 (full 0):
 garbage-first heap   total 68608K, used 51704K [0x0000000080000000, 0x0000000100000000)
  region size 1024K, 40 young (40960K), 8 survivors (8192K)
 Metaspace       used 26373K, committed 26688K, reserved 1114112K
  class space    used 3389K, committed 3520K, reserved 1048576K
}
Event: 18.449 GC heap after
{Heap after GC invocations=6 (full 0):
 garbage-first heap   total 68608K, used 20474K [0x0000000080000000, 0x0000000100000000)
  region size 1024K, 2 young (2048K), 2 survivors (2048K)
 Metaspace       used 26373K, committed 26688K, reserved 1114112K
  class space    used 3389K, committed 3520K, reserved 1048576K
}
Event: 21.040 GC heap before
{Heap before GC invocations=6 (full 0):
 garbage-first heap   total 68608K, used 49146K [0x0000000080000000, 0x0000000100000000)
  region size 1024K, 30 young (30720K), 2 survivors (2048K)
 Metaspace       used 30216K, committed 30528K, reserved 1114112K
  class space    used 4025K, committed 4160K, reserved 1048576K
}
Event: 21.048 GC heap after
{Heap after GC invocations=7 (full 0):
 garbage-first heap   total 68608K, used 22066K [0x0000000080000000, 0x0000000100000000)
  region size 1024K, 4 young (4096K), 4 survivors (4096K)
 Metaspace       used 30216K, committed 30528K, reserved 1114112K
  class space    used 4025K, committed 4160K, reserved 1048576K
}

Dll operation events (3 events):
Event: 0.022 Loaded shared library C:\Users\HP\AppData\Local\Programs\Android Studio\jbr\bin\java.dll
Event: 1.419 Loaded shared library C:\Users\HP\AppData\Local\Programs\Android Studio\jbr\bin\zip.dll
Event: 3.828 Loaded shared library C:\Users\HP\AppData\Local\Programs\Android Studio\jbr\bin\verify.dll

Deoptimization events (20 events):
Event: 19.115 Thread 0x0000029f8860e600 Uncommon trap: trap_request=0xffffff45 fr.pc=0x0000029ff3f630c4 relative=0x00000000000001a4
Event: 19.115 Thread 0x0000029f8860e600 Uncommon trap: reason=unstable_if action=reinterpret pc=0x0000029ff3f630c4 method=java.util.HashMap.getNode(Ljava/lang/Object;)Ljava/util/HashMap$Node; @ 131 c2
Event: 19.115 Thread 0x0000029f8860e600 DEOPT PACKING pc=0x0000029ff3f630c4 sp=0x000000c4abcfae60
Event: 19.115 Thread 0x0000029f8860e600 DEOPT UNPACKING pc=0x0000029ff39069a3 sp=0x000000c4abcfad70 mode 2
Event: 19.115 Thread 0x0000029f8860e600 Uncommon trap: trap_request=0xffffff45 fr.pc=0x0000029ff3fa6b78 relative=0x00000000000001d8
Event: 19.115 Thread 0x0000029f8860e600 Uncommon trap: reason=unstable_if action=reinterpret pc=0x0000029ff3fa6b78 method=java.util.HashMap.getNode(Ljava/lang/Object;)Ljava/util/HashMap$Node; @ 131 c2
Event: 19.115 Thread 0x0000029f8860e600 DEOPT PACKING pc=0x0000029ff3fa6b78 sp=0x000000c4abcfade0
Event: 19.115 Thread 0x0000029f8860e600 DEOPT UNPACKING pc=0x0000029ff39069a3 sp=0x000000c4abcfad70 mode 2
Event: 20.006 Thread 0x0000029f8860e600 Uncommon trap: trap_request=0xffffff6e fr.pc=0x0000029ff3f0e288 relative=0x00000000000003e8
Event: 20.006 Thread 0x0000029f8860e600 Uncommon trap: reason=loop_limit_check action=maybe_recompile pc=0x0000029ff3f0e288 method=java.lang.StringLatin1.indexOf([BI[BII)I @ 37 c2
Event: 20.006 Thread 0x0000029f8860e600 DEOPT PACKING pc=0x0000029ff3f0e288 sp=0x000000c4abcf8570
Event: 20.006 Thread 0x0000029f8860e600 DEOPT UNPACKING pc=0x0000029ff39069a3 sp=0x000000c4abcf84d0 mode 2
Event: 21.052 Thread 0x0000029f8860e600 Uncommon trap: trap_request=0xffffff76 fr.pc=0x0000029ff3fb5518 relative=0x0000000000000178
Event: 21.052 Thread 0x0000029f8860e600 Uncommon trap: reason=predicate action=maybe_recompile pc=0x0000029ff3fb5518 method=com.google.common.base.CharMatcher.indexIn(Ljava/lang/CharSequence;I)I @ 19 c2
Event: 21.052 Thread 0x0000029f8860e600 DEOPT PACKING pc=0x0000029ff3fb5518 sp=0x000000c4abcfa500
Event: 21.052 Thread 0x0000029f8860e600 DEOPT UNPACKING pc=0x0000029ff39069a3 sp=0x000000c4abcfa490 mode 2
Event: 21.166 Thread 0x0000029f8860e600 Uncommon trap: trap_request=0xffffff45 fr.pc=0x0000029ff3f3aa48 relative=0x0000000000000628
Event: 21.166 Thread 0x0000029f8860e600 Uncommon trap: reason=unstable_if action=reinterpret pc=0x0000029ff3f3aa48 method=java.util.Properties$LineReader.readLine()I @ 95 c2
Event: 21.166 Thread 0x0000029f8860e600 DEOPT PACKING pc=0x0000029ff3f3aa48 sp=0x000000c4abcfb3e0
Event: 21.166 Thread 0x0000029f8860e600 DEOPT UNPACKING pc=0x0000029ff39069a3 sp=0x000000c4abcfb390 mode 2

Classes unloaded (0 events):
No events

Classes redefined (0 events):
No events

Internal exceptions (20 events):
Event: 16.750 Thread 0x0000029f8860e600 Implicit null exception at 0x0000029ff3e77a60 to 0x0000029ff3e77afa
Event: 16.791 Thread 0x0000029f8860e600 Exception <a 'java/lang/NoSuchMethodError'{0x000000008298d1a8}: 'int java.lang.invoke.DirectMethodHandle$Holder.invokeStatic(java.lang.Object, java.lang.Object, java.lang.Object, java.lang.Object)'> (0x000000008298d1a8) 
thrown [s\src\hotspot\share\interpreter\linkResolver.cpp, line 771]
Event: 16.793 Thread 0x0000029f8860e600 Exception <a 'java/lang/NoSuchMethodError'{0x0000000082990dd0}: 'java.lang.Object java.lang.invoke.Invokers$Holder.invokeExact_MT(java.lang.Object, java.lang.Object, java.lang.Object, java.lang.Object, java.lang.Object, java.lang.Object)'> (0x0000000082990dd0) 
thrown [s\src\hotspot\share\interpreter\linkResolver.cpp, line 771]
Event: 17.056 Thread 0x0000029f8860e600 Exception <a 'java/lang/IncompatibleClassChangeError'{0x0000000082678b70}: Found class java.lang.Object, but interface was expected> (0x0000000082678b70) 
thrown [s\src\hotspot\share\interpreter\linkResolver.cpp, line 838]
Event: 19.051 Thread 0x0000029f8860e600 Exception <a 'java/lang/NoSuchMethodError'{0x0000000083833310}: 'java.lang.Object java.lang.invoke.DirectMethodHandle$Holder.invokeVirtual(java.lang.Object, java.lang.Object, java.lang.Object, java.lang.Object)'> (0x0000000083833310) 
thrown [s\src\hotspot\share\interpreter\linkResolver.cpp, line 771]
Event: 19.177 Thread 0x0000029f8860e600 Exception <a 'java/lang/NoSuchMethodError'{0x000000008377fc40}: 'java.lang.Object java.lang.invoke.DirectMethodHandle$Holder.newInvokeSpecial(java.lang.Object, java.lang.Object, java.lang.Object, java.lang.Object, java.lang.Object, java.lang.Object, java.lang.Object)'> (0x000000008377fc40) 
thrown [s\src\hotspot\share\interpreter\linkResolver.cpp, line 771]
Event: 19.182 Thread 0x0000029f8860e600 Exception <a 'java/lang/NoSuchMethodError'{0x0000000083784910}: 'java.lang.Object java.lang.invoke.Invokers$Holder.linkToTargetMethod(java.lang.Object, java.lang.Object, java.lang.Object, java.lang.Object, java.lang.Object, java.lang.Object, java.lang.Object)'> (0x0000000083784910) 
thrown [s\src\hotspot\share\interpreter\linkResolver.cpp, line 771]
Event: 20.637 Thread 0x0000029f8860e600 Exception <a 'java/lang/NoSuchMethodError'{0x0000000082d57250}: 'java.lang.Object java.lang.invoke.DirectMethodHandle$Holder.invokeStaticInit(java.lang.Object, java.lang.Object, java.lang.Object, java.lang.Object)'> (0x0000000082d57250) 
thrown [s\src\hotspot\share\interpreter\linkResolver.cpp, line 771]
Event: 20.687 Thread 0x0000029f8860e600 Exception <a 'java/lang/NoSuchMethodError'{0x0000000082c41d48}: 'java.lang.Object java.lang.invoke.DirectMethodHandle$Holder.newInvokeSpecial(java.lang.Object, java.lang.Object, java.lang.Object, java.lang.Object, java.lang.Object, java.lang.Object, java.lang.Object, java.lang.Object)'> (0x0000000082c41d48) 
thrown [s\src\hotspot\share\interpreter\linkResolver.cpp, line 771]
Event: 20.688 Thread 0x0000029f8860e600 Exception <a 'java/lang/NoSuchMethodError'{0x0000000082c47750}: 'java.lang.Object java.lang.invoke.DirectMethodHandle$Holder.invokeSpecial(java.lang.Object, java.lang.Object, java.lang.Object, java.lang.Object, java.lang.Object, java.lang.Object, java.lang.Object, java.lang.Object, java.lang.Object)'> (0x0000000082c47750) 
thrown [s\src\hotspot\share\interpreter\linkResolver.cpp, line 771]
Event: 20.689 Thread 0x0000029f8860e600 Exception <a 'java/lang/NoSuchMethodError'{0x0000000082c4cdd0}: 'java.lang.Object java.lang.invoke.Invokers$Holder.linkToTargetMethod(java.lang.Object, java.lang.Object, java.lang.Object, java.lang.Object, java.lang.Object, java.lang.Object, java.lang.Object, java.lang.Object)'> (0x0000000082c4cdd0) 
thrown [s\src\hotspot\share\interpreter\linkResolver.cpp, line 771]
Event: 20.701 Thread 0x0000029f8860e600 Exception <a 'java/lang/NoSuchMethodError'{0x0000000082c952d0}: 'void java.lang.invoke.DirectMethodHandle$Holder.invokeStatic(java.lang.Object, java.lang.Object, java.lang.Object, java.lang.Object)'> (0x0000000082c952d0) 
thrown [s\src\hotspot\share\interpreter\linkResolver.cpp, line 771]
Event: 21.114 Thread 0x0000029f8860e600 Exception <a 'java/lang/NoSuchMethodError'{0x0000000084cb9708}: 'int java.lang.invoke.DirectMethodHandle$Holder.invokeVirtual(java.lang.Object, java.lang.Object)'> (0x0000000084cb9708) 
thrown [s\src\hotspot\share\interpreter\linkResolver.cpp, line 771]
Event: 21.117 Thread 0x0000029f8860e600 Exception <a 'java/lang/NoSuchMethodError'{0x0000000084ccbca8}: 'java.lang.Object java.lang.invoke.DirectMethodHandle$Holder.invokeStaticInit(java.lang.Object, java.lang.Object, java.lang.Object)'> (0x0000000084ccbca8) 
thrown [s\src\hotspot\share\interpreter\linkResolver.cpp, line 771]
Event: 22.023 Thread 0x0000029f8860e600 Exception <a 'java/lang/NoSuchMethodError'{0x00000000838acdc0}: 'java.lang.Object java.lang.invoke.DirectMethodHandle$Holder.invokeSpecialIFC(java.lang.Object, java.lang.Object, java.lang.Object, java.lang.Object)'> (0x00000000838acdc0) 
thrown [s\src\hotspot\share\interpreter\linkResolver.cpp, line 771]
Event: 22.035 Thread 0x0000029f8860e600 Exception <a 'java/lang/NoSuchMethodError'{0x000000008372f160}: 'java.lang.Object java.lang.invoke.DirectMethodHandle$Holder.newInvokeSpecial(java.lang.Object, java.lang.Object, java.lang.Object, java.lang.Object, java.lang.Object, java.lang.Object, java.lang.Object, java.lang.Object, java.lang.Object, java.lang.Object)'> (0x000000008372f160) 
thrown [s\src\hotspot\share\interpreter\linkResolver.cpp, line 771]
Event: 22.036 Thread 0x0000029f8860e600 Exception <a 'java/lang/NoSuchMethodError'{0x0000000083734048}: 'java.lang.Object java.lang.invoke.Invokers$Holder.linkToTargetMethod(java.lang.Object, java.lang.Object, java.lang.Object, java.lang.Object, java.lang.Object, java.lang.Object, java.lang.Object, java.lang.Object, java.lang.Object, java.lang.Object)'> (0x0000000083734048) 
thrown [s\src\hotspot\share\interpreter\linkResolver.cpp, line 771]
Event: 22.073 Thread 0x0000029f8860e600 Exception <a 'java/lang/NoSuchMethodError'{0x00000000837a9918}: 'java.lang.Object java.lang.invoke.DirectMethodHandle$Holder.newInvokeSpecial(java.lang.Object, java.lang.Object, java.lang.Object, java.lang.Object, java.lang.Object, java.lang.Object, java.lang.Object, java.lang.Object, java.lang.Object, java.lang.Object, java.lang.Object)'> (0x00000000837a9918) 
thrown [s\src\hotspot\share\interpreter\linkResolver.cpp, line 771]
Event: 22.073 Thread 0x0000029f8860e600 Exception <a 'java/lang/NoSuchMethodError'{0x00000000837af450}: 'java.lang.Object java.lang.invoke.DirectMethodHandle$Holder.invokeSpecial(java.lang.Object, java.lang.Object, java.lang.Object, java.lang.Object, java.lang.Object, java.lang.Object, java.lang.Object, java.lang.Object, java.lang.Object, java.lang.Object, java.lang.Object, java.lang.Object)'> (0x00000000837af450) 
thrown [s\src\hotspot\share\interpreter\linkResolver.cpp, line 771]
Event: 22.074 Thread 0x0000029f8860e600 Exception <a 'java/lang/NoSuchMethodError'{0x00000000837b4ae8}: 'java.lang.Object java.lang.invoke.Invokers$Holder.linkToTargetMethod(java.lang.Object, java.lang.Object, java.lang.Object, java.lang.Object, java.lang.Object, java.lang.Object, java.lang.Object, java.lang.Object, java.lang.Object, java.lang.Object, java.lang.Object)'> (0x00000000837b4ae8) 
thrown [s\src\hotspot\share\interpreter\linkResolver.cpp, line 771]

VM Operations (20 events):
Event: 17.006 Executing VM operation: HandshakeAllThreads
Event: 17.006 Executing VM operation: HandshakeAllThreads done
Event: 18.019 Executing VM operation: Cleanup
Event: 18.026 Executing VM operation: Cleanup done
Event: 18.438 Executing VM operation: G1CollectForAllocation
Event: 18.449 Executing VM operation: G1CollectForAllocation done
Event: 19.458 Executing VM operation: Cleanup
Event: 19.501 Executing VM operation: Cleanup done
Event: 20.503 Executing VM operation: Cleanup
Event: 20.503 Executing VM operation: Cleanup done
Event: 21.040 Executing VM operation: G1CollectForAllocation
Event: 21.048 Executing VM operation: G1CollectForAllocation done
Event: 21.169 Executing VM operation: HandshakeAllThreads
Event: 21.169 Executing VM operation: HandshakeAllThreads done
Event: 21.169 Executing VM operation: HandshakeAllThreads
Event: 21.170 Executing VM operation: HandshakeAllThreads done
Event: 22.174 Executing VM operation: Cleanup
Event: 22.268 Executing VM operation: Cleanup done
Event: 22.570 Executing VM operation: HandshakeAllThreads
Event: 22.570 Executing VM operation: HandshakeAllThreads done

Events (20 events):
Event: 21.125 loading class java/util/ArrayDeque$DeqSpliterator done
Event: 22.013 Thread 0x0000029f8873da80 Thread added: 0x0000029f8873da80
Event: 22.155 Thread 0x0000029f8873acf0 Thread added: 0x0000029f8873acf0
Event: 22.279 Thread 0x0000029f8873b710 Thread added: 0x0000029f8873b710
Event: 22.450 loading class java/lang/invoke/SerializedLambda
Event: 22.450 loading class java/lang/invoke/SerializedLambda done
Event: 22.519 loading class java/lang/reflect/AnnotatedType
Event: 22.519 loading class java/lang/reflect/AnnotatedType done
Event: 22.523 loading class sun/reflect/misc/ReflectUtil
Event: 22.524 loading class sun/reflect/misc/ReflectUtil done
Event: 22.573 loading class java/lang/Class$EnclosingMethodInfo
Event: 22.573 loading class java/lang/Class$EnclosingMethodInfo done
Event: 22.576 loading class sun/reflect/generics/tree/IntSignature
Event: 22.576 loading class sun/reflect/generics/tree/IntSignature done
Event: 22.576 loading class sun/reflect/generics/tree/ArrayTypeSignature
Event: 22.577 loading class sun/reflect/generics/tree/ArrayTypeSignature done
Event: 22.583 loading class java/lang/SafeVarargs
Event: 22.583 loading class java/lang/SafeVarargs done
Event: 22.591 loading class java/util/regex/Pattern$GroupCurly
Event: 22.591 loading class java/util/regex/Pattern$GroupCurly done


Dynamic libraries:
0x00007ff6c2810000 - 0x00007ff6c281a000 	C:\Users\HP\AppData\Local\Programs\Android Studio\jbr\bin\java.exe
0x00007ff818b90000 - 0x00007ff818d88000 	C:\Windows\SYSTEM32\ntdll.dll
0x00007ff8170b0000 - 0x00007ff817172000 	C:\Windows\System32\KERNEL32.DLL
0x00007ff8163d0000 - 0x00007ff8166ce000 	C:\Windows\System32\KERNELBASE.dll
0x00007ff816230000 - 0x00007ff816330000 	C:\Windows\System32\ucrtbase.dll
0x00007ffffe0e0000 - 0x00007ffffe0f7000 	C:\Users\HP\AppData\Local\Programs\Android Studio\jbr\bin\jli.dll
0x00007ff816f10000 - 0x00007ff8170ad000 	C:\Windows\System32\USER32.dll
0x00007ff816700000 - 0x00007ff816722000 	C:\Windows\System32\win32u.dll
0x00007ff818b20000 - 0x00007ff818b4b000 	C:\Windows\System32\GDI32.dll
0x00007ff8167f0000 - 0x00007ff816907000 	C:\Windows\System32\gdi32full.dll
0x00007ff816330000 - 0x00007ff8163cd000 	C:\Windows\System32\msvcp_win.dll
0x00007ff8130f0000 - 0x00007ff81310b000 	C:\Users\HP\AppData\Local\Programs\Android Studio\jbr\bin\VCRUNTIME140.dll
0x00007ffffeb00000 - 0x00007ffffed9a000 	C:\Windows\WinSxS\amd64_microsoft.windows.common-controls_6595b64144ccf1df_6.0.19041.4355_none_60b8b9eb71f62e16\COMCTL32.dll
0x00007ff817640000 - 0x00007ff8176de000 	C:\Windows\System32\msvcrt.dll
0x00007ff8172f0000 - 0x00007ff81731f000 	C:\Windows\System32\IMM32.DLL
0x00007ff813200000 - 0x00007ff81320c000 	C:\Users\HP\AppData\Local\Programs\Android Studio\jbr\bin\vcruntime140_1.dll
0x00007fffe2850000 - 0x00007fffe28dd000 	C:\Users\HP\AppData\Local\Programs\Android Studio\jbr\bin\msvcp140.dll
0x00007fff9d5e0000 - 0x00007fff9e263000 	C:\Users\HP\AppData\Local\Programs\Android Studio\jbr\bin\server\jvm.dll
0x00007ff817aa0000 - 0x00007ff817b51000 	C:\Windows\System32\ADVAPI32.dll
0x00007ff8182d0000 - 0x00007ff81836f000 	C:\Windows\System32\sechost.dll
0x00007ff816d80000 - 0x00007ff816ea3000 	C:\Windows\System32\RPCRT4.dll
0x00007ff8166d0000 - 0x00007ff8166f7000 	C:\Windows\System32\bcrypt.dll
0x00007ff815fe0000 - 0x00007ff81602b000 	C:\Windows\SYSTEM32\POWRPROF.dll
0x00007fffff110000 - 0x00007fffff119000 	C:\Windows\SYSTEM32\WSOCK32.dll
0x00007ff817320000 - 0x00007ff81738b000 	C:\Windows\System32\WS2_32.dll
0x00007ffff4c50000 - 0x00007ffff4c77000 	C:\Windows\SYSTEM32\WINMM.dll
0x00007ff811410000 - 0x00007ff81141a000 	C:\Windows\SYSTEM32\VERSION.dll
0x00007ff815fc0000 - 0x00007ff815fd2000 	C:\Windows\SYSTEM32\UMPDC.dll
0x00007ff8140b0000 - 0x00007ff8140c2000 	C:\Windows\SYSTEM32\kernel.appcore.dll
0x00007ff8131f0000 - 0x00007ff8131fa000 	C:\Users\HP\AppData\Local\Programs\Android Studio\jbr\bin\jimage.dll
0x00007ff804670000 - 0x00007ff804854000 	C:\Windows\SYSTEM32\DBGHELP.DLL
0x00007ffff18d0000 - 0x00007ffff1904000 	C:\Windows\SYSTEM32\dbgcore.DLL
0x00007ff8169c0000 - 0x00007ff816a42000 	C:\Windows\System32\bcryptPrimitives.dll
0x00007ff8050c0000 - 0x00007ff8050ce000 	C:\Users\HP\AppData\Local\Programs\Android Studio\jbr\bin\instrument.dll
0x00007ff8101d0000 - 0x00007ff8101f5000 	C:\Users\HP\AppData\Local\Programs\Android Studio\jbr\bin\java.dll
0x00007ff803e60000 - 0x00007ff803e78000 	C:\Users\HP\AppData\Local\Programs\Android Studio\jbr\bin\zip.dll
0x00007ff817b60000 - 0x00007ff8182cd000 	C:\Windows\System32\SHELL32.dll
0x00007ff8142b0000 - 0x00007ff814a54000 	C:\Windows\SYSTEM32\windows.storage.dll
0x00007ff817740000 - 0x00007ff817a93000 	C:\Windows\System32\combase.dll
0x00007ff815bf0000 - 0x00007ff815c1e000 	C:\Windows\SYSTEM32\Wldp.dll
0x00007ff817550000 - 0x00007ff81761d000 	C:\Windows\System32\OLEAUT32.dll
0x00007ff817240000 - 0x00007ff8172ed000 	C:\Windows\System32\SHCORE.dll
0x00007ff8176e0000 - 0x00007ff817735000 	C:\Windows\System32\shlwapi.dll
0x00007ff816160000 - 0x00007ff816184000 	C:\Windows\SYSTEM32\profapi.dll
0x00007ff803e20000 - 0x00007ff803e39000 	C:\Users\HP\AppData\Local\Programs\Android Studio\jbr\bin\net.dll
0x00007ff80ee30000 - 0x00007ff80ef3d000 	C:\Windows\SYSTEM32\WINHTTP.dll
0x00007ff815950000 - 0x00007ff8159ba000 	C:\Windows\system32\mswsock.dll
0x00007ffffedb0000 - 0x00007ffffedc6000 	C:\Users\HP\AppData\Local\Programs\Android Studio\jbr\bin\nio.dll
0x00007ff80ffa0000 - 0x00007ff80ffb0000 	C:\Users\HP\AppData\Local\Programs\Android Studio\jbr\bin\verify.dll
0x00007fffda8d0000 - 0x00007fffda8f7000 	C:\Users\HP\.gradle\native\c067742578af261105cb4f569cf0c3c89f3d7b1fecec35dd04571415982c5e48\windows-amd64\native-platform.dll
0x00007fffc3d00000 - 0x00007fffc3e44000 	C:\Users\HP\.gradle\native\38dada09dfb8b06ba9b0570ebf7e218e3eb74d4ef43ca46872605cf95ebc2f47\windows-amd64\native-platform-file-events.dll
0x00007ff8130a0000 - 0x00007ff8130a9000 	C:\Users\HP\AppData\Local\Programs\Android Studio\jbr\bin\management.dll
0x00007ff812750000 - 0x00007ff81275b000 	C:\Users\HP\AppData\Local\Programs\Android Studio\jbr\bin\management_ext.dll
0x00007ff818490000 - 0x00007ff818498000 	C:\Windows\System32\PSAPI.DLL
0x00007ff815b50000 - 0x00007ff815b68000 	C:\Windows\SYSTEM32\CRYPTSP.dll
0x00007ff815270000 - 0x00007ff8152a4000 	C:\Windows\system32\rsaenh.dll
0x00007ff816120000 - 0x00007ff81614e000 	C:\Windows\SYSTEM32\USERENV.dll
0x00007ff815b40000 - 0x00007ff815b4c000 	C:\Windows\SYSTEM32\CRYPTBASE.dll
0x00007ff815630000 - 0x00007ff81566b000 	C:\Windows\SYSTEM32\IPHLPAPI.DLL
0x00007ff816d70000 - 0x00007ff816d78000 	C:\Windows\System32\NSI.dll
0x00007ff80fc60000 - 0x00007ff80fc77000 	C:\Windows\SYSTEM32\dhcpcsvc6.DLL
0x00007ff8105a0000 - 0x00007ff8105bd000 	C:\Windows\SYSTEM32\dhcpcsvc.DLL
0x00007ff815670000 - 0x00007ff81573a000 	C:\Windows\SYSTEM32\DNSAPI.dll
0x00007ff813160000 - 0x00007ff813169000 	C:\Users\HP\AppData\Local\Programs\Android Studio\jbr\bin\extnet.dll
0x00007ffffe440000 - 0x00007ffffe447000 	C:\Windows\system32\wshunix.dll

dbghelp: loaded successfully - version: 4.0.5 - missing functions: none
symbol engine: initialized successfully - sym options: 0x614 - pdb path: .;C:\Users\HP\AppData\Local\Programs\Android Studio\jbr\bin;C:\Windows\SYSTEM32;C:\Windows\WinSxS\amd64_microsoft.windows.common-controls_6595b64144ccf1df_6.0.19041.4355_none_60b8b9eb71f62e16;C:\Users\HP\AppData\Local\Programs\Android Studio\jbr\bin\server;C:\Users\HP\.gradle\native\c067742578af261105cb4f569cf0c3c89f3d7b1fecec35dd04571415982c5e48\windows-amd64;C:\Users\HP\.gradle\native\38dada09dfb8b06ba9b0570ebf7e218e3eb74d4ef43ca46872605cf95ebc2f47\windows-amd64

VM Arguments:
jvm_args: --add-opens=java.base/java.util=ALL-UNNAMED --add-opens=java.base/java.lang=ALL-UNNAMED --add-opens=java.base/java.lang.invoke=ALL-UNNAMED --add-opens=java.prefs/java.util.prefs=ALL-UNNAMED --add-opens=java.base/java.nio.charset=ALL-UNNAMED --add-opens=java.base/java.net=ALL-UNNAMED --add-opens=java.base/java.util.concurrent.atomic=ALL-UNNAMED -Xmx2048m -Dfile.encoding=UTF-8 -Duser.country=US -Duser.language=en -Duser.variant -javaagent:C:\Users\HP\.gradle\wrapper\dists\gradle-8.7-bin\bhs2wmbdwecv87pi65oeuq5iu\gradle-8.7\lib\agents\gradle-instrumentation-agent-8.7.jar 
java_command: org.gradle.launcher.daemon.bootstrap.GradleDaemon 8.7
java_class_path (initial): C:\Users\HP\.gradle\wrapper\dists\gradle-8.7-bin\bhs2wmbdwecv87pi65oeuq5iu\gradle-8.7\lib\gradle-launcher-8.7.jar
Launcher Type: SUN_STANDARD

[Global flags]
     intx CICompilerCount                          = 3                                         {product} {ergonomic}
     uint ConcGCThreads                            = 1                                         {product} {ergonomic}
     uint G1ConcRefinementThreads                  = 4                                         {product} {ergonomic}
   size_t G1HeapRegionSize                         = 1048576                                   {product} {ergonomic}
    uintx GCDrainStackTargetSize                   = 64                                        {product} {ergonomic}
   size_t InitialHeapSize                          = 134217728                                 {product} {ergonomic}
   size_t MarkStackSize                            = 4194304                                   {product} {ergonomic}
   size_t MaxHeapSize                              = 2147483648                                {product} {command line}
   size_t MaxNewSize                               = 1287651328                                {product} {ergonomic}
   size_t MinHeapDeltaBytes                        = 1048576                                   {product} {ergonomic}
   size_t MinHeapSize                              = 8388608                                   {product} {ergonomic}
    uintx NonNMethodCodeHeapSize                   = 5832780                                {pd product} {ergonomic}
    uintx NonProfiledCodeHeapSize                  = 122912730                              {pd product} {ergonomic}
    uintx ProfiledCodeHeapSize                     = 122912730                              {pd product} {ergonomic}
    uintx ReservedCodeCacheSize                    = 251658240                              {pd product} {ergonomic}
     bool SegmentedCodeCache                       = true                                      {product} {ergonomic}
   size_t SoftMaxHeapSize                          = 2147483648                             {manageable} {ergonomic}
     bool UseCompressedClassPointers               = true                           {product lp64_product} {ergonomic}
     bool UseCompressedOops                        = true                           {product lp64_product} {ergonomic}
     bool UseG1GC                                  = true                                      {product} {ergonomic}
     bool UseLargePagesIndividualAllocation        = false                                  {pd product} {ergonomic}

Logging:
Log output configuration:
 #0: stdout all=warning uptime,level,tags
 #1: stderr all=off uptime,level,tags

Environment Variables:
PATH=C:\Windows\system32;C:\Windows;C:\Windows\System32\Wbem;C:\Windows\System32\WindowsPowerShell\v1.0\;C:\Windows\System32\OpenSSH\;C:\Program Files\Git\cmd;C:\Users\HP\AppData\Local\Programs\Python\Python312\Scripts\;C:\Users\HP\AppData\Local\Programs\Python\Python312\;C:\Users\HP\AppData\Local\Programs\Python\Launcher\;C:\Users\HP\AppData\Local\Microsoft\WindowsApps;C:\Users\HP\AppData\Local\JetBrains\Toolbox\scripts;C:\Users\HP\AppData\Local\Programs\Microsoft VS Code\bin;C:\Users\HP\AppData\Local\GitHubDesktop\bin
USERNAME=HP
OS=Windows_NT
PROCESSOR_IDENTIFIER=Intel64 Family 6 Model 78 Stepping 3, GenuineIntel
TMP=C:\Users\HP\AppData\Local\Temp
TEMP=C:\Users\HP\AppData\Local\Temp



Periodic native trim disabled

JNI global refs:
JNI global refs: 23, weak refs: 1

JNI global refs memory usage: 843, weak refs: 841

Process memory usage:
Resident Set Size: 174688K (2% of 8266332K total physical memory with 710804K free physical memory)

OOME stack traces (most recent first):
Classloader memory used:
Loader bootstrap                                                                       : 1892K
Loader org.gradle.internal.classloader.VisitableURLClassLoader                         : 1799K
Loader org.gradle.initialization.MixInLegacyTypesClassLoader                           : 355K
Loader jdk.internal.loader.ClassLoaders$AppClassLoader                                 : 28758B
Loader jdk.internal.loader.ClassLoaders$PlatformClassLoader                            : 14876B
Loader jdk.internal.reflect.DelegatingClassLoader                                      : 3564B

Classes loaded by more than one classloader:
Class org.gradle.internal.installation.GradleInstallation                             : loaded 2 times (x 73B)
Class org.gradle.internal.classpath.ClassPath                                         : loaded 2 times (x 68B)
Class org.gradle.api.internal.classpath.DefaultModuleRegistry                         : loaded 2 times (x 84B)
Class org.gradle.api.Action                                                           : loaded 2 times (x 68B)
Class org.gradle.api.internal.DefaultClassPathProvider                                : loaded 2 times (x 74B)
Class org.gradle.internal.installation.GradleInstallation$1                           : loaded 2 times (x 73B)
Class org.gradle.internal.classloader.FilteringClassLoader                            : loaded 2 times (x 103B)
Class org.gradle.internal.classpath.DefaultClassPath$ImmutableUniqueList$Builder      : loaded 2 times (x 73B)
Class org.gradle.internal.classloader.ClassLoaderVisitor                              : loaded 2 times (x 74B)
Class org.gradle.internal.service.DefaultServiceLocator                               : loaded 2 times (x 81B)
Class org.gradle.internal.service.UnknownServiceException                             : loaded 2 times (x 81B)
Class org.gradle.internal.classloader.DefaultClassLoaderFactory                       : loaded 2 times (x 80B)
Class org.gradle.internal.classloader.VisitableURLClassLoader$Spec                    : loaded 2 times (x 72B)
Class org.gradle.api.GradleException                                                  : loaded 2 times (x 80B)
Class org.gradle.api.internal.classpath.ModuleRegistry                                : loaded 2 times (x 68B)
Class org.gradle.api.internal.ClassPathProvider                                       : loaded 2 times (x 68B)
Class org.gradle.internal.classloader.ClasspathUtil$1                                 : loaded 2 times (x 74B)
Class org.gradle.internal.classloader.ClassLoaderFactory                              : loaded 2 times (x 68B)
Class org.gradle.api.internal.classpath.ManifestUtil                                  : loaded 2 times (x 69B)
Class org.gradle.api.specs.Spec                                                       : loaded 2 times (x 68B)
Class org.gradle.internal.IoActions                                                   : loaded 2 times (x 69B)
Class org.gradle.api.internal.classpath.EffectiveClassPath                            : loaded 2 times (x 88B)
Class org.gradle.internal.installation.CurrentGradleInstallation                      : loaded 2 times (x 71B)
Class org.gradle.internal.agents.InstrumentingClassLoader                             : loaded 2 times (x 68B)
Class org.gradle.internal.installation.CurrentGradleInstallationLocator               : loaded 2 times (x 69B)
Class org.gradle.api.internal.classpath.Module                                        : loaded 2 times (x 68B)
Class org.gradle.internal.service.CachingServiceLocator                               : loaded 2 times (x 80B)
Class org.gradle.internal.classpath.DefaultClassPath                                  : loaded 2 times (x 88B)
Class org.gradle.internal.classloader.SystemClassLoaderSpec                           : loaded 2 times (x 69B)
Class org.gradle.api.UncheckedIOException                                             : loaded 2 times (x 80B)
Class org.gradle.internal.classloader.ClasspathUtil                                   : loaded 2 times (x 69B)
Class org.gradle.api.internal.DefaultClassPathRegistry                                : loaded 2 times (x 74B)
Class org.gradle.api.internal.classpath.DefaultModuleRegistry$DefaultModule           : loaded 2 times (x 84B)
Class org.gradle.api.internal.classpath.UnknownModuleException                        : loaded 2 times (x 80B)
Class org.gradle.internal.service.ServiceLookupException                              : loaded 2 times (x 80B)
Class org.gradle.cache.GlobalCache                                                    : loaded 2 times (x 68B)
Class [Lorg.gradle.api.internal.ClassPathProvider;                                    : loaded 2 times (x 67B)
Class org.gradle.util.internal.GUtil                                                  : loaded 2 times (x 69B)
Class org.gradle.internal.classloader.ClassLoaderSpec                                 : loaded 2 times (x 69B)
Class org.gradle.internal.classloader.VisitableURLClassLoader                         : loaded 2 times (x 115B)
Class org.gradle.internal.Cast                                                        : loaded 2 times (x 69B)
Class org.gradle.api.internal.ClassPathRegistry                                       : loaded 2 times (x 68B)
Class org.gradle.internal.classloader.VisitableURLClassLoader$InstrumentingVisitableURLClassLoader: loaded 2 times (x 121B)
Class org.gradle.internal.classloader.ClassLoaderHierarchy                            : loaded 2 times (x 68B)
Class org.gradle.internal.InternalTransformer                                         : loaded 2 times (x 68B)
Class org.gradle.internal.service.ServiceLocator                                      : loaded 2 times (x 68B)
Class org.gradle.internal.classpath.DefaultClassPath$ImmutableUniqueList              : loaded 2 times (x 159B)
Class org.gradle.internal.classpath.TransformedClassPath                              : loaded 2 times (x 94B)


---------------  S Y S T E M  ---------------

OS:
 Windows 10 , 64 bit Build 19041 (10.0.19041.5072)
OS uptime: 0 days 2:08 hours

CPU: total 4 (initial active 4) (2 cores per cpu, 2 threads per core) family 6 model 78 stepping 3 microcode 0xcc, cx8, cmov, fxsr, ht, mmx, 3dnowpref, sse, sse2, sse3, ssse3, sse4.1, sse4.2, popcnt, lzcnt, tsc, tscinvbit, avx, avx2, aes, erms, clmul, bmi1, bmi2, rtm, adx, fma, vzeroupper, clflush, clflushopt
Processor Information for all 4 processors :
  Max Mhz: 2496, Current Mhz: 2396, Mhz Limit: 2396

Memory: 4k page, system-wide physical 8072M (694M free)
TotalPageFile size 9977M (AvailPageFile size 10M)
current process WorkingSet (physical memory assigned to process): 170M, peak: 172M
current process commit charge ("private bytes"): 210M, peak: 247M

vm_info: OpenJDK 64-Bit Server VM (17.0.11+0--11852314) for windows-amd64 JRE (17.0.11+0--11852314), built on May 16 2024 21:29:20 by "androidbuild" with MS VC++ 16.10 / 16.11 (VS2019)

END.
