#
# There is insufficient memory for the Java Runtime Environment to continue.
# Native memory allocation (mmap) failed to map 28311552 bytes. Error detail: G1 virtual space
# Possible reasons:
#   The system is out of physical RAM or swap space
#   This process is running with CompressedOops enabled, and the Java Heap may be blocking the growth of the native heap
# Possible solutions:
#   Reduce memory load on the system
#   Increase physical memory or swap space
#   Check if swap backing store is full
#   Decrease Java heap size (-Xmx/-Xms)
#   Decrease number of Java threads
#   Decrease Java thread stack sizes (-Xss)
#   Set larger code cache with -XX:ReservedCodeCacheSize=
#   JVM is running with Unscaled Compressed Oops mode in which the Java heap is
#     placed in the first 4GB address space. The Java Heap base address is the
#     maximum limit for the native heap growth. Please use -XX:HeapBaseMinAddress
#     to set the Java Heap base and to place the Java Heap above 4GB virtual address.
# This output file may be truncated or incomplete.
#
#  Out of Memory Error (os_windows.cpp:3825), pid=8216, tid=13912
#
# JRE version: OpenJDK Runtime Environment (17.0.11) (build 17.0.11+0--11852314)
# Java VM: OpenJDK 64-Bit Server VM (17.0.11+0--11852314, mixed mode, tiered, compressed oops, compressed class ptrs, g1 gc, windows-amd64)
# No core dump will be written. Minidumps are not enabled by default on client versions of Windows
#

---------------  S U M M A R Y ------------

Command Line: --add-opens=java.base/java.util.concurrent.atomic=ALL-UNNAMED --add-opens=java.base/java.util=ALL-UNNAMED --add-opens=java.base/java.lang=ALL-UNNAMED --add-opens=java.base/java.lang.invoke=ALL-UNNAMED --add-opens=java.prefs/java.util.prefs=ALL-UNNAMED --add-opens=java.base/java.nio.charset=ALL-UNNAMED --add-opens=java.base/java.net=ALL-UNNAMED --add-opens=java.base/java.util.concurrent.atomic=ALL-UNNAMED -Xmx2048m -Dfile.encoding=UTF-8 -Duser.country=US -Duser.language=en -Duser.variant -javaagent:C:\Users\HP\.gradle\wrapper\dists\gradle-8.7-bin\bhs2wmbdwecv87pi65oeuq5iu\gradle-8.7\lib\agents\gradle-instrumentation-agent-8.7.jar org.gradle.launcher.daemon.bootstrap.GradleDaemon 8.7

Host: Intel(R) Core(TM) i5-6300U CPU @ 2.40GHz, 4 cores, 7G,  Windows 10 , 64 bit Build 19041 (10.0.19041.5072)
Time: Sat Nov  9 03:50:53 2024 Pacific Standard Time elapsed time: 14.892001 seconds (0d 0h 0m 14s)

---------------  T H R E A D  ---------------

Current thread (0x000001c467931220):  VMThread "VM Thread" [stack: 0x0000000cd6700000,0x0000000cd6800000] [id=13912]

Stack: [0x0000000cd6700000,0x0000000cd6800000]
Native frames: (J=compiled Java code, j=interpreted, Vv=VM code, C=native code)
V  [jvm.dll+0x687bb9]
V  [jvm.dll+0x84142a]
V  [jvm.dll+0x8430ae]
V  [jvm.dll+0x843713]
V  [jvm.dll+0x24a35f]
V  [jvm.dll+0x684989]
V  [jvm.dll+0x67923a]
V  [jvm.dll+0x30af0b]
V  [jvm.dll+0x3123b6]
V  [jvm.dll+0x361dfe]
V  [jvm.dll+0x36202f]
V  [jvm.dll+0x2e0d38]
V  [jvm.dll+0x2e3e26]
V  [jvm.dll+0x2ee63a]
V  [jvm.dll+0x323270]
V  [jvm.dll+0x847e0b]
V  [jvm.dll+0x848b42]
V  [jvm.dll+0x84905d]
V  [jvm.dll+0x849434]
V  [jvm.dll+0x849500]
V  [jvm.dll+0x7efa4a]
V  [jvm.dll+0x686a35]
C  [ucrtbase.dll+0x21bb2]
C  [KERNEL32.DLL+0x17374]
C  [ntdll.dll+0x4cc91]

VM_Operation (0x0000000cd63ff730): G1PauseRemark, mode: safepoint, requested by thread 0x000001c44e3bb560


---------------  P R O C E S S  ---------------

Threads class SMR info:
_java_thread_list=0x000001c4703743a0, length=49, elements={
0x000001c44e34eb50, 0x000001c467955260, 0x000001c467955ff0, 0x000001c467959380,
0x000001c467941eb0, 0x000001c467ab4400, 0x000001c467ab4cd0, 0x000001c467ab91e0,
0x000001c467ac3bc0, 0x000001c467ac44d0, 0x000001c467bf9720, 0x000001c467d4ce40,
0x000001c46d991830, 0x000001c46d103920, 0x000001c46d390620, 0x000001c46eaaa9c0,
0x000001c46e1af350, 0x000001c46dfa85c0, 0x000001c46eaa9910, 0x000001c46d556390,
0x000001c46d5530f0, 0x000001c46d552be0, 0x000001c46d554020, 0x000001c46d554530,
0x000001c46d554a40, 0x000001c46d554f50, 0x000001c46d555460, 0x000001c46d555970,
0x000001c46e5ba340, 0x000001c46e5be510, 0x000001c46e5b9920, 0x000001c46e5b9e30,
0x000001c46e5bb780, 0x000001c46e5bd0d0, 0x000001c46e5b75b0, 0x000001c46e5bdaf0,
0x000001c46e5bef30, 0x000001c46e5bcbc0, 0x000001c46e5bd5e0, 0x000001c46e5bbc90,
0x000001c46e5bc1a0, 0x000001c46e5b84e0, 0x000001c46c633aa0, 0x000001c46e5b9410,
0x000001c46e7d0ed0, 0x000001c46e7d4170, 0x000001c46e7d13e0, 0x000001c46e7d09c0,
0x000001c46e7d18f0
}

Java Threads: ( => current thread )
  0x000001c44e34eb50 JavaThread "main" [_thread_blocked, id=10704, stack(0x0000000cd6100000,0x0000000cd6200000)]
  0x000001c467955260 JavaThread "Reference Handler" daemon [_thread_blocked, id=1020, stack(0x0000000cd6800000,0x0000000cd6900000)]
  0x000001c467955ff0 JavaThread "Finalizer" daemon [_thread_blocked, id=9016, stack(0x0000000cd6900000,0x0000000cd6a00000)]
  0x000001c467959380 JavaThread "Signal Dispatcher" daemon [_thread_blocked, id=13004, stack(0x0000000cd6a00000,0x0000000cd6b00000)]
  0x000001c467941eb0 JavaThread "Attach Listener" daemon [_thread_blocked, id=3124, stack(0x0000000cd6b00000,0x0000000cd6c00000)]
  0x000001c467ab4400 JavaThread "Service Thread" daemon [_thread_blocked, id=14136, stack(0x0000000cd6c00000,0x0000000cd6d00000)]
  0x000001c467ab4cd0 JavaThread "Monitor Deflation Thread" daemon [_thread_blocked, id=12420, stack(0x0000000cd6d00000,0x0000000cd6e00000)]
  0x000001c467ab91e0 JavaThread "C2 CompilerThread0" daemon [_thread_blocked, id=2236, stack(0x0000000cd6e00000,0x0000000cd6f00000)]
  0x000001c467ac3bc0 JavaThread "C1 CompilerThread0" daemon [_thread_blocked, id=7732, stack(0x0000000cd6f00000,0x0000000cd7000000)]
  0x000001c467ac44d0 JavaThread "Sweeper thread" daemon [_thread_blocked, id=8064, stack(0x0000000cd7000000,0x0000000cd7100000)]
  0x000001c467bf9720 JavaThread "Common-Cleaner" daemon [_thread_blocked, id=6332, stack(0x0000000cd7100000,0x0000000cd7200000)]
  0x000001c467d4ce40 JavaThread "Notification Thread" daemon [_thread_blocked, id=11296, stack(0x0000000cd7200000,0x0000000cd7300000)]
  0x000001c46d991830 JavaThread "Daemon health stats" [_thread_blocked, id=14260, stack(0x0000000cd7800000,0x0000000cd7900000)]
  0x000001c46d103920 JavaThread "Incoming local TCP Connector on port 50638" [_thread_in_native, id=7668, stack(0x0000000cd7900000,0x0000000cd7a00000)]
  0x000001c46d390620 JavaThread "Daemon periodic checks" [_thread_blocked, id=13100, stack(0x0000000cd7a00000,0x0000000cd7b00000)]
  0x000001c46eaaa9c0 JavaThread "Daemon" [_thread_blocked, id=7436, stack(0x0000000cd7b00000,0x0000000cd7c00000)]
  0x000001c46e1af350 JavaThread "Handler for socket connection from /127.0.0.1:50638 to /127.0.0.1:50639" [_thread_in_native, id=6656, stack(0x0000000cd7c00000,0x0000000cd7d00000)]
  0x000001c46dfa85c0 JavaThread "Cancel handler" [_thread_blocked, id=13684, stack(0x0000000cd7d00000,0x0000000cd7e00000)]
  0x000001c46eaa9910 JavaThread "Daemon worker" [_thread_blocked, id=13388, stack(0x0000000cd7e00000,0x0000000cd7f00000)]
  0x000001c46d556390 JavaThread "Asynchronous log dispatcher for DefaultDaemonConnection: socket connection from /127.0.0.1:50638 to /127.0.0.1:50639" [_thread_blocked, id=4468, stack(0x0000000cd7f00000,0x0000000cd8000000)]
  0x000001c46d5530f0 JavaThread "Stdin handler" [_thread_blocked, id=10768, stack(0x0000000cd8000000,0x0000000cd8100000)]
  0x000001c46d552be0 JavaThread "Daemon client event forwarder" [_thread_blocked, id=9412, stack(0x0000000cd8100000,0x0000000cd8200000)]
  0x000001c46d554020 JavaThread "Cache worker for journal cache (C:\Users\HP\.gradle\caches\journal-1)" [_thread_blocked, id=9312, stack(0x0000000cd7400000,0x0000000cd7500000)]
  0x000001c46d554530 JavaThread "File lock request listener" [_thread_in_native, id=7428, stack(0x0000000cd8200000,0x0000000cd8300000)]
  0x000001c46d554a40 JavaThread "Cache worker for file hash cache (C:\Users\HP\.gradle\caches\8.7\fileHashes)" [_thread_blocked, id=3256, stack(0x0000000cd8300000,0x0000000cd8400000)]
  0x000001c46d554f50 JavaThread "Cache worker for file hash cache (C:\Users\HP\Desktop\MVVM\.gradle\8.7\fileHashes)" [_thread_blocked, id=9576, stack(0x0000000cd8500000,0x0000000cd8600000)]
  0x000001c46d555460 JavaThread "File watcher server" daemon [_thread_blocked, id=9076, stack(0x0000000cd8600000,0x0000000cd8700000)]
  0x000001c46d555970 JavaThread "File watcher consumer" daemon [_thread_blocked, id=4072, stack(0x0000000cd8700000,0x0000000cd8800000)]
  0x000001c46e5ba340 JavaThread "jar transforms" [_thread_blocked, id=212, stack(0x0000000cd8800000,0x0000000cd8900000)]
  0x000001c46e5be510 JavaThread "jar transforms Thread 2" [_thread_blocked, id=808, stack(0x0000000cd8900000,0x0000000cd8a00000)]
  0x000001c46e5b9920 JavaThread "jar transforms Thread 3" [_thread_blocked, id=13772, stack(0x0000000cd8a00000,0x0000000cd8b00000)]
  0x000001c46e5b9e30 JavaThread "jar transforms Thread 4" [_thread_blocked, id=876, stack(0x0000000cd8b00000,0x0000000cd8c00000)]
  0x000001c46e5bb780 JavaThread "Cache worker for checksums cache (C:\Users\HP\Desktop\MVVM\.gradle\8.7\checksums)" [_thread_blocked, id=10404, stack(0x0000000cd8c00000,0x0000000cd8d00000)]
  0x000001c46e5bd0d0 JavaThread "Cache worker for cache directory md-supplier (C:\Users\HP\.gradle\caches\8.7\md-supplier)" [_thread_blocked, id=13720, stack(0x0000000cd8d00000,0x0000000cd8e00000)]
  0x000001c46e5b75b0 JavaThread "Cache worker for cache directory md-rule (C:\Users\HP\.gradle\caches\8.7\md-rule)" [_thread_blocked, id=9400, stack(0x0000000cd8f00000,0x0000000cd9000000)]
  0x000001c46e5bdaf0 JavaThread "Cache worker for file content cache (C:\Users\HP\.gradle\caches\8.7\fileContent)" [_thread_blocked, id=9404, stack(0x0000000cd9000000,0x0000000cd9100000)]
  0x000001c46e5bef30 JavaThread "Unconstrained build operations" [_thread_blocked, id=1100, stack(0x0000000cd9100000,0x0000000cd9200000)]
  0x000001c46e5bcbc0 JavaThread "Unconstrained build operations Thread 2" [_thread_blocked, id=9252, stack(0x0000000cd9200000,0x0000000cd9300000)]
  0x000001c46e5bd5e0 JavaThread "Unconstrained build operations Thread 3" [_thread_blocked, id=13964, stack(0x0000000cd9300000,0x0000000cd9400000)]
  0x000001c46e5bbc90 JavaThread "Unconstrained build operations Thread 4" [_thread_blocked, id=10024, stack(0x0000000cd9400000,0x0000000cd9500000)]
  0x000001c46e5bc1a0 JavaThread "Unconstrained build operations Thread 5" [_thread_blocked, id=12864, stack(0x0000000cd9500000,0x0000000cd9600000)]
  0x000001c46e5b84e0 JavaThread "Cache worker for Build Output Cleanup Cache (C:\Users\HP\Desktop\MVVM\.gradle\buildOutputCleanup)" [_thread_blocked, id=8692, stack(0x0000000cd9600000,0x0000000cd9700000)]
  0x000001c46c633aa0 JavaThread "C2 CompilerThread1" daemon [_thread_blocked, id=2976, stack(0x0000000cd8400000,0x0000000cd8500000)]
  0x000001c46e5b9410 JavaThread "Unconstrained build operations Thread 6" [_thread_blocked, id=12268, stack(0x0000000cd9800000,0x0000000cd9900000)]
  0x000001c46e7d0ed0 JavaThread "Unconstrained build operations Thread 7" [_thread_blocked, id=11536, stack(0x0000000cd9900000,0x0000000cd9a00000)]
  0x000001c46e7d4170 JavaThread "Unconstrained build operations Thread 8" [_thread_blocked, id=11324, stack(0x0000000cd9a00000,0x0000000cd9b00000)]
  0x000001c46e7d13e0 JavaThread "Unconstrained build operations Thread 9" [_thread_blocked, id=7156, stack(0x0000000cd9b00000,0x0000000cd9c00000)]
  0x000001c46e7d09c0 JavaThread "Unconstrained build operations Thread 10" [_thread_blocked, id=12332, stack(0x0000000cd9c00000,0x0000000cd9d00000)]
  0x000001c46e7d18f0 JavaThread "Unconstrained build operations Thread 11" [_thread_blocked, id=13124, stack(0x0000000cd9d00000,0x0000000cd9e00000)]

Other Threads:
=>0x000001c467931220 VMThread "VM Thread" [stack: 0x0000000cd6700000,0x0000000cd6800000] [id=13912]
  0x000001c467d4d320 WatcherThread [stack: 0x0000000cd7300000,0x0000000cd7400000] [id=13984]
  0x000001c44e3aa700 GCTaskThread "GC Thread#0" [stack: 0x0000000cd6200000,0x0000000cd6300000] [id=3228]
  0x000001c46c2b2cb0 GCTaskThread "GC Thread#1" [stack: 0x0000000cd7500000,0x0000000cd7600000] [id=10308]
  0x000001c467e77ce0 GCTaskThread "GC Thread#2" [stack: 0x0000000cd7600000,0x0000000cd7700000] [id=2264]
  0x000001c46c199450 GCTaskThread "GC Thread#3" [stack: 0x0000000cd7700000,0x0000000cd7800000] [id=10068]
  0x000001c44e3bb560 ConcurrentGCThread "G1 Main Marker" [stack: 0x0000000cd6300000,0x0000000cd6400000] [id=11164]
  0x000001c44e3bbe90 ConcurrentGCThread "G1 Conc#0" [stack: 0x0000000cd6400000,0x0000000cd6500000] [id=3996]
  0x000001c44e40dc90 ConcurrentGCThread "G1 Refine#0" [stack: 0x0000000cd6500000,0x0000000cd6600000] [id=1640]
  0x000001c46e5c6170 ConcurrentGCThread "G1 Refine#1" [stack: 0x0000000cd8e00000,0x0000000cd8f00000] [id=4880]
  0x000001c44e40e5d0 ConcurrentGCThread "G1 Service" [stack: 0x0000000cd6600000,0x0000000cd6700000] [id=11432]

Threads with active compile tasks:

VM state: at safepoint (normal execution)

VM Mutex/Monitor currently owned by a thread:  ([mutex/lock_event])
[0x000001c44e34a910] Threads_lock - owner thread: 0x000001c467931220
[0x000001c44e34be70] Heap_lock - owner thread: 0x000001c44e3bb560

Heap address: 0x0000000080000000, size: 2048 MB, Compressed Oops mode: 32-bit

CDS archive(s) not mapped
Compressed class space mapped at: 0x0000000100000000-0x0000000140000000, reserved size: 1073741824
Narrow klass base: 0x0000000000000000, Narrow klass shift: 3, Narrow klass range: 0x140000000

GC Precious Log:
 CPUs: 4 total, 4 available
 Memory: 8072M
 Large Page Support: Disabled
 NUMA Support: Disabled
 Compressed Oops: Enabled (32-bit)
 Heap Region Size: 1M
 Heap Min Capacity: 8M
 Heap Initial Capacity: 128M
 Heap Max Capacity: 2G
 Pre-touch: Disabled
 Parallel Workers: 4
 Concurrent Workers: 1
 Concurrent Refinement Workers: 4
 Periodic GC: Disabled

Heap:
 garbage-first heap   total 143360K, used 100289K [0x0000000080000000, 0x0000000100000000)
  region size 1024K, 6 young (6144K), 1 survivors (1024K)
 Metaspace       used 69448K, committed 70080K, reserved 1114112K
  class space    used 9401K, committed 9664K, reserved 1048576K

Heap Regions: E=young(eden), S=young(survivor), O=old, HS=humongous(starts), HC=humongous(continues), CS=collection set, F=free, OA=open archive, CA=closed archive, TAMS=top-at-mark-start (previous, next)
|   0|0x0000000080000000, 0x0000000080100000, 0x0000000080100000|100%| O|  |TAMS 0x0000000080100000, 0x0000000080000000| Untracked 
|   1|0x0000000080100000, 0x0000000080200000, 0x0000000080200000|100%| O|  |TAMS 0x0000000080200000, 0x0000000080100000| Untracked 
|   2|0x0000000080200000, 0x0000000080300000, 0x0000000080300000|100%|HS|  |TAMS 0x0000000080300000, 0x0000000080200000| Complete 
|   3|0x0000000080300000, 0x0000000080400000, 0x0000000080400000|100%|HC|  |TAMS 0x0000000080400000, 0x0000000080300000| Complete 
|   4|0x0000000080400000, 0x0000000080500000, 0x0000000080500000|100%|HC|  |TAMS 0x0000000080500000, 0x0000000080400000| Complete 
|   5|0x0000000080500000, 0x0000000080600000, 0x0000000080600000|100%|HC|  |TAMS 0x0000000080600000, 0x0000000080500000| Complete 
|   6|0x0000000080600000, 0x0000000080700000, 0x0000000080700000|100%| O|  |TAMS 0x0000000080700000, 0x0000000080600000| Untracked 
|   7|0x0000000080700000, 0x0000000080800000, 0x0000000080800000|100%| O|  |TAMS 0x0000000080800000, 0x0000000080700000| Untracked 
|   8|0x0000000080800000, 0x0000000080900000, 0x0000000080900000|100%| O|  |TAMS 0x0000000080900000, 0x0000000080800000| Updating 
|   9|0x0000000080900000, 0x0000000080a00000, 0x0000000080a00000|100%| O|  |TAMS 0x0000000080a00000, 0x0000000080900000| Untracked 
|  10|0x0000000080a00000, 0x0000000080acac00, 0x0000000080b00000| 79%| O|  |TAMS 0x0000000080acac00, 0x0000000080a00000| Updating 
|  11|0x0000000080b00000, 0x0000000080c00000, 0x0000000080c00000|100%| O|  |TAMS 0x0000000080c00000, 0x0000000080b00000| Untracked 
|  12|0x0000000080c00000, 0x0000000080d00000, 0x0000000080d00000|100%| O|  |TAMS 0x0000000080d00000, 0x0000000080c00000| Untracked 
|  13|0x0000000080d00000, 0x0000000080e00000, 0x0000000080e00000|100%| O|  |TAMS 0x0000000080e00000, 0x0000000080d00000| Untracked 
|  14|0x0000000080e00000, 0x0000000080f00000, 0x0000000080f00000|100%| O|  |TAMS 0x0000000080f00000, 0x0000000080e00000| Untracked 
|  15|0x0000000080f00000, 0x0000000081000000, 0x0000000081000000|100%| O|  |TAMS 0x0000000081000000, 0x0000000080f00000| Untracked 
|  16|0x0000000081000000, 0x0000000081100000, 0x0000000081100000|100%| O|  |TAMS 0x0000000081100000, 0x0000000081000000| Untracked 
|  17|0x0000000081100000, 0x0000000081200000, 0x0000000081200000|100%| O|  |TAMS 0x0000000081200000, 0x0000000081100000| Untracked 
|  18|0x0000000081200000, 0x0000000081300000, 0x0000000081300000|100%| O|  |TAMS 0x0000000081300000, 0x0000000081200000| Untracked 
|  19|0x0000000081300000, 0x0000000081400000, 0x0000000081400000|100%|HS|  |TAMS 0x0000000081400000, 0x0000000081300000| Complete 
|  20|0x0000000081400000, 0x0000000081500000, 0x0000000081500000|100%|HC|  |TAMS 0x0000000081500000, 0x0000000081400000| Complete 
|  21|0x0000000081500000, 0x0000000081600000, 0x0000000081600000|100%|HC|  |TAMS 0x0000000081600000, 0x0000000081500000| Complete 
|  22|0x0000000081600000, 0x0000000081700000, 0x0000000081700000|100%|HC|  |TAMS 0x0000000081700000, 0x0000000081600000| Complete 
|  23|0x0000000081700000, 0x0000000081800000, 0x0000000081800000|100%|HC|  |TAMS 0x0000000081800000, 0x0000000081700000| Complete 
|  24|0x0000000081800000, 0x0000000081900000, 0x0000000081900000|100%|HS|  |TAMS 0x0000000081900000, 0x0000000081800000| Complete 
|  25|0x0000000081900000, 0x0000000081a00000, 0x0000000081a00000|100%|HC|  |TAMS 0x0000000081a00000, 0x0000000081900000| Complete 
|  26|0x0000000081a00000, 0x0000000081b00000, 0x0000000081b00000|100%|HC|  |TAMS 0x0000000081b00000, 0x0000000081a00000| Complete 
|  27|0x0000000081b00000, 0x0000000081c00000, 0x0000000081c00000|100%| O|  |TAMS 0x0000000081c00000, 0x0000000081b00000| Untracked 
|  28|0x0000000081c00000, 0x0000000081d00000, 0x0000000081d00000|100%| O|  |TAMS 0x0000000081d00000, 0x0000000081c00000| Updating 
|  29|0x0000000081d00000, 0x0000000081e00000, 0x0000000081e00000|100%| O|  |TAMS 0x0000000081e00000, 0x0000000081d00000| Untracked 
|  30|0x0000000081e00000, 0x0000000081f00000, 0x0000000081f00000|100%| O|  |TAMS 0x0000000081f00000, 0x0000000081e00000| Untracked 
|  31|0x0000000081f00000, 0x0000000082000000, 0x0000000082000000|100%| O|  |TAMS 0x0000000082000000, 0x0000000081f00000| Untracked 
|  32|0x0000000082000000, 0x0000000082100000, 0x0000000082100000|100%| O|  |TAMS 0x0000000082100000, 0x0000000082000000| Updating 
|  33|0x0000000082100000, 0x0000000082200000, 0x0000000082200000|100%| O|  |TAMS 0x0000000082200000, 0x0000000082100000| Updating 
|  34|0x0000000082200000, 0x0000000082300000, 0x0000000082300000|100%| O|  |TAMS 0x0000000082300000, 0x0000000082200000| Updating 
|  35|0x0000000082300000, 0x0000000082400000, 0x0000000082400000|100%| O|  |TAMS 0x0000000082400000, 0x0000000082300000| Updating 
|  36|0x0000000082400000, 0x0000000082500000, 0x0000000082500000|100%| O|  |TAMS 0x0000000082500000, 0x0000000082400000| Updating 
|  37|0x0000000082500000, 0x0000000082600000, 0x0000000082600000|100%| O|  |TAMS 0x0000000082600000, 0x0000000082500000| Untracked 
|  38|0x0000000082600000, 0x0000000082700000, 0x0000000082700000|100%| O|  |TAMS 0x0000000082700000, 0x0000000082600000| Untracked 
|  39|0x0000000082700000, 0x0000000082800000, 0x0000000082800000|100%| O|  |TAMS 0x0000000082800000, 0x0000000082700000| Untracked 
|  40|0x0000000082800000, 0x0000000082900000, 0x0000000082900000|100%| O|  |TAMS 0x0000000082900000, 0x0000000082800000| Updating 
|  41|0x0000000082900000, 0x0000000082a00000, 0x0000000082a00000|100%| O|  |TAMS 0x0000000082a00000, 0x0000000082900000| Updating 
|  42|0x0000000082a00000, 0x0000000082b00000, 0x0000000082b00000|100%|HS|  |TAMS 0x0000000082b00000, 0x0000000082a00000| Complete 
|  43|0x0000000082b00000, 0x0000000082c00000, 0x0000000082c00000|100%|HC|  |TAMS 0x0000000082c00000, 0x0000000082b00000| Complete 
|  44|0x0000000082c00000, 0x0000000082d00000, 0x0000000082d00000|100%|HC|  |TAMS 0x0000000082d00000, 0x0000000082c00000| Complete 
|  45|0x0000000082d00000, 0x0000000082e00000, 0x0000000082e00000|100%|HS|  |TAMS 0x0000000082e00000, 0x0000000082d00000| Complete 
|  46|0x0000000082e00000, 0x0000000082f00000, 0x0000000082f00000|100%|HC|  |TAMS 0x0000000082f00000, 0x0000000082e00000| Complete 
|  47|0x0000000082f00000, 0x0000000083000000, 0x0000000083000000|100%|HC|  |TAMS 0x0000000083000000, 0x0000000082f00000| Complete 
|  48|0x0000000083000000, 0x0000000083100000, 0x0000000083100000|100%|HC|  |TAMS 0x0000000083100000, 0x0000000083000000| Complete 
|  49|0x0000000083100000, 0x0000000083200000, 0x0000000083200000|100%|HC|  |TAMS 0x0000000083200000, 0x0000000083100000| Complete 
|  50|0x0000000083200000, 0x0000000083300000, 0x0000000083300000|100%| O|  |TAMS 0x0000000083300000, 0x0000000083200000| Untracked 
|  51|0x0000000083300000, 0x0000000083400000, 0x0000000083400000|100%| O|  |TAMS 0x0000000083400000, 0x0000000083300000| Updating 
|  52|0x0000000083400000, 0x0000000083500000, 0x0000000083500000|100%|HS|  |TAMS 0x0000000083400000, 0x0000000083400000| Complete 
|  53|0x0000000083500000, 0x0000000083600000, 0x0000000083600000|100%|HS|  |TAMS 0x0000000083600000, 0x0000000083500000| Complete 
|  54|0x0000000083600000, 0x0000000083700000, 0x0000000083700000|100%|HC|  |TAMS 0x0000000083700000, 0x0000000083600000| Complete 
|  55|0x0000000083700000, 0x0000000083800000, 0x0000000083800000|100%|HC|  |TAMS 0x0000000083800000, 0x0000000083700000| Complete 
|  56|0x0000000083800000, 0x0000000083900000, 0x0000000083900000|100%|HC|  |TAMS 0x0000000083900000, 0x0000000083800000| Complete 
|  57|0x0000000083900000, 0x0000000083a00000, 0x0000000083a00000|100%|HC|  |TAMS 0x0000000083a00000, 0x0000000083900000| Complete 
|  58|0x0000000083a00000, 0x0000000083b00000, 0x0000000083b00000|100%| O|  |TAMS 0x0000000083b00000, 0x0000000083a00000| Untracked 
|  59|0x0000000083b00000, 0x0000000083c00000, 0x0000000083c00000|100%| O|  |TAMS 0x0000000083c00000, 0x0000000083b00000| Untracked 
|  60|0x0000000083c00000, 0x0000000083d00000, 0x0000000083d00000|100%| O|  |TAMS 0x0000000083d00000, 0x0000000083c00000| Updating 
|  61|0x0000000083d00000, 0x0000000083e00000, 0x0000000083e00000|100%| O|  |TAMS 0x0000000083e00000, 0x0000000083d00000| Updating 
|  62|0x0000000083e00000, 0x0000000083f00000, 0x0000000083f00000|100%| O|  |TAMS 0x0000000083f00000, 0x0000000083e00000| Untracked 
|  63|0x0000000083f00000, 0x0000000084000000, 0x0000000084000000|100%| O|  |TAMS 0x0000000084000000, 0x0000000083f00000| Updating 
|  64|0x0000000084000000, 0x0000000084100000, 0x0000000084100000|100%| O|  |TAMS 0x0000000084100000, 0x0000000084000000| Untracked 
|  65|0x0000000084100000, 0x0000000084200000, 0x0000000084200000|100%| O|  |TAMS 0x0000000084200000, 0x0000000084100000| Untracked 
|  66|0x0000000084200000, 0x0000000084300000, 0x0000000084300000|100%| O|  |TAMS 0x0000000084300000, 0x0000000084200000| Untracked 
|  67|0x0000000084300000, 0x0000000084400000, 0x0000000084400000|100%| O|  |TAMS 0x0000000084400000, 0x0000000084300000| Untracked 
|  68|0x0000000084400000, 0x0000000084500000, 0x0000000084500000|100%| O|  |TAMS 0x0000000084500000, 0x0000000084400000| Untracked 
|  69|0x0000000084500000, 0x0000000084600000, 0x0000000084600000|100%|HS|  |TAMS 0x0000000084600000, 0x0000000084500000| Complete 
|  70|0x0000000084600000, 0x0000000084700000, 0x0000000084700000|100%|HS|  |TAMS 0x0000000084700000, 0x0000000084600000| Complete 
|  71|0x0000000084700000, 0x0000000084800000, 0x0000000084800000|100%|HS|  |TAMS 0x0000000084800000, 0x0000000084700000| Complete 
|  72|0x0000000084800000, 0x0000000084900000, 0x0000000084900000|100%|HC|  |TAMS 0x0000000084900000, 0x0000000084800000| Complete 
|  73|0x0000000084900000, 0x0000000084a00000, 0x0000000084a00000|100%|HS|  |TAMS 0x0000000084a00000, 0x0000000084900000| Complete 
|  74|0x0000000084a00000, 0x0000000084b00000, 0x0000000084b00000|100%|HC|  |TAMS 0x0000000084b00000, 0x0000000084a00000| Complete 
|  75|0x0000000084b00000, 0x0000000084c00000, 0x0000000084c00000|100%|HS|  |TAMS 0x0000000084c00000, 0x0000000084b00000| Complete 
|  76|0x0000000084c00000, 0x0000000084d00000, 0x0000000084d00000|100%|HS|  |TAMS 0x0000000084d00000, 0x0000000084c00000| Complete 
|  77|0x0000000084d00000, 0x0000000084e00000, 0x0000000084e00000|100%|HS|  |TAMS 0x0000000084e00000, 0x0000000084d00000| Complete 
|  78|0x0000000084e00000, 0x0000000084f00000, 0x0000000084f00000|100%|HC|  |TAMS 0x0000000084f00000, 0x0000000084e00000| Complete 
|  79|0x0000000084f00000, 0x0000000085000000, 0x0000000085000000|100%|HC|  |TAMS 0x0000000085000000, 0x0000000084f00000| Complete 
|  80|0x0000000085000000, 0x0000000085100000, 0x0000000085100000|100%|HC|  |TAMS 0x0000000085100000, 0x0000000085000000| Complete 
|  81|0x0000000085100000, 0x0000000085200000, 0x0000000085200000|100%| O|  |TAMS 0x0000000085200000, 0x0000000085100000| Untracked 
|  82|0x0000000085200000, 0x0000000085300000, 0x0000000085300000|100%| O|  |TAMS 0x0000000085300000, 0x0000000085200000| Untracked 
|  83|0x0000000085300000, 0x0000000085400000, 0x0000000085400000|100%| O|  |TAMS 0x0000000085400000, 0x0000000085300000| Untracked 
|  84|0x0000000085400000, 0x0000000085500000, 0x0000000085500000|100%| O|  |TAMS 0x0000000085500000, 0x0000000085400000| Untracked 
|  85|0x0000000085500000, 0x0000000085600000, 0x0000000085600000|100%| O|  |TAMS 0x0000000085600000, 0x0000000085500000| Untracked 
|  86|0x0000000085600000, 0x0000000085700000, 0x0000000085700000|100%| O|  |TAMS 0x0000000085700000, 0x0000000085600000| Updating 
|  87|0x0000000085700000, 0x0000000085800000, 0x0000000085800000|100%| O|  |TAMS 0x0000000085800000, 0x0000000085700000| Untracked 
|  88|0x0000000085800000, 0x0000000085900000, 0x0000000085900000|100%| O|  |TAMS 0x0000000085900000, 0x0000000085800000| Untracked 
|  89|0x0000000085900000, 0x0000000085a00000, 0x0000000085a00000|100%| O|  |TAMS 0x0000000085a00000, 0x0000000085900000| Untracked 
|  90|0x0000000085a00000, 0x0000000085b00000, 0x0000000085b00000|100%| O|  |TAMS 0x0000000085b00000, 0x0000000085a00000| Updating 
|  91|0x0000000085b00000, 0x0000000085c00000, 0x0000000085c00000|100%| O|  |TAMS 0x0000000085c00000, 0x0000000085b00000| Untracked 
|  92|0x0000000085c00000, 0x0000000085cc5a00, 0x0000000085d00000| 77%| O|  |TAMS 0x0000000085cc5a00, 0x0000000085c00000| Updating 
|  93|0x0000000085d00000, 0x0000000085e00000, 0x0000000085e00000|100%|HS|  |TAMS 0x0000000085d00000, 0x0000000085d00000| Complete 
|  94|0x0000000085e00000, 0x0000000085e00000, 0x0000000085f00000|  0%| F|  |TAMS 0x0000000085e00000, 0x0000000085e00000| Untracked 
|  95|0x0000000085f00000, 0x0000000085f00000, 0x0000000086000000|  0%| F|  |TAMS 0x0000000085f00000, 0x0000000085f00000| Untracked 
|  96|0x0000000086000000, 0x0000000086000000, 0x0000000086100000|  0%| F|  |TAMS 0x0000000086000000, 0x0000000086000000| Untracked 
|  97|0x0000000086100000, 0x0000000086100000, 0x0000000086200000|  0%| F|  |TAMS 0x0000000086100000, 0x0000000086100000| Untracked 
|  98|0x0000000086200000, 0x0000000086200000, 0x0000000086300000|  0%| F|  |TAMS 0x0000000086200000, 0x0000000086200000| Untracked 
|  99|0x0000000086300000, 0x0000000086300000, 0x0000000086400000|  0%| F|  |TAMS 0x0000000086300000, 0x0000000086300000| Untracked 
| 100|0x0000000086400000, 0x0000000086400000, 0x0000000086500000|  0%| F|  |TAMS 0x0000000086400000, 0x0000000086400000| Untracked 
| 101|0x0000000086500000, 0x0000000086500000, 0x0000000086600000|  0%| F|  |TAMS 0x0000000086500000, 0x0000000086500000| Untracked 
| 102|0x0000000086600000, 0x0000000086600000, 0x0000000086700000|  0%| F|  |TAMS 0x0000000086600000, 0x0000000086600000| Untracked 
| 103|0x0000000086700000, 0x0000000086700000, 0x0000000086800000|  0%| F|  |TAMS 0x0000000086700000, 0x0000000086700000| Untracked 
| 104|0x0000000086800000, 0x0000000086800000, 0x0000000086900000|  0%| F|  |TAMS 0x0000000086800000, 0x0000000086800000| Untracked 
| 105|0x0000000086900000, 0x0000000086900000, 0x0000000086a00000|  0%| F|  |TAMS 0x0000000086900000, 0x0000000086900000| Untracked 
| 106|0x0000000086a00000, 0x0000000086a00000, 0x0000000086b00000|  0%| F|  |TAMS 0x0000000086a00000, 0x0000000086a00000| Untracked 
| 107|0x0000000086b00000, 0x0000000086b00000, 0x0000000086c00000|  0%| F|  |TAMS 0x0000000086b00000, 0x0000000086b00000| Untracked 
| 108|0x0000000086c00000, 0x0000000086c00000, 0x0000000086d00000|  0%| F|  |TAMS 0x0000000086c00000, 0x0000000086c00000| Untracked 
| 109|0x0000000086d00000, 0x0000000086d00000, 0x0000000086e00000|  0%| F|  |TAMS 0x0000000086d00000, 0x0000000086d00000| Untracked 
| 110|0x0000000086e00000, 0x0000000086e00000, 0x0000000086f00000|  0%| F|  |TAMS 0x0000000086e00000, 0x0000000086e00000| Untracked 
| 111|0x0000000086f00000, 0x0000000086f00000, 0x0000000087000000|  0%| F|  |TAMS 0x0000000086f00000, 0x0000000086f00000| Untracked 
| 112|0x0000000087000000, 0x0000000087000000, 0x0000000087100000|  0%| F|  |TAMS 0x0000000087000000, 0x0000000087000000| Untracked 
| 113|0x0000000087100000, 0x0000000087100000, 0x0000000087200000|  0%| F|  |TAMS 0x0000000087100000, 0x0000000087100000| Untracked 
| 114|0x0000000087200000, 0x0000000087200000, 0x0000000087300000|  0%| F|  |TAMS 0x0000000087200000, 0x0000000087200000| Untracked 
| 115|0x0000000087300000, 0x0000000087300000, 0x0000000087400000|  0%| F|  |TAMS 0x0000000087300000, 0x0000000087300000| Untracked 
| 116|0x0000000087400000, 0x0000000087400000, 0x0000000087500000|  0%| F|  |TAMS 0x0000000087400000, 0x0000000087400000| Untracked 
| 117|0x0000000087500000, 0x0000000087500000, 0x0000000087600000|  0%| F|  |TAMS 0x0000000087500000, 0x0000000087500000| Untracked 
| 118|0x0000000087600000, 0x0000000087600000, 0x0000000087700000|  0%| F|  |TAMS 0x0000000087600000, 0x0000000087600000| Untracked 
| 119|0x0000000087700000, 0x0000000087700000, 0x0000000087800000|  0%| F|  |TAMS 0x0000000087700000, 0x0000000087700000| Untracked 
| 120|0x0000000087800000, 0x0000000087800000, 0x0000000087900000|  0%| F|  |TAMS 0x0000000087800000, 0x0000000087800000| Untracked 
| 121|0x0000000087900000, 0x0000000087900000, 0x0000000087a00000|  0%| F|  |TAMS 0x0000000087900000, 0x0000000087900000| Untracked 
| 122|0x0000000087a00000, 0x0000000087a00000, 0x0000000087b00000|  0%| F|  |TAMS 0x0000000087a00000, 0x0000000087a00000| Untracked 
| 123|0x0000000087b00000, 0x0000000087b00000, 0x0000000087c00000|  0%| F|  |TAMS 0x0000000087b00000, 0x0000000087b00000| Untracked 
| 124|0x0000000087c00000, 0x0000000087c00000, 0x0000000087d00000|  0%| F|  |TAMS 0x0000000087c00000, 0x0000000087c00000| Untracked 
| 125|0x0000000087d00000, 0x0000000087d00000, 0x0000000087e00000|  0%| F|  |TAMS 0x0000000087d00000, 0x0000000087d00000| Untracked 
| 126|0x0000000087e00000, 0x0000000087e00000, 0x0000000087f00000|  0%| F|  |TAMS 0x0000000087e00000, 0x0000000087e00000| Untracked 
| 127|0x0000000087f00000, 0x0000000087f00000, 0x0000000088000000|  0%| F|  |TAMS 0x0000000087f00000, 0x0000000087f00000| Untracked 
| 128|0x0000000088000000, 0x0000000088000000, 0x0000000088100000|  0%| F|  |TAMS 0x0000000088000000, 0x0000000088000000| Untracked 
| 129|0x0000000088100000, 0x0000000088100000, 0x0000000088200000|  0%| F|  |TAMS 0x0000000088100000, 0x0000000088100000| Untracked 
| 130|0x0000000088200000, 0x0000000088200000, 0x0000000088300000|  0%| F|  |TAMS 0x0000000088200000, 0x0000000088200000| Untracked 
| 131|0x0000000088300000, 0x0000000088300000, 0x0000000088400000|  0%| F|  |TAMS 0x0000000088300000, 0x0000000088300000| Untracked 
| 132|0x0000000088400000, 0x0000000088400000, 0x0000000088500000|  0%| F|  |TAMS 0x0000000088400000, 0x0000000088400000| Untracked 
| 133|0x0000000088500000, 0x0000000088560000, 0x0000000088600000| 37%| S|CS|TAMS 0x0000000088500000, 0x0000000088500000| Complete 
| 134|0x0000000088600000, 0x0000000088600000, 0x0000000088700000|  0%| F|  |TAMS 0x0000000088600000, 0x0000000088600000| Untracked 
| 135|0x0000000088700000, 0x000000008875cb60, 0x0000000088800000| 36%| E|  |TAMS 0x0000000088700000, 0x0000000088700000| Complete 
| 136|0x0000000088800000, 0x0000000088900000, 0x0000000088900000|100%| E|CS|TAMS 0x0000000088800000, 0x0000000088800000| Complete 
| 137|0x0000000088900000, 0x0000000088a00000, 0x0000000088a00000|100%| E|CS|TAMS 0x0000000088900000, 0x0000000088900000| Complete 
| 138|0x0000000088a00000, 0x0000000088b00000, 0x0000000088b00000|100%| E|CS|TAMS 0x0000000088a00000, 0x0000000088a00000| Complete 
| 139|0x0000000088b00000, 0x0000000088c00000, 0x0000000088c00000|100%| E|CS|TAMS 0x0000000088b00000, 0x0000000088b00000| Complete 

Card table byte_map: [0x000001c460c30000,0x000001c461030000] _byte_map_base: 0x000001c460830000

Marking Bits (Prev, Next): (CMBitMap*) 0x000001c44e3aac30, (CMBitMap*) 0x000001c44e3aac70
 Prev Bits: [0x000001c461430000, 0x000001c463430000)
 Next Bits: [0x000001c463430000, 0x000001c465430000)

Polling page: 0x000001c44c1f0000

Metaspace:

Usage:
  Non-class:     58.64 MB used.
      Class:      9.18 MB used.
       Both:     67.82 MB used.

Virtual space:
  Non-class space:       64.00 MB reserved,      59.00 MB ( 92%) committed,  1 nodes.
      Class space:        1.00 GB reserved,       9.44 MB ( <1%) committed,  1 nodes.
             Both:        1.06 GB reserved,      68.44 MB (  6%) committed. 

Chunk freelists:
   Non-Class:  4.77 MB
       Class:  6.50 MB
        Both:  11.27 MB

MaxMetaspaceSize: unlimited
CompressedClassSpaceSize: 1.00 GB
Initial GC threshold: 21.00 MB
Current GC threshold: 112.62 MB
CDS: off
MetaspaceReclaimPolicy: balanced
 - commit_granule_bytes: 65536.
 - commit_granule_words: 8192.
 - virtual_space_node_default_size: 8388608.
 - enlarge_chunks_in_place: 1.
 - new_chunks_are_fully_committed: 0.
 - uncommit_free_chunks: 1.
 - use_allocation_guard: 0.
 - handle_deallocations: 1.


Internal statistics:

num_allocs_failed_limit: 6.
num_arena_births: 766.
num_arena_deaths: 0.
num_vsnodes_births: 2.
num_vsnodes_deaths: 0.
num_space_committed: 1095.
num_space_uncommitted: 0.
num_chunks_returned_to_freelist: 6.
num_chunks_taken_from_freelist: 3079.
num_chunk_merges: 6.
num_chunk_splits: 2006.
num_chunks_enlarged: 1333.
num_inconsistent_stats: 0.

CodeHeap 'non-profiled nmethods': size=120000Kb used=3802Kb max_used=3802Kb free=116197Kb
 bounds [0x000001c459300000, 0x000001c4596c0000, 0x000001c460830000]
CodeHeap 'profiled nmethods': size=120000Kb used=13603Kb max_used=13603Kb free=106396Kb
 bounds [0x000001c451830000, 0x000001c452580000, 0x000001c458d60000]
CodeHeap 'non-nmethods': size=5760Kb used=2374Kb max_used=2464Kb free=3385Kb
 bounds [0x000001c458d60000, 0x000001c458fd0000, 0x000001c459300000]
 total_blobs=8060 nmethods=7164 adapters=807
 compilation: enabled
              stopped_count=0, restarted_count=0
 full_count=0

Compilation events (20 events):
Event: 14.766 Thread 0x000001c46c633aa0 7974       4       org.objectweb.asm.ByteVector::putInt (74 bytes)
Event: 14.767 Thread 0x000001c46c633aa0 nmethod 7974 0x000001c4596b5510 code [0x000001c4596b5680, 0x000001c4596b57d8]
Event: 14.774 Thread 0x000001c467ab91e0 7975       4       java.lang.ClassLoader::getClassLoadingLock (35 bytes)
Event: 14.776 Thread 0x000001c467ab91e0 nmethod 7975 0x000001c4596b5910 code [0x000001c4596b5aa0, 0x000001c4596b5be8]
Event: 14.828 Thread 0x000001c46c633aa0 7976       4       java.io.File::isInvalid (47 bytes)
Event: 14.830 Thread 0x000001c46c633aa0 nmethod 7976 0x000001c4596b5d10 code [0x000001c4596b5ea0, 0x000001c4596b6158]
Event: 14.831 Thread 0x000001c467ac3bc0 7977       3       sun.nio.cs.StreamDecoder::<init> (52 bytes)
Event: 14.831 Thread 0x000001c467ac3bc0 nmethod 7977 0x000001c452576010 code [0x000001c452576200, 0x000001c452576828]
Event: 14.832 Thread 0x000001c467ac3bc0 7978       3       java.io.BufferedReader::<init> (62 bytes)
Event: 14.833 Thread 0x000001c467ac3bc0 nmethod 7978 0x000001c452576a10 code [0x000001c452576c00, 0x000001c4525771d8]
Event: 14.834 Thread 0x000001c467ac3bc0 7979       3       java.io.BufferedReader::<init> (9 bytes)
Event: 14.835 Thread 0x000001c467ac3bc0 nmethod 7979 0x000001c452577390 code [0x000001c452577540, 0x000001c452577688]
Event: 14.852 Thread 0x000001c467ac3bc0 7980       3       jdk.internal.loader.URLClassPath$JarLoader::<init> (67 bytes)
Event: 14.853 Thread 0x000001c467ac3bc0 nmethod 7980 0x000001c452577710 code [0x000001c4525779a0, 0x000001c452578598]
Event: 14.857 Thread 0x000001c46c633aa0 7981       4       java.util.LinkedList::indexOf (73 bytes)
Event: 14.862 Thread 0x000001c46c633aa0 nmethod 7981 0x000001c4596b6390 code [0x000001c4596b6520, 0x000001c4596b6818]
Event: 14.880 Thread 0x000001c467ac3bc0 7982       3       java.util.zip.ZipFile$ZipFileInflaterInputStream::available (44 bytes)
Event: 14.880 Thread 0x000001c467ac3bc0 nmethod 7982 0x000001c452578a10 code [0x000001c452578be0, 0x000001c452578f48]
Event: 14.880 Thread 0x000001c467ac3bc0 7983   !   3       java.util.zip.Inflater::getBytesWritten (23 bytes)
Event: 14.881 Thread 0x000001c467ac3bc0 nmethod 7983 0x000001c452579090 code [0x000001c452579240, 0x000001c452579468]

GC Heap History (20 events):
Event: 8.782 GC heap before
{Heap before GC invocations=23 (full 0):
 garbage-first heap   total 107520K, used 72235K [0x0000000080000000, 0x0000000100000000)
  region size 1024K, 15 young (15360K), 2 survivors (2048K)
 Metaspace       used 51596K, committed 52096K, reserved 1114112K
  class space    used 6951K, committed 7168K, reserved 1048576K
}
Event: 8.785 GC heap after
{Heap after GC invocations=24 (full 0):
 garbage-first heap   total 107520K, used 62869K [0x0000000080000000, 0x0000000100000000)
  region size 1024K, 2 young (2048K), 2 survivors (2048K)
 Metaspace       used 51596K, committed 52096K, reserved 1114112K
  class space    used 6951K, committed 7168K, reserved 1048576K
}
Event: 9.067 GC heap before
{Heap before GC invocations=25 (full 0):
 garbage-first heap   total 114688K, used 81301K [0x0000000080000000, 0x0000000100000000)
  region size 1024K, 18 young (18432K), 2 survivors (2048K)
 Metaspace       used 53264K, committed 53824K, reserved 1114112K
  class space    used 7099K, committed 7360K, reserved 1048576K
}
Event: 9.071 GC heap after
{Heap after GC invocations=26 (full 0):
 garbage-first heap   total 114688K, used 62803K [0x0000000080000000, 0x0000000100000000)
  region size 1024K, 1 young (1024K), 1 survivors (1024K)
 Metaspace       used 53264K, committed 53824K, reserved 1114112K
  class space    used 7099K, committed 7360K, reserved 1048576K
}
Event: 9.432 GC heap before
{Heap before GC invocations=26 (full 0):
 garbage-first heap   total 114688K, used 83283K [0x0000000080000000, 0x0000000100000000)
  region size 1024K, 21 young (21504K), 1 survivors (1024K)
 Metaspace       used 54873K, committed 55488K, reserved 1114112K
  class space    used 7376K, committed 7680K, reserved 1048576K
}
Event: 9.436 GC heap after
{Heap after GC invocations=27 (full 0):
 garbage-first heap   total 114688K, used 64282K [0x0000000080000000, 0x0000000100000000)
  region size 1024K, 2 young (2048K), 2 survivors (2048K)
 Metaspace       used 54873K, committed 55488K, reserved 1114112K
  class space    used 7376K, committed 7680K, reserved 1048576K
}
Event: 9.998 GC heap before
{Heap before GC invocations=28 (full 0):
 garbage-first heap   total 116736K, used 84762K [0x0000000080000000, 0x0000000100000000)
  region size 1024K, 23 young (23552K), 2 survivors (2048K)
 Metaspace       used 57607K, committed 58176K, reserved 1114112K
  class space    used 7805K, committed 8064K, reserved 1048576K
}
Event: 10.004 GC heap after
{Heap after GC invocations=29 (full 0):
 garbage-first heap   total 116736K, used 65602K [0x0000000080000000, 0x0000000100000000)
  region size 1024K, 3 young (3072K), 3 survivors (3072K)
 Metaspace       used 57607K, committed 58176K, reserved 1114112K
  class space    used 7805K, committed 8064K, reserved 1048576K
}
Event: 10.728 GC heap before
{Heap before GC invocations=29 (full 0):
 garbage-first heap   total 116736K, used 88130K [0x0000000080000000, 0x0000000100000000)
  region size 1024K, 26 young (26624K), 3 survivors (3072K)
 Metaspace       used 59639K, committed 60288K, reserved 1114112K
  class space    used 8165K, committed 8448K, reserved 1048576K
}
Event: 10.735 GC heap after
{Heap after GC invocations=30 (full 0):
 garbage-first heap   total 140288K, used 67150K [0x0000000080000000, 0x0000000100000000)
  region size 1024K, 3 young (3072K), 3 survivors (3072K)
 Metaspace       used 59639K, committed 60288K, reserved 1114112K
  class space    used 8165K, committed 8448K, reserved 1048576K
}
Event: 12.307 GC heap before
{Heap before GC invocations=31 (full 0):
 garbage-first heap   total 140288K, used 105038K [0x0000000080000000, 0x0000000100000000)
  region size 1024K, 41 young (41984K), 3 survivors (3072K)
 Metaspace       used 67319K, committed 67968K, reserved 1114112K
  class space    used 9174K, committed 9472K, reserved 1048576K
}
Event: 12.317 GC heap after
{Heap after GC invocations=32 (full 0):
 garbage-first heap   total 140288K, used 70742K [0x0000000080000000, 0x0000000100000000)
  region size 1024K, 6 young (6144K), 6 survivors (6144K)
 Metaspace       used 67319K, committed 67968K, reserved 1114112K
  class space    used 9174K, committed 9472K, reserved 1048576K
}
Event: 14.038 GC heap before
{Heap before GC invocations=32 (full 0):
 garbage-first heap   total 140288K, used 107606K [0x0000000080000000, 0x0000000100000000)
  region size 1024K, 42 young (43008K), 6 survivors (6144K)
 Metaspace       used 68477K, committed 69056K, reserved 1114112K
  class space    used 9268K, committed 9536K, reserved 1048576K
}
Event: 14.052 GC heap after
{Heap after GC invocations=33 (full 0):
 garbage-first heap   total 140288K, used 76413K [0x0000000080000000, 0x0000000100000000)
  region size 1024K, 6 young (6144K), 6 survivors (6144K)
 Metaspace       used 68477K, committed 69056K, reserved 1114112K
  class space    used 9268K, committed 9536K, reserved 1048576K
}
Event: 14.617 GC heap before
{Heap before GC invocations=34 (full 0):
 garbage-first heap   total 143360K, used 121469K [0x0000000080000000, 0x0000000100000000)
  region size 1024K, 39 young (39936K), 6 survivors (6144K)
 Metaspace       used 68933K, committed 69568K, reserved 1114112K
  class space    used 9317K, committed 9600K, reserved 1048576K
}
Event: 14.632 GC heap after
{Heap after GC invocations=35 (full 0):
 garbage-first heap   total 143360K, used 93968K [0x0000000080000000, 0x0000000100000000)
  region size 1024K, 5 young (5120K), 5 survivors (5120K)
 Metaspace       used 68933K, committed 69568K, reserved 1114112K
  class space    used 9317K, committed 9600K, reserved 1048576K
}
Event: 14.677 GC heap before
{Heap before GC invocations=35 (full 0):
 garbage-first heap   total 143360K, used 96016K [0x0000000080000000, 0x0000000100000000)
  region size 1024K, 7 young (7168K), 5 survivors (5120K)
 Metaspace       used 69099K, committed 69696K, reserved 1114112K
  class space    used 9343K, committed 9600K, reserved 1048576K
}
Event: 14.685 GC heap after
{Heap after GC invocations=36 (full 0):
 garbage-first heap   total 143360K, used 94243K [0x0000000080000000, 0x0000000100000000)
  region size 1024K, 1 young (1024K), 1 survivors (1024K)
 Metaspace       used 69099K, committed 69696K, reserved 1114112K
  class space    used 9343K, committed 9600K, reserved 1048576K
}
Event: 14.790 GC heap before
{Heap before GC invocations=36 (full 0):
 garbage-first heap   total 143360K, used 97315K [0x0000000080000000, 0x0000000100000000)
  region size 1024K, 6 young (6144K), 1 survivors (1024K)
 Metaspace       used 69382K, committed 70016K, reserved 1114112K
  class space    used 9398K, committed 9664K, reserved 1048576K
}
Event: 14.792 GC heap after
{Heap after GC invocations=37 (full 0):
 garbage-first heap   total 143360K, used 94145K [0x0000000080000000, 0x0000000100000000)
  region size 1024K, 1 young (1024K), 1 survivors (1024K)
 Metaspace       used 69382K, committed 70016K, reserved 1114112K
  class space    used 9398K, committed 9664K, reserved 1048576K
}

Dll operation events (3 events):
Event: 0.010 Loaded shared library C:\Users\HP\AppData\Local\Programs\Android Studio\jbr\bin\java.dll
Event: 0.157 Loaded shared library C:\Users\HP\AppData\Local\Programs\Android Studio\jbr\bin\zip.dll
Event: 0.620 Loaded shared library C:\Users\HP\AppData\Local\Programs\Android Studio\jbr\bin\verify.dll

Deoptimization events (20 events):
Event: 14.510 Thread 0x000001c46eaa9910 DEOPT PACKING pc=0x000001c459398228 sp=0x0000000cd7ef52e0
Event: 14.510 Thread 0x000001c46eaa9910 DEOPT UNPACKING pc=0x000001c458db69a3 sp=0x0000000cd7ef51c8 mode 2
Event: 14.533 Thread 0x000001c46eaa9910 DEOPT PACKING pc=0x000001c4518fc9b4 sp=0x0000000cd7ef5160
Event: 14.533 Thread 0x000001c46eaa9910 DEOPT UNPACKING pc=0x000001c458db7143 sp=0x0000000cd7ef45d0 mode 0
Event: 14.770 Thread 0x000001c46eaa9910 Uncommon trap: trap_request=0xffffffde fr.pc=0x000001c45956aac8 relative=0x00000000000029a8
Event: 14.770 Thread 0x000001c46eaa9910 Uncommon trap: reason=class_check action=maybe_recompile pc=0x000001c45956aac8 method=java.util.jar.JarFile.getManifestFromReference()Ljava/util/jar/Manifest; @ 152 c2
Event: 14.770 Thread 0x000001c46eaa9910 DEOPT PACKING pc=0x000001c45956aac8 sp=0x0000000cd7ef6040
Event: 14.770 Thread 0x000001c46eaa9910 DEOPT UNPACKING pc=0x000001c458db69a3 sp=0x0000000cd7ef5fb0 mode 2
Event: 14.775 Thread 0x000001c46eaa9910 Uncommon trap: trap_request=0xffffffc6 fr.pc=0x000001c45947fe84 relative=0x0000000000000a04
Event: 14.775 Thread 0x000001c46eaa9910 Uncommon trap: reason=bimorphic_or_optimized_type_check action=maybe_recompile pc=0x000001c45947fe84 method=java.io.BufferedInputStream.read1([BII)I @ 39 c2
Event: 14.775 Thread 0x000001c46eaa9910 DEOPT PACKING pc=0x000001c45947fe84 sp=0x0000000cd7ef5fa0
Event: 14.775 Thread 0x000001c46eaa9910 DEOPT UNPACKING pc=0x000001c458db69a3 sp=0x0000000cd7ef5eb8 mode 2
Event: 14.775 Thread 0x000001c46eaa9910 Uncommon trap: trap_request=0xffffffc6 fr.pc=0x000001c45947fe84 relative=0x0000000000000a04
Event: 14.775 Thread 0x000001c46eaa9910 Uncommon trap: reason=bimorphic_or_optimized_type_check action=maybe_recompile pc=0x000001c45947fe84 method=java.io.BufferedInputStream.read1([BII)I @ 39 c2
Event: 14.775 Thread 0x000001c46eaa9910 DEOPT PACKING pc=0x000001c45947fe84 sp=0x0000000cd7ef5fa0
Event: 14.775 Thread 0x000001c46eaa9910 DEOPT UNPACKING pc=0x000001c458db69a3 sp=0x0000000cd7ef5eb8 mode 2
Event: 14.775 Thread 0x000001c46eaa9910 Uncommon trap: trap_request=0xffffffc6 fr.pc=0x000001c45947fe84 relative=0x0000000000000a04
Event: 14.775 Thread 0x000001c46eaa9910 Uncommon trap: reason=bimorphic_or_optimized_type_check action=maybe_recompile pc=0x000001c45947fe84 method=java.io.BufferedInputStream.read1([BII)I @ 39 c2
Event: 14.775 Thread 0x000001c46eaa9910 DEOPT PACKING pc=0x000001c45947fe84 sp=0x0000000cd7ef5fa0
Event: 14.775 Thread 0x000001c46eaa9910 DEOPT UNPACKING pc=0x000001c458db69a3 sp=0x0000000cd7ef5eb8 mode 2

Classes unloaded (0 events):
No events

Classes redefined (0 events):
No events

Internal exceptions (20 events):
Event: 10.632 Thread 0x000001c46eaa9910 Exception <a 'java/lang/NoSuchMethodError'{0x0000000085d594b8}: 'java.lang.Object java.lang.invoke.DirectMethodHandle$Holder.invokeStatic(java.lang.Object, java.lang.Object, java.lang.Object, java.lang.Object, java.lang.Object, java.lang.Object, java.lang.Object, java.lang.Object, java.lang.Object, java.lang.Object, java.lang.Object, java.lang.Object, java.lang.Object, java.lang.Object, java.lang.Object, java.lang.Object, java.lang.Object, java.lang.Object, java.lang.Object, java.lang.Object, java.lang.Obj
Event: 11.108 Thread 0x000001c46eaa9910 Exception <a 'java/lang/NoSuchMethodError'{0x00000000885450c8}: static Lorg/gradle/api/internal/catalog/DefaultVersionCatalog;.<clinit>()V> (0x00000000885450c8) 
thrown [s\src\hotspot\share\prims\jni.cpp, line 1127]
Event: 11.115 Thread 0x000001c46eaa9910 Exception <a 'java/lang/NoSuchMethodError'{0x0000000088597d08}: static [Ljava/lang/Object;.<clinit>()V> (0x0000000088597d08) 
thrown [s\src\hotspot\share\prims\jni.cpp, line 1127]
Event: 11.118 Thread 0x000001c46eaa9910 Exception <a 'java/lang/NoSuchMethodError'{0x00000000885c0790}: static Lorg/gradle/api/internal/catalog/DependencyModel;.<clinit>()V> (0x00000000885c0790) 
thrown [s\src\hotspot\share\prims\jni.cpp, line 1127]
Event: 11.119 Thread 0x000001c46eaa9910 Exception <a 'java/lang/NoSuchMethodError'{0x00000000885c4270}: static Lorg/gradle/api/internal/catalog/AbstractContextAwareModel;.<clinit>()V> (0x00000000885c4270) 
thrown [s\src\hotspot\share\prims\jni.cpp, line 1127]
Event: 11.123 Thread 0x000001c46eaa9910 Exception <a 'java/lang/NoSuchMethodError'{0x00000000885ddd90}: static Lorg/gradle/api/internal/artifacts/dependencies/AbstractVersionConstraint;.<clinit>()V> (0x00000000885ddd90) 
thrown [s\src\hotspot\share\prims\jni.cpp, line 1127]
Event: 11.130 Thread 0x000001c46eaa9910 Exception <a 'java/lang/NoSuchMethodError'{0x000000008843eeb8}: static Lorg/gradle/api/internal/catalog/PluginModel;.<clinit>()V> (0x000000008843eeb8) 
thrown [s\src\hotspot\share\prims\jni.cpp, line 1127]
Event: 11.131 Thread 0x000001c46eaa9910 Exception <a 'java/lang/NoSuchMethodError'{0x0000000088455ee8}: static Lorg/gradle/api/internal/catalog/VersionModel;.<clinit>()V> (0x0000000088455ee8) 
thrown [s\src\hotspot\share\prims\jni.cpp, line 1127]
Event: 11.243 Thread 0x000001c46eaa9910 Exception <a 'java/lang/NoSuchMethodError'{0x0000000088016f50}: 'int java.lang.invoke.DirectMethodHandle$Holder.invokeSpecialIFC(java.lang.Object, java.lang.Object, java.lang.Object)'> (0x0000000088016f50) 
thrown [s\src\hotspot\share\interpreter\linkResolver.cpp, line 771]
Event: 11.320 Thread 0x000001c46eaa9910 Exception <a 'java/lang/NoSuchMethodError'{0x0000000087dc9010}: 'java.lang.Object java.lang.invoke.DirectMethodHandle$Holder.newInvokeSpecial(java.lang.Object, java.lang.Object, java.lang.Object, java.lang.Object, java.lang.Object, int)'> (0x0000000087dc9010) 
thrown [s\src\hotspot\share\interpreter\linkResolver.cpp, line 771]
Event: 11.320 Thread 0x000001c46eaa9910 Exception <a 'java/lang/NoSuchMethodError'{0x0000000087dce6c8}: 'java.lang.Object java.lang.invoke.DirectMethodHandle$Holder.invokeSpecial(java.lang.Object, java.lang.Object, java.lang.Object, java.lang.Object, java.lang.Object, java.lang.Object, int)'> (0x0000000087dce6c8) 
thrown [s\src\hotspot\share\interpreter\linkResolver.cpp, line 771]
Event: 11.321 Thread 0x000001c46eaa9910 Exception <a 'java/lang/NoSuchMethodError'{0x0000000087dd3708}: 'java.lang.Object java.lang.invoke.Invokers$Holder.linkToTargetMethod(java.lang.Object, java.lang.Object, java.lang.Object, java.lang.Object, int, java.lang.Object)'> (0x0000000087dd3708) 
thrown [s\src\hotspot\share\interpreter\linkResolver.cpp, line 771]
Event: 11.327 Thread 0x000001c46eaa9910 Exception <a 'java/lang/NoSuchMethodError'{0x0000000087c09cc8}: 'java.lang.Object java.lang.invoke.DirectMethodHandle$Holder.invokeSpecial(java.lang.Object, java.lang.Object, java.lang.Object, java.lang.Object, java.lang.Object, long)'> (0x0000000087c09cc8) 
thrown [s\src\hotspot\share\interpreter\linkResolver.cpp, line 771]
Event: 11.330 Thread 0x000001c46eaa9910 Exception <a 'java/lang/NoSuchMethodError'{0x0000000087c2cdc8}: 'void java.lang.invoke.DirectMethodHandle$Holder.invokeStatic(java.lang.Object, java.lang.Object, java.lang.Object, int, java.lang.Object)'> (0x0000000087c2cdc8) 
thrown [s\src\hotspot\share\interpreter\linkResolver.cpp, line 771]
Event: 11.349 Thread 0x000001c46eaa9910 Implicit null exception at 0x000001c45933bef2 to 0x000001c45933c50c
Event: 11.409 Thread 0x000001c46eaa9910 Exception <a 'sun/nio/fs/WindowsException'{0x0000000087950b18}> (0x0000000087950b18) 
thrown [s\src\hotspot\share\prims\jni.cpp, line 531]
Event: 12.647 Thread 0x000001c46eaa9910 Implicit null exception at 0x000001c45936cad2 to 0x000001c45936d0d0
Event: 14.055 Thread 0x000001c467955ff0 Implicit null exception at 0x000001c459331203 to 0x000001c4593313d0
Event: 14.392 Thread 0x000001c46eaa9910 Implicit null exception at 0x000001c459562892 to 0x000001c459563128
Event: 14.392 Thread 0x000001c46eaa9910 Implicit null exception at 0x000001c459561716 to 0x000001c459561fb8

VM Operations (20 events):
Event: 13.367 Executing VM operation: ICBufferFull done
Event: 13.563 Executing VM operation: HandshakeAllThreads
Event: 13.563 Executing VM operation: HandshakeAllThreads done
Event: 13.658 Executing VM operation: ICBufferFull
Event: 13.658 Executing VM operation: ICBufferFull done
Event: 13.920 Executing VM operation: ICBufferFull
Event: 13.920 Executing VM operation: ICBufferFull done
Event: 14.038 Executing VM operation: G1CollectForAllocation
Event: 14.053 Executing VM operation: G1CollectForAllocation done
Event: 14.163 Executing VM operation: G1PauseRemark
Event: 14.169 Executing VM operation: G1PauseRemark done
Event: 14.223 Executing VM operation: G1PauseCleanup
Event: 14.225 Executing VM operation: G1PauseCleanup done
Event: 14.616 Executing VM operation: G1CollectForAllocation
Event: 14.632 Executing VM operation: G1CollectForAllocation done
Event: 14.677 Executing VM operation: G1CollectForAllocation
Event: 14.685 Executing VM operation: G1CollectForAllocation done
Event: 14.790 Executing VM operation: G1TryInitiateConcMark
Event: 14.792 Executing VM operation: G1TryInitiateConcMark done
Event: 14.882 Executing VM operation: G1PauseRemark

Events (20 events):
Event: 12.911 loading class sun/security/ssl/PreSharedKeyExtension$SHPreSharedKeySpec done
Event: 13.125 Thread 0x000001c46c633aa0 Thread added: 0x000001c46c633aa0
Event: 13.514 loading class java/util/Collections$ReverseComparator
Event: 13.514 loading class java/util/Collections$ReverseComparator done
Event: 13.514 loading class java/util/Collections$ReverseComparator2
Event: 13.514 loading class java/util/Collections$ReverseComparator2 done
Event: 13.635 loading class java/util/LinkedList$LLSpliterator
Event: 13.635 loading class java/util/LinkedList$LLSpliterator done
Event: 13.673 Thread 0x000001c46e5b9410 Thread added: 0x000001c46e5b9410
Event: 13.673 Thread 0x000001c46e7d0ed0 Thread added: 0x000001c46e7d0ed0
Event: 13.674 Thread 0x000001c46e7d4170 Thread added: 0x000001c46e7d4170
Event: 13.768 Thread 0x000001c46e7d13e0 Thread added: 0x000001c46e7d13e0
Event: 13.771 Thread 0x000001c46e7d09c0 Thread added: 0x000001c46e7d09c0
Event: 13.774 Thread 0x000001c46e7d18f0 Thread added: 0x000001c46e7d18f0
Event: 14.053 loading class sun/security/ssl/Alert
Event: 14.054 loading class sun/security/ssl/Alert done
Event: 14.054 loading class sun/security/ssl/Alert$AlertConsumer
Event: 14.054 loading class sun/security/ssl/Alert$AlertConsumer done
Event: 14.054 loading class sun/security/ssl/Alert$Level
Event: 14.054 loading class sun/security/ssl/Alert$Level done


Dynamic libraries:
0x00007ff7111b0000 - 0x00007ff7111ba000 	C:\Users\HP\AppData\Local\Programs\Android Studio\jbr\bin\java.exe
0x00007ff820f90000 - 0x00007ff821188000 	C:\Windows\SYSTEM32\ntdll.dll
0x00007ff81fe90000 - 0x00007ff81ff52000 	C:\Windows\System32\KERNEL32.DLL
0x00007ff81e840000 - 0x00007ff81eb3e000 	C:\Windows\System32\KERNELBASE.dll
0x00007ff81ed30000 - 0x00007ff81ee30000 	C:\Windows\System32\ucrtbase.dll
0x00007fffc8d10000 - 0x00007fffc8d27000 	C:\Users\HP\AppData\Local\Programs\Android Studio\jbr\bin\jli.dll
0x00007fffe70c0000 - 0x00007fffe70db000 	C:\Users\HP\AppData\Local\Programs\Android Studio\jbr\bin\VCRUNTIME140.dll
0x00007ff81f900000 - 0x00007ff81fa9d000 	C:\Windows\System32\USER32.dll
0x00007ff81eed0000 - 0x00007ff81eef2000 	C:\Windows\System32\win32u.dll
0x00007ff80b470000 - 0x00007ff80b70a000 	C:\Windows\WinSxS\amd64_microsoft.windows.common-controls_6595b64144ccf1df_6.0.19041.4355_none_60b8b9eb71f62e16\COMCTL32.dll
0x00007ff81ff60000 - 0x00007ff81ff8b000 	C:\Windows\System32\GDI32.dll
0x00007ff81e630000 - 0x00007ff81e747000 	C:\Windows\System32\gdi32full.dll
0x00007ff820000000 - 0x00007ff82009e000 	C:\Windows\System32\msvcrt.dll
0x00007ff81e7a0000 - 0x00007ff81e83d000 	C:\Windows\System32\msvcp_win.dll
0x00007ff8200a0000 - 0x00007ff8200cf000 	C:\Windows\System32\IMM32.DLL
0x00007ff812100000 - 0x00007ff81210c000 	C:\Users\HP\AppData\Local\Programs\Android Studio\jbr\bin\vcruntime140_1.dll
0x00007fffc2a50000 - 0x00007fffc2add000 	C:\Users\HP\AppData\Local\Programs\Android Studio\jbr\bin\msvcp140.dll
0x00007fffdf970000 - 0x00007fffe05f3000 	C:\Users\HP\AppData\Local\Programs\Android Studio\jbr\bin\server\jvm.dll
0x00007ff81faa0000 - 0x00007ff81fb51000 	C:\Windows\System32\ADVAPI32.dll
0x00007ff820160000 - 0x00007ff8201ff000 	C:\Windows\System32\sechost.dll
0x00007ff81fb60000 - 0x00007ff81fc83000 	C:\Windows\System32\RPCRT4.dll
0x00007ff81eea0000 - 0x00007ff81eec7000 	C:\Windows\System32\bcrypt.dll
0x00007ff81e3e0000 - 0x00007ff81e42b000 	C:\Windows\SYSTEM32\POWRPROF.dll
0x00007ff819800000 - 0x00007ff81980a000 	C:\Windows\SYSTEM32\VERSION.dll
0x00007ffff96f0000 - 0x00007ffff9717000 	C:\Windows\SYSTEM32\WINMM.dll
0x00007ff81b4c0000 - 0x00007ff81b4c9000 	C:\Windows\SYSTEM32\WSOCK32.dll
0x00007ff820740000 - 0x00007ff8207ab000 	C:\Windows\System32\WS2_32.dll
0x00007ff81e3c0000 - 0x00007ff81e3d2000 	C:\Windows\SYSTEM32\UMPDC.dll
0x00007ff81c4b0000 - 0x00007ff81c4c2000 	C:\Windows\SYSTEM32\kernel.appcore.dll
0x00007ff810dd0000 - 0x00007ff810dda000 	C:\Users\HP\AppData\Local\Programs\Android Studio\jbr\bin\jimage.dll
0x00007ff80fce0000 - 0x00007ff80fec4000 	C:\Windows\SYSTEM32\DBGHELP.DLL
0x00007ff806620000 - 0x00007ff806654000 	C:\Windows\SYSTEM32\dbgcore.DLL
0x00007ff81eb40000 - 0x00007ff81ebc2000 	C:\Windows\System32\bcryptPrimitives.dll
0x00007ff80b2d0000 - 0x00007ff80b2de000 	C:\Users\HP\AppData\Local\Programs\Android Studio\jbr\bin\instrument.dll
0x00007ff80ed90000 - 0x00007ff80edb5000 	C:\Users\HP\AppData\Local\Programs\Android Studio\jbr\bin\java.dll
0x00007ff80b9a0000 - 0x00007ff80b9b8000 	C:\Users\HP\AppData\Local\Programs\Android Studio\jbr\bin\zip.dll
0x00007ff81f190000 - 0x00007ff81f8fd000 	C:\Windows\System32\SHELL32.dll
0x00007ff81c6b0000 - 0x00007ff81ce54000 	C:\Windows\SYSTEM32\windows.storage.dll
0x00007ff820bf0000 - 0x00007ff820f43000 	C:\Windows\System32\combase.dll
0x00007ff81dff0000 - 0x00007ff81e01e000 	C:\Windows\SYSTEM32\Wldp.dll
0x00007ff820200000 - 0x00007ff8202cd000 	C:\Windows\System32\OLEAUT32.dll
0x00007ff81f0e0000 - 0x00007ff81f18d000 	C:\Windows\System32\SHCORE.dll
0x00007ff8209e0000 - 0x00007ff820a35000 	C:\Windows\System32\shlwapi.dll
0x00007ff81e560000 - 0x00007ff81e584000 	C:\Windows\SYSTEM32\profapi.dll
0x00007ff80b450000 - 0x00007ff80b469000 	C:\Users\HP\AppData\Local\Programs\Android Studio\jbr\bin\net.dll
0x00007ff817950000 - 0x00007ff817a5d000 	C:\Windows\SYSTEM32\WINHTTP.dll
0x00007ff81dd50000 - 0x00007ff81ddba000 	C:\Windows\system32\mswsock.dll
0x00007ff80b200000 - 0x00007ff80b216000 	C:\Users\HP\AppData\Local\Programs\Android Studio\jbr\bin\nio.dll
0x00007ff80b950000 - 0x00007ff80b960000 	C:\Users\HP\AppData\Local\Programs\Android Studio\jbr\bin\verify.dll
0x00007fffe34c0000 - 0x00007fffe34e7000 	C:\Users\HP\.gradle\native\c067742578af261105cb4f569cf0c3c89f3d7b1fecec35dd04571415982c5e48\windows-amd64\native-platform.dll
0x00007fffb91d0000 - 0x00007fffb9314000 	C:\Users\HP\.gradle\native\38dada09dfb8b06ba9b0570ebf7e218e3eb74d4ef43ca46872605cf95ebc2f47\windows-amd64\native-platform-file-events.dll
0x00007ff8107c0000 - 0x00007ff8107c9000 	C:\Users\HP\AppData\Local\Programs\Android Studio\jbr\bin\management.dll
0x00007ff80ed80000 - 0x00007ff80ed8b000 	C:\Users\HP\AppData\Local\Programs\Android Studio\jbr\bin\management_ext.dll
0x00007ff81fc90000 - 0x00007ff81fc98000 	C:\Windows\System32\PSAPI.DLL
0x00007ff81df50000 - 0x00007ff81df68000 	C:\Windows\SYSTEM32\CRYPTSP.dll
0x00007ff81d670000 - 0x00007ff81d6a4000 	C:\Windows\system32\rsaenh.dll
0x00007ff81e520000 - 0x00007ff81e54e000 	C:\Windows\SYSTEM32\USERENV.dll
0x00007ff81df40000 - 0x00007ff81df4c000 	C:\Windows\SYSTEM32\CRYPTBASE.dll
0x00007ff81da30000 - 0x00007ff81da6b000 	C:\Windows\SYSTEM32\IPHLPAPI.DLL
0x00007ff81fca0000 - 0x00007ff81fca8000 	C:\Windows\System32\NSI.dll
0x00007ff818670000 - 0x00007ff818687000 	C:\Windows\SYSTEM32\dhcpcsvc6.DLL
0x00007ff818b80000 - 0x00007ff818b9d000 	C:\Windows\SYSTEM32\dhcpcsvc.DLL
0x00007ff81da70000 - 0x00007ff81db3a000 	C:\Windows\SYSTEM32\DNSAPI.dll
0x00007ff810930000 - 0x00007ff810939000 	C:\Users\HP\AppData\Local\Programs\Android Studio\jbr\bin\extnet.dll
0x00007ff812140000 - 0x00007ff812147000 	C:\Windows\system32\wshunix.dll
0x00007ff80f7a0000 - 0x00007ff80f7aa000 	C:\Windows\System32\rasadhlp.dll
0x00007ff80ca80000 - 0x00007ff80cb00000 	C:\Windows\System32\fwpuclnt.dll

dbghelp: loaded successfully - version: 4.0.5 - missing functions: none
symbol engine: initialized successfully - sym options: 0x614 - pdb path: .;C:\Users\HP\AppData\Local\Programs\Android Studio\jbr\bin;C:\Windows\SYSTEM32;C:\Windows\WinSxS\amd64_microsoft.windows.common-controls_6595b64144ccf1df_6.0.19041.4355_none_60b8b9eb71f62e16;C:\Users\HP\AppData\Local\Programs\Android Studio\jbr\bin\server;C:\Users\HP\.gradle\native\c067742578af261105cb4f569cf0c3c89f3d7b1fecec35dd04571415982c5e48\windows-amd64;C:\Users\HP\.gradle\native\38dada09dfb8b06ba9b0570ebf7e218e3eb74d4ef43ca46872605cf95ebc2f47\windows-amd64

VM Arguments:
jvm_args: --add-opens=java.base/java.util.concurrent.atomic=ALL-UNNAMED --add-opens=java.base/java.util=ALL-UNNAMED --add-opens=java.base/java.lang=ALL-UNNAMED --add-opens=java.base/java.lang.invoke=ALL-UNNAMED --add-opens=java.prefs/java.util.prefs=ALL-UNNAMED --add-opens=java.base/java.nio.charset=ALL-UNNAMED --add-opens=java.base/java.net=ALL-UNNAMED --add-opens=java.base/java.util.concurrent.atomic=ALL-UNNAMED -Xmx2048m -Dfile.encoding=UTF-8 -Duser.country=US -Duser.language=en -Duser.variant -javaagent:C:\Users\HP\.gradle\wrapper\dists\gradle-8.7-bin\bhs2wmbdwecv87pi65oeuq5iu\gradle-8.7\lib\agents\gradle-instrumentation-agent-8.7.jar 
java_command: org.gradle.launcher.daemon.bootstrap.GradleDaemon 8.7
java_class_path (initial): C:\Users\HP\.gradle\wrapper\dists\gradle-8.7-bin\bhs2wmbdwecv87pi65oeuq5iu\gradle-8.7\lib\gradle-launcher-8.7.jar
Launcher Type: SUN_STANDARD

[Global flags]
     intx CICompilerCount                          = 3                                         {product} {ergonomic}
     uint ConcGCThreads                            = 1                                         {product} {ergonomic}
     uint G1ConcRefinementThreads                  = 4                                         {product} {ergonomic}
   size_t G1HeapRegionSize                         = 1048576                                   {product} {ergonomic}
    uintx GCDrainStackTargetSize                   = 64                                        {product} {ergonomic}
   size_t InitialHeapSize                          = 134217728                                 {product} {ergonomic}
   size_t MarkStackSize                            = 4194304                                   {product} {ergonomic}
   size_t MaxHeapSize                              = 2147483648                                {product} {command line}
   size_t MaxNewSize                               = 1287651328                                {product} {ergonomic}
   size_t MinHeapDeltaBytes                        = 1048576                                   {product} {ergonomic}
   size_t MinHeapSize                              = 8388608                                   {product} {ergonomic}
    uintx NonNMethodCodeHeapSize                   = 5832780                                {pd product} {ergonomic}
    uintx NonProfiledCodeHeapSize                  = 122912730                              {pd product} {ergonomic}
    uintx ProfiledCodeHeapSize                     = 122912730                              {pd product} {ergonomic}
    uintx ReservedCodeCacheSize                    = 251658240                              {pd product} {ergonomic}
     bool SegmentedCodeCache                       = true                                      {product} {ergonomic}
   size_t SoftMaxHeapSize                          = 2147483648                             {manageable} {ergonomic}
     bool UseCompressedClassPointers               = true                           {product lp64_product} {ergonomic}
     bool UseCompressedOops                        = true                           {product lp64_product} {ergonomic}
     bool UseG1GC                                  = true                                      {product} {ergonomic}
     bool UseLargePagesIndividualAllocation        = false                                  {pd product} {ergonomic}

Logging:
Log output configuration:
 #0: stdout all=warning uptime,level,tags
 #1: stderr all=off uptime,level,tags

Environment Variables:
PATH=C:\Windows\system32;C:\Windows;C:\Windows\System32\Wbem;C:\Windows\System32\WindowsPowerShell\v1.0\;C:\Windows\System32\OpenSSH\;C:\Program Files\Git\cmd;C:\Users\HP\AppData\Local\Programs\Python\Python312\Scripts\;C:\Users\HP\AppData\Local\Programs\Python\Python312\;C:\Users\HP\AppData\Local\Programs\Python\Launcher\;C:\Users\HP\AppData\Local\Microsoft\WindowsApps;C:\Users\HP\AppData\Local\JetBrains\Toolbox\scripts;C:\Users\HP\AppData\Local\Programs\Microsoft VS Code\bin;C:\Users\HP\AppData\Local\GitHubDesktop\bin
USERNAME=HP
OS=Windows_NT
PROCESSOR_IDENTIFIER=Intel64 Family 6 Model 78 Stepping 3, GenuineIntel
TMP=C:\Users\HP\AppData\Local\Temp
TEMP=C:\Users\HP\AppData\Local\Temp



Periodic native trim disabled

JNI global refs:
JNI global refs: 25, weak refs: 0

JNI global refs memory usage: 843, weak refs: 841

Process memory usage:
Resident Set Size: 362792K (4% of 8266332K total physical memory with 1234468K free physical memory)

OOME stack traces (most recent first):
Classloader memory used:
Loader org.gradle.internal.classloader.VisitableURLClassLoader                         : 3838K
Loader bootstrap                                                                       : 3105K
Loader org.gradle.initialization.MixInLegacyTypesClassLoader                           : 1311K
Loader org.gradle.internal.classloader.VisitableURLClassLoader$InstrumentingVisitableURLClassLoader: 147K
Loader org.gradle.internal.classloader.VisitableURLClassLoader                         : 101K
Loader jdk.internal.loader.ClassLoaders$PlatformClassLoader                            : 100546B
Loader jdk.internal.reflect.DelegatingClassLoader                                      : 34563B
Loader jdk.internal.loader.ClassLoaders$AppClassLoader                                 : 28715B
Loader org.gradle.groovy.scripts.internal.DefaultScriptCompilationHandler$ScriptClassLoader: 10796B
Loader org.codehaus.groovy.runtime.callsite.CallSiteClassLoader                        : 5858B

Classes loaded by more than one classloader:
Class Program                                                                         : loaded 4 times (x 72B)
Class org.gradle.internal.Cast                                                        : loaded 3 times (x 69B)
Class org.gradle.api.GradleException                                                  : loaded 3 times (x 80B)
Class org.gradle.internal.classpath.ClassPath                                         : loaded 2 times (x 68B)
Class org.gradle.api.internal.classpath.DefaultModuleRegistry                         : loaded 2 times (x 84B)
Class org.gradle.internal.exceptions.NonGradleCauseExceptionsHolder                   : loaded 2 times (x 68B)
Class Settings_gradle$1$1                                                             : loaded 2 times (x 72B)
Class com.google.common.base.CharMatcher$JavaDigit                                    : loaded 2 times (x 109B)
Class com.google.common.base.CharMatcher$Digit                                        : loaded 2 times (x 110B)
Class org.gradle.api.Action                                                           : loaded 2 times (x 68B)
Class com.google.common.collect.Lists$StringAsImmutableList                           : loaded 2 times (x 167B)
Class com.google.common.base.CharMatcher                                              : loaded 2 times (x 109B)
Class com.google.common.base.CharMatcher$IsNot                                        : loaded 2 times (x 109B)
Class com.google.common.base.Splitter                                                 : loaded 2 times (x 70B)
Class org.gradle.api.internal.DefaultClassPathProvider                                : loaded 2 times (x 74B)
Class org.gradle.internal.installation.GradleInstallation$1                           : loaded 2 times (x 73B)
Class com.google.common.base.CharMatcher$BitSetMatcher                                : loaded 2 times (x 110B)
Class org.gradle.internal.exceptions.DefaultMultiCauseException                       : loaded 2 times (x 93B)
Class org.gradle.tooling.model.UnsupportedMethodException                             : loaded 2 times (x 80B)
Class org.gradle.internal.time.MonotonicClock                                         : loaded 2 times (x 75B)
Class com.google.common.base.Predicate                                                : loaded 2 times (x 68B)
Class org.gradle.internal.classloader.FilteringClassLoader                            : loaded 2 times (x 103B)
Class org.gradle.tooling.model.Model                                                  : loaded 2 times (x 68B)
Class org.gradle.internal.classpath.DefaultClassPath$ImmutableUniqueList$Builder      : loaded 2 times (x 73B)
Class com.google.common.base.CharMatcher$InRange                                      : loaded 2 times (x 109B)
Class com.google.common.collect.Lists                                                 : loaded 2 times (x 69B)
Class org.gradle.internal.classloader.ClassLoaderVisitor                              : loaded 2 times (x 74B)
Class org.gradle.internal.time.DefaultCountdownTimer                                  : loaded 2 times (x 86B)
Class org.gradle.internal.service.DefaultServiceLocator                               : loaded 2 times (x 81B)
Class org.gradle.internal.service.UnknownServiceException                             : loaded 2 times (x 81B)
Class org.gradle.internal.classloader.DefaultClassLoaderFactory                       : loaded 2 times (x 80B)
Class com.google.common.collect.UnmodifiableIterator                                  : loaded 2 times (x 78B)
Class com.google.common.base.CharMatcher$SingleWidth                                  : loaded 2 times (x 110B)
Class sync_studio_tooling3540_95zg31fb9t7kexszcowxvhwhq$_run_closure1                 : loaded 2 times (x 137B)
Class com.google.common.base.JdkPattern                                               : loaded 2 times (x 73B)
Class org.gradle.internal.classloader.VisitableURLClassLoader$Spec                    : loaded 2 times (x 72B)
Class org.gradle.tooling.model.ProjectModel                                           : loaded 2 times (x 68B)
Class com.google.common.collect.SingletonImmutableList                                : loaded 2 times (x 167B)
Class com.google.common.base.CharMatcher$JavaLetterOrDigit                            : loaded 2 times (x 109B)
Class org.gradle.tooling.internal.gradle.DefaultProjectIdentifier                     : loaded 2 times (x 84B)
Class org.gradle.api.internal.classpath.ModuleRegistry                                : loaded 2 times (x 68B)
Class com.google.common.collect.ImmutableCollection                                   : loaded 2 times (x 123B)
Class org.gradle.api.internal.ClassPathProvider                                       : loaded 2 times (x 68B)
Class org.gradle.internal.classloader.ClasspathUtil$1                                 : loaded 2 times (x 74B)
Class org.gradle.util.GradleVersion                                                   : loaded 2 times (x 81B)
Class org.gradle.internal.classloader.ClassLoaderFactory                              : loaded 2 times (x 68B)
Class com.google.common.collect.ObjectArrays                                          : loaded 2 times (x 69B)
Class com.google.common.collect.ImmutableList                                         : loaded 2 times (x 166B)
Class org.gradle.api.internal.classpath.ManifestUtil                                  : loaded 2 times (x 69B)
Class org.gradle.api.specs.Spec                                                       : loaded 2 times (x 68B)
Class com.google.common.base.CharMatcher$Whitespace                                   : loaded 2 times (x 110B)
Class org.gradle.tooling.internal.gradle.GradleBuildIdentity                          : loaded 2 times (x 68B)
Class com.google.common.base.Preconditions                                            : loaded 2 times (x 69B)
Class org.gradle.internal.IoActions                                                   : loaded 2 times (x 69B)
Class com.google.common.collect.CollectPreconditions                                  : loaded 2 times (x 69B)
Class com.google.common.collect.AbstractIndexedListIterator                           : loaded 2 times (x 94B)
Class com.google.common.base.CharMatcher$None                                         : loaded 2 times (x 110B)
Class org.gradle.api.internal.classpath.EffectiveClassPath                            : loaded 2 times (x 88B)
Class com.google.common.collect.UnmodifiableListIterator                              : loaded 2 times (x 93B)
Class com.google.common.collect.ImmutableList$1                                       : loaded 2 times (x 95B)
Class com.google.common.base.Splitter$Strategy                                        : loaded 2 times (x 68B)
Class ijInit3_49kws2w7hi7xo06z8ywwhr3x5                                               : loaded 2 times (x 177B)
Class org.gradle.internal.exceptions.ResolutionProvider                               : loaded 2 times (x 68B)
Class org.gradle.internal.installation.CurrentGradleInstallation                      : loaded 2 times (x 71B)
Class org.gradle.internal.agents.InstrumentingClassLoader                             : loaded 2 times (x 68B)
Class org.gradle.internal.installation.CurrentGradleInstallationLocator               : loaded 2 times (x 69B)
Class org.gradle.api.internal.classpath.Module                                        : loaded 2 times (x 68B)
Class com.google.common.base.Splitter$1$1                                             : loaded 2 times (x 84B)
Class org.gradle.internal.service.CachingServiceLocator                               : loaded 2 times (x 80B)
Class org.gradle.internal.time.Timer                                                  : loaded 2 times (x 68B)
Class org.jetbrains.kotlin.idea.gradleTooling.KotlinDslScriptAdditionalTask           : loaded 2 times (x 68B)
Class org.gradle.internal.classpath.DefaultClassPath                                  : loaded 2 times (x 88B)
Class com.google.common.base.Splitter$SplittingIterator                               : loaded 2 times (x 82B)
Class Build_gradle$1                                                                  : loaded 2 times (x 76B)
Class org.gradle.internal.impldep.com.google.common.base.Preconditions                : loaded 2 times (x 69B)
Class com.google.common.base.CharMatcher$Is                                           : loaded 2 times (x 109B)
Class com.google.common.collect.RegularImmutableAsList                                : loaded 2 times (x 176B)
Class org.gradle.internal.time.Time                                                   : loaded 2 times (x 69B)
Class org.gradle.internal.time.TimeSource$1                                           : loaded 2 times (x 75B)
Class org.gradle.internal.classloader.SystemClassLoaderSpec                           : loaded 2 times (x 69B)
Class [Lcom.google.common.base.AbstractIterator$State;                                : loaded 2 times (x 67B)
Class com.google.common.base.AbstractIterator                                         : loaded 2 times (x 78B)
Class com.google.common.base.AbstractIterator$1                                       : loaded 2 times (x 69B)
Class com.google.common.base.CharMatcher$1                                            : loaded 2 times (x 111B)
Class com.google.common.base.CharMatcher$Ascii                                        : loaded 2 times (x 110B)
Class org.gradle.api.UncheckedIOException                                             : loaded 2 times (x 80B)
Class com.google.common.base.CharMatcher$And                                          : loaded 2 times (x 110B)
Class com.google.common.base.CharMatcher$Any                                          : loaded 2 times (x 110B)
Class com.google.common.collect.ImmutableList$ReverseImmutableList                    : loaded 2 times (x 168B)
Class com.google.common.base.CharMatcher$RangesMatcher                                : loaded 2 times (x 110B)
Class org.gradle.tooling.internal.gradle.GradleProjectIdentity                        : loaded 2 times (x 68B)
Class com.google.common.collect.ImmutableList$SubList                                 : loaded 2 times (x 168B)
Class org.gradle.internal.time.CountdownTimer                                         : loaded 2 times (x 68B)
Class org.gradle.internal.time.Clock                                                  : loaded 2 times (x 68B)
Class org.gradle.internal.classloader.ClasspathUtil                                   : loaded 2 times (x 69B)
Class org.gradle.tooling.model.BuildIdentifier                                        : loaded 2 times (x 68B)
Class com.google.common.base.Splitter$1                                               : loaded 2 times (x 75B)
Class org.gradle.api.internal.DefaultClassPathRegistry                                : loaded 2 times (x 74B)
Class org.gradle.api.internal.classpath.DefaultModuleRegistry$DefaultModule           : loaded 2 times (x 84B)
Class com.google.common.base.CharMatcher$JavaIsoControl                               : loaded 2 times (x 110B)
Class com.google.common.base.CharMatcher$Or                                           : loaded 2 times (x 110B)
Class org.gradle.kotlin.dsl.VersionCatalogAccessorsKt                                 : loaded 2 times (x 69B)
Class org.gradle.internal.time.TimeSource                                             : loaded 2 times (x 68B)
Class com.google.common.base.CharMatcher$JavaLowerCase                                : loaded 2 times (x 109B)
Class org.gradle.api.internal.classpath.UnknownModuleException                        : loaded 2 times (x 80B)
Class com.google.common.base.CommonPattern                                            : loaded 2 times (x 72B)
Class org.gradle.internal.service.ServiceLookupException                              : loaded 2 times (x 80B)
Class org.gradle.cache.GlobalCache                                                    : loaded 2 times (x 68B)
Class org.gradle.tooling.model.ProjectIdentifier                                      : loaded 2 times (x 68B)
Class com.google.common.base.CharMatcher$NegatedFastMatcher                           : loaded 2 times (x 111B)
Class [Lorg.gradle.api.internal.ClassPathProvider;                                    : loaded 2 times (x 67B)
Class org.gradle.internal.operations.MultipleBuildOperationFailures                   : loaded 2 times (x 93B)
Class org.gradle.util.internal.GUtil                                                  : loaded 2 times (x 69B)
Class org.gradle.internal.classloader.ClassLoaderSpec                                 : loaded 2 times (x 69B)
Class com.google.common.base.NullnessCasts                                            : loaded 2 times (x 69B)
Class com.google.common.base.CharMatcher$Negated                                      : loaded 2 times (x 111B)
Class com.google.common.base.CharMatcher$ForPredicate                                 : loaded 2 times (x 110B)
Class org.gradle.internal.classloader.VisitableURLClassLoader                         : loaded 2 times (x 115B)
Class org.gradle.internal.installation.GradleInstallation                             : loaded 2 times (x 73B)
Class Build_gradle                                                                    : loaded 2 times (x 70B)
Class org.gradle.api.internal.ClassPathRegistry                                       : loaded 2 times (x 68B)
Class org.gradle.internal.classloader.VisitableURLClassLoader$InstrumentingVisitableURLClassLoader: loaded 2 times (x 121B)
Class org.gradle.internal.classloader.ClassLoaderHierarchy                            : loaded 2 times (x 68B)
Class org.gradle.internal.exceptions.MultiCauseException                              : loaded 2 times (x 68B)
Class com.google.common.base.AbstractIterator$State                                   : loaded 2 times (x 77B)
Class com.google.common.base.CharMatcher$NamedFastMatcher                             : loaded 2 times (x 110B)
Class org.gradle.internal.InternalTransformer                                         : loaded 2 times (x 68B)
Class org.gradle.tooling.internal.gradle.DefaultBuildIdentifier                       : loaded 2 times (x 77B)
Class org.gradle.internal.service.ServiceLocator                                      : loaded 2 times (x 68B)
Class Settings_gradle$1                                                               : loaded 2 times (x 72B)
Class com.google.common.base.CharMatcher$Invisible                                    : loaded 2 times (x 110B)
Class com.google.common.base.CharMatcher$FastMatcher                                  : loaded 2 times (x 109B)
Class org.gradle.internal.classpath.DefaultClassPath$ImmutableUniqueList              : loaded 2 times (x 159B)
Class org.gradle.internal.time.DefaultTimer                                           : loaded 2 times (x 78B)
Class com.google.common.base.CharMatcher$JavaLetter                                   : loaded 2 times (x 109B)
Class org.gradle.internal.classpath.TransformedClassPath                              : loaded 2 times (x 94B)
Class Settings_gradle                                                                 : loaded 2 times (x 126B)
Class com.google.common.collect.ImmutableAsList                                       : loaded 2 times (x 169B)
Class com.google.common.base.CharMatcher$AnyOf                                        : loaded 2 times (x 110B)
Class com.google.common.base.CharMatcher$IsEither                                     : loaded 2 times (x 109B)
Class sync_studio_tooling3540_95zg31fb9t7kexszcowxvhwhq                               : loaded 2 times (x 177B)
Class com.google.common.collect.RegularImmutableList                                  : loaded 2 times (x 172B)
Class com.google.common.base.CharMatcher$JavaUpperCase                                : loaded 2 times (x 109B)


---------------  S Y S T E M  ---------------

OS:
 Windows 10 , 64 bit Build 19041 (10.0.19041.5072)
OS uptime: 0 days 0:37 hours

CPU: total 4 (initial active 4) (2 cores per cpu, 2 threads per core) family 6 model 78 stepping 3 microcode 0xcc, cx8, cmov, fxsr, ht, mmx, 3dnowpref, sse, sse2, sse3, ssse3, sse4.1, sse4.2, popcnt, lzcnt, tsc, tscinvbit, avx, avx2, aes, erms, clmul, bmi1, bmi2, rtm, adx, fma, vzeroupper, clflush, clflushopt
Processor Information for processor 0
  Max Mhz: 2496, Current Mhz: 1497, Mhz Limit: 2396
Processor Information for processor 1
  Max Mhz: 2496, Current Mhz: 1497, Mhz Limit: 2396
Processor Information for processor 2
  Max Mhz: 2496, Current Mhz: 2396, Mhz Limit: 2396
Processor Information for processor 3
  Max Mhz: 2496, Current Mhz: 1497, Mhz Limit: 2396

Memory: 4k page, system-wide physical 8072M (1205M free)
TotalPageFile size 9977M (AvailPageFile size 7M)
current process WorkingSet (physical memory assigned to process): 354M, peak: 354M
current process commit charge ("private bytes"): 376M, peak: 405M

vm_info: OpenJDK 64-Bit Server VM (17.0.11+0--11852314) for windows-amd64 JRE (17.0.11+0--11852314), built on May 16 2024 21:29:20 by "androidbuild" with MS VC++ 16.10 / 16.11 (VS2019)

END.
