#
# There is insufficient memory for the Java Runtime Environment to continue.
# Native memory allocation (mmap) failed to map 423624704 bytes. Error detail: G1 virtual space
# Possible reasons:
#   The system is out of physical RAM or swap space
#   This process is running with CompressedOops enabled, and the Java Heap may be blocking the growth of the native heap
# Possible solutions:
#   Reduce memory load on the system
#   Increase physical memory or swap space
#   Check if swap backing store is full
#   Decrease Java heap size (-Xmx/-Xms)
#   Decrease number of Java threads
#   Decrease Java thread stack sizes (-Xss)
#   Set larger code cache with -XX:ReservedCodeCacheSize=
#   JVM is running with Unscaled Compressed Oops mode in which the Java heap is
#     placed in the first 4GB address space. The Java Heap base address is the
#     maximum limit for the native heap growth. Please use -XX:HeapBaseMinAddress
#     to set the Java Heap base and to place the Java Heap above 4GB virtual address.
# This output file may be truncated or incomplete.
#
#  Out of Memory Error (os_windows.cpp:3825), pid=12876, tid=3096
#
# JRE version: OpenJDK Runtime Environment (17.0.11) (build 17.0.11+0--11852314)
# Java VM: OpenJDK 64-Bit Server VM (17.0.11+0--11852314, mixed mode, tiered, compressed oops, compressed class ptrs, g1 gc, windows-amd64)
# No core dump will be written. Minidumps are not enabled by default on client versions of Windows
#

---------------  S U M M A R Y ------------

Command Line: org.jetbrains.kotlin.cli.jvm.K2JVMCompiler @C:\Users\HP\Desktop\MVVM\app\build\20241114_14912612168590283235.compiler.options

Host: Intel(R) Core(TM) i5-6300U CPU @ 2.40GHz, 4 cores, 7G,  Windows 10 , 64 bit Build 19041 (10.0.19041.5072)
Time: Thu Nov 14 03:50:33 2024 Pacific Standard Time elapsed time: 44.723111 seconds (0d 0h 0m 44s)

---------------  T H R E A D  ---------------

Current thread (0x00000277fe6d8b20):  VMThread "VM Thread" [stack: 0x000000c480600000,0x000000c480700000] [id=3096]

Stack: [0x000000c480600000,0x000000c480700000]
Native frames: (J=compiled Java code, j=interpreted, Vv=VM code, C=native code)
V  [jvm.dll+0x687bb9]
V  [jvm.dll+0x84142a]
V  [jvm.dll+0x8430ae]
V  [jvm.dll+0x843713]
V  [jvm.dll+0x24a35f]
V  [jvm.dll+0x684989]
V  [jvm.dll+0x67923a]
V  [jvm.dll+0x30af0b]
V  [jvm.dll+0x3123b6]
V  [jvm.dll+0x361dfe]
V  [jvm.dll+0x36202f]
V  [jvm.dll+0x2e0d38]
V  [jvm.dll+0x2df144]
V  [jvm.dll+0x2de74c]
V  [jvm.dll+0x32305b]
V  [jvm.dll+0x847e0b]
V  [jvm.dll+0x848b42]
V  [jvm.dll+0x84905d]
V  [jvm.dll+0x849434]
V  [jvm.dll+0x849500]
V  [jvm.dll+0x7efa4a]
V  [jvm.dll+0x686a35]
C  [ucrtbase.dll+0x21bb2]
C  [KERNEL32.DLL+0x17374]
C  [ntdll.dll+0x4cc91]

VM_Operation (0x000000c4800fe1a0): G1CollectForAllocation, mode: safepoint, requested by thread 0x00000277f41eeb60


---------------  P R O C E S S  ---------------

Threads class SMR info:
_java_thread_list=0x0000027793f9a7c0, length=13, elements={
0x00000277f41eeb60, 0x00000277fe6dcb60, 0x00000277fe6de850, 0x00000277fe971ff0,
0x00000277fe973ad0, 0x00000277fe9768a0, 0x00000277fe977260, 0x00000277fe977f50,
0x00000277fe979940, 0x00000277fe9933e0, 0x00000277feae9a00, 0x00000277feaea590,
0x0000027795820160
}

Java Threads: ( => current thread )
  0x00000277f41eeb60 JavaThread "main" [_thread_blocked, id=12328, stack(0x000000c480000000,0x000000c480100000)]
  0x00000277fe6dcb60 JavaThread "Reference Handler" daemon [_thread_blocked, id=2200, stack(0x000000c480700000,0x000000c480800000)]
  0x00000277fe6de850 JavaThread "Finalizer" daemon [_thread_blocked, id=10544, stack(0x000000c480800000,0x000000c480900000)]
  0x00000277fe971ff0 JavaThread "Signal Dispatcher" daemon [_thread_blocked, id=14648, stack(0x000000c480900000,0x000000c480a00000)]
  0x00000277fe973ad0 JavaThread "Attach Listener" daemon [_thread_blocked, id=320, stack(0x000000c480a00000,0x000000c480b00000)]
  0x00000277fe9768a0 JavaThread "Service Thread" daemon [_thread_blocked, id=9052, stack(0x000000c480b00000,0x000000c480c00000)]
  0x00000277fe977260 JavaThread "Monitor Deflation Thread" daemon [_thread_blocked, id=7316, stack(0x000000c480c00000,0x000000c480d00000)]
  0x00000277fe977f50 JavaThread "C2 CompilerThread0" daemon [_thread_blocked, id=10860, stack(0x000000c480d00000,0x000000c480e00000)]
  0x00000277fe979940 JavaThread "C1 CompilerThread0" daemon [_thread_blocked, id=8524, stack(0x000000c480e00000,0x000000c480f00000)]
  0x00000277fe9933e0 JavaThread "Sweeper thread" daemon [_thread_blocked, id=12992, stack(0x000000c480f00000,0x000000c481000000)]
  0x00000277feae9a00 JavaThread "Notification Thread" daemon [_thread_blocked, id=5328, stack(0x000000c481000000,0x000000c481100000)]
  0x00000277feaea590 JavaThread "Common-Cleaner" daemon [_thread_blocked, id=1304, stack(0x000000c481200000,0x000000c481300000)]
  0x0000027795820160 JavaThread "C2 CompilerThread1" daemon [_thread_blocked, id=14976, stack(0x000000c481600000,0x000000c481700000)]

Other Threads:
=>0x00000277fe6d8b20 VMThread "VM Thread" [stack: 0x000000c480600000,0x000000c480700000] [id=3096]
  0x00000277feaea2f0 WatcherThread [stack: 0x000000c481100000,0x000000c481200000] [id=4648]
  0x00000277f42493a0 GCTaskThread "GC Thread#0" [stack: 0x000000c480100000,0x000000c480200000] [id=12600]
  0x00000277fecbfc00 GCTaskThread "GC Thread#1" [stack: 0x000000c481300000,0x000000c481400000] [id=1648]
  0x00000277fecbe080 GCTaskThread "GC Thread#2" [stack: 0x000000c481400000,0x000000c481500000] [id=4860]
  0x00000277fecbe340 GCTaskThread "GC Thread#3" [stack: 0x000000c481500000,0x000000c481600000] [id=10112]
  0x00000277f4259f70 ConcurrentGCThread "G1 Main Marker" [stack: 0x000000c480200000,0x000000c480300000] [id=9084]
  0x00000277f425b130 ConcurrentGCThread "G1 Conc#0" [stack: 0x000000c480300000,0x000000c480400000] [id=3764]
  0x00000277f42ad840 ConcurrentGCThread "G1 Refine#0" [stack: 0x000000c480400000,0x000000c480500000] [id=12736]
  0x00000277940899d0 ConcurrentGCThread "G1 Refine#1" [stack: 0x000000c481700000,0x000000c481800000] [id=4292]
  0x0000027793fcd890 ConcurrentGCThread "G1 Refine#2" [stack: 0x000000c481800000,0x000000c481900000] [id=3872]
  0x00000277f42ae270 ConcurrentGCThread "G1 Service" [stack: 0x000000c480500000,0x000000c480600000] [id=2376]

Threads with active compile tasks:
C2 CompilerThread0    44775 15116       4       androidx.compose.compiler.plugins.kotlin.analysis.StabilityKt::stabilityOf (330 bytes)
C1 CompilerThread0    44775 15180       3       kotlin.collections.CollectionsKt___CollectionsKt::sortedWith (92 bytes)
C2 CompilerThread1    44775 14787       4       org.jetbrains.kotlin.types.TypeUtils::contains (301 bytes)

VM state: at safepoint (normal execution)

VM Mutex/Monitor currently owned by a thread:  ([mutex/lock_event])
[0x00000277f41eb0b0] Threads_lock - owner thread: 0x00000277fe6d8b20
[0x00000277f41e99a0] Heap_lock - owner thread: 0x00000277f41eeb60

Heap address: 0x0000000081c00000, size: 2020 MB, Compressed Oops mode: 32-bit

CDS archive(s) not mapped
Compressed class space mapped at: 0x0000000100000000-0x0000000140000000, reserved size: 1073741824
Narrow klass base: 0x0000000000000000, Narrow klass shift: 3, Narrow klass range: 0x140000000

GC Precious Log:
 CPUs: 4 total, 4 available
 Memory: 8072M
 Large Page Support: Disabled
 NUMA Support: Disabled
 Compressed Oops: Enabled (32-bit)
 Heap Region Size: 1M
 Heap Min Capacity: 8M
 Heap Initial Capacity: 128M
 Heap Max Capacity: 2020M
 Pre-touch: Disabled
 Parallel Workers: 4
 Concurrent Workers: 1
 Concurrent Refinement Workers: 4
 Periodic GC: Disabled

Heap:
 garbage-first heap   total 206848K, used 103694K [0x0000000081c00000, 0x0000000100000000)
  region size 1024K, 9 young (9216K), 9 survivors (9216K)
 Metaspace       used 73411K, committed 73792K, reserved 1179648K
  class space    used 8022K, committed 8192K, reserved 1048576K

Heap Regions: E=young(eden), S=young(survivor), O=old, HS=humongous(starts), HC=humongous(continues), CS=collection set, F=free, OA=open archive, CA=closed archive, TAMS=top-at-mark-start (previous, next)
|   0|0x0000000081c00000, 0x0000000081d00000, 0x0000000081d00000|100%|HS|  |TAMS 0x0000000081d00000, 0x0000000081d00000| Complete 
|   1|0x0000000081d00000, 0x0000000081e00000, 0x0000000081e00000|100%|HC|  |TAMS 0x0000000081e00000, 0x0000000081e00000| Complete 
|   2|0x0000000081e00000, 0x0000000081f00000, 0x0000000081f00000|100%|HC|  |TAMS 0x0000000081f00000, 0x0000000081f00000| Complete 
|   3|0x0000000081f00000, 0x0000000082000000, 0x0000000082000000|100%|HC|  |TAMS 0x0000000082000000, 0x0000000082000000| Complete 
|   4|0x0000000082000000, 0x0000000082100000, 0x0000000082100000|100%| O|  |TAMS 0x0000000082100000, 0x0000000082100000| Untracked 
|   5|0x0000000082100000, 0x0000000082200000, 0x0000000082200000|100%| O|  |TAMS 0x0000000082200000, 0x0000000082200000| Untracked 
|   6|0x0000000082200000, 0x0000000082300000, 0x0000000082300000|100%| O|  |TAMS 0x0000000082300000, 0x0000000082300000| Untracked 
|   7|0x0000000082300000, 0x0000000082400000, 0x0000000082400000|100%| O|  |TAMS 0x0000000082400000, 0x0000000082400000| Untracked 
|   8|0x0000000082400000, 0x0000000082500000, 0x0000000082500000|100%| O|  |TAMS 0x0000000082500000, 0x0000000082500000| Untracked 
|   9|0x0000000082500000, 0x0000000082600000, 0x0000000082600000|100%| O|  |TAMS 0x0000000082600000, 0x0000000082600000| Untracked 
|  10|0x0000000082600000, 0x0000000082700000, 0x0000000082700000|100%| O|  |TAMS 0x0000000082700000, 0x0000000082700000| Untracked 
|  11|0x0000000082700000, 0x0000000082800000, 0x0000000082800000|100%| O|  |TAMS 0x0000000082800000, 0x0000000082800000| Untracked 
|  12|0x0000000082800000, 0x0000000082900000, 0x0000000082900000|100%| O|  |TAMS 0x0000000082900000, 0x0000000082900000| Untracked 
|  13|0x0000000082900000, 0x0000000082a00000, 0x0000000082a00000|100%| O|  |TAMS 0x0000000082a00000, 0x0000000082a00000| Untracked 
|  14|0x0000000082a00000, 0x0000000082b00000, 0x0000000082b00000|100%| O|  |TAMS 0x0000000082b00000, 0x0000000082b00000| Untracked 
|  15|0x0000000082b00000, 0x0000000082c00000, 0x0000000082c00000|100%| O|  |TAMS 0x0000000082c00000, 0x0000000082c00000| Untracked 
|  16|0x0000000082c00000, 0x0000000082d00000, 0x0000000082d00000|100%| O|  |TAMS 0x0000000082d00000, 0x0000000082d00000| Untracked 
|  17|0x0000000082d00000, 0x0000000082e00000, 0x0000000082e00000|100%| O|  |TAMS 0x0000000082e00000, 0x0000000082e00000| Untracked 
|  18|0x0000000082e00000, 0x0000000082f00000, 0x0000000082f00000|100%| O|  |TAMS 0x0000000082f00000, 0x0000000082f00000| Untracked 
|  19|0x0000000082f00000, 0x0000000083000000, 0x0000000083000000|100%| O|  |TAMS 0x0000000083000000, 0x0000000083000000| Untracked 
|  20|0x0000000083000000, 0x0000000083100000, 0x0000000083100000|100%| O|  |TAMS 0x0000000083100000, 0x0000000083100000| Untracked 
|  21|0x0000000083100000, 0x0000000083200000, 0x0000000083200000|100%| O|  |TAMS 0x0000000083200000, 0x0000000083200000| Untracked 
|  22|0x0000000083200000, 0x0000000083300000, 0x0000000083300000|100%| O|  |TAMS 0x0000000083300000, 0x0000000083300000| Untracked 
|  23|0x0000000083300000, 0x0000000083400000, 0x0000000083400000|100%|HS|  |TAMS 0x0000000083400000, 0x0000000083400000| Complete 
|  24|0x0000000083400000, 0x0000000083500000, 0x0000000083500000|100%|HC|  |TAMS 0x0000000083500000, 0x0000000083500000| Complete 
|  25|0x0000000083500000, 0x0000000083600000, 0x0000000083600000|100%| O|  |TAMS 0x0000000083600000, 0x0000000083600000| Untracked 
|  26|0x0000000083600000, 0x0000000083700000, 0x0000000083700000|100%| O|  |TAMS 0x0000000083700000, 0x0000000083700000| Untracked 
|  27|0x0000000083700000, 0x0000000083800000, 0x0000000083800000|100%| O|  |TAMS 0x0000000083800000, 0x0000000083800000| Untracked 
|  28|0x0000000083800000, 0x0000000083900000, 0x0000000083900000|100%| O|  |TAMS 0x0000000083900000, 0x0000000083900000| Untracked 
|  29|0x0000000083900000, 0x0000000083a00000, 0x0000000083a00000|100%| O|  |TAMS 0x0000000083900000, 0x0000000083a00000| Untracked 
|  30|0x0000000083a00000, 0x0000000083b00000, 0x0000000083b00000|100%| O|  |TAMS 0x0000000083b00000, 0x0000000083b00000| Untracked 
|  31|0x0000000083b00000, 0x0000000083c00000, 0x0000000083c00000|100%| O|  |TAMS 0x0000000083c00000, 0x0000000083c00000| Untracked 
|  32|0x0000000083c00000, 0x0000000083d00000, 0x0000000083d00000|100%| O|  |TAMS 0x0000000083d00000, 0x0000000083d00000| Untracked 
|  33|0x0000000083d00000, 0x0000000083e00000, 0x0000000083e00000|100%| O|  |TAMS 0x0000000083e00000, 0x0000000083e00000| Untracked 
|  34|0x0000000083e00000, 0x0000000083f00000, 0x0000000083f00000|100%| O|  |TAMS 0x0000000083f00000, 0x0000000083f00000| Untracked 
|  35|0x0000000083f00000, 0x0000000084000000, 0x0000000084000000|100%| O|  |TAMS 0x0000000084000000, 0x0000000084000000| Untracked 
|  36|0x0000000084000000, 0x0000000084100000, 0x0000000084100000|100%| O|  |TAMS 0x0000000084100000, 0x0000000084100000| Untracked 
|  37|0x0000000084100000, 0x0000000084200000, 0x0000000084200000|100%| O|  |TAMS 0x0000000084200000, 0x0000000084200000| Untracked 
|  38|0x0000000084200000, 0x0000000084300000, 0x0000000084300000|100%| O|  |TAMS 0x0000000084300000, 0x0000000084300000| Untracked 
|  39|0x0000000084300000, 0x0000000084400000, 0x0000000084400000|100%| O|  |TAMS 0x0000000084400000, 0x0000000084400000| Untracked 
|  40|0x0000000084400000, 0x0000000084500000, 0x0000000084500000|100%| O|  |TAMS 0x0000000084500000, 0x0000000084500000| Untracked 
|  41|0x0000000084500000, 0x0000000084600000, 0x0000000084600000|100%| O|  |TAMS 0x0000000084600000, 0x0000000084600000| Untracked 
|  42|0x0000000084600000, 0x0000000084700000, 0x0000000084700000|100%| O|  |TAMS 0x0000000084700000, 0x0000000084700000| Untracked 
|  43|0x0000000084700000, 0x0000000084800000, 0x0000000084800000|100%| O|  |TAMS 0x0000000084700000, 0x0000000084800000| Untracked 
|  44|0x0000000084800000, 0x0000000084900000, 0x0000000084900000|100%| O|  |TAMS 0x0000000084900000, 0x0000000084900000| Untracked 
|  45|0x0000000084900000, 0x0000000084a00000, 0x0000000084a00000|100%| O|  |TAMS 0x0000000084a00000, 0x0000000084a00000| Untracked 
|  46|0x0000000084a00000, 0x0000000084b00000, 0x0000000084b00000|100%| O|  |TAMS 0x0000000084b00000, 0x0000000084b00000| Untracked 
|  47|0x0000000084b00000, 0x0000000084c00000, 0x0000000084c00000|100%| O|  |TAMS 0x0000000084c00000, 0x0000000084c00000| Untracked 
|  48|0x0000000084c00000, 0x0000000084d00000, 0x0000000084d00000|100%| O|  |TAMS 0x0000000084d00000, 0x0000000084d00000| Untracked 
|  49|0x0000000084d00000, 0x0000000084e00000, 0x0000000084e00000|100%| O|  |TAMS 0x0000000084e00000, 0x0000000084e00000| Untracked 
|  50|0x0000000084e00000, 0x0000000084f00000, 0x0000000084f00000|100%| O|  |TAMS 0x0000000084f00000, 0x0000000084f00000| Untracked 
|  51|0x0000000084f00000, 0x0000000085000000, 0x0000000085000000|100%| O|  |TAMS 0x0000000085000000, 0x0000000085000000| Untracked 
|  52|0x0000000085000000, 0x0000000085100000, 0x0000000085100000|100%| O|  |TAMS 0x0000000085100000, 0x0000000085100000| Untracked 
|  53|0x0000000085100000, 0x0000000085200000, 0x0000000085200000|100%| O|  |TAMS 0x0000000085200000, 0x0000000085200000| Untracked 
|  54|0x0000000085200000, 0x0000000085300000, 0x0000000085300000|100%| O|  |TAMS 0x0000000085300000, 0x0000000085300000| Untracked 
|  55|0x0000000085300000, 0x0000000085400000, 0x0000000085400000|100%| O|  |TAMS 0x0000000085400000, 0x0000000085400000| Untracked 
|  56|0x0000000085400000, 0x0000000085500000, 0x0000000085500000|100%| O|  |TAMS 0x0000000085400000, 0x0000000085500000| Untracked 
|  57|0x0000000085500000, 0x0000000085600000, 0x0000000085600000|100%| O|  |TAMS 0x0000000085500000, 0x0000000085600000| Untracked 
|  58|0x0000000085600000, 0x0000000085700000, 0x0000000085700000|100%| O|  |TAMS 0x0000000085700000, 0x0000000085700000| Untracked 
|  59|0x0000000085700000, 0x0000000085800000, 0x0000000085800000|100%| O|  |TAMS 0x0000000085800000, 0x0000000085800000| Untracked 
|  60|0x0000000085800000, 0x0000000085900000, 0x0000000085900000|100%| O|  |TAMS 0x0000000085900000, 0x0000000085900000| Untracked 
|  61|0x0000000085900000, 0x0000000085a00000, 0x0000000085a00000|100%| O|  |TAMS 0x0000000085a00000, 0x0000000085a00000| Untracked 
|  62|0x0000000085a00000, 0x0000000085b00000, 0x0000000085b00000|100%| O|  |TAMS 0x0000000085a00000, 0x0000000085b00000| Untracked 
|  63|0x0000000085b00000, 0x0000000085c00000, 0x0000000085c00000|100%| O|  |TAMS 0x0000000085b00000, 0x0000000085c00000| Untracked 
|  64|0x0000000085c00000, 0x0000000085d00000, 0x0000000085d00000|100%|HS|  |TAMS 0x0000000085d00000, 0x0000000085d00000| Complete 
|  65|0x0000000085d00000, 0x0000000085e00000, 0x0000000085e00000|100%|HC|  |TAMS 0x0000000085e00000, 0x0000000085e00000| Complete 
|  66|0x0000000085e00000, 0x0000000085f00000, 0x0000000085f00000|100%| O|  |TAMS 0x0000000085f00000, 0x0000000085f00000| Untracked 
|  67|0x0000000085f00000, 0x0000000086000000, 0x0000000086000000|100%| O|  |TAMS 0x0000000086000000, 0x0000000086000000| Untracked 
|  68|0x0000000086000000, 0x0000000086100000, 0x0000000086100000|100%| O|  |TAMS 0x0000000086100000, 0x0000000086100000| Untracked 
|  69|0x0000000086100000, 0x0000000086200000, 0x0000000086200000|100%| O|  |TAMS 0x0000000086200000, 0x0000000086200000| Untracked 
|  70|0x0000000086200000, 0x0000000086300000, 0x0000000086300000|100%| O|  |TAMS 0x0000000086300000, 0x0000000086300000| Untracked 
|  71|0x0000000086300000, 0x0000000086400000, 0x0000000086400000|100%| O|  |TAMS 0x0000000086400000, 0x0000000086400000| Untracked 
|  72|0x0000000086400000, 0x0000000086500000, 0x0000000086500000|100%| O|  |TAMS 0x0000000086500000, 0x0000000086500000| Untracked 
|  73|0x0000000086500000, 0x0000000086600000, 0x0000000086600000|100%| O|  |TAMS 0x0000000086600000, 0x0000000086600000| Untracked 
|  74|0x0000000086600000, 0x0000000086700000, 0x0000000086700000|100%| O|  |TAMS 0x0000000086700000, 0x0000000086700000| Untracked 
|  75|0x0000000086700000, 0x0000000086800000, 0x0000000086800000|100%| O|  |TAMS 0x0000000086800000, 0x0000000086800000| Untracked 
|  76|0x0000000086800000, 0x0000000086900000, 0x0000000086900000|100%| O|  |TAMS 0x0000000086900000, 0x0000000086900000| Untracked 
|  77|0x0000000086900000, 0x0000000086900000, 0x0000000086a00000|  0%| F|  |TAMS 0x0000000086900000, 0x0000000086900000| Untracked 
|  78|0x0000000086a00000, 0x0000000086a00000, 0x0000000086b00000|  0%| F|  |TAMS 0x0000000086a00000, 0x0000000086a00000| Untracked 
|  79|0x0000000086b00000, 0x0000000086c00000, 0x0000000086c00000|100%| O|  |TAMS 0x0000000086b03400, 0x0000000086c00000| Untracked 
|  80|0x0000000086c00000, 0x0000000086d00000, 0x0000000086d00000|100%| O|  |TAMS 0x0000000086c00000, 0x0000000086d00000| Untracked 
|  81|0x0000000086d00000, 0x0000000086e00000, 0x0000000086e00000|100%| O|  |TAMS 0x0000000086d00000, 0x0000000086e00000| Untracked 
|  82|0x0000000086e00000, 0x0000000086f00000, 0x0000000086f00000|100%| O|  |TAMS 0x0000000086e00000, 0x0000000086f00000| Untracked 
|  83|0x0000000086f00000, 0x0000000087000000, 0x0000000087000000|100%| O|  |TAMS 0x0000000086f00000, 0x0000000087000000| Untracked 
|  84|0x0000000087000000, 0x0000000087100000, 0x0000000087100000|100%| O|  |TAMS 0x0000000087000000, 0x0000000087100000| Untracked 
|  85|0x0000000087100000, 0x0000000087200000, 0x0000000087200000|100%| O|  |TAMS 0x0000000087100000, 0x0000000087200000| Untracked 
|  86|0x0000000087200000, 0x0000000087300000, 0x0000000087300000|100%| O|  |TAMS 0x0000000087200000, 0x0000000087300000| Untracked 
|  87|0x0000000087300000, 0x0000000087400000, 0x0000000087400000|100%| O|  |TAMS 0x0000000087300000, 0x0000000087400000| Untracked 
|  88|0x0000000087400000, 0x0000000087500000, 0x0000000087500000|100%| O|  |TAMS 0x0000000087400000, 0x0000000087500000| Untracked 
|  89|0x0000000087500000, 0x0000000087600000, 0x0000000087600000|100%| O|  |TAMS 0x0000000087500000, 0x0000000087600000| Untracked 
|  90|0x0000000087600000, 0x0000000087700000, 0x0000000087700000|100%| O|  |TAMS 0x0000000087600000, 0x0000000087700000| Untracked 
|  91|0x0000000087700000, 0x0000000087800000, 0x0000000087800000|100%| O|  |TAMS 0x0000000087700000, 0x0000000087800000| Untracked 
|  92|0x0000000087800000, 0x0000000087900000, 0x0000000087900000|100%| O|  |TAMS 0x0000000087800000, 0x0000000087900000| Untracked 
|  93|0x0000000087900000, 0x0000000087a00000, 0x0000000087a00000|100%| O|  |TAMS 0x0000000087900000, 0x0000000087a00000| Untracked 
|  94|0x0000000087a00000, 0x0000000087a57a00, 0x0000000087b00000| 34%| O|  |TAMS 0x0000000087a00000, 0x0000000087a57a00| Untracked 
|  95|0x0000000087b00000, 0x0000000087b00000, 0x0000000087c00000|  0%| F|  |TAMS 0x0000000087b00000, 0x0000000087b00000| Untracked 
|  96|0x0000000087c00000, 0x0000000087c00000, 0x0000000087d00000|  0%| F|  |TAMS 0x0000000087c00000, 0x0000000087c00000| Untracked 
|  97|0x0000000087d00000, 0x0000000087d00000, 0x0000000087e00000|  0%| F|  |TAMS 0x0000000087d00000, 0x0000000087d00000| Untracked 
|  98|0x0000000087e00000, 0x0000000087e00000, 0x0000000087f00000|  0%| F|  |TAMS 0x0000000087e00000, 0x0000000087e00000| Untracked 
|  99|0x0000000087f00000, 0x0000000087f00000, 0x0000000088000000|  0%| F|  |TAMS 0x0000000087f00000, 0x0000000087f00000| Untracked 
| 100|0x0000000088000000, 0x0000000088000000, 0x0000000088100000|  0%| F|  |TAMS 0x0000000088000000, 0x0000000088000000| Untracked 
| 101|0x0000000088100000, 0x0000000088100000, 0x0000000088200000|  0%| F|  |TAMS 0x0000000088100000, 0x0000000088100000| Untracked 
| 102|0x0000000088200000, 0x0000000088200000, 0x0000000088300000|  0%| F|  |TAMS 0x0000000088200000, 0x0000000088200000| Untracked 
| 103|0x0000000088300000, 0x0000000088300000, 0x0000000088400000|  0%| F|  |TAMS 0x0000000088300000, 0x0000000088300000| Untracked 
| 104|0x0000000088400000, 0x0000000088400000, 0x0000000088500000|  0%| F|  |TAMS 0x0000000088400000, 0x0000000088400000| Untracked 
| 105|0x0000000088500000, 0x0000000088500000, 0x0000000088600000|  0%| F|  |TAMS 0x0000000088500000, 0x0000000088500000| Untracked 
| 106|0x0000000088600000, 0x0000000088600000, 0x0000000088700000|  0%| F|  |TAMS 0x0000000088600000, 0x0000000088600000| Untracked 
| 107|0x0000000088700000, 0x0000000088700000, 0x0000000088800000|  0%| F|  |TAMS 0x0000000088700000, 0x0000000088700000| Untracked 
| 108|0x0000000088800000, 0x0000000088800000, 0x0000000088900000|  0%| F|  |TAMS 0x0000000088800000, 0x0000000088800000| Untracked 
| 109|0x0000000088900000, 0x0000000088900000, 0x0000000088a00000|  0%| F|  |TAMS 0x0000000088900000, 0x0000000088900000| Untracked 
| 110|0x0000000088a00000, 0x0000000088a00000, 0x0000000088b00000|  0%| F|  |TAMS 0x0000000088a00000, 0x0000000088a00000| Untracked 
| 111|0x0000000088b00000, 0x0000000088b00000, 0x0000000088c00000|  0%| F|  |TAMS 0x0000000088b00000, 0x0000000088b00000| Untracked 
| 112|0x0000000088c00000, 0x0000000088c00000, 0x0000000088d00000|  0%| F|  |TAMS 0x0000000088c00000, 0x0000000088c00000| Untracked 
| 113|0x0000000088d00000, 0x0000000088d00000, 0x0000000088e00000|  0%| F|  |TAMS 0x0000000088d00000, 0x0000000088d00000| Untracked 
| 114|0x0000000088e00000, 0x0000000088e00000, 0x0000000088f00000|  0%| F|  |TAMS 0x0000000088e00000, 0x0000000088e00000| Untracked 
| 115|0x0000000088f00000, 0x0000000088f00000, 0x0000000089000000|  0%| F|  |TAMS 0x0000000088f00000, 0x0000000088f00000| Untracked 
| 116|0x0000000089000000, 0x0000000089000000, 0x0000000089100000|  0%| F|  |TAMS 0x0000000089000000, 0x0000000089000000| Untracked 
| 117|0x0000000089100000, 0x0000000089100000, 0x0000000089200000|  0%| F|  |TAMS 0x0000000089100000, 0x0000000089100000| Untracked 
| 118|0x0000000089200000, 0x0000000089200000, 0x0000000089300000|  0%| F|  |TAMS 0x0000000089200000, 0x0000000089200000| Untracked 
| 119|0x0000000089300000, 0x0000000089300000, 0x0000000089400000|  0%| F|  |TAMS 0x0000000089300000, 0x0000000089300000| Untracked 
| 120|0x0000000089400000, 0x0000000089400000, 0x0000000089500000|  0%| F|  |TAMS 0x0000000089400000, 0x0000000089400000| Untracked 
| 121|0x0000000089500000, 0x0000000089500000, 0x0000000089600000|  0%| F|  |TAMS 0x0000000089500000, 0x0000000089500000| Untracked 
| 122|0x0000000089600000, 0x0000000089600000, 0x0000000089700000|  0%| F|  |TAMS 0x0000000089600000, 0x0000000089600000| Untracked 
| 123|0x0000000089700000, 0x0000000089700000, 0x0000000089800000|  0%| F|  |TAMS 0x0000000089700000, 0x0000000089700000| Untracked 
| 124|0x0000000089800000, 0x0000000089800000, 0x0000000089900000|  0%| F|  |TAMS 0x0000000089800000, 0x0000000089800000| Untracked 
| 125|0x0000000089900000, 0x0000000089900000, 0x0000000089a00000|  0%| F|  |TAMS 0x0000000089900000, 0x0000000089900000| Untracked 
| 126|0x0000000089a00000, 0x0000000089aebf68, 0x0000000089b00000| 92%| S|CS|TAMS 0x0000000089a00000, 0x0000000089a00000| Complete 
| 127|0x0000000089b00000, 0x0000000089c00000, 0x0000000089c00000|100%| S|CS|TAMS 0x0000000089b00000, 0x0000000089b00000| Complete 
| 128|0x0000000089c00000, 0x0000000089d00000, 0x0000000089d00000|100%| S|CS|TAMS 0x0000000089c00000, 0x0000000089c00000| Complete 
| 129|0x0000000089d00000, 0x0000000089e00000, 0x0000000089e00000|100%| S|CS|TAMS 0x0000000089d00000, 0x0000000089d00000| Complete 
| 130|0x0000000089e00000, 0x0000000089f00000, 0x0000000089f00000|100%| S|CS|TAMS 0x0000000089e00000, 0x0000000089e00000| Complete 
| 131|0x0000000089f00000, 0x000000008a000000, 0x000000008a000000|100%| S|CS|TAMS 0x0000000089f00000, 0x0000000089f00000| Complete 
| 132|0x000000008a000000, 0x000000008a100000, 0x000000008a100000|100%| S|CS|TAMS 0x000000008a000000, 0x000000008a000000| Complete 
| 133|0x000000008a100000, 0x000000008a200000, 0x000000008a200000|100%| S|CS|TAMS 0x000000008a100000, 0x000000008a100000| Complete 
| 134|0x000000008a200000, 0x000000008a300000, 0x000000008a300000|100%| S|CS|TAMS 0x000000008a200000, 0x000000008a200000| Complete 
| 135|0x000000008a300000, 0x000000008a300000, 0x000000008a400000|  0%| F|  |TAMS 0x000000008a300000, 0x000000008a300000| Untracked 
| 136|0x000000008a400000, 0x000000008a400000, 0x000000008a500000|  0%| F|  |TAMS 0x000000008a400000, 0x000000008a400000| Untracked 
| 137|0x000000008a500000, 0x000000008a500000, 0x000000008a600000|  0%| F|  |TAMS 0x000000008a500000, 0x000000008a500000| Untracked 
| 138|0x000000008a600000, 0x000000008a600000, 0x000000008a700000|  0%| F|  |TAMS 0x000000008a600000, 0x000000008a600000| Untracked 
| 139|0x000000008a700000, 0x000000008a700000, 0x000000008a800000|  0%| F|  |TAMS 0x000000008a700000, 0x000000008a700000| Untracked 
| 140|0x000000008a800000, 0x000000008a800000, 0x000000008a900000|  0%| F|  |TAMS 0x000000008a800000, 0x000000008a800000| Untracked 
| 141|0x000000008a900000, 0x000000008a900000, 0x000000008aa00000|  0%| F|  |TAMS 0x000000008a900000, 0x000000008a900000| Untracked 
| 142|0x000000008aa00000, 0x000000008aa00000, 0x000000008ab00000|  0%| F|  |TAMS 0x000000008aa00000, 0x000000008aa00000| Untracked 
| 143|0x000000008ab00000, 0x000000008ab00000, 0x000000008ac00000|  0%| F|  |TAMS 0x000000008ab00000, 0x000000008ab00000| Untracked 
| 144|0x000000008ac00000, 0x000000008ac00000, 0x000000008ad00000|  0%| F|  |TAMS 0x000000008ac00000, 0x000000008ac00000| Untracked 
| 145|0x000000008ad00000, 0x000000008ad00000, 0x000000008ae00000|  0%| F|  |TAMS 0x000000008ad00000, 0x000000008ad00000| Untracked 
| 146|0x000000008ae00000, 0x000000008ae00000, 0x000000008af00000|  0%| F|  |TAMS 0x000000008ae00000, 0x000000008ae00000| Untracked 
| 147|0x000000008af00000, 0x000000008af00000, 0x000000008b000000|  0%| F|  |TAMS 0x000000008af00000, 0x000000008af00000| Untracked 
| 148|0x000000008b000000, 0x000000008b000000, 0x000000008b100000|  0%| F|  |TAMS 0x000000008b000000, 0x000000008b000000| Untracked 
| 149|0x000000008b100000, 0x000000008b100000, 0x000000008b200000|  0%| F|  |TAMS 0x000000008b100000, 0x000000008b100000| Untracked 
| 150|0x000000008b200000, 0x000000008b200000, 0x000000008b300000|  0%| F|  |TAMS 0x000000008b200000, 0x000000008b200000| Untracked 
| 151|0x000000008b300000, 0x000000008b300000, 0x000000008b400000|  0%| F|  |TAMS 0x000000008b300000, 0x000000008b300000| Untracked 
| 152|0x000000008b400000, 0x000000008b400000, 0x000000008b500000|  0%| F|  |TAMS 0x000000008b400000, 0x000000008b400000| Untracked 
| 153|0x000000008b500000, 0x000000008b500000, 0x000000008b600000|  0%| F|  |TAMS 0x000000008b500000, 0x000000008b500000| Untracked 
| 154|0x000000008b600000, 0x000000008b600000, 0x000000008b700000|  0%| F|  |TAMS 0x000000008b600000, 0x000000008b600000| Untracked 
| 155|0x000000008b700000, 0x000000008b700000, 0x000000008b800000|  0%| F|  |TAMS 0x000000008b700000, 0x000000008b700000| Untracked 
| 156|0x000000008b800000, 0x000000008b800000, 0x000000008b900000|  0%| F|  |TAMS 0x000000008b800000, 0x000000008b800000| Untracked 
| 157|0x000000008b900000, 0x000000008b900000, 0x000000008ba00000|  0%| F|  |TAMS 0x000000008b900000, 0x000000008b900000| Untracked 
| 158|0x000000008ba00000, 0x000000008ba00000, 0x000000008bb00000|  0%| F|  |TAMS 0x000000008ba00000, 0x000000008ba00000| Untracked 
| 159|0x000000008bb00000, 0x000000008bb00000, 0x000000008bc00000|  0%| F|  |TAMS 0x000000008bb00000, 0x000000008bb00000| Untracked 
| 160|0x000000008bc00000, 0x000000008bc00000, 0x000000008bd00000|  0%| F|  |TAMS 0x000000008bc00000, 0x000000008bc00000| Untracked 
| 161|0x000000008bd00000, 0x000000008bd00000, 0x000000008be00000|  0%| F|  |TAMS 0x000000008bd00000, 0x000000008bd00000| Untracked 
| 162|0x000000008be00000, 0x000000008be00000, 0x000000008bf00000|  0%| F|  |TAMS 0x000000008be00000, 0x000000008be00000| Untracked 
| 163|0x000000008bf00000, 0x000000008bf00000, 0x000000008c000000|  0%| F|  |TAMS 0x000000008bf00000, 0x000000008bf00000| Untracked 
| 164|0x000000008c000000, 0x000000008c000000, 0x000000008c100000|  0%| F|  |TAMS 0x000000008c000000, 0x000000008c000000| Untracked 
| 165|0x000000008c100000, 0x000000008c100000, 0x000000008c200000|  0%| F|  |TAMS 0x000000008c100000, 0x000000008c100000| Untracked 
| 166|0x000000008c200000, 0x000000008c200000, 0x000000008c300000|  0%| F|  |TAMS 0x000000008c200000, 0x000000008c200000| Untracked 
| 167|0x000000008c300000, 0x000000008c300000, 0x000000008c400000|  0%| F|  |TAMS 0x000000008c300000, 0x000000008c300000| Untracked 
| 168|0x000000008c400000, 0x000000008c400000, 0x000000008c500000|  0%| F|  |TAMS 0x000000008c400000, 0x000000008c400000| Untracked 
| 169|0x000000008c500000, 0x000000008c500000, 0x000000008c600000|  0%| F|  |TAMS 0x000000008c500000, 0x000000008c500000| Untracked 
| 170|0x000000008c600000, 0x000000008c600000, 0x000000008c700000|  0%| F|  |TAMS 0x000000008c600000, 0x000000008c600000| Untracked 
| 171|0x000000008c700000, 0x000000008c700000, 0x000000008c800000|  0%| F|  |TAMS 0x000000008c700000, 0x000000008c700000| Untracked 
| 172|0x000000008c800000, 0x000000008c800000, 0x000000008c900000|  0%| F|  |TAMS 0x000000008c800000, 0x000000008c800000| Untracked 
| 173|0x000000008c900000, 0x000000008c900000, 0x000000008ca00000|  0%| F|  |TAMS 0x000000008c900000, 0x000000008c900000| Untracked 
| 174|0x000000008ca00000, 0x000000008ca00000, 0x000000008cb00000|  0%| F|  |TAMS 0x000000008ca00000, 0x000000008ca00000| Untracked 
| 175|0x000000008cb00000, 0x000000008cb00000, 0x000000008cc00000|  0%| F|  |TAMS 0x000000008cb00000, 0x000000008cb00000| Untracked 
| 176|0x000000008cc00000, 0x000000008cc00000, 0x000000008cd00000|  0%| F|  |TAMS 0x000000008cc00000, 0x000000008cc00000| Untracked 
| 177|0x000000008cd00000, 0x000000008cd00000, 0x000000008ce00000|  0%| F|  |TAMS 0x000000008cd00000, 0x000000008cd00000| Untracked 
| 178|0x000000008ce00000, 0x000000008ce00000, 0x000000008cf00000|  0%| F|  |TAMS 0x000000008ce00000, 0x000000008ce00000| Untracked 
| 179|0x000000008cf00000, 0x000000008cf00000, 0x000000008d000000|  0%| F|  |TAMS 0x000000008cf00000, 0x000000008cf00000| Untracked 
| 180|0x000000008d000000, 0x000000008d000000, 0x000000008d100000|  0%| F|  |TAMS 0x000000008d000000, 0x000000008d000000| Untracked 
| 181|0x000000008d100000, 0x000000008d100000, 0x000000008d200000|  0%| F|  |TAMS 0x000000008d100000, 0x000000008d100000| Untracked 
| 182|0x000000008d200000, 0x000000008d200000, 0x000000008d300000|  0%| F|  |TAMS 0x000000008d200000, 0x000000008d200000| Untracked 
| 183|0x000000008d300000, 0x000000008d300000, 0x000000008d400000|  0%| F|  |TAMS 0x000000008d300000, 0x000000008d300000| Untracked 
| 184|0x000000008d400000, 0x000000008d400000, 0x000000008d500000|  0%| F|  |TAMS 0x000000008d400000, 0x000000008d400000| Untracked 
| 185|0x000000008d500000, 0x000000008d500000, 0x000000008d600000|  0%| F|  |TAMS 0x000000008d500000, 0x000000008d500000| Untracked 
| 186|0x000000008d600000, 0x000000008d600000, 0x000000008d700000|  0%| F|  |TAMS 0x000000008d600000, 0x000000008d600000| Untracked 
| 187|0x000000008d700000, 0x000000008d700000, 0x000000008d800000|  0%| F|  |TAMS 0x000000008d700000, 0x000000008d700000| Untracked 
| 188|0x000000008d800000, 0x000000008d800000, 0x000000008d900000|  0%| F|  |TAMS 0x000000008d800000, 0x000000008d800000| Untracked 
| 189|0x000000008d900000, 0x000000008d900000, 0x000000008da00000|  0%| F|  |TAMS 0x000000008d900000, 0x000000008d900000| Untracked 
| 190|0x000000008da00000, 0x000000008da00000, 0x000000008db00000|  0%| F|  |TAMS 0x000000008da00000, 0x000000008da00000| Untracked 
| 191|0x000000008db00000, 0x000000008db00000, 0x000000008dc00000|  0%| F|  |TAMS 0x000000008db00000, 0x000000008db00000| Untracked 
| 192|0x000000008dc00000, 0x000000008dc00000, 0x000000008dd00000|  0%| F|  |TAMS 0x000000008dc00000, 0x000000008dc00000| Untracked 
| 193|0x000000008dd00000, 0x000000008dd00000, 0x000000008de00000|  0%| F|  |TAMS 0x000000008dd00000, 0x000000008dd00000| Untracked 
| 194|0x000000008de00000, 0x000000008de00000, 0x000000008df00000|  0%| F|  |TAMS 0x000000008de00000, 0x000000008de00000| Untracked 
| 195|0x000000008df00000, 0x000000008df00000, 0x000000008e000000|  0%| F|  |TAMS 0x000000008df00000, 0x000000008df00000| Untracked 
| 196|0x000000008e000000, 0x000000008e000000, 0x000000008e100000|  0%| F|  |TAMS 0x000000008e000000, 0x000000008e000000| Untracked 
| 197|0x000000008e100000, 0x000000008e100000, 0x000000008e200000|  0%| F|  |TAMS 0x000000008e100000, 0x000000008e100000| Untracked 
| 198|0x000000008e200000, 0x000000008e200000, 0x000000008e300000|  0%| F|  |TAMS 0x000000008e200000, 0x000000008e200000| Untracked 
| 199|0x000000008e300000, 0x000000008e300000, 0x000000008e400000|  0%| F|  |TAMS 0x000000008e300000, 0x000000008e300000| Untracked 
| 200|0x000000008e400000, 0x000000008e400000, 0x000000008e500000|  0%| F|  |TAMS 0x000000008e400000, 0x000000008e400000| Untracked 
| 201|0x000000008e500000, 0x000000008e500000, 0x000000008e600000|  0%| F|  |TAMS 0x000000008e500000, 0x000000008e500000| Untracked 

Card table byte_map: [0x00000277f7ad0000,0x00000277f7ed0000] _byte_map_base: 0x00000277f76c2000

Marking Bits (Prev, Next): (CMBitMap*) 0x00000277f42499c0, (CMBitMap*) 0x00000277f4249a00
 Prev Bits: [0x00000277f82d0000, 0x00000277fa260000)
 Next Bits: [0x00000277fa260000, 0x00000277fc1f0000)

Polling page: 0x00000277f21b0000

Metaspace:

Usage:
  Non-class:     63.86 MB used.
      Class:      7.83 MB used.
       Both:     71.69 MB used.

Virtual space:
  Non-class space:      128.00 MB reserved,      64.06 MB ( 50%) committed,  2 nodes.
      Class space:        1.00 GB reserved,       8.00 MB ( <1%) committed,  1 nodes.
             Both:        1.12 GB reserved,      72.06 MB (  6%) committed. 

Chunk freelists:
   Non-Class:  15.93 MB
       Class:  8.01 MB
        Both:  23.94 MB

MaxMetaspaceSize: unlimited
CompressedClassSpaceSize: 1.00 GB
Initial GC threshold: 21.00 MB
Current GC threshold: 111.06 MB
CDS: off
MetaspaceReclaimPolicy: balanced
 - commit_granule_bytes: 65536.
 - commit_granule_words: 8192.
 - virtual_space_node_default_size: 8388608.
 - enlarge_chunks_in_place: 1.
 - new_chunks_are_fully_committed: 0.
 - uncommit_free_chunks: 1.
 - use_allocation_guard: 0.
 - handle_deallocations: 1.


Internal statistics:

num_allocs_failed_limit: 6.
num_arena_births: 442.
num_arena_deaths: 0.
num_vsnodes_births: 3.
num_vsnodes_deaths: 0.
num_space_committed: 1151.
num_space_uncommitted: 0.
num_chunks_returned_to_freelist: 6.
num_chunks_taken_from_freelist: 2874.
num_chunk_merges: 3.
num_chunk_splits: 2263.
num_chunks_enlarged: 1911.
num_inconsistent_stats: 0.

CodeHeap 'non-profiled nmethods': size=120000Kb used=7129Kb max_used=7534Kb free=112870Kb
 bounds [0x0000027787ad0000, 0x0000027788250000, 0x000002778f000000]
CodeHeap 'profiled nmethods': size=120000Kb used=34179Kb max_used=34179Kb free=85820Kb
 bounds [0x0000027780000000, 0x0000027782170000, 0x0000027787530000]
CodeHeap 'non-nmethods': size=5760Kb used=1382Kb max_used=1470Kb free=4377Kb
 bounds [0x0000027787530000, 0x00000277877a0000, 0x0000027787ad0000]
 total_blobs=13054 nmethods=12347 adapters=615
 compilation: enabled
              stopped_count=0, restarted_count=0
 full_count=0

Compilation events (20 events):
Event: 44.676 Thread 0x00000277fe979940 nmethod 15166 0x000002778215f390 code [0x000002778215f540, 0x000002778215f738]
Event: 44.676 Thread 0x00000277fe979940 15167       3       java.lang.invoke.InvokerBytecodeGenerator::generateCustomizedCode (34 bytes)
Event: 44.677 Thread 0x00000277fe979940 nmethod 15167 0x000002778215f890 code [0x000002778215fac0, 0x000002778215fff8]
Event: 44.677 Thread 0x00000277fe979940 15168       1       java.lang.invoke.ClassSpecializer$SpeciesData::getterFunctions (5 bytes)
Event: 44.677 Thread 0x00000277fe979940 nmethod 15168 0x000002778807a190 code [0x000002778807a320, 0x000002778807a3f8]
Event: 44.680 Thread 0x00000277fe979940 15170       3       java.lang.invoke.LambdaForm::methodType (48 bytes)
Event: 44.681 Thread 0x00000277fe979940 nmethod 15170 0x0000027782160290 code [0x0000027782160480, 0x0000027782160a58]
Event: 44.682 Thread 0x00000277fe979940 15172       3       jdk.internal.org.objectweb.asm.AnnotationWriter::<init> (60 bytes)
Event: 44.683 Thread 0x00000277fe979940 nmethod 15172 0x0000027782160d10 code [0x0000027782160ee0, 0x00000277821612e8]
Event: 44.685 Thread 0x00000277fe979940 15175       3       org.jetbrains.kotlin.ir.PsiIrFileEntry::getLineNumber (33 bytes)
Event: 44.687 Thread 0x00000277fe979940 nmethod 15175 0x0000027782161490 code [0x00000277821616e0, 0x0000027782161f58]
Event: 44.687 Thread 0x00000277fe979940 15177       3       java.lang.invoke.DelegatingMethodHandle$Holder::reinvoke_L (18 bytes)
Event: 44.687 Thread 0x00000277fe979940 nmethod 15177 0x0000027782162290 code [0x0000027782162460, 0x0000027782162878]
Event: 44.687 Thread 0x00000277fe979940 15178       3       androidx.compose.compiler.plugins.kotlin.lower.ComposableFunctionBodyTransformer$Scope::getFileScope (17 bytes)
Event: 44.688 Thread 0x00000277fe979940 nmethod 15178 0x0000027782162990 code [0x0000027782162b40, 0x0000027782162d88]
Event: 44.688 Thread 0x00000277fe979940 15179       1       androidx.compose.compiler.plugins.kotlin.lower.ComposableFunctionBodyTransformer$Scope$SourceLocation::getElement (5 bytes)
Event: 44.688 Thread 0x00000277fe979940 nmethod 15179 0x0000027788079290 code [0x0000027788079420, 0x00000277880794f8]
Event: 44.688 Thread 0x00000277fe979940 15176       3       kotlin.collections.ArraysKt___ArraysJvmKt::binarySearch$default (27 bytes)
Event: 44.689 Thread 0x00000277fe979940 nmethod 15176 0x0000027782162e90 code [0x00000277821630c0, 0x0000027782163838]
Event: 44.689 Thread 0x00000277fe979940 15180       3       kotlin.collections.CollectionsKt___CollectionsKt::sortedWith (92 bytes)

GC Heap History (20 events):
Event: 24.484 GC heap after
{Heap after GC invocations=36 (full 0):
 garbage-first heap   total 101376K, used 55734K [0x0000000081c00000, 0x0000000100000000)
  region size 1024K, 1 young (1024K), 1 survivors (1024K)
 Metaspace       used 59586K, committed 59840K, reserved 1114112K
  class space    used 6695K, committed 6784K, reserved 1048576K
}
Event: 25.509 GC heap before
{Heap before GC invocations=36 (full 0):
 garbage-first heap   total 101376K, used 82358K [0x0000000081c00000, 0x0000000100000000)
  region size 1024K, 27 young (27648K), 1 survivors (1024K)
 Metaspace       used 59695K, committed 59904K, reserved 1114112K
  class space    used 6695K, committed 6784K, reserved 1048576K
}
Event: 25.519 GC heap after
{Heap after GC invocations=37 (full 0):
 garbage-first heap   total 206848K, used 57095K [0x0000000081c00000, 0x0000000100000000)
  region size 1024K, 2 young (2048K), 2 survivors (2048K)
 Metaspace       used 59695K, committed 59904K, reserved 1114112K
  class space    used 6695K, committed 6784K, reserved 1048576K
}
Event: 28.794 GC heap before
{Heap before GC invocations=38 (full 0):
 garbage-first heap   total 206848K, used 144135K [0x0000000081c00000, 0x0000000100000000)
  region size 1024K, 85 young (87040K), 2 survivors (2048K)
 Metaspace       used 60071K, committed 60288K, reserved 1114112K
  class space    used 6696K, committed 6784K, reserved 1048576K
}
Event: 28.808 GC heap after
{Heap after GC invocations=39 (full 0):
 garbage-first heap   total 206848K, used 62071K [0x0000000081c00000, 0x0000000100000000)
  region size 1024K, 5 young (5120K), 5 survivors (5120K)
 Metaspace       used 60071K, committed 60288K, reserved 1114112K
  class space    used 6696K, committed 6784K, reserved 1048576K
}
Event: 28.987 GC heap before
{Heap before GC invocations=39 (full 0):
 garbage-first heap   total 206848K, used 67191K [0x0000000081c00000, 0x0000000100000000)
  region size 1024K, 10 young (10240K), 5 survivors (5120K)
 Metaspace       used 60076K, committed 60288K, reserved 1114112K
  class space    used 6696K, committed 6784K, reserved 1048576K
}
Event: 29.001 GC heap after
{Heap after GC invocations=40 (full 0):
 garbage-first heap   total 206848K, used 62380K [0x0000000081c00000, 0x0000000100000000)
  region size 1024K, 1 young (1024K), 1 survivors (1024K)
 Metaspace       used 60076K, committed 60288K, reserved 1114112K
  class space    used 6696K, committed 6784K, reserved 1048576K
}
Event: 32.385 GC heap before
{Heap before GC invocations=40 (full 0):
 garbage-first heap   total 206848K, used 166828K [0x0000000081c00000, 0x0000000100000000)
  region size 1024K, 103 young (105472K), 1 survivors (1024K)
 Metaspace       used 60208K, committed 60416K, reserved 1114112K
  class space    used 6696K, committed 6784K, reserved 1048576K
}
Event: 32.399 GC heap after
{Heap after GC invocations=41 (full 0):
 garbage-first heap   total 206848K, used 66548K [0x0000000081c00000, 0x0000000100000000)
  region size 1024K, 5 young (5120K), 5 survivors (5120K)
 Metaspace       used 60208K, committed 60416K, reserved 1114112K
  class space    used 6696K, committed 6784K, reserved 1048576K
}
Event: 36.005 GC heap before
{Heap before GC invocations=42 (full 0):
 garbage-first heap   total 206848K, used 172020K [0x0000000081c00000, 0x0000000100000000)
  region size 1024K, 103 young (105472K), 5 survivors (5120K)
 Metaspace       used 61206K, committed 61440K, reserved 1114112K
  class space    used 6834K, committed 6912K, reserved 1048576K
}
Event: 36.037 GC heap after
{Heap after GC invocations=43 (full 0):
 garbage-first heap   total 206848K, used 80132K [0x0000000081c00000, 0x0000000100000000)
  region size 1024K, 13 young (13312K), 13 survivors (13312K)
 Metaspace       used 61206K, committed 61440K, reserved 1114112K
  class space    used 6834K, committed 6912K, reserved 1048576K
}
Event: 36.047 GC heap before
{Heap before GC invocations=43 (full 0):
 garbage-first heap   total 206848K, used 81156K [0x0000000081c00000, 0x0000000100000000)
  region size 1024K, 14 young (14336K), 13 survivors (13312K)
 Metaspace       used 61206K, committed 61440K, reserved 1114112K
  class space    used 6834K, committed 6912K, reserved 1048576K
}
Event: 36.080 GC heap after
{Heap after GC invocations=44 (full 0):
 garbage-first heap   total 206848K, used 81933K [0x0000000081c00000, 0x0000000100000000)
  region size 1024K, 2 young (2048K), 2 survivors (2048K)
 Metaspace       used 61206K, committed 61440K, reserved 1114112K
  class space    used 6834K, committed 6912K, reserved 1048576K
}
Event: 38.926 GC heap before
{Heap before GC invocations=44 (full 0):
 garbage-first heap   total 206848K, used 166925K [0x0000000081c00000, 0x0000000100000000)
  region size 1024K, 85 young (87040K), 2 survivors (2048K)
 Metaspace       used 67226K, committed 67584K, reserved 1114112K
  class space    used 7436K, committed 7616K, reserved 1048576K
}
Event: 38.942 GC heap after
{Heap after GC invocations=45 (full 0):
 garbage-first heap   total 206848K, used 86006K [0x0000000081c00000, 0x0000000100000000)
  region size 1024K, 6 young (6144K), 6 survivors (6144K)
 Metaspace       used 67226K, committed 67584K, reserved 1114112K
  class space    used 7436K, committed 7616K, reserved 1048576K
}
Event: 42.407 GC heap before
{Heap before GC invocations=46 (full 0):
 garbage-first heap   total 206848K, used 161782K [0x0000000081c00000, 0x0000000100000000)
  region size 1024K, 85 young (87040K), 6 survivors (6144K)
 Metaspace       used 72099K, committed 72384K, reserved 1114112K
  class space    used 7915K, committed 8064K, reserved 1048576K
}
Event: 42.460 GC heap after
{Heap after GC invocations=47 (full 0):
 garbage-first heap   total 206848K, used 94840K [0x0000000081c00000, 0x0000000100000000)
  region size 1024K, 11 young (11264K), 11 survivors (11264K)
 Metaspace       used 72099K, committed 72384K, reserved 1114112K
  class space    used 7915K, committed 8064K, reserved 1048576K
}
Event: 42.486 GC heap before
{Heap before GC invocations=47 (full 0):
 garbage-first heap   total 206848K, used 95864K [0x0000000081c00000, 0x0000000100000000)
  region size 1024K, 12 young (12288K), 11 survivors (11264K)
 Metaspace       used 72102K, committed 72384K, reserved 1114112K
  class space    used 7915K, committed 8064K, reserved 1048576K
}
Event: 42.515 GC heap after
{Heap after GC invocations=48 (full 0):
 garbage-first heap   total 206848K, used 96554K [0x0000000081c00000, 0x0000000100000000)
  region size 1024K, 2 young (2048K), 2 survivors (2048K)
 Metaspace       used 72102K, committed 72384K, reserved 1114112K
  class space    used 7915K, committed 8064K, reserved 1048576K
}
Event: 44.691 GC heap before
{Heap before GC invocations=48 (full 0):
 garbage-first heap   total 206848K, used 163114K [0x0000000081c00000, 0x0000000100000000)
  region size 1024K, 67 young (68608K), 2 survivors (2048K)
 Metaspace       used 73411K, committed 73792K, reserved 1179648K
  class space    used 8022K, committed 8192K, reserved 1048576K
}

Dll operation events (2 events):
Event: 0.018 Loaded shared library C:\Users\HP\AppData\Local\Programs\Android Studio\jbr\bin\java.dll
Event: 5.595 Loaded shared library C:\Users\HP\AppData\Local\Programs\Android Studio\jbr\bin\verify.dll

Deoptimization events (20 events):
Event: 44.159 Thread 0x00000277f41eeb60 Uncommon trap: trap_request=0xffffff45 fr.pc=0x0000027787cab50c relative=0x00000000000002ec
Event: 44.160 Thread 0x00000277f41eeb60 Uncommon trap: reason=unstable_if action=reinterpret pc=0x0000027787cab50c method=java.util.ArrayList.add(ILjava/lang/Object;)V @ 29 c2
Event: 44.160 Thread 0x00000277f41eeb60 DEOPT PACKING pc=0x0000027787cab50c sp=0x000000c4800fab80
Event: 44.160 Thread 0x00000277f41eeb60 DEOPT UNPACKING pc=0x00000277875869a3 sp=0x000000c4800fab48 mode 2
Event: 44.621 Thread 0x00000277f41eeb60 Uncommon trap: trap_request=0xffffffc6 fr.pc=0x00000277880a0428 relative=0x00000000000009c8
Event: 44.621 Thread 0x00000277f41eeb60 Uncommon trap: reason=bimorphic_or_optimized_type_check action=maybe_recompile pc=0x00000277880a0428 method=org.jetbrains.kotlin.ir.util.IrTypeUtilsKt.isClassWithNamePrefix(Lorg/jetbrains/kotlin/ir/symbols/IrClassifierSymbol;Ljava/lang/String;Lorg/jetbrai
Event: 44.621 Thread 0x00000277f41eeb60 DEOPT PACKING pc=0x00000277880a0428 sp=0x000000c4800fba20
Event: 44.621 Thread 0x00000277f41eeb60 DEOPT UNPACKING pc=0x00000277875869a3 sp=0x000000c4800fb9d8 mode 2
Event: 44.621 Thread 0x00000277f41eeb60 Uncommon trap: trap_request=0xffffffc6 fr.pc=0x00000277880a0428 relative=0x00000000000009c8
Event: 44.621 Thread 0x00000277f41eeb60 Uncommon trap: reason=bimorphic_or_optimized_type_check action=maybe_recompile pc=0x00000277880a0428 method=org.jetbrains.kotlin.ir.util.IrTypeUtilsKt.isClassWithNamePrefix(Lorg/jetbrains/kotlin/ir/symbols/IrClassifierSymbol;Ljava/lang/String;Lorg/jetbrai
Event: 44.621 Thread 0x00000277f41eeb60 DEOPT PACKING pc=0x00000277880a0428 sp=0x000000c4800fb990
Event: 44.621 Thread 0x00000277f41eeb60 DEOPT UNPACKING pc=0x00000277875869a3 sp=0x000000c4800fb948 mode 2
Event: 44.630 Thread 0x00000277f41eeb60 Uncommon trap: trap_request=0xffffffc6 fr.pc=0x00000277880a0428 relative=0x00000000000009c8
Event: 44.630 Thread 0x00000277f41eeb60 Uncommon trap: reason=bimorphic_or_optimized_type_check action=maybe_recompile pc=0x00000277880a0428 method=org.jetbrains.kotlin.ir.util.IrTypeUtilsKt.isClassWithNamePrefix(Lorg/jetbrains/kotlin/ir/symbols/IrClassifierSymbol;Ljava/lang/String;Lorg/jetbrai
Event: 44.630 Thread 0x00000277f41eeb60 DEOPT PACKING pc=0x00000277880a0428 sp=0x000000c4800fd410
Event: 44.630 Thread 0x00000277f41eeb60 DEOPT UNPACKING pc=0x00000277875869a3 sp=0x000000c4800fd3c8 mode 2
Event: 44.630 Thread 0x00000277f41eeb60 Uncommon trap: trap_request=0xffffffc6 fr.pc=0x00000277880a0428 relative=0x00000000000009c8
Event: 44.630 Thread 0x00000277f41eeb60 Uncommon trap: reason=bimorphic_or_optimized_type_check action=maybe_recompile pc=0x00000277880a0428 method=org.jetbrains.kotlin.ir.util.IrTypeUtilsKt.isClassWithNamePrefix(Lorg/jetbrains/kotlin/ir/symbols/IrClassifierSymbol;Ljava/lang/String;Lorg/jetbrai
Event: 44.630 Thread 0x00000277f41eeb60 DEOPT PACKING pc=0x00000277880a0428 sp=0x000000c4800fd380
Event: 44.630 Thread 0x00000277f41eeb60 DEOPT UNPACKING pc=0x00000277875869a3 sp=0x000000c4800fd338 mode 2

Classes unloaded (0 events):
No events

Classes redefined (0 events):
No events

Internal exceptions (20 events):
Event: 34.659 Thread 0x00000277f41eeb60 Exception <a 'java/lang/NoSuchMethodError'{0x000000008a398d78}: 'java.lang.Object java.lang.invoke.DirectMethodHandle$Holder.invokeInterface(java.lang.Object, java.lang.Object, java.lang.Object)'> (0x000000008a398d78) 
thrown [s\src\hotspot\share\interpreter\linkResolver.cpp, line 771]
Event: 34.660 Thread 0x00000277f41eeb60 Exception <a 'java/lang/IncompatibleClassChangeError'{0x000000008a39c990}: Found class java.lang.Object, but interface was expected> (0x000000008a39c990) 
thrown [s\src\hotspot\share\interpreter\linkResolver.cpp, line 838]
Event: 34.668 Thread 0x00000277f41eeb60 Implicit null exception at 0x000002778810e50b to 0x000002778810f588
Event: 34.981 Thread 0x00000277f41eeb60 Implicit null exception at 0x0000027787ef9f33 to 0x0000027787efa0a0
Event: 35.098 Thread 0x00000277f41eeb60 Exception <a 'java/lang/NoSuchMethodError'{0x0000000089b2cec0}: 'java.lang.Object java.lang.invoke.DirectMethodHandle$Holder.newInvokeSpecial(java.lang.Object, java.lang.Object, java.lang.Object, java.lang.Object, java.lang.Object, java.lang.Object, java.lang.Object)'> (0x0000000089b2cec0) 
thrown [s\src\hotspot\share\interpreter\linkResolver.cpp, line 771]
Event: 35.099 Thread 0x00000277f41eeb60 Exception <a 'java/lang/NoSuchMethodError'{0x0000000089b31d20}: 'java.lang.Object java.lang.invoke.Invokers$Holder.linkToTargetMethod(java.lang.Object, java.lang.Object, java.lang.Object, java.lang.Object, java.lang.Object, java.lang.Object, java.lang.Object)'> (0x0000000089b31d20) 
thrown [s\src\hotspot\share\interpreter\linkResolver.cpp, line 771]
Event: 36.131 Thread 0x00000277f41eeb60 Exception <a 'java/lang/NoSuchMethodError'{0x000000008e05ec88}: 'java.lang.Object java.lang.invoke.DirectMethodHandle$Holder.newInvokeSpecial(java.lang.Object, int, java.lang.Object)'> (0x000000008e05ec88) 
thrown [s\src\hotspot\share\interpreter\linkResolver.cpp, line 771]
Event: 36.133 Thread 0x00000277f41eeb60 Exception <a 'java/lang/NoSuchMethodError'{0x000000008e065ad8}: 'int java.lang.invoke.DirectMethodHandle$Holder.invokeInterface(java.lang.Object, java.lang.Object)'> (0x000000008e065ad8) 
thrown [s\src\hotspot\share\interpreter\linkResolver.cpp, line 771]
Event: 36.719 Thread 0x00000277f41eeb60 Exception <a 'java/lang/NoSuchMethodError'{0x000000008d694bb8}: 'java.lang.Object java.lang.invoke.DirectMethodHandle$Holder.invokeStatic(java.lang.Object, int, java.lang.Object)'> (0x000000008d694bb8) 
thrown [s\src\hotspot\share\interpreter\linkResolver.cpp, line 771]
Event: 36.786 Thread 0x00000277f41eeb60 Implicit null exception at 0x0000027787e43c77 to 0x0000027787e45460
Event: 37.253 Thread 0x00000277f41eeb60 Implicit null exception at 0x0000027787b637ef to 0x0000027787b639c4
Event: 38.368 Thread 0x00000277f41eeb60 Exception <a 'java/lang/NoSuchMethodError'{0x000000008a1e65c0}: 'java.lang.Object java.lang.invoke.DirectMethodHandle$Holder.invokeStaticInit(java.lang.Object, java.lang.Object, java.lang.Object, java.lang.Object)'> (0x000000008a1e65c0) 
thrown [s\src\hotspot\share\interpreter\linkResolver.cpp, line 771]
Event: 38.854 Thread 0x00000277f41eeb60 Exception <a 'java/lang/NoSuchMethodError'{0x00000000892d8400}: 'java.lang.Object java.lang.invoke.DirectMethodHandle$Holder.newInvokeSpecial(java.lang.Object, java.lang.Object, java.lang.Object, int, int)'> (0x00000000892d8400) 
thrown [s\src\hotspot\share\interpreter\linkResolver.cpp, line 771]
Event: 38.855 Thread 0x00000277f41eeb60 Exception <a 'java/lang/NoSuchMethodError'{0x00000000892dc240}: 'java.lang.Object java.lang.invoke.DirectMethodHandle$Holder.invokeSpecial(java.lang.Object, java.lang.Object, java.lang.Object, java.lang.Object, int, int)'> (0x00000000892dc240) 
thrown [s\src\hotspot\share\interpreter\linkResolver.cpp, line 771]
Event: 40.367 Thread 0x00000277f41eeb60 Implicit null exception at 0x0000027787b3d46f to 0x0000027787b3d6b4
Event: 40.424 Thread 0x00000277f41eeb60 Exception <a 'java/lang/NoSuchMethodError'{0x000000008d0fb4c8}: 'java.lang.Object java.lang.invoke.DirectMethodHandle$Holder.invokeSpecial(java.lang.Object, java.lang.Object, int, int, java.lang.Object, java.lang.Object, java.lang.Object, java.lang.Object, java.lang.Object)'> (0x000000008d0fb4c8) 
thrown [s\src\hotspot\share\interpreter\linkResolver.cpp, line 771]
Event: 40.443 Thread 0x00000277f41eeb60 Exception <a 'java/lang/NoSuchMethodError'{0x000000008cf42420}: 'java.lang.Object java.lang.invoke.DirectMethodHandle$Holder.newInvokeSpecial(java.lang.Object, java.lang.Object, int, int, java.lang.Object, java.lang.Object, java.lang.Object)'> (0x000000008cf42420) 
thrown [s\src\hotspot\share\interpreter\linkResolver.cpp, line 771]
Event: 40.443 Thread 0x00000277f41eeb60 Exception <a 'java/lang/NoSuchMethodError'{0x000000008cf46d60}: 'java.lang.Object java.lang.invoke.DirectMethodHandle$Holder.invokeSpecial(java.lang.Object, java.lang.Object, java.lang.Object, int, int, java.lang.Object, java.lang.Object, java.lang.Object)'> (0x000000008cf46d60) 
thrown [s\src\hotspot\share\interpreter\linkResolver.cpp, line 771]
Event: 40.583 Thread 0x00000277f41eeb60 Exception <a 'java/lang/NoSuchMethodError'{0x000000008cdb0e10}: 'java.lang.Object java.lang.invoke.DirectMethodHandle$Holder.newInvokeSpecial(java.lang.Object, int, java.lang.Object, java.lang.Object)'> (0x000000008cdb0e10) 
thrown [s\src\hotspot\share\interpreter\linkResolver.cpp, line 771]
Event: 41.336 Thread 0x00000277f41eeb60 Implicit null exception at 0x00000277881780c0 to 0x00000277881792e0

VM Operations (20 events):
Event: 42.721 Executing VM operation: HandshakeAllThreads done
Event: 42.723 Executing VM operation: HandshakeAllThreads
Event: 42.723 Executing VM operation: HandshakeAllThreads done
Event: 42.726 Executing VM operation: HandshakeAllThreads
Event: 42.726 Executing VM operation: HandshakeAllThreads done
Event: 42.750 Executing VM operation: ICBufferFull
Event: 42.750 Executing VM operation: ICBufferFull done
Event: 42.902 Executing VM operation: ICBufferFull
Event: 42.902 Executing VM operation: ICBufferFull done
Event: 43.165 Executing VM operation: HandshakeAllThreads
Event: 43.165 Executing VM operation: HandshakeAllThreads done
Event: 43.209 Executing VM operation: ICBufferFull
Event: 43.209 Executing VM operation: ICBufferFull done
Event: 43.337 Executing VM operation: HandshakeAllThreads
Event: 43.338 Executing VM operation: HandshakeAllThreads done
Event: 43.758 Executing VM operation: ICBufferFull
Event: 43.759 Executing VM operation: ICBufferFull done
Event: 44.327 Executing VM operation: ICBufferFull
Event: 44.327 Executing VM operation: ICBufferFull done
Event: 44.689 Executing VM operation: G1CollectForAllocation

Events (20 events):
Event: 43.374 Thread 0x00000277fe9933e0 flushing nmethod 0x0000027781c6ec10
Event: 43.374 Thread 0x00000277fe9933e0 flushing nmethod 0x0000027781c70c10
Event: 43.374 Thread 0x00000277fe9933e0 flushing nmethod 0x0000027781c76e90
Event: 43.374 Thread 0x00000277fe9933e0 flushing nmethod 0x0000027781c79410
Event: 43.374 Thread 0x00000277fe9933e0 flushing nmethod 0x0000027781c85a10
Event: 43.374 Thread 0x00000277fe9933e0 flushing nmethod 0x0000027781c86710
Event: 43.374 Thread 0x00000277fe9933e0 flushing nmethod 0x0000027781c8b510
Event: 43.374 Thread 0x00000277fe9933e0 flushing nmethod 0x0000027781c91a90
Event: 43.374 Thread 0x00000277fe9933e0 flushing nmethod 0x0000027781cbed90
Event: 43.375 Thread 0x00000277fe9933e0 flushing nmethod 0x0000027781d14c10
Event: 43.375 Thread 0x00000277fe9933e0 flushing nmethod 0x0000027781d16010
Event: 43.375 Thread 0x00000277fe9933e0 flushing nmethod 0x0000027781d1a310
Event: 43.375 Thread 0x00000277fe9933e0 flushing nmethod 0x0000027781d1e810
Event: 43.375 Thread 0x00000277fe9933e0 flushing nmethod 0x0000027781d52b90
Event: 43.375 Thread 0x00000277fe9933e0 flushing nmethod 0x0000027781d5c090
Event: 43.375 Thread 0x00000277fe9933e0 flushing nmethod 0x0000027781d61510
Event: 44.679 loading class java/lang/invoke/BoundMethodHandle$Species_LLLLLLLLLL
Event: 44.680 loading class java/lang/invoke/BoundMethodHandle$Species_LLLLLLLLLL done
Event: 44.683 loading class java/lang/invoke/BoundMethodHandle$Species_LLLLLLLLLLL
Event: 44.683 loading class java/lang/invoke/BoundMethodHandle$Species_LLLLLLLLLLL done


Dynamic libraries:
0x00007ff74cea0000 - 0x00007ff74ceaa000 	C:\Users\HP\AppData\Local\Programs\Android Studio\jbr\bin\java.exe
0x00007ff818b90000 - 0x00007ff818d88000 	C:\Windows\SYSTEM32\ntdll.dll
0x00007ff8170b0000 - 0x00007ff817172000 	C:\Windows\System32\KERNEL32.DLL
0x00007ff8163d0000 - 0x00007ff8166ce000 	C:\Windows\System32\KERNELBASE.dll
0x00007ff816230000 - 0x00007ff816330000 	C:\Windows\System32\ucrtbase.dll
0x00007ff803e60000 - 0x00007ff803e77000 	C:\Users\HP\AppData\Local\Programs\Android Studio\jbr\bin\jli.dll
0x00007ff804240000 - 0x00007ff80425b000 	C:\Users\HP\AppData\Local\Programs\Android Studio\jbr\bin\VCRUNTIME140.dll
0x00007ff816f10000 - 0x00007ff8170ad000 	C:\Windows\System32\USER32.dll
0x00007ffffeb00000 - 0x00007ffffed9a000 	C:\Windows\WinSxS\amd64_microsoft.windows.common-controls_6595b64144ccf1df_6.0.19041.4355_none_60b8b9eb71f62e16\COMCTL32.dll
0x00007ff817640000 - 0x00007ff8176de000 	C:\Windows\System32\msvcrt.dll
0x00007ff816700000 - 0x00007ff816722000 	C:\Windows\System32\win32u.dll
0x00007ff818b20000 - 0x00007ff818b4b000 	C:\Windows\System32\GDI32.dll
0x00007ff8167f0000 - 0x00007ff816907000 	C:\Windows\System32\gdi32full.dll
0x00007ff816330000 - 0x00007ff8163cd000 	C:\Windows\System32\msvcp_win.dll
0x00007ff8172f0000 - 0x00007ff81731f000 	C:\Windows\System32\IMM32.DLL
0x00007ff813490000 - 0x00007ff81349c000 	C:\Users\HP\AppData\Local\Programs\Android Studio\jbr\bin\vcruntime140_1.dll
0x00007fffe2ab0000 - 0x00007fffe2b3d000 	C:\Users\HP\AppData\Local\Programs\Android Studio\jbr\bin\msvcp140.dll
0x00007fffb3eb0000 - 0x00007fffb4b33000 	C:\Users\HP\AppData\Local\Programs\Android Studio\jbr\bin\server\jvm.dll
0x00007ff817aa0000 - 0x00007ff817b51000 	C:\Windows\System32\ADVAPI32.dll
0x00007ff8182d0000 - 0x00007ff81836f000 	C:\Windows\System32\sechost.dll
0x00007ff816d80000 - 0x00007ff816ea3000 	C:\Windows\System32\RPCRT4.dll
0x00007ff8166d0000 - 0x00007ff8166f7000 	C:\Windows\System32\bcrypt.dll
0x00007ff815fe0000 - 0x00007ff81602b000 	C:\Windows\SYSTEM32\POWRPROF.dll
0x00007ffff4c50000 - 0x00007ffff4c77000 	C:\Windows\SYSTEM32\WINMM.dll
0x00007ff811410000 - 0x00007ff81141a000 	C:\Windows\SYSTEM32\VERSION.dll
0x00007fffff110000 - 0x00007fffff119000 	C:\Windows\SYSTEM32\WSOCK32.dll
0x00007ff817320000 - 0x00007ff81738b000 	C:\Windows\System32\WS2_32.dll
0x00007ff815fc0000 - 0x00007ff815fd2000 	C:\Windows\SYSTEM32\UMPDC.dll
0x00007ff8140b0000 - 0x00007ff8140c2000 	C:\Windows\SYSTEM32\kernel.appcore.dll
0x00007ff8131f0000 - 0x00007ff8131fa000 	C:\Users\HP\AppData\Local\Programs\Android Studio\jbr\bin\jimage.dll
0x00007ff804670000 - 0x00007ff804854000 	C:\Windows\SYSTEM32\DBGHELP.DLL
0x00007ffff18d0000 - 0x00007ffff1904000 	C:\Windows\SYSTEM32\dbgcore.DLL
0x00007ff8169c0000 - 0x00007ff816a42000 	C:\Windows\System32\bcryptPrimitives.dll
0x00007ff810250000 - 0x00007ff810275000 	C:\Users\HP\AppData\Local\Programs\Android Studio\jbr\bin\java.dll
0x00007ff8130f0000 - 0x00007ff813108000 	C:\Users\HP\AppData\Local\Programs\Android Studio\jbr\bin\zip.dll
0x00007ff817b60000 - 0x00007ff8182cd000 	C:\Windows\System32\SHELL32.dll
0x00007ff8142b0000 - 0x00007ff814a54000 	C:\Windows\SYSTEM32\windows.storage.dll
0x00007ff817740000 - 0x00007ff817a93000 	C:\Windows\System32\combase.dll
0x00007ff815bf0000 - 0x00007ff815c1e000 	C:\Windows\SYSTEM32\Wldp.dll
0x00007ff817550000 - 0x00007ff81761d000 	C:\Windows\System32\OLEAUT32.dll
0x00007ff817240000 - 0x00007ff8172ed000 	C:\Windows\System32\SHCORE.dll
0x00007ff8176e0000 - 0x00007ff817735000 	C:\Windows\System32\shlwapi.dll
0x00007ff816160000 - 0x00007ff816184000 	C:\Windows\SYSTEM32\profapi.dll
0x00007ff810ed0000 - 0x00007ff810ee9000 	C:\Users\HP\AppData\Local\Programs\Android Studio\jbr\bin\net.dll
0x00007ff80ee30000 - 0x00007ff80ef3d000 	C:\Windows\SYSTEM32\WINHTTP.dll
0x00007ff815950000 - 0x00007ff8159ba000 	C:\Windows\system32\mswsock.dll
0x00007ff8101e0000 - 0x00007ff8101f6000 	C:\Users\HP\AppData\Local\Programs\Android Studio\jbr\bin\nio.dll
0x00007ff810240000 - 0x00007ff810250000 	C:\Users\HP\AppData\Local\Programs\Android Studio\jbr\bin\verify.dll

dbghelp: loaded successfully - version: 4.0.5 - missing functions: none
symbol engine: initialized successfully - sym options: 0x614 - pdb path: .;C:\Users\HP\AppData\Local\Programs\Android Studio\jbr\bin;C:\Windows\SYSTEM32;C:\Windows\WinSxS\amd64_microsoft.windows.common-controls_6595b64144ccf1df_6.0.19041.4355_none_60b8b9eb71f62e16;C:\Users\HP\AppData\Local\Programs\Android Studio\jbr\bin\server

VM Arguments:
java_command: org.jetbrains.kotlin.cli.jvm.K2JVMCompiler @C:\Users\HP\Desktop\MVVM\app\build\20241114_14912612168590283235.compiler.options
java_class_path (initial): C:\Users\HP\.gradle\caches\modules-2\files-2.1\org.jetbrains.kotlin\kotlin-compiler-embeddable\1.9.0\2c8c3a7402becca891f12739b3e9fd2dc2adbd7a\kotlin-compiler-embeddable-1.9.0.jar;C:\Users\HP\.gradle\caches\modules-2\files-2.1\org.jetbrains.kotlin\kotlin-stdlib\1.9.0\8ee15ef0c67dc83d874f412d84378d7f0eb50b63\kotlin-stdlib-1.9.0.jar;C:\Users\HP\.gradle\caches\modules-2\files-2.1\org.jetbrains.kotlin\kotlin-script-runtime\1.9.0\4b3102cbbb7e1b58d9d1adf89563f00069ffa7d1\kotlin-script-runtime-1.9.0.jar;C:\Users\HP\.gradle\caches\modules-2\files-2.1\org.jetbrains.kotlin\kotlin-reflect\1.6.10\1cbe9c92c12a94eea200d23c2bbaedaf3daf5132\kotlin-reflect-1.6.10.jar;C:\Users\HP\.gradle\caches\modules-2\files-2.1\org.jetbrains.kotlin\kotlin-daemon-embeddable\1.9.0\186543f5e28cf8d9a0290fecc2cf34301c40a65c\kotlin-daemon-embeddable-1.9.0.jar;C:\Users\HP\.gradle\caches\modules-2\files-2.1\org.jetbrains.intellij.deps\trove4j\1.0.20200330\3afb14d5f9ceb459d724e907a21145e8ff394f02\trove4j-1.0.20200330.jar;C:\Users\HP\.gradle\caches\modules-2\files-2.1\org.jetbrains.kotlin\kotlin-stdlib-common\1.9.0\cd65c21cfd1eec4d44ef09f9f52b6d9f8a720636\kotlin-stdlib-common-1.9.0.jar;C:\Users\HP\.gradle\caches\modules-2\files-2.1\org.jetbrains\annotations\13.0\919f0dfe192fb4e063e7dacadee7f8bb9a2672a9\annotations-13.0.jar
Launcher Type: SUN_STANDARD

[Global flags]
     intx CICompilerCount                          = 3                                         {product} {ergonomic}
     uint ConcGCThreads                            = 1                                         {product} {ergonomic}
     uint G1ConcRefinementThreads                  = 4                                         {product} {ergonomic}
   size_t G1HeapRegionSize                         = 1048576                                   {product} {ergonomic}
    uintx GCDrainStackTargetSize                   = 64                                        {product} {ergonomic}
   size_t InitialHeapSize                          = 134217728                                 {product} {ergonomic}
   size_t MarkStackSize                            = 4194304                                   {product} {ergonomic}
   size_t MaxHeapSize                              = 2118123520                                {product} {ergonomic}
   size_t MaxNewSize                               = 1270874112                                {product} {ergonomic}
   size_t MinHeapDeltaBytes                        = 1048576                                   {product} {ergonomic}
   size_t MinHeapSize                              = 8388608                                   {product} {ergonomic}
    uintx NonNMethodCodeHeapSize                   = 5832780                                {pd product} {ergonomic}
    uintx NonProfiledCodeHeapSize                  = 122912730                              {pd product} {ergonomic}
    uintx ProfiledCodeHeapSize                     = 122912730                              {pd product} {ergonomic}
    uintx ReservedCodeCacheSize                    = 251658240                              {pd product} {ergonomic}
     bool SegmentedCodeCache                       = true                                      {product} {ergonomic}
   size_t SoftMaxHeapSize                          = 2118123520                             {manageable} {ergonomic}
     bool UseCompressedClassPointers               = true                           {product lp64_product} {ergonomic}
     bool UseCompressedOops                        = true                           {product lp64_product} {ergonomic}
     bool UseG1GC                                  = true                                      {product} {ergonomic}
     bool UseLargePagesIndividualAllocation        = false                                  {pd product} {ergonomic}

Logging:
Log output configuration:
 #0: stdout all=warning uptime,level,tags
 #1: stderr all=off uptime,level,tags

Environment Variables:
PATH=C:\Windows\system32;C:\Windows;C:\Windows\System32\Wbem;C:\Windows\System32\WindowsPowerShell\v1.0\;C:\Windows\System32\OpenSSH\;C:\Program Files\Git\cmd;C:\Users\HP\AppData\Local\Programs\Python\Python312\Scripts\;C:\Users\HP\AppData\Local\Programs\Python\Python312\;C:\Users\HP\AppData\Local\Programs\Python\Launcher\;C:\Users\HP\AppData\Local\Microsoft\WindowsApps;C:\Users\HP\AppData\Local\JetBrains\Toolbox\scripts;C:\Users\HP\AppData\Local\Programs\Microsoft VS Code\bin;C:\Users\HP\AppData\Local\GitHubDesktop\bin
USERNAME=HP
OS=Windows_NT
PROCESSOR_IDENTIFIER=Intel64 Family 6 Model 78 Stepping 3, GenuineIntel
TMP=C:\Users\HP\AppData\Local\Temp
TEMP=C:\Users\HP\AppData\Local\Temp



Periodic native trim disabled

JNI global refs:
JNI global refs: 12, weak refs: 7

JNI global refs memory usage: 843, weak refs: 841

Process memory usage:
Resident Set Size: 419544K (5% of 8266332K total physical memory with 434632K free physical memory)

OOME stack traces (most recent first):
Classloader memory used:
Loader jdk.internal.loader.ClassLoaders$AppClassLoader                                 : 7445K
Loader bootstrap                                                                       : 1401K
Loader java.net.URLClassLoader                                                         : 312K
Loader jdk.internal.reflect.DelegatingClassLoader                                      : 18158B


---------------  S Y S T E M  ---------------

OS:
 Windows 10 , 64 bit Build 19041 (10.0.19041.5072)
OS uptime: 1 days 3:08 hours

CPU: total 4 (initial active 4) (2 cores per cpu, 2 threads per core) family 6 model 78 stepping 3 microcode 0xcc, cx8, cmov, fxsr, ht, mmx, 3dnowpref, sse, sse2, sse3, ssse3, sse4.1, sse4.2, popcnt, lzcnt, tsc, tscinvbit, avx, avx2, aes, erms, clmul, bmi1, bmi2, rtm, adx, fma, vzeroupper, clflush, clflushopt
Processor Information for all 4 processors :
  Max Mhz: 2496, Current Mhz: 1497, Mhz Limit: 2396

Memory: 4k page, system-wide physical 8072M (424M free)
TotalPageFile size 9977M (AvailPageFile size 203M)
current process WorkingSet (physical memory assigned to process): 409M, peak: 423M
current process commit charge ("private bytes"): 448M, peak: 854M

vm_info: OpenJDK 64-Bit Server VM (17.0.11+0--11852314) for windows-amd64 JRE (17.0.11+0--11852314), built on May 16 2024 21:29:20 by "androidbuild" with MS VC++ 16.10 / 16.11 (VS2019)

END.
