#
# There is insufficient memory for the Java Runtime Environment to continue.
# Native memory allocation (malloc) failed to allocate 1580176 bytes. Error detail: Chunk::new
# Possible reasons:
#   The system is out of physical RAM or swap space
#   This process is running with CompressedOops enabled, and the Java Heap may be blocking the growth of the native heap
# Possible solutions:
#   Reduce memory load on the system
#   Increase physical memory or swap space
#   Check if swap backing store is full
#   Decrease Java heap size (-Xmx/-Xms)
#   Decrease number of Java threads
#   Decrease Java thread stack sizes (-Xss)
#   Set larger code cache with -XX:ReservedCodeCacheSize=
#   JVM is running with Unscaled Compressed Oops mode in which the Java heap is
#     placed in the first 4GB address space. The Java Heap base address is the
#     maximum limit for the native heap growth. Please use -XX:HeapBaseMinAddress
#     to set the Java Heap base and to place the Java Heap above 4GB virtual address.
# This output file may be truncated or incomplete.
#
#  Out of Memory Error (arena.cpp:191), pid=12748, tid=10544
#
# JRE version: OpenJDK Runtime Environment (17.0.11) (build 17.0.11+0--11852314)
# Java VM: OpenJDK 64-Bit Server VM (17.0.11+0--11852314, mixed mode, tiered, compressed oops, compressed class ptrs, g1 gc, windows-amd64)
# No core dump will be written. Minidumps are not enabled by default on client versions of Windows
#

---------------  S U M M A R Y ------------

Command Line: org.jetbrains.kotlin.cli.jvm.K2JVMCompiler @C:\Users\HP\Desktop\MVVM\app\build\20241112_7038951388490007472.compiler.options

Host: Intel(R) Core(TM) i5-6300U CPU @ 2.40GHz, 4 cores, 7G,  Windows 10 , 64 bit Build 19041 (10.0.19041.5072)
Time: Tue Nov 12 03:05:47 2024 Pacific Standard Time elapsed time: 19.981309 seconds (0d 0h 0m 19s)

---------------  T H R E A D  ---------------

Current thread (0x000001e7ef73dba0):  JavaThread "C2 CompilerThread0" daemon [_thread_in_native, id=10544, stack(0x0000008f4d300000,0x0000008f4d400000)]


Current CompileTask:
C2:  19981 10213       4       org.jetbrains.kotlin.resolve.calls.checkers.ImplicitNothingAsTypeParameterCallChecker::getSubResolvedAtomsToAnalyze (563 bytes)

Stack: [0x0000008f4d300000,0x0000008f4d400000]
Native frames: (J=compiled Java code, j=interpreted, Vv=VM code, C=native code)
V  [jvm.dll+0x687bb9]
V  [jvm.dll+0x84142a]
V  [jvm.dll+0x8430ae]
V  [jvm.dll+0x843713]
V  [jvm.dll+0x24a35f]
V  [jvm.dll+0xac544]
V  [jvm.dll+0xacb8c]
V  [jvm.dll+0x369be2]
V  [jvm.dll+0x33416a]
V  [jvm.dll+0x33360a]
V  [jvm.dll+0x21bed1]
V  [jvm.dll+0x21b311]
V  [jvm.dll+0x1a63ed]
V  [jvm.dll+0x22b1ee]
V  [jvm.dll+0x229375]
V  [jvm.dll+0x7f5647]
V  [jvm.dll+0x7efa4a]
V  [jvm.dll+0x686a35]
C  [ucrtbase.dll+0x21bb2]
C  [KERNEL32.DLL+0x17374]
C  [ntdll.dll+0x4cc91]


---------------  P R O C E S S  ---------------

Threads class SMR info:
_java_thread_list=0x000001e7f731c560, length=12, elements={
0x000001e7d417f690, 0x000001e7ef5da260, 0x000001e7ef5daff0, 0x000001e7ef743a60,
0x000001e7ef744530, 0x000001e7ef739980, 0x000001e7ef73a250, 0x000001e7ef73dba0,
0x000001e7ef73e4b0, 0x000001e7ef73edc0, 0x000001e7ef8c4010, 0x000001e7ef8c35f0
}

Java Threads: ( => current thread )
  0x000001e7d417f690 JavaThread "main" [_thread_in_Java, id=14252, stack(0x0000008f4c600000,0x0000008f4c700000)]
  0x000001e7ef5da260 JavaThread "Reference Handler" daemon [_thread_blocked, id=6160, stack(0x0000008f4cd00000,0x0000008f4ce00000)]
  0x000001e7ef5daff0 JavaThread "Finalizer" daemon [_thread_blocked, id=9540, stack(0x0000008f4ce00000,0x0000008f4cf00000)]
  0x000001e7ef743a60 JavaThread "Signal Dispatcher" daemon [_thread_blocked, id=6736, stack(0x0000008f4cf00000,0x0000008f4d000000)]
  0x000001e7ef744530 JavaThread "Attach Listener" daemon [_thread_blocked, id=11308, stack(0x0000008f4d000000,0x0000008f4d100000)]
  0x000001e7ef739980 JavaThread "Service Thread" daemon [_thread_blocked, id=8416, stack(0x0000008f4d100000,0x0000008f4d200000)]
  0x000001e7ef73a250 JavaThread "Monitor Deflation Thread" daemon [_thread_blocked, id=7804, stack(0x0000008f4d200000,0x0000008f4d300000)]
=>0x000001e7ef73dba0 JavaThread "C2 CompilerThread0" daemon [_thread_in_native, id=10544, stack(0x0000008f4d300000,0x0000008f4d400000)]
  0x000001e7ef73e4b0 JavaThread "C1 CompilerThread0" daemon [_thread_blocked, id=7836, stack(0x0000008f4d400000,0x0000008f4d500000)]
  0x000001e7ef73edc0 JavaThread "Sweeper thread" daemon [_thread_blocked, id=12064, stack(0x0000008f4d500000,0x0000008f4d600000)]
  0x000001e7ef8c4010 JavaThread "Notification Thread" daemon [_thread_blocked, id=5172, stack(0x0000008f4d600000,0x0000008f4d700000)]
  0x000001e7ef8c35f0 JavaThread "Common-Cleaner" daemon [_thread_blocked, id=7464, stack(0x0000008f4d800000,0x0000008f4d900000)]

Other Threads:
  0x000001e7ef59df40 VMThread "VM Thread" [stack: 0x0000008f4cc00000,0x0000008f4cd00000] [id=9092]
  0x000001e7ef8c8590 WatcherThread [stack: 0x0000008f4d700000,0x0000008f4d800000] [id=10424]
  0x000001e7d41d8ec0 GCTaskThread "GC Thread#0" [stack: 0x0000008f4c700000,0x0000008f4c800000] [id=12052]
  0x000001e7f41bb730 GCTaskThread "GC Thread#1" [stack: 0x0000008f4d900000,0x0000008f4da00000] [id=10220]
  0x000001e7f41d3a90 GCTaskThread "GC Thread#2" [stack: 0x0000008f4da00000,0x0000008f4db00000] [id=10244]
  0x000001e7efabafd0 GCTaskThread "GC Thread#3" [stack: 0x0000008f4db00000,0x0000008f4dc00000] [id=6280]
  0x000001e7d41e9a90 ConcurrentGCThread "G1 Main Marker" [stack: 0x0000008f4c800000,0x0000008f4c900000] [id=10732]
  0x000001e7d41eac50 ConcurrentGCThread "G1 Conc#0" [stack: 0x0000008f4c900000,0x0000008f4ca00000] [id=13668]
  0x000001e7ef4120c0 ConcurrentGCThread "G1 Refine#0" [stack: 0x0000008f4ca00000,0x0000008f4cb00000] [id=12848]
  0x000001e7d4236f50 ConcurrentGCThread "G1 Service" [stack: 0x0000008f4cb00000,0x0000008f4cc00000] [id=11904]

Threads with active compile tasks:
C2 CompilerThread0    20019 10213       4       org.jetbrains.kotlin.resolve.calls.checkers.ImplicitNothingAsTypeParameterCallChecker::getSubResolvedAtomsToAnalyze (563 bytes)

VM state: not at safepoint (normal execution)

VM Mutex/Monitor currently owned by a thread: None

Heap address: 0x0000000081c00000, size: 2020 MB, Compressed Oops mode: 32-bit

CDS archive(s) not mapped
Compressed class space mapped at: 0x0000000100000000-0x0000000140000000, reserved size: 1073741824
Narrow klass base: 0x0000000000000000, Narrow klass shift: 3, Narrow klass range: 0x140000000

GC Precious Log:
 CPUs: 4 total, 4 available
 Memory: 8072M
 Large Page Support: Disabled
 NUMA Support: Disabled
 Compressed Oops: Enabled (32-bit)
 Heap Region Size: 1M
 Heap Min Capacity: 8M
 Heap Initial Capacity: 128M
 Heap Max Capacity: 2020M
 Pre-touch: Disabled
 Parallel Workers: 4
 Concurrent Workers: 1
 Concurrent Refinement Workers: 4
 Periodic GC: Disabled

Heap:
 garbage-first heap   total 121856K, used 94208K [0x0000000081c00000, 0x0000000100000000)
  region size 1024K, 34 young (34816K), 1 survivors (1024K)
 Metaspace       used 59634K, committed 59904K, reserved 1114112K
  class space    used 6664K, committed 6784K, reserved 1048576K

Heap Regions: E=young(eden), S=young(survivor), O=old, HS=humongous(starts), HC=humongous(continues), CS=collection set, F=free, OA=open archive, CA=closed archive, TAMS=top-at-mark-start (previous, next)
|   0|0x0000000081c00000, 0x0000000081d00000, 0x0000000081d00000|100%|HS|  |TAMS 0x0000000081d00000, 0x0000000081c00000| Complete 
|   1|0x0000000081d00000, 0x0000000081e00000, 0x0000000081e00000|100%|HC|  |TAMS 0x0000000081e00000, 0x0000000081d00000| Complete 
|   2|0x0000000081e00000, 0x0000000081f00000, 0x0000000081f00000|100%|HC|  |TAMS 0x0000000081f00000, 0x0000000081e00000| Complete 
|   3|0x0000000081f00000, 0x0000000082000000, 0x0000000082000000|100%|HC|  |TAMS 0x0000000082000000, 0x0000000081f00000| Complete 
|   4|0x0000000082000000, 0x00000000820fe000, 0x0000000082100000| 99%| O|  |TAMS 0x00000000820fe000, 0x0000000082000000| Untracked 
|   5|0x0000000082100000, 0x0000000082200000, 0x0000000082200000|100%| O|  |TAMS 0x0000000082200000, 0x0000000082100000| Untracked 
|   6|0x0000000082200000, 0x0000000082300000, 0x0000000082300000|100%| O|  |TAMS 0x0000000082300000, 0x0000000082200000| Untracked 
|   7|0x0000000082300000, 0x0000000082400000, 0x0000000082400000|100%| O|  |TAMS 0x0000000082400000, 0x0000000082300000| Untracked 
|   8|0x0000000082400000, 0x0000000082500000, 0x0000000082500000|100%| O|  |TAMS 0x0000000082500000, 0x0000000082400000| Untracked 
|   9|0x0000000082500000, 0x0000000082600000, 0x0000000082600000|100%| O|  |TAMS 0x0000000082600000, 0x0000000082500000| Untracked 
|  10|0x0000000082600000, 0x0000000082700000, 0x0000000082700000|100%| O|  |TAMS 0x0000000082700000, 0x0000000082600000| Untracked 
|  11|0x0000000082700000, 0x0000000082800000, 0x0000000082800000|100%| O|  |TAMS 0x0000000082800000, 0x0000000082700000| Untracked 
|  12|0x0000000082800000, 0x0000000082900000, 0x0000000082900000|100%| O|  |TAMS 0x0000000082900000, 0x0000000082800000| Untracked 
|  13|0x0000000082900000, 0x0000000082a00000, 0x0000000082a00000|100%| O|  |TAMS 0x0000000082a00000, 0x0000000082900000| Untracked 
|  14|0x0000000082a00000, 0x0000000082b00000, 0x0000000082b00000|100%| O|  |TAMS 0x0000000082b00000, 0x0000000082a00000| Untracked 
|  15|0x0000000082b00000, 0x0000000082c00000, 0x0000000082c00000|100%| O|  |TAMS 0x0000000082b00000, 0x0000000082b00000| Untracked 
|  16|0x0000000082c00000, 0x0000000082d00000, 0x0000000082d00000|100%| O|  |TAMS 0x0000000082d00000, 0x0000000082c00000| Untracked 
|  17|0x0000000082d00000, 0x0000000082d00000, 0x0000000082e00000|  0%| F|  |TAMS 0x0000000082d00000, 0x0000000082d00000| Untracked 
|  18|0x0000000082e00000, 0x0000000082f00000, 0x0000000082f00000|100%| O|  |TAMS 0x0000000082f00000, 0x0000000082e00000| Untracked 
|  19|0x0000000082f00000, 0x0000000083000000, 0x0000000083000000|100%| O|  |TAMS 0x0000000083000000, 0x0000000082f00000| Untracked 
|  20|0x0000000083000000, 0x0000000083100000, 0x0000000083100000|100%| O|  |TAMS 0x0000000083100000, 0x0000000083000000| Untracked 
|  21|0x0000000083100000, 0x0000000083200000, 0x0000000083200000|100%|HS|  |TAMS 0x0000000083200000, 0x0000000083100000| Complete 
|  22|0x0000000083200000, 0x0000000083300000, 0x0000000083300000|100%|HC|  |TAMS 0x0000000083300000, 0x0000000083200000| Complete 
|  23|0x0000000083300000, 0x0000000083400000, 0x0000000083400000|100%| O|  |TAMS 0x0000000083400000, 0x0000000083300000| Untracked 
|  24|0x0000000083400000, 0x0000000083500000, 0x0000000083500000|100%| O|  |TAMS 0x0000000083500000, 0x0000000083400000| Untracked 
|  25|0x0000000083500000, 0x0000000083600000, 0x0000000083600000|100%| O|  |TAMS 0x0000000083600000, 0x0000000083500000| Untracked 
|  26|0x0000000083600000, 0x0000000083700000, 0x0000000083700000|100%| O|  |TAMS 0x0000000083700000, 0x0000000083600000| Untracked 
|  27|0x0000000083700000, 0x0000000083800000, 0x0000000083800000|100%| O|  |TAMS 0x0000000083800000, 0x0000000083700000| Untracked 
|  28|0x0000000083800000, 0x0000000083900000, 0x0000000083900000|100%| O|  |TAMS 0x0000000083900000, 0x0000000083800000| Untracked 
|  29|0x0000000083900000, 0x0000000083a00000, 0x0000000083a00000|100%| O|  |TAMS 0x0000000083a00000, 0x0000000083900000| Untracked 
|  30|0x0000000083a00000, 0x0000000083b00000, 0x0000000083b00000|100%| O|  |TAMS 0x0000000083b00000, 0x0000000083a00000| Untracked 
|  31|0x0000000083b00000, 0x0000000083c00000, 0x0000000083c00000|100%| O|  |TAMS 0x0000000083c00000, 0x0000000083b00000| Untracked 
|  32|0x0000000083c00000, 0x0000000083d00000, 0x0000000083d00000|100%| O|  |TAMS 0x0000000083d00000, 0x0000000083c00000| Untracked 
|  33|0x0000000083d00000, 0x0000000083e00000, 0x0000000083e00000|100%| O|  |TAMS 0x0000000083e00000, 0x0000000083d00000| Untracked 
|  34|0x0000000083e00000, 0x0000000083f00000, 0x0000000083f00000|100%| O|  |TAMS 0x0000000083f00000, 0x0000000083e00000| Untracked 
|  35|0x0000000083f00000, 0x0000000084000000, 0x0000000084000000|100%| O|  |TAMS 0x0000000084000000, 0x0000000083f00000| Untracked 
|  36|0x0000000084000000, 0x0000000084100000, 0x0000000084100000|100%| O|  |TAMS 0x0000000084100000, 0x0000000084000000| Untracked 
|  37|0x0000000084100000, 0x0000000084200000, 0x0000000084200000|100%| O|  |TAMS 0x0000000084200000, 0x0000000084100000| Untracked 
|  38|0x0000000084200000, 0x0000000084300000, 0x0000000084300000|100%| O|  |TAMS 0x0000000084300000, 0x0000000084200000| Untracked 
|  39|0x0000000084300000, 0x0000000084400000, 0x0000000084400000|100%| O|  |TAMS 0x0000000084400000, 0x0000000084300000| Untracked 
|  40|0x0000000084400000, 0x0000000084500000, 0x0000000084500000|100%| O|  |TAMS 0x0000000084500000, 0x0000000084400000| Untracked 
|  41|0x0000000084500000, 0x0000000084600000, 0x0000000084600000|100%| O|  |TAMS 0x0000000084600000, 0x0000000084500000| Untracked 
|  42|0x0000000084600000, 0x0000000084700000, 0x0000000084700000|100%| O|  |TAMS 0x0000000084700000, 0x0000000084600000| Untracked 
|  43|0x0000000084700000, 0x0000000084800000, 0x0000000084800000|100%| O|  |TAMS 0x0000000084800000, 0x0000000084700000| Untracked 
|  44|0x0000000084800000, 0x0000000084900000, 0x0000000084900000|100%| O|  |TAMS 0x0000000084900000, 0x0000000084800000| Untracked 
|  45|0x0000000084900000, 0x0000000084a00000, 0x0000000084a00000|100%| O|  |TAMS 0x0000000084a00000, 0x0000000084900000| Untracked 
|  46|0x0000000084a00000, 0x0000000084b00000, 0x0000000084b00000|100%| O|  |TAMS 0x0000000084b00000, 0x0000000084a00000| Untracked 
|  47|0x0000000084b00000, 0x0000000084c00000, 0x0000000084c00000|100%| O|  |TAMS 0x0000000084c00000, 0x0000000084b00000| Untracked 
|  48|0x0000000084c00000, 0x0000000084d00000, 0x0000000084d00000|100%| O|  |TAMS 0x0000000084d00000, 0x0000000084c00000| Untracked 
|  49|0x0000000084d00000, 0x0000000084e00000, 0x0000000084e00000|100%| O|  |TAMS 0x0000000084e00000, 0x0000000084d00000| Untracked 
|  50|0x0000000084e00000, 0x0000000084f00000, 0x0000000084f00000|100%| O|  |TAMS 0x0000000084f00000, 0x0000000084e00000| Untracked 
|  51|0x0000000084f00000, 0x0000000085000000, 0x0000000085000000|100%| O|  |TAMS 0x0000000085000000, 0x0000000084f00000| Untracked 
|  52|0x0000000085000000, 0x0000000085100000, 0x0000000085100000|100%| O|  |TAMS 0x0000000085100000, 0x0000000085000000| Untracked 
|  53|0x0000000085100000, 0x0000000085200000, 0x0000000085200000|100%| O|  |TAMS 0x0000000085200000, 0x0000000085100000| Untracked 
|  54|0x0000000085200000, 0x0000000085300000, 0x0000000085300000|100%| O|  |TAMS 0x0000000085300000, 0x0000000085200000| Untracked 
|  55|0x0000000085300000, 0x0000000085400000, 0x0000000085400000|100%| O|  |TAMS 0x000000008538b000, 0x0000000085300000| Untracked 
|  56|0x0000000085400000, 0x0000000085500000, 0x0000000085500000|100%|HS|  |TAMS 0x0000000085400000, 0x0000000085400000| Complete 
|  57|0x0000000085500000, 0x0000000085600000, 0x0000000085600000|100%|HC|  |TAMS 0x0000000085500000, 0x0000000085500000| Complete 
|  58|0x0000000085600000, 0x0000000085700000, 0x0000000085700000|100%| O|  |TAMS 0x0000000085600000, 0x0000000085600000| Untracked 
|  59|0x0000000085700000, 0x000000008578b000, 0x0000000085800000| 54%| O|  |TAMS 0x0000000085700000, 0x0000000085700000| Untracked 
|  60|0x0000000085800000, 0x0000000085800000, 0x0000000085900000|  0%| F|  |TAMS 0x0000000085800000, 0x0000000085800000| Untracked 
|  61|0x0000000085900000, 0x0000000085900000, 0x0000000085a00000|  0%| F|  |TAMS 0x0000000085900000, 0x0000000085900000| Untracked 
|  62|0x0000000085a00000, 0x0000000085a00000, 0x0000000085b00000|  0%| F|  |TAMS 0x0000000085a00000, 0x0000000085a00000| Untracked 
|  63|0x0000000085b00000, 0x0000000085b00000, 0x0000000085c00000|  0%| F|  |TAMS 0x0000000085b00000, 0x0000000085b00000| Untracked 
|  64|0x0000000085c00000, 0x0000000085c00000, 0x0000000085d00000|  0%| F|  |TAMS 0x0000000085c00000, 0x0000000085c00000| Untracked 
|  65|0x0000000085d00000, 0x0000000085d00000, 0x0000000085e00000|  0%| F|  |TAMS 0x0000000085d00000, 0x0000000085d00000| Untracked 
|  66|0x0000000085e00000, 0x0000000085e00000, 0x0000000085f00000|  0%| F|  |TAMS 0x0000000085e00000, 0x0000000085e00000| Untracked 
|  67|0x0000000085f00000, 0x0000000085f00000, 0x0000000086000000|  0%| F|  |TAMS 0x0000000085f00000, 0x0000000085f00000| Untracked 
|  68|0x0000000086000000, 0x0000000086000000, 0x0000000086100000|  0%| F|  |TAMS 0x0000000086000000, 0x0000000086000000| Untracked 
|  69|0x0000000086100000, 0x0000000086100000, 0x0000000086200000|  0%| F|  |TAMS 0x0000000086100000, 0x0000000086100000| Untracked 
|  70|0x0000000086200000, 0x0000000086200000, 0x0000000086300000|  0%| F|  |TAMS 0x0000000086200000, 0x0000000086200000| Untracked 
|  71|0x0000000086300000, 0x0000000086300000, 0x0000000086400000|  0%| F|  |TAMS 0x0000000086300000, 0x0000000086300000| Untracked 
|  72|0x0000000086400000, 0x0000000086400000, 0x0000000086500000|  0%| F|  |TAMS 0x0000000086400000, 0x0000000086400000| Untracked 
|  73|0x0000000086500000, 0x0000000086500000, 0x0000000086600000|  0%| F|  |TAMS 0x0000000086500000, 0x0000000086500000| Untracked 
|  74|0x0000000086600000, 0x0000000086600000, 0x0000000086700000|  0%| F|  |TAMS 0x0000000086600000, 0x0000000086600000| Untracked 
|  75|0x0000000086700000, 0x0000000086700000, 0x0000000086800000|  0%| F|  |TAMS 0x0000000086700000, 0x0000000086700000| Untracked 
|  76|0x0000000086800000, 0x0000000086800000, 0x0000000086900000|  0%| F|  |TAMS 0x0000000086800000, 0x0000000086800000| Untracked 
|  77|0x0000000086900000, 0x0000000086900000, 0x0000000086a00000|  0%| F|  |TAMS 0x0000000086900000, 0x0000000086900000| Untracked 
|  78|0x0000000086a00000, 0x0000000086a00000, 0x0000000086b00000|  0%| F|  |TAMS 0x0000000086a00000, 0x0000000086a00000| Untracked 
|  79|0x0000000086b00000, 0x0000000086b00000, 0x0000000086c00000|  0%| F|  |TAMS 0x0000000086b00000, 0x0000000086b00000| Untracked 
|  80|0x0000000086c00000, 0x0000000086c00000, 0x0000000086d00000|  0%| F|  |TAMS 0x0000000086c00000, 0x0000000086c00000| Untracked 
|  81|0x0000000086d00000, 0x0000000086d00000, 0x0000000086e00000|  0%| F|  |TAMS 0x0000000086d00000, 0x0000000086d00000| Untracked 
|  82|0x0000000086e00000, 0x0000000086e00000, 0x0000000086f00000|  0%| F|  |TAMS 0x0000000086e00000, 0x0000000086e00000| Untracked 
|  83|0x0000000086f00000, 0x0000000086f00000, 0x0000000087000000|  0%| F|  |TAMS 0x0000000086f00000, 0x0000000086f00000| Untracked 
|  84|0x0000000087000000, 0x0000000087080800, 0x0000000087100000| 50%| E|  |TAMS 0x0000000087000000, 0x0000000087000000| Complete 
|  85|0x0000000087100000, 0x0000000087200000, 0x0000000087200000|100%| E|CS|TAMS 0x0000000087100000, 0x0000000087100000| Complete 
|  86|0x0000000087200000, 0x0000000087300000, 0x0000000087300000|100%| E|CS|TAMS 0x0000000087200000, 0x0000000087200000| Complete 
|  87|0x0000000087300000, 0x0000000087400000, 0x0000000087400000|100%| E|CS|TAMS 0x0000000087300000, 0x0000000087300000| Complete 
|  88|0x0000000087400000, 0x0000000087500000, 0x0000000087500000|100%| E|CS|TAMS 0x0000000087400000, 0x0000000087400000| Complete 
|  89|0x0000000087500000, 0x0000000087600000, 0x0000000087600000|100%| E|CS|TAMS 0x0000000087500000, 0x0000000087500000| Complete 
|  90|0x0000000087600000, 0x0000000087700000, 0x0000000087700000|100%| E|CS|TAMS 0x0000000087600000, 0x0000000087600000| Complete 
|  91|0x0000000087700000, 0x0000000087800000, 0x0000000087800000|100%| E|CS|TAMS 0x0000000087700000, 0x0000000087700000| Complete 
|  92|0x0000000087800000, 0x0000000087900000, 0x0000000087900000|100%| E|CS|TAMS 0x0000000087800000, 0x0000000087800000| Complete 
|  93|0x0000000087900000, 0x0000000087a00000, 0x0000000087a00000|100%| E|CS|TAMS 0x0000000087900000, 0x0000000087900000| Complete 
|  94|0x0000000087a00000, 0x0000000087b00000, 0x0000000087b00000|100%| E|CS|TAMS 0x0000000087a00000, 0x0000000087a00000| Complete 
|  95|0x0000000087b00000, 0x0000000087c00000, 0x0000000087c00000|100%| E|CS|TAMS 0x0000000087b00000, 0x0000000087b00000| Complete 
|  96|0x0000000087c00000, 0x0000000087d00000, 0x0000000087d00000|100%| E|CS|TAMS 0x0000000087c00000, 0x0000000087c00000| Complete 
|  97|0x0000000087d00000, 0x0000000087e00000, 0x0000000087e00000|100%| E|CS|TAMS 0x0000000087d00000, 0x0000000087d00000| Complete 
|  98|0x0000000087e00000, 0x0000000087f00000, 0x0000000087f00000|100%| E|CS|TAMS 0x0000000087e00000, 0x0000000087e00000| Complete 
|  99|0x0000000087f00000, 0x0000000088000000, 0x0000000088000000|100%| E|CS|TAMS 0x0000000087f00000, 0x0000000087f00000| Complete 
| 100|0x0000000088000000, 0x0000000088100000, 0x0000000088100000|100%| E|CS|TAMS 0x0000000088000000, 0x0000000088000000| Complete 
| 101|0x0000000088100000, 0x0000000088200000, 0x0000000088200000|100%| E|CS|TAMS 0x0000000088100000, 0x0000000088100000| Complete 
| 102|0x0000000088200000, 0x0000000088300000, 0x0000000088300000|100%| E|CS|TAMS 0x0000000088200000, 0x0000000088200000| Complete 
| 103|0x0000000088300000, 0x0000000088400000, 0x0000000088400000|100%| E|CS|TAMS 0x0000000088300000, 0x0000000088300000| Complete 
| 104|0x0000000088400000, 0x0000000088500000, 0x0000000088500000|100%| E|CS|TAMS 0x0000000088400000, 0x0000000088400000| Complete 
| 105|0x0000000088500000, 0x0000000088600000, 0x0000000088600000|100%| E|CS|TAMS 0x0000000088500000, 0x0000000088500000| Complete 
| 106|0x0000000088600000, 0x0000000088700000, 0x0000000088700000|100%| E|CS|TAMS 0x0000000088600000, 0x0000000088600000| Complete 
| 107|0x0000000088700000, 0x0000000088800000, 0x0000000088800000|100%| E|CS|TAMS 0x0000000088700000, 0x0000000088700000| Complete 
| 108|0x0000000088800000, 0x0000000088900000, 0x0000000088900000|100%| E|CS|TAMS 0x0000000088800000, 0x0000000088800000| Complete 
| 109|0x0000000088900000, 0x0000000088a00000, 0x0000000088a00000|100%| E|CS|TAMS 0x0000000088900000, 0x0000000088900000| Complete 
| 110|0x0000000088a00000, 0x0000000088b00000, 0x0000000088b00000|100%| E|CS|TAMS 0x0000000088a00000, 0x0000000088a00000| Complete 
| 111|0x0000000088b00000, 0x0000000088c00000, 0x0000000088c00000|100%| E|CS|TAMS 0x0000000088b00000, 0x0000000088b00000| Complete 
| 112|0x0000000088c00000, 0x0000000088d00000, 0x0000000088d00000|100%| E|CS|TAMS 0x0000000088c00000, 0x0000000088c00000| Complete 
| 113|0x0000000088d00000, 0x0000000088e00000, 0x0000000088e00000|100%| E|CS|TAMS 0x0000000088d00000, 0x0000000088d00000| Complete 
| 114|0x0000000088e00000, 0x0000000088f00000, 0x0000000088f00000|100%| E|CS|TAMS 0x0000000088e00000, 0x0000000088e00000| Complete 
| 115|0x0000000088f00000, 0x0000000088f773c0, 0x0000000089000000| 46%| S|CS|TAMS 0x0000000088f00000, 0x0000000088f00000| Complete 
| 116|0x0000000089000000, 0x0000000089100000, 0x0000000089100000|100%| E|CS|TAMS 0x0000000089000000, 0x0000000089000000| Complete 
| 127|0x0000000089b00000, 0x0000000089c00000, 0x0000000089c00000|100%| E|CS|TAMS 0x0000000089b00000, 0x0000000089b00000| Complete 
|2019|0x00000000fff00000, 0x0000000100000000, 0x0000000100000000|100%| O|  |TAMS 0x0000000100000000, 0x00000000fff00000| Untracked 

Card table byte_map: [0x000001e7e8830000,0x000001e7e8c30000] _byte_map_base: 0x000001e7e8422000

Marking Bits (Prev, Next): (CMBitMap*) 0x000001e7d41d94e0, (CMBitMap*) 0x000001e7d41d9520
 Prev Bits: [0x000001e7e9030000, 0x000001e7eafc0000)
 Next Bits: [0x000001e7eafc0000, 0x000001e7ecf50000)

Polling page: 0x000001e7d3fe0000

Metaspace:

Usage:
  Non-class:     51.73 MB used.
      Class:      6.51 MB used.
       Both:     58.24 MB used.

Virtual space:
  Non-class space:       64.00 MB reserved,      51.88 MB ( 81%) committed,  1 nodes.
      Class space:        1.00 GB reserved,       6.62 MB ( <1%) committed,  1 nodes.
             Both:        1.06 GB reserved,      58.50 MB (  5%) committed. 

Chunk freelists:
   Non-Class:  12.14 MB
       Class:  9.36 MB
        Both:  21.50 MB

MaxMetaspaceSize: unlimited
CompressedClassSpaceSize: 1.00 GB
Initial GC threshold: 21.00 MB
Current GC threshold: 97.19 MB
CDS: off
MetaspaceReclaimPolicy: balanced
 - commit_granule_bytes: 65536.
 - commit_granule_words: 8192.
 - virtual_space_node_default_size: 8388608.
 - enlarge_chunks_in_place: 1.
 - new_chunks_are_fully_committed: 0.
 - uncommit_free_chunks: 1.
 - use_allocation_guard: 0.
 - handle_deallocations: 1.


Internal statistics:

num_allocs_failed_limit: 3.
num_arena_births: 234.
num_arena_deaths: 0.
num_vsnodes_births: 2.
num_vsnodes_deaths: 0.
num_space_committed: 934.
num_space_uncommitted: 0.
num_chunks_returned_to_freelist: 3.
num_chunks_taken_from_freelist: 2090.
num_chunk_merges: 3.
num_chunk_splits: 1692.
num_chunks_enlarged: 1493.
num_inconsistent_stats: 0.

CodeHeap 'non-profiled nmethods': size=120000Kb used=5862Kb max_used=5862Kb free=114137Kb
 bounds [0x000001e7e08e0000, 0x000001e7e0ea0000, 0x000001e7e7e10000]
CodeHeap 'profiled nmethods': size=120000Kb used=25206Kb max_used=25206Kb free=94793Kb
 bounds [0x000001e7d8e10000, 0x000001e7da6c0000, 0x000001e7e0340000]
CodeHeap 'non-nmethods': size=5760Kb used=1292Kb max_used=1396Kb free=4467Kb
 bounds [0x000001e7e0340000, 0x000001e7e05b0000, 0x000001e7e08e0000]
 total_blobs=9173 nmethods=8571 adapters=511
 compilation: enabled
              stopped_count=0, restarted_count=0
 full_count=0

Compilation events (20 events):
Event: 19.718 Thread 0x000001e7ef73e4b0 nmethod 10212 0x000001e7da69c990 code [0x000001e7da69cd20, 0x000001e7da69e918]
Event: 19.718 Thread 0x000001e7ef73e4b0 10211       3       org.jetbrains.kotlin.psi.KtValueArgument::asElement (10 bytes)
Event: 19.719 Thread 0x000001e7ef73e4b0 nmethod 10211 0x000001e7d9bb0a10 code [0x000001e7d9bb0ba0, 0x000001e7d9bb0cb8]
Event: 19.721 Thread 0x000001e7ef73dba0 10213       4       org.jetbrains.kotlin.resolve.calls.checkers.ImplicitNothingAsTypeParameterCallChecker::getSubResolvedAtomsToAnalyze (563 bytes)
Event: 19.757 Thread 0x000001e7ef73e4b0 10215       3       java.lang.Long::parseLong (272 bytes)
Event: 19.760 Thread 0x000001e7ef73e4b0 nmethod 10215 0x000001e7da69ef90 code [0x000001e7da69f420, 0x000001e7da6a1338]
Event: 19.785 Thread 0x000001e7ef73e4b0 10216       3       kotlin.collections.ArraysKt___ArraysKt::single (61 bytes)
Event: 19.786 Thread 0x000001e7ef73e4b0 nmethod 10216 0x000001e7da6a2010 code [0x000001e7da6a2260, 0x000001e7da6a2a18]
Event: 19.834 Thread 0x000001e7ef73e4b0 10218       3       org.jetbrains.kotlin.resolve.constants.evaluate.ConstantExpressionEvaluatorVisitor::wrap (25 bytes)
Event: 19.835 Thread 0x000001e7ef73e4b0 nmethod 10218 0x000001e7da6a2d10 code [0x000001e7da6a2ec0, 0x000001e7da6a30d8]
Event: 19.838 Thread 0x000001e7ef73e4b0 10219       3       org.jetbrains.kotlin.resolve.calls.tower.ResolvedAtomCompleter::completeLambda (756 bytes)
Event: 19.849 Thread 0x000001e7ef73e4b0 nmethod 10219 0x000001e7da6a3210 code [0x000001e7da6a3d60, 0x000001e7da6ab558]
Event: 19.864 Thread 0x000001e7ef73e4b0 10220       3       org.jetbrains.kotlin.types.AbstractTypeApproximator::isApproximateDirectionToSuper (89 bytes)
Event: 19.865 Thread 0x000001e7ef73e4b0 nmethod 10220 0x000001e7da6add10 code [0x000001e7da6adf80, 0x000001e7da6ae908]
Event: 19.933 Thread 0x000001e7ef73e4b0 10222       3       org.jetbrains.kotlin.resolve.StatementFilterKt::filterStatements (160 bytes)
Event: 19.934 Thread 0x000001e7ef73e4b0 nmethod 10222 0x000001e7da6aed10 code [0x000001e7da6af020, 0x000001e7da6b0088]
Event: 19.978 Thread 0x000001e7ef73e4b0 10223       3       org.jetbrains.kotlin.psi.KtStringTemplateExpression::<init> (14 bytes)
Event: 19.979 Thread 0x000001e7ef73e4b0 nmethod 10223 0x000001e7da6b0710 code [0x000001e7da6b0980, 0x000001e7da6b1468]
Event: 19.979 Thread 0x000001e7ef73e4b0 10224       3       org.jetbrains.kotlin.types.expressions.ExpressionTypingVisitorDispatcher$ForDeclarations::visitStringTemplateExpression (10 bytes)
Event: 19.979 Thread 0x000001e7ef73e4b0 nmethod 10224 0x000001e7da6b1810 code [0x000001e7da6b19e0, 0x000001e7da6b1d18]

GC Heap History (20 events):
Event: 9.304 GC heap before
{Heap before GC invocations=19 (full 0):
 garbage-first heap   total 101376K, used 79123K [0x0000000081c00000, 0x0000000100000000)
  region size 1024K, 37 young (37888K), 6 survivors (6144K)
 Metaspace       used 57111K, committed 57280K, reserved 1114112K
  class space    used 6657K, committed 6720K, reserved 1048576K
}
Event: 9.321 GC heap after
{Heap after GC invocations=20 (full 0):
 garbage-first heap   total 101376K, used 52216K [0x0000000081c00000, 0x0000000100000000)
  region size 1024K, 5 young (5120K), 5 survivors (5120K)
 Metaspace       used 57111K, committed 57280K, reserved 1114112K
  class space    used 6657K, committed 6720K, reserved 1048576K
}
Event: 10.489 GC heap before
{Heap before GC invocations=20 (full 0):
 garbage-first heap   total 101376K, used 79864K [0x0000000081c00000, 0x0000000100000000)
  region size 1024K, 32 young (32768K), 5 survivors (5120K)
 Metaspace       used 57983K, committed 58176K, reserved 1114112K
  class space    used 6657K, committed 6720K, reserved 1048576K
}
Event: 10.501 GC heap after
{Heap after GC invocations=21 (full 0):
 garbage-first heap   total 121856K, used 53689K [0x0000000081c00000, 0x0000000100000000)
  region size 1024K, 2 young (2048K), 2 survivors (2048K)
 Metaspace       used 57983K, committed 58176K, reserved 1114112K
  class space    used 6657K, committed 6720K, reserved 1048576K
}
Event: 13.929 GC heap before
{Heap before GC invocations=22 (full 0):
 garbage-first heap   total 121856K, used 95673K [0x0000000081c00000, 0x0000000100000000)
  region size 1024K, 43 young (44032K), 2 survivors (2048K)
 Metaspace       used 58795K, committed 59072K, reserved 1114112K
  class space    used 6663K, committed 6784K, reserved 1048576K
}
Event: 13.941 GC heap after
{Heap after GC invocations=23 (full 0):
 garbage-first heap   total 121856K, used 55655K [0x0000000081c00000, 0x0000000100000000)
  region size 1024K, 4 young (4096K), 4 survivors (4096K)
 Metaspace       used 58795K, committed 59072K, reserved 1114112K
  class space    used 6663K, committed 6784K, reserved 1048576K
}
Event: 13.992 GC heap before
{Heap before GC invocations=23 (full 0):
 garbage-first heap   total 121856K, used 56679K [0x0000000081c00000, 0x0000000100000000)
  region size 1024K, 5 young (5120K), 4 survivors (4096K)
 Metaspace       used 58796K, committed 59072K, reserved 1114112K
  class space    used 6663K, committed 6784K, reserved 1048576K
}
Event: 14.002 GC heap after
{Heap after GC invocations=24 (full 0):
 garbage-first heap   total 121856K, used 55117K [0x0000000081c00000, 0x0000000100000000)
  region size 1024K, 1 young (1024K), 1 survivors (1024K)
 Metaspace       used 58796K, committed 59072K, reserved 1114112K
  class space    used 6663K, committed 6784K, reserved 1048576K
}
Event: 15.327 GC heap before
{Heap before GC invocations=24 (full 0):
 garbage-first heap   total 121856K, used 96077K [0x0000000081c00000, 0x0000000100000000)
  region size 1024K, 41 young (41984K), 1 survivors (1024K)
 Metaspace       used 59142K, committed 59392K, reserved 1114112K
  class space    used 6663K, committed 6784K, reserved 1048576K
}
Event: 15.332 GC heap after
{Heap after GC invocations=25 (full 0):
 garbage-first heap   total 121856K, used 56625K [0x0000000081c00000, 0x0000000100000000)
  region size 1024K, 2 young (2048K), 2 survivors (2048K)
 Metaspace       used 59142K, committed 59392K, reserved 1114112K
  class space    used 6663K, committed 6784K, reserved 1048576K
}
Event: 16.502 GC heap before
{Heap before GC invocations=26 (full 0):
 garbage-first heap   total 121856K, used 98609K [0x0000000081c00000, 0x0000000100000000)
  region size 1024K, 43 young (44032K), 2 survivors (2048K)
 Metaspace       used 59255K, committed 59456K, reserved 1114112K
  class space    used 6664K, committed 6784K, reserved 1048576K
}
Event: 16.510 GC heap after
{Heap after GC invocations=27 (full 0):
 garbage-first heap   total 121856K, used 57518K [0x0000000081c00000, 0x0000000100000000)
  region size 1024K, 3 young (3072K), 3 survivors (3072K)
 Metaspace       used 59255K, committed 59456K, reserved 1114112K
  class space    used 6664K, committed 6784K, reserved 1048576K
}
Event: 16.565 GC heap before
{Heap before GC invocations=27 (full 0):
 garbage-first heap   total 121856K, used 59566K [0x0000000081c00000, 0x0000000100000000)
  region size 1024K, 5 young (5120K), 3 survivors (3072K)
 Metaspace       used 59262K, committed 59456K, reserved 1114112K
  class space    used 6664K, committed 6784K, reserved 1048576K
}
Event: 16.574 GC heap after
{Heap after GC invocations=28 (full 0):
 garbage-first heap   total 121856K, used 57338K [0x0000000081c00000, 0x0000000100000000)
  region size 1024K, 1 young (1024K), 1 survivors (1024K)
 Metaspace       used 59262K, committed 59456K, reserved 1114112K
  class space    used 6664K, committed 6784K, reserved 1048576K
}
Event: 18.099 GC heap before
{Heap before GC invocations=28 (full 0):
 garbage-first heap   total 121856K, used 99322K [0x0000000081c00000, 0x0000000100000000)
  region size 1024K, 42 young (43008K), 1 survivors (1024K)
 Metaspace       used 59390K, committed 59648K, reserved 1114112K
  class space    used 6664K, committed 6784K, reserved 1048576K
}
Event: 18.106 GC heap after
{Heap after GC invocations=29 (full 0):
 garbage-first heap   total 121856K, used 58905K [0x0000000081c00000, 0x0000000100000000)
  region size 1024K, 2 young (2048K), 2 survivors (2048K)
 Metaspace       used 59390K, committed 59648K, reserved 1114112K
  class space    used 6664K, committed 6784K, reserved 1048576K
}
Event: 19.110 GC heap before
{Heap before GC invocations=30 (full 0):
 garbage-first heap   total 121856K, used 100889K [0x0000000081c00000, 0x0000000100000000)
  region size 1024K, 43 young (44032K), 2 survivors (2048K)
 Metaspace       used 59586K, committed 59904K, reserved 1114112K
  class space    used 6664K, committed 6784K, reserved 1048576K
}
Event: 19.119 GC heap after
{Heap after GC invocations=31 (full 0):
 garbage-first heap   total 121856K, used 59819K [0x0000000081c00000, 0x0000000100000000)
  region size 1024K, 3 young (3072K), 3 survivors (3072K)
 Metaspace       used 59586K, committed 59904K, reserved 1114112K
  class space    used 6664K, committed 6784K, reserved 1048576K
}
Event: 19.153 GC heap before
{Heap before GC invocations=31 (full 0):
 garbage-first heap   total 121856K, used 63915K [0x0000000081c00000, 0x0000000100000000)
  region size 1024K, 5 young (5120K), 3 survivors (3072K)
 Metaspace       used 59592K, committed 59904K, reserved 1114112K
  class space    used 6664K, committed 6784K, reserved 1048576K
}
Event: 19.161 GC heap after
{Heap after GC invocations=32 (full 0):
 garbage-first heap   total 121856K, used 61440K [0x0000000081c00000, 0x0000000100000000)
  region size 1024K, 1 young (1024K), 1 survivors (1024K)
 Metaspace       used 59592K, committed 59904K, reserved 1114112K
  class space    used 6664K, committed 6784K, reserved 1048576K
}

Dll operation events (2 events):
Event: 0.008 Loaded shared library C:\Users\HP\AppData\Local\Programs\Android Studio\jbr\bin\java.dll
Event: 2.247 Loaded shared library C:\Users\HP\AppData\Local\Programs\Android Studio\jbr\bin\verify.dll

Deoptimization events (20 events):
Event: 15.191 Thread 0x000001e7d417f690 DEOPT PACKING pc=0x000001e7e0c09010 sp=0x0000008f4c6eedf0
Event: 15.191 Thread 0x000001e7d417f690 DEOPT UNPACKING pc=0x000001e7e03969a3 sp=0x0000008f4c6eed80 mode 2
Event: 15.225 Thread 0x000001e7d417f690 DEOPT PACKING pc=0x000001e7d93f1710 sp=0x0000008f4c6f4320
Event: 15.225 Thread 0x000001e7d417f690 DEOPT UNPACKING pc=0x000001e7e0397143 sp=0x0000008f4c6f3838 mode 0
Event: 15.595 Thread 0x000001e7d417f690 Uncommon trap: trap_request=0xffffffcc fr.pc=0x000001e7e0d8c174 relative=0x0000000000003914
Event: 15.595 Thread 0x000001e7d417f690 Uncommon trap: reason=intrinsic_or_type_checked_inlining action=make_not_entrant pc=0x000001e7e0d8c174 method=java.util.ArrayList$SubList.toArray([Ljava/lang/Object;)[Ljava/lang/Object; @ 58 c2
Event: 15.595 Thread 0x000001e7d417f690 DEOPT PACKING pc=0x000001e7e0d8c174 sp=0x0000008f4c6e2470
Event: 15.595 Thread 0x000001e7d417f690 DEOPT UNPACKING pc=0x000001e7e03969a3 sp=0x0000008f4c6e2338 mode 2
Event: 17.812 Thread 0x000001e7d417f690 Uncommon trap: trap_request=0xffffff6e fr.pc=0x000001e7e0e21e14 relative=0x00000000000012f4
Event: 17.812 Thread 0x000001e7d417f690 Uncommon trap: reason=loop_limit_check action=maybe_recompile pc=0x000001e7e0e21e14 method=org.jetbrains.kotlin.com.intellij.lang.impl.MarkerProduction.rollbackTo(Lorg/jetbrains/kotlin/com/intellij/lang/impl/PsiBuilderImpl$ProductionMarker;)V @ 15 c2
Event: 17.812 Thread 0x000001e7d417f690 DEOPT PACKING pc=0x000001e7e0e21e14 sp=0x0000008f4c6ee060
Event: 17.812 Thread 0x000001e7d417f690 DEOPT UNPACKING pc=0x000001e7e03969a3 sp=0x0000008f4c6edfd8 mode 2
Event: 17.812 Thread 0x000001e7d417f690 Uncommon trap: trap_request=0xffffff6e fr.pc=0x000001e7e0e25d28 relative=0x0000000000001288
Event: 17.812 Thread 0x000001e7d417f690 Uncommon trap: reason=loop_limit_check action=maybe_recompile pc=0x000001e7e0e25d28 method=org.jetbrains.kotlin.com.intellij.lang.impl.MarkerProduction.rollbackTo(Lorg/jetbrains/kotlin/com/intellij/lang/impl/PsiBuilderImpl$ProductionMarker;)V @ 15 c2
Event: 17.812 Thread 0x000001e7d417f690 DEOPT PACKING pc=0x000001e7e0e25d28 sp=0x0000008f4c6ee270
Event: 17.812 Thread 0x000001e7d417f690 DEOPT UNPACKING pc=0x000001e7e03969a3 sp=0x0000008f4c6ee250 mode 2
Event: 18.429 Thread 0x000001e7d417f690 DEOPT PACKING pc=0x000001e7d8f3797a sp=0x0000008f4c6e6c10
Event: 18.429 Thread 0x000001e7d417f690 DEOPT UNPACKING pc=0x000001e7e0397143 sp=0x0000008f4c6e60f8 mode 0
Event: 19.170 Thread 0x000001e7d417f690 DEOPT PACKING pc=0x000001e7d8e905cb sp=0x0000008f4c6f3920
Event: 19.170 Thread 0x000001e7d417f690 DEOPT UNPACKING pc=0x000001e7e0397143 sp=0x0000008f4c6f2e30 mode 0

Classes unloaded (0 events):
No events

Classes redefined (0 events):
No events

Internal exceptions (20 events):
Event: 2.320 Thread 0x000001e7d417f690 Exception <a 'java/lang/NoSuchMethodError'{0x0000000082d191c0}: 'void java.lang.invoke.DirectMethodHandle$Holder.invokeVirtual(java.lang.Object, java.lang.Object)'> (0x0000000082d191c0) 
thrown [s\src\hotspot\share\interpreter\linkResolver.cpp, line 771]
Event: 2.326 Thread 0x000001e7d417f690 Exception <a 'java/lang/NoSuchMethodError'{0x0000000082d64198}: 'int java.lang.invoke.DirectMethodHandle$Holder.invokeVirtual(java.lang.Object, java.lang.Object)'> (0x0000000082d64198) 
thrown [s\src\hotspot\share\interpreter\linkResolver.cpp, line 771]
Event: 2.343 Thread 0x000001e7d417f690 Exception <a 'java/lang/NoSuchMethodError'{0x0000000082dfb6e0}: 'java.lang.Object java.lang.invoke.Invokers$Holder.invokeExact_MT(java.lang.Object, java.lang.Object, java.lang.Object, java.lang.Object, java.lang.Object, java.lang.Object)'> (0x0000000082dfb6e0) 
thrown [s\src\hotspot\share\interpreter\linkResolver.cpp, line 771]
Event: 3.301 Thread 0x000001e7d417f690 Implicit null exception at 0x000001e7e08f8df2 to 0x000001e7e08f940c
Event: 3.434 Thread 0x000001e7d417f690 Implicit null exception at 0x000001e7e08f9a72 to 0x000001e7e08fa0ac
Event: 3.488 Thread 0x000001e7d417f690 Exception <a 'java/lang/NoSuchMethodError'{0x0000000083b95510}: 'java.lang.Object java.lang.invoke.DirectMethodHandle$Holder.invokeVirtual(java.lang.Object, java.lang.Object, java.lang.Object)'> (0x0000000083b95510) 
thrown [s\src\hotspot\share\interpreter\linkResolver.cpp, line 771]
Event: 4.627 Thread 0x000001e7d417f690 Exception <a 'java/lang/NoSuchMethodError'{0x0000000087c5a100}: 'java.lang.Object java.lang.invoke.DirectMethodHandle$Holder.newInvokeSpecial(java.lang.Object, java.lang.Object, int)'> (0x0000000087c5a100) 
thrown [s\src\hotspot\share\interpreter\linkResolver.cpp, line 771]
Event: 4.828 Thread 0x000001e7d417f690 Exception <a 'java/lang/NoSuchMethodError'{0x000000008454f238}: 'java.lang.Object java.lang.invoke.DirectMethodHandle$Holder.newInvokeSpecial(java.lang.Object, java.lang.Object, java.lang.Object, int)'> (0x000000008454f238) 
thrown [s\src\hotspot\share\interpreter\linkResolver.cpp, line 771]
Event: 4.828 Thread 0x000001e7d417f690 Exception <a 'java/lang/NoSuchMethodError'{0x00000000845538c0}: 'java.lang.Object java.lang.invoke.DirectMethodHandle$Holder.invokeSpecial(java.lang.Object, java.lang.Object, java.lang.Object, java.lang.Object, int)'> (0x00000000845538c0) 
thrown [s\src\hotspot\share\interpreter\linkResolver.cpp, line 771]
Event: 4.829 Thread 0x000001e7d417f690 Exception <a 'java/lang/NoSuchMethodError'{0x0000000084557730}: 'java.lang.Object java.lang.invoke.Invokers$Holder.linkToTargetMethod(java.lang.Object, java.lang.Object, int, java.lang.Object)'> (0x0000000084557730) 
thrown [s\src\hotspot\share\interpreter\linkResolver.cpp, line 771]
Event: 6.122 Thread 0x000001e7d417f690 Exception <a 'java/lang/NoSuchMethodError'{0x00000000859352c0}: 'java.lang.Object java.lang.invoke.DirectMethodHandle$Holder.newInvokeSpecial(java.lang.Object, java.lang.Object, java.lang.Object, java.lang.Object, java.lang.Object, java.lang.Object)'> (0x00000000859352c0) 
thrown [s\src\hotspot\share\interpreter\linkResolver.cpp, line 771]
Event: 6.470 Thread 0x000001e7d417f690 Exception <a 'java/lang/NoSuchMethodError'{0x0000000087ff1dc0}: 'java.lang.Object java.lang.invoke.DirectMethodHandle$Holder.invokeStaticInit(java.lang.Object, java.lang.Object, java.lang.Object)'> (0x0000000087ff1dc0) 
thrown [s\src\hotspot\share\interpreter\linkResolver.cpp, line 771]
Event: 7.388 Thread 0x000001e7d417f690 Exception <a 'java/lang/NoSuchMethodError'{0x0000000085f5b7a0}: 'int java.lang.invoke.DirectMethodHandle$Holder.invokeStaticInit(java.lang.Object, int)'> (0x0000000085f5b7a0) 
thrown [s\src\hotspot\share\interpreter\linkResolver.cpp, line 771]
Event: 7.632 Thread 0x000001e7d417f690 Implicit null exception at 0x000001e7e0aaf7ef to 0x000001e7e0aaf9e4
Event: 7.639 Thread 0x000001e7d417f690 Implicit null exception at 0x000001e7e09376ef to 0x000001e7e09378cc
Event: 7.641 Thread 0x000001e7d417f690 Implicit null exception at 0x000001e7e094390f to 0x000001e7e0943989
Event: 7.923 Thread 0x000001e7d417f690 Implicit null exception at 0x000001e7e09e4914 to 0x000001e7e09e4a0c
Event: 7.923 Thread 0x000001e7d417f690 Implicit null exception at 0x000001e7e09cf860 to 0x000001e7e09cf8fa
Event: 8.084 Thread 0x000001e7d417f690 Implicit null exception at 0x000001e7e0b2c2c0 to 0x000001e7e0b2c34d
Event: 15.191 Thread 0x000001e7d417f690 Implicit null exception at 0x000001e7e0c08f2f to 0x000001e7e0c09000

VM Operations (20 events):
Event: 15.567 Executing VM operation: G1PauseCleanup
Event: 15.567 Executing VM operation: G1PauseCleanup done
Event: 16.502 Executing VM operation: G1CollectForAllocation
Event: 16.510 Executing VM operation: G1CollectForAllocation done
Event: 16.565 Executing VM operation: G1CollectForAllocation
Event: 16.574 Executing VM operation: G1CollectForAllocation done
Event: 17.586 Executing VM operation: Cleanup
Event: 17.588 Executing VM operation: Cleanup done
Event: 17.812 Executing VM operation: HandshakeAllThreads
Event: 17.812 Executing VM operation: HandshakeAllThreads done
Event: 18.099 Executing VM operation: G1CollectForAllocation
Event: 18.106 Executing VM operation: G1CollectForAllocation done
Event: 18.258 Executing VM operation: G1PauseRemark
Event: 18.270 Executing VM operation: G1PauseRemark done
Event: 18.343 Executing VM operation: G1PauseCleanup
Event: 18.343 Executing VM operation: G1PauseCleanup done
Event: 19.110 Executing VM operation: G1CollectForAllocation
Event: 19.119 Executing VM operation: G1CollectForAllocation done
Event: 19.153 Executing VM operation: G1CollectForAllocation
Event: 19.161 Executing VM operation: G1CollectForAllocation done

Events (20 events):
Event: 14.339 Thread 0x000001e7ef73edc0 flushing nmethod 0x000001e7d9e2bd90
Event: 14.339 Thread 0x000001e7ef73edc0 flushing nmethod 0x000001e7d9e64d90
Event: 14.339 Thread 0x000001e7ef73edc0 flushing nmethod 0x000001e7d9e71a10
Event: 14.340 Thread 0x000001e7ef73edc0 flushing nmethod 0x000001e7d9f62290
Event: 14.340 Thread 0x000001e7ef73edc0 flushing nmethod 0x000001e7d9fc6d10
Event: 14.340 Thread 0x000001e7ef73edc0 flushing nmethod 0x000001e7da011210
Event: 14.340 Thread 0x000001e7ef73edc0 flushing nmethod 0x000001e7da041810
Event: 14.340 Thread 0x000001e7ef73edc0 flushing nmethod 0x000001e7da058c90
Event: 14.340 Thread 0x000001e7ef73edc0 flushing nmethod 0x000001e7da069010
Event: 14.341 Thread 0x000001e7ef73edc0 flushing nmethod 0x000001e7da155610
Event: 14.342 Thread 0x000001e7ef73edc0 flushing nmethod 0x000001e7da279410
Event: 17.817 Thread 0x000001e7ef73edc0 flushing nmethod 0x000001e7d9196f90
Event: 17.818 Thread 0x000001e7ef73edc0 flushing nmethod 0x000001e7d9295e10
Event: 17.821 Thread 0x000001e7ef73edc0 flushing nmethod 0x000001e7d95acb90
Event: 17.822 Thread 0x000001e7ef73edc0 flushing nmethod 0x000001e7d97a9b90
Event: 17.823 Thread 0x000001e7ef73edc0 flushing nmethod 0x000001e7d9891610
Event: 17.825 Thread 0x000001e7ef73edc0 flushing nmethod 0x000001e7d9b18590
Event: 17.827 Thread 0x000001e7ef73edc0 flushing nmethod 0x000001e7d9dbb710
Event: 17.827 Thread 0x000001e7ef73edc0 flushing nmethod 0x000001e7d9df8e10
Event: 19.006 Thread 0x000001e7f548c350 Thread exited: 0x000001e7f548c350


Dynamic libraries:
0x00007ff64e9a0000 - 0x00007ff64e9aa000 	C:\Users\HP\AppData\Local\Programs\Android Studio\jbr\bin\java.exe
0x00007ffcbe2d0000 - 0x00007ffcbe4c8000 	C:\Windows\SYSTEM32\ntdll.dll
0x00007ffcbcc30000 - 0x00007ffcbccf2000 	C:\Windows\System32\KERNEL32.DLL
0x00007ffcbbbb0000 - 0x00007ffcbbeae000 	C:\Windows\System32\KERNELBASE.dll
0x00007ffcbb9f0000 - 0x00007ffcbbaf0000 	C:\Windows\System32\ucrtbase.dll
0x00007ffca4f90000 - 0x00007ffca4fa7000 	C:\Users\HP\AppData\Local\Programs\Android Studio\jbr\bin\jli.dll
0x00007ffcabaf0000 - 0x00007ffcabb0b000 	C:\Users\HP\AppData\Local\Programs\Android Studio\jbr\bin\VCRUNTIME140.dll
0x00007ffcbcd10000 - 0x00007ffcbcead000 	C:\Windows\System32\USER32.dll
0x00007ffca45b0000 - 0x00007ffca484a000 	C:\Windows\WinSxS\amd64_microsoft.windows.common-controls_6595b64144ccf1df_6.0.19041.4355_none_60b8b9eb71f62e16\COMCTL32.dll
0x00007ffcbb970000 - 0x00007ffcbb992000 	C:\Windows\System32\win32u.dll
0x00007ffcbd440000 - 0x00007ffcbd4de000 	C:\Windows\System32\msvcrt.dll
0x00007ffcbcb10000 - 0x00007ffcbcb3b000 	C:\Windows\System32\GDI32.dll
0x00007ffcbc0b0000 - 0x00007ffcbc1c7000 	C:\Windows\System32\gdi32full.dll
0x00007ffcbc010000 - 0x00007ffcbc0ad000 	C:\Windows\System32\msvcp_win.dll
0x00007ffcbd550000 - 0x00007ffcbd57f000 	C:\Windows\System32\IMM32.DLL
0x00007ffcae480000 - 0x00007ffcae48c000 	C:\Users\HP\AppData\Local\Programs\Android Studio\jbr\bin\vcruntime140_1.dll
0x00007ffc93950000 - 0x00007ffc939dd000 	C:\Users\HP\AppData\Local\Programs\Android Studio\jbr\bin\msvcp140.dll
0x00007ffc7cc10000 - 0x00007ffc7d893000 	C:\Users\HP\AppData\Local\Programs\Android Studio\jbr\bin\server\jvm.dll
0x00007ffcbc730000 - 0x00007ffcbc7e1000 	C:\Windows\System32\ADVAPI32.dll
0x00007ffcbc400000 - 0x00007ffcbc49f000 	C:\Windows\System32\sechost.dll
0x00007ffcbc7f0000 - 0x00007ffcbc913000 	C:\Windows\System32\RPCRT4.dll
0x00007ffcbbb80000 - 0x00007ffcbbba7000 	C:\Windows\System32\bcrypt.dll
0x00007ffcbb720000 - 0x00007ffcbb76b000 	C:\Windows\SYSTEM32\POWRPROF.dll
0x00007ffcae4b0000 - 0x00007ffcae4b9000 	C:\Windows\SYSTEM32\WSOCK32.dll
0x00007ffc96180000 - 0x00007ffc961a7000 	C:\Windows\SYSTEM32\WINMM.dll
0x00007ffcbcbc0000 - 0x00007ffcbcc2b000 	C:\Windows\System32\WS2_32.dll
0x00007ffcb6a10000 - 0x00007ffcb6a1a000 	C:\Windows\SYSTEM32\VERSION.dll
0x00007ffcbb700000 - 0x00007ffcbb712000 	C:\Windows\SYSTEM32\UMPDC.dll
0x00007ffcb97f0000 - 0x00007ffcb9802000 	C:\Windows\SYSTEM32\kernel.appcore.dll
0x00007ffcae470000 - 0x00007ffcae47a000 	C:\Users\HP\AppData\Local\Programs\Android Studio\jbr\bin\jimage.dll
0x00007ffcadce0000 - 0x00007ffcadec4000 	C:\Windows\SYSTEM32\DBGHELP.DLL
0x00007ffc96120000 - 0x00007ffc96154000 	C:\Windows\SYSTEM32\dbgcore.DLL
0x00007ffcbbaf0000 - 0x00007ffcbbb72000 	C:\Windows\System32\bcryptPrimitives.dll
0x00007ffcae440000 - 0x00007ffcae465000 	C:\Users\HP\AppData\Local\Programs\Android Studio\jbr\bin\java.dll
0x00007ffcae420000 - 0x00007ffcae438000 	C:\Users\HP\AppData\Local\Programs\Android Studio\jbr\bin\zip.dll
0x00007ffcbdb20000 - 0x00007ffcbe28d000 	C:\Windows\System32\SHELL32.dll
0x00007ffcb99f0000 - 0x00007ffcba194000 	C:\Windows\SYSTEM32\windows.storage.dll
0x00007ffcbd580000 - 0x00007ffcbd8d3000 	C:\Windows\System32\combase.dll
0x00007ffcbb330000 - 0x00007ffcbb35e000 	C:\Windows\SYSTEM32\Wldp.dll
0x00007ffcbc660000 - 0x00007ffcbc72d000 	C:\Windows\System32\OLEAUT32.dll
0x00007ffcbc920000 - 0x00007ffcbc9cd000 	C:\Windows\System32\SHCORE.dll
0x00007ffcbcb60000 - 0x00007ffcbcbb5000 	C:\Windows\System32\shlwapi.dll
0x00007ffcbb8a0000 - 0x00007ffcbb8c4000 	C:\Windows\SYSTEM32\profapi.dll
0x00007ffcadff0000 - 0x00007ffcae009000 	C:\Users\HP\AppData\Local\Programs\Android Studio\jbr\bin\net.dll
0x00007ffcb43a0000 - 0x00007ffcb44ad000 	C:\Windows\SYSTEM32\WINHTTP.dll
0x00007ffcbb090000 - 0x00007ffcbb0fa000 	C:\Windows\system32\mswsock.dll
0x00007ffcadfd0000 - 0x00007ffcadfe6000 	C:\Users\HP\AppData\Local\Programs\Android Studio\jbr\bin\nio.dll
0x00007ffcacdc0000 - 0x00007ffcacdd0000 	C:\Users\HP\AppData\Local\Programs\Android Studio\jbr\bin\verify.dll

dbghelp: loaded successfully - version: 4.0.5 - missing functions: none
symbol engine: initialized successfully - sym options: 0x614 - pdb path: .;C:\Users\HP\AppData\Local\Programs\Android Studio\jbr\bin;C:\Windows\SYSTEM32;C:\Windows\WinSxS\amd64_microsoft.windows.common-controls_6595b64144ccf1df_6.0.19041.4355_none_60b8b9eb71f62e16;C:\Users\HP\AppData\Local\Programs\Android Studio\jbr\bin\server

VM Arguments:
java_command: org.jetbrains.kotlin.cli.jvm.K2JVMCompiler @C:\Users\HP\Desktop\MVVM\app\build\20241112_7038951388490007472.compiler.options
java_class_path (initial): C:\Users\HP\.gradle\caches\modules-2\files-2.1\org.jetbrains.kotlin\kotlin-compiler-embeddable\1.9.0\2c8c3a7402becca891f12739b3e9fd2dc2adbd7a\kotlin-compiler-embeddable-1.9.0.jar;C:\Users\HP\.gradle\caches\modules-2\files-2.1\org.jetbrains.kotlin\kotlin-stdlib\1.9.0\8ee15ef0c67dc83d874f412d84378d7f0eb50b63\kotlin-stdlib-1.9.0.jar;C:\Users\HP\.gradle\caches\modules-2\files-2.1\org.jetbrains.kotlin\kotlin-script-runtime\1.9.0\4b3102cbbb7e1b58d9d1adf89563f00069ffa7d1\kotlin-script-runtime-1.9.0.jar;C:\Users\HP\.gradle\caches\modules-2\files-2.1\org.jetbrains.kotlin\kotlin-reflect\1.6.10\1cbe9c92c12a94eea200d23c2bbaedaf3daf5132\kotlin-reflect-1.6.10.jar;C:\Users\HP\.gradle\caches\modules-2\files-2.1\org.jetbrains.kotlin\kotlin-daemon-embeddable\1.9.0\186543f5e28cf8d9a0290fecc2cf34301c40a65c\kotlin-daemon-embeddable-1.9.0.jar;C:\Users\HP\.gradle\caches\modules-2\files-2.1\org.jetbrains.intellij.deps\trove4j\1.0.20200330\3afb14d5f9ceb459d724e907a21145e8ff394f02\trove4j-1.0.20200330.jar;C:\Users\HP\.gradle\caches\modules-2\files-2.1\org.jetbrains.kotlin\kotlin-stdlib-common\1.9.0\cd65c21cfd1eec4d44ef09f9f52b6d9f8a720636\kotlin-stdlib-common-1.9.0.jar;C:\Users\HP\.gradle\caches\modules-2\files-2.1\org.jetbrains\annotations\13.0\919f0dfe192fb4e063e7dacadee7f8bb9a2672a9\annotations-13.0.jar
Launcher Type: SUN_STANDARD

[Global flags]
     intx CICompilerCount                          = 3                                         {product} {ergonomic}
     uint ConcGCThreads                            = 1                                         {product} {ergonomic}
     uint G1ConcRefinementThreads                  = 4                                         {product} {ergonomic}
   size_t G1HeapRegionSize                         = 1048576                                   {product} {ergonomic}
    uintx GCDrainStackTargetSize                   = 64                                        {product} {ergonomic}
   size_t InitialHeapSize                          = 134217728                                 {product} {ergonomic}
   size_t MarkStackSize                            = 4194304                                   {product} {ergonomic}
   size_t MaxHeapSize                              = 2118123520                                {product} {ergonomic}
   size_t MaxNewSize                               = 1270874112                                {product} {ergonomic}
   size_t MinHeapDeltaBytes                        = 1048576                                   {product} {ergonomic}
   size_t MinHeapSize                              = 8388608                                   {product} {ergonomic}
    uintx NonNMethodCodeHeapSize                   = 5832780                                {pd product} {ergonomic}
    uintx NonProfiledCodeHeapSize                  = 122912730                              {pd product} {ergonomic}
    uintx ProfiledCodeHeapSize                     = 122912730                              {pd product} {ergonomic}
    uintx ReservedCodeCacheSize                    = 251658240                              {pd product} {ergonomic}
     bool SegmentedCodeCache                       = true                                      {product} {ergonomic}
   size_t SoftMaxHeapSize                          = 2118123520                             {manageable} {ergonomic}
     bool UseCompressedClassPointers               = true                           {product lp64_product} {ergonomic}
     bool UseCompressedOops                        = true                           {product lp64_product} {ergonomic}
     bool UseG1GC                                  = true                                      {product} {ergonomic}
     bool UseLargePagesIndividualAllocation        = false                                  {pd product} {ergonomic}

Logging:
Log output configuration:
 #0: stdout all=warning uptime,level,tags
 #1: stderr all=off uptime,level,tags

Environment Variables:
PATH=C:\Windows\system32;C:\Windows;C:\Windows\System32\Wbem;C:\Windows\System32\WindowsPowerShell\v1.0\;C:\Windows\System32\OpenSSH\;C:\Program Files\Git\cmd;C:\Users\HP\AppData\Local\Programs\Python\Python312\Scripts\;C:\Users\HP\AppData\Local\Programs\Python\Python312\;C:\Users\HP\AppData\Local\Programs\Python\Launcher\;C:\Users\HP\AppData\Local\Microsoft\WindowsApps;C:\Users\HP\AppData\Local\JetBrains\Toolbox\scripts;C:\Users\HP\AppData\Local\Programs\Microsoft VS Code\bin;C:\Users\HP\AppData\Local\GitHubDesktop\bin
USERNAME=HP
OS=Windows_NT
PROCESSOR_IDENTIFIER=Intel64 Family 6 Model 78 Stepping 3, GenuineIntel
TMP=C:\Users\HP\AppData\Local\Temp
TEMP=C:\Users\HP\AppData\Local\Temp



Periodic native trim disabled

JNI global refs:
JNI global refs: 10, weak refs: 2

JNI global refs memory usage: 843, weak refs: 841

Process memory usage:
Resident Set Size: 305332K (3% of 8266332K total physical memory with 487076K free physical memory)

OOME stack traces (most recent first):
Classloader memory used:
Loader jdk.internal.loader.ClassLoaders$AppClassLoader                                 : 6050K
Loader bootstrap                                                                       : 1325K
Loader java.net.URLClassLoader                                                         : 64643B
Loader jdk.internal.reflect.DelegatingClassLoader                                      : 15045B


---------------  S Y S T E M  ---------------

OS:
 Windows 10 , 64 bit Build 19041 (10.0.19041.5072)
OS uptime: 1 days 2:31 hours

CPU: total 4 (initial active 4) (2 cores per cpu, 2 threads per core) family 6 model 78 stepping 3 microcode 0xcc, cx8, cmov, fxsr, ht, mmx, 3dnowpref, sse, sse2, sse3, ssse3, sse4.1, sse4.2, popcnt, lzcnt, tsc, tscinvbit, avx, avx2, aes, erms, clmul, bmi1, bmi2, rtm, adx, fma, vzeroupper, clflush, clflushopt
Processor Information for all 4 processors :
  Max Mhz: 2496, Current Mhz: 2396, Mhz Limit: 2396

Memory: 4k page, system-wide physical 8072M (475M free)
TotalPageFile size 9977M (AvailPageFile size 6M)
current process WorkingSet (physical memory assigned to process): 298M, peak: 300M
current process commit charge ("private bytes"): 324M, peak: 329M

vm_info: OpenJDK 64-Bit Server VM (17.0.11+0--11852314) for windows-amd64 JRE (17.0.11+0--11852314), built on May 16 2024 21:29:20 by "androidbuild" with MS VC++ 16.10 / 16.11 (VS2019)

END.
