#
# There is insufficient memory for the Java Runtime Environment to continue.
# Native memory allocation (mmap) failed to map 12582912 bytes. Error detail: G1 virtual space
# Possible reasons:
#   The system is out of physical RAM or swap space
#   This process is running with CompressedOops enabled, and the Java Heap may be blocking the growth of the native heap
# Possible solutions:
#   Reduce memory load on the system
#   Increase physical memory or swap space
#   Check if swap backing store is full
#   Decrease Java heap size (-Xmx/-Xms)
#   Decrease number of Java threads
#   Decrease Java thread stack sizes (-Xss)
#   Set larger code cache with -XX:ReservedCodeCacheSize=
#   JVM is running with Unscaled Compressed Oops mode in which the Java heap is
#     placed in the first 4GB address space. The Java Heap base address is the
#     maximum limit for the native heap growth. Please use -XX:HeapBaseMinAddress
#     to set the Java Heap base and to place the Java Heap above 4GB virtual address.
# This output file may be truncated or incomplete.
#
#  Out of Memory Error (os_windows.cpp:3825), pid=9236, tid=8896
#
# JRE version: OpenJDK Runtime Environment (17.0.11) (build 17.0.11+0--11852314)
# Java VM: OpenJDK 64-Bit Server VM (17.0.11+0--11852314, mixed mode, tiered, compressed oops, compressed class ptrs, g1 gc, windows-amd64)
# No core dump will be written. Minidumps are not enabled by default on client versions of Windows
#

---------------  S U M M A R Y ------------

Command Line: --add-opens=java.base/java.util=ALL-UNNAMED --add-opens=java.base/java.lang=ALL-UNNAMED --add-opens=java.base/java.lang.invoke=ALL-UNNAMED --add-opens=java.prefs/java.util.prefs=ALL-UNNAMED --add-opens=java.base/java.nio.charset=ALL-UNNAMED --add-opens=java.base/java.net=ALL-UNNAMED --add-opens=java.base/java.util.concurrent.atomic=ALL-UNNAMED -Xmx2048m -Dfile.encoding=UTF-8 -Duser.country=US -Duser.language=en -Duser.variant -javaagent:C:\Users\HP\.gradle\wrapper\dists\gradle-8.7-bin\bhs2wmbdwecv87pi65oeuq5iu\gradle-8.7\lib\agents\gradle-instrumentation-agent-8.7.jar org.gradle.launcher.daemon.bootstrap.GradleDaemon 8.7

Host: Intel(R) Core(TM) i5-6300U CPU @ 2.40GHz, 4 cores, 7G,  Windows 10 , 64 bit Build 19041 (10.0.19041.5072)
Time: Fri Nov  8 05:33:52 2024 Pacific Standard Time elapsed time: 15.490213 seconds (0d 0h 0m 15s)

---------------  T H R E A D  ---------------

Current thread (0x000002093b03e7f0):  VMThread "VM Thread" [stack: 0x00000018e0700000,0x00000018e0800000] [id=8896]

Stack: [0x00000018e0700000,0x00000018e0800000]
Native frames: (J=compiled Java code, j=interpreted, Vv=VM code, C=native code)
V  [jvm.dll+0x687bb9]
V  [jvm.dll+0x84142a]
V  [jvm.dll+0x8430ae]
V  [jvm.dll+0x843713]
V  [jvm.dll+0x24a35f]
V  [jvm.dll+0x684989]
V  [jvm.dll+0x67923a]
V  [jvm.dll+0x30af0b]
V  [jvm.dll+0x3123b6]
V  [jvm.dll+0x361dfe]
V  [jvm.dll+0x36202f]
V  [jvm.dll+0x2e0d38]
V  [jvm.dll+0x2df144]
V  [jvm.dll+0x2de74c]
V  [jvm.dll+0x323381]
V  [jvm.dll+0x847e0b]
V  [jvm.dll+0x848b42]
V  [jvm.dll+0x84905d]
V  [jvm.dll+0x849434]
V  [jvm.dll+0x849500]
V  [jvm.dll+0x7efa4a]
V  [jvm.dll+0x686a35]
C  [ucrtbase.dll+0x21bb2]
C  [KERNEL32.DLL+0x17374]
C  [ntdll.dll+0x4cc91]

VM_Operation (0x00000018e1df2430): G1TryInitiateConcMark, mode: safepoint, requested by thread 0x0000020940bc7110


---------------  P R O C E S S  ---------------

Threads class SMR info:
_java_thread_list=0x00000209443fa240, length=42, elements={
0x0000020921a60980, 0x000002093b041330, 0x000002093b0439b0, 0x000002093b29b620,
0x000002093b2a8da0, 0x000002093b2a9670, 0x000002093b2aae80, 0x000002093b2af9b0,
0x000002093b2b0a60, 0x000002093b2b9920, 0x000002093b3b2440, 0x000002093b513a50,
0x0000020940a84010, 0x0000020940b0b0d0, 0x0000020940b89830, 0x0000020941bb6470,
0x00000209403c4550, 0x0000020940bc8550, 0x0000020940bc7110, 0x0000020940bc8f70,
0x0000020940bc9480, 0x0000020940bc9990, 0x0000020940bc6c00, 0x0000020940bc9ea0,
0x0000020940bc8040, 0x0000020940bc7620, 0x0000020940bca3b0, 0x0000020940bc8a60,
0x0000020941837320, 0x0000020941839180, 0x0000020941833150, 0x0000020941832730,
0x000002094266c030, 0x0000020941832c40, 0x0000020941838760, 0x0000020941834fb0,
0x0000020941832220, 0x0000020941831d10, 0x0000020941833660, 0x0000020941838c70,
0x0000020941833b70, 0x0000020941834080
}

Java Threads: ( => current thread )
  0x0000020921a60980 JavaThread "main" [_thread_blocked, id=14052, stack(0x00000018e0100000,0x00000018e0200000)]
  0x000002093b041330 JavaThread "Reference Handler" daemon [_thread_blocked, id=7348, stack(0x00000018e0800000,0x00000018e0900000)]
  0x000002093b0439b0 JavaThread "Finalizer" daemon [_thread_blocked, id=11788, stack(0x00000018e0900000,0x00000018e0a00000)]
  0x000002093b29b620 JavaThread "Signal Dispatcher" daemon [_thread_blocked, id=9292, stack(0x00000018e0a00000,0x00000018e0b00000)]
  0x000002093b2a8da0 JavaThread "Attach Listener" daemon [_thread_blocked, id=3780, stack(0x00000018e0b00000,0x00000018e0c00000)]
  0x000002093b2a9670 JavaThread "Service Thread" daemon [_thread_blocked, id=11560, stack(0x00000018e0c00000,0x00000018e0d00000)]
  0x000002093b2aae80 JavaThread "Monitor Deflation Thread" daemon [_thread_blocked, id=11812, stack(0x00000018e0d00000,0x00000018e0e00000)]
  0x000002093b2af9b0 JavaThread "C2 CompilerThread0" daemon [_thread_in_native, id=13764, stack(0x00000018e0e00000,0x00000018e0f00000)]
  0x000002093b2b0a60 JavaThread "C1 CompilerThread0" daemon [_thread_blocked, id=5848, stack(0x00000018e0f00000,0x00000018e1000000)]
  0x000002093b2b9920 JavaThread "Sweeper thread" daemon [_thread_blocked, id=14948, stack(0x00000018e1000000,0x00000018e1100000)]
  0x000002093b3b2440 JavaThread "Common-Cleaner" daemon [_thread_blocked, id=12504, stack(0x00000018e1100000,0x00000018e1200000)]
  0x000002093b513a50 JavaThread "Notification Thread" daemon [_thread_blocked, id=3808, stack(0x00000018e1200000,0x00000018e1300000)]
  0x0000020940a84010 JavaThread "Daemon health stats" [_thread_blocked, id=9636, stack(0x00000018e1800000,0x00000018e1900000)]
  0x0000020940b0b0d0 JavaThread "Incoming local TCP Connector on port 55384" [_thread_in_native, id=8228, stack(0x00000018e1400000,0x00000018e1500000)]
  0x0000020940b89830 JavaThread "Daemon periodic checks" [_thread_blocked, id=5260, stack(0x00000018e1900000,0x00000018e1a00000)]
  0x0000020941bb6470 JavaThread "Daemon" [_thread_blocked, id=8860, stack(0x00000018e1a00000,0x00000018e1b00000)]
  0x00000209403c4550 JavaThread "Handler for socket connection from /127.0.0.1:55384 to /127.0.0.1:55385" [_thread_in_native, id=10412, stack(0x00000018e1b00000,0x00000018e1c00000)]
  0x0000020940bc8550 JavaThread "Cancel handler" [_thread_blocked, id=13232, stack(0x00000018e1c00000,0x00000018e1d00000)]
  0x0000020940bc7110 JavaThread "Daemon worker" [_thread_blocked, id=14992, stack(0x00000018e1d00000,0x00000018e1e00000)]
  0x0000020940bc8f70 JavaThread "Asynchronous log dispatcher for DefaultDaemonConnection: socket connection from /127.0.0.1:55384 to /127.0.0.1:55385" [_thread_blocked, id=1888, stack(0x00000018e1e00000,0x00000018e1f00000)]
  0x0000020940bc9480 JavaThread "Stdin handler" [_thread_blocked, id=8508, stack(0x00000018e1f00000,0x00000018e2000000)]
  0x0000020940bc9990 JavaThread "Daemon client event forwarder" [_thread_blocked, id=1204, stack(0x00000018e2000000,0x00000018e2100000)]
  0x0000020940bc6c00 JavaThread "Cache worker for journal cache (C:\Users\HP\.gradle\caches\journal-1)" [_thread_blocked, id=7212, stack(0x00000018e2100000,0x00000018e2200000)]
  0x0000020940bc9ea0 JavaThread "File lock request listener" [_thread_in_native, id=9464, stack(0x00000018e2200000,0x00000018e2300000)]
  0x0000020940bc8040 JavaThread "Cache worker for file hash cache (C:\Users\HP\.gradle\caches\8.7\fileHashes)" [_thread_blocked, id=8340, stack(0x00000018e2300000,0x00000018e2400000)]
  0x0000020940bc7620 JavaThread "Cache worker for file hash cache (C:\Users\HP\Desktop\MVVM\.gradle\8.7\fileHashes)" [_thread_blocked, id=2780, stack(0x00000018e2500000,0x00000018e2600000)]
  0x0000020940bca3b0 JavaThread "File watcher server" daemon [_thread_blocked, id=1908, stack(0x00000018e2600000,0x00000018e2700000)]
  0x0000020940bc8a60 JavaThread "File watcher consumer" daemon [_thread_blocked, id=10228, stack(0x00000018e2700000,0x00000018e2800000)]
  0x0000020941837320 JavaThread "Cache worker for checksums cache (C:\Users\HP\Desktop\MVVM\.gradle\8.7\checksums)" [_thread_blocked, id=9176, stack(0x00000018e2400000,0x00000018e2500000)]
  0x0000020941839180 JavaThread "Cache worker for cache directory md-supplier (C:\Users\HP\.gradle\caches\8.7\md-supplier)" [_thread_blocked, id=13580, stack(0x00000018e2800000,0x00000018e2900000)]
  0x0000020941833150 JavaThread "Cache worker for cache directory md-rule (C:\Users\HP\.gradle\caches\8.7\md-rule)" [_thread_blocked, id=8556, stack(0x00000018e2900000,0x00000018e2a00000)]
  0x0000020941832730 JavaThread "Cache worker for file content cache (C:\Users\HP\.gradle\caches\8.7\fileContent)" [_thread_blocked, id=13980, stack(0x00000018e2b00000,0x00000018e2c00000)]
  0x000002094266c030 JavaThread "C2 CompilerThread1" daemon [_thread_blocked, id=9096, stack(0x00000018e2a00000,0x00000018e2b00000)]
  0x0000020941832c40 JavaThread "Cache worker for Build Output Cleanup Cache (C:\Users\HP\Desktop\MVVM\.gradle\buildOutputCleanup)" [_thread_blocked, id=912, stack(0x00000018e2c00000,0x00000018e2d00000)]
  0x0000020941838760 JavaThread "Unconstrained build operations" [_thread_blocked, id=4128, stack(0x00000018e2d00000,0x00000018e2e00000)]
  0x0000020941834fb0 JavaThread "Unconstrained build operations Thread 2" [_thread_blocked, id=5736, stack(0x00000018e2e00000,0x00000018e2f00000)]
  0x0000020941832220 JavaThread "Unconstrained build operations Thread 3" [_thread_blocked, id=12724, stack(0x00000018e2f00000,0x00000018e3000000)]
  0x0000020941831d10 JavaThread "Unconstrained build operations Thread 4" [_thread_blocked, id=14000, stack(0x00000018e3000000,0x00000018e3100000)]
  0x0000020941833660 JavaThread "Unconstrained build operations Thread 5" [_thread_blocked, id=488, stack(0x00000018e3100000,0x00000018e3200000)]
  0x0000020941838c70 JavaThread "Unconstrained build operations Thread 6" [_thread_blocked, id=10640, stack(0x00000018e3200000,0x00000018e3300000)]
  0x0000020941833b70 JavaThread "build event listener" [_thread_blocked, id=1084, stack(0x00000018e3300000,0x00000018e3400000)]
  0x0000020941834080 JavaThread "Memory manager" [_thread_blocked, id=11612, stack(0x00000018e3400000,0x00000018e3500000)]

Other Threads:
=>0x000002093b03e7f0 VMThread "VM Thread" [stack: 0x00000018e0700000,0x00000018e0800000] [id=8896]
  0x000002093b5155c0 WatcherThread [stack: 0x00000018e1300000,0x00000018e1400000] [id=11852]
  0x0000020921abada0 GCTaskThread "GC Thread#0" [stack: 0x00000018e0200000,0x00000018e0300000] [id=15344]
  0x000002093b981f60 GCTaskThread "GC Thread#1" [stack: 0x00000018e1500000,0x00000018e1600000] [id=14328]
  0x000002093b982220 GCTaskThread "GC Thread#2" [stack: 0x00000018e1600000,0x00000018e1700000] [id=5800]
  0x000002093b621060 GCTaskThread "GC Thread#3" [stack: 0x00000018e1700000,0x00000018e1800000] [id=4916]
  0x0000020921acbc00 ConcurrentGCThread "G1 Main Marker" [stack: 0x00000018e0300000,0x00000018e0400000] [id=13504]
  0x0000020921acccd0 ConcurrentGCThread "G1 Conc#0" [stack: 0x00000018e0400000,0x00000018e0500000] [id=11776]
  0x0000020921b1ecb0 ConcurrentGCThread "G1 Refine#0" [stack: 0x00000018e0500000,0x00000018e0600000] [id=8584]
  0x000002093ae97730 ConcurrentGCThread "G1 Service" [stack: 0x00000018e0600000,0x00000018e0700000] [id=13304]

Threads with active compile tasks:
C2 CompilerThread0    15544 7573   !   4       com.google.common.reflect.TypeVisitor::visit (225 bytes)
C2 CompilerThread1    15544 7641   !   4       sun.instrument.TransformerManager::transform (100 bytes)

VM state: at safepoint (normal execution)

VM Mutex/Monitor currently owned by a thread:  ([mutex/lock_event])
[0x0000020921a5bc40] Threads_lock - owner thread: 0x000002093b03e7f0
[0x0000020921a5bf10] Heap_lock - owner thread: 0x0000020940bc7110

Heap address: 0x0000000080000000, size: 2048 MB, Compressed Oops mode: 32-bit

CDS archive(s) not mapped
Compressed class space mapped at: 0x0000000100000000-0x0000000140000000, reserved size: 1073741824
Narrow klass base: 0x0000000000000000, Narrow klass shift: 3, Narrow klass range: 0x140000000

GC Precious Log:
 CPUs: 4 total, 4 available
 Memory: 8072M
 Large Page Support: Disabled
 NUMA Support: Disabled
 Compressed Oops: Enabled (32-bit)
 Heap Region Size: 1M
 Heap Min Capacity: 8M
 Heap Initial Capacity: 128M
 Heap Max Capacity: 2G
 Pre-touch: Disabled
 Parallel Workers: 4
 Concurrent Workers: 1
 Concurrent Refinement Workers: 4
 Periodic GC: Disabled

Heap:
 garbage-first heap   total 121856K, used 68137K [0x0000000080000000, 0x0000000100000000)
  region size 1024K, 5 young (5120K), 5 survivors (5120K)
 Metaspace       used 68965K, committed 69504K, reserved 1114112K
  class space    used 9292K, committed 9536K, reserved 1048576K

Heap Regions: E=young(eden), S=young(survivor), O=old, HS=humongous(starts), HC=humongous(continues), CS=collection set, F=free, OA=open archive, CA=closed archive, TAMS=top-at-mark-start (previous, next)
|   0|0x0000000080000000, 0x0000000080100000, 0x0000000080100000|100%| O|  |TAMS 0x0000000080100000, 0x0000000080100000| Untracked 
|   1|0x0000000080100000, 0x0000000080200000, 0x0000000080200000|100%| O|  |TAMS 0x0000000080200000, 0x0000000080200000| Untracked 
|   2|0x0000000080200000, 0x0000000080300000, 0x0000000080300000|100%|HS|  |TAMS 0x0000000080300000, 0x0000000080300000| Complete 
|   3|0x0000000080300000, 0x0000000080400000, 0x0000000080400000|100%|HC|  |TAMS 0x0000000080400000, 0x0000000080400000| Complete 
|   4|0x0000000080400000, 0x0000000080500000, 0x0000000080500000|100%|HC|  |TAMS 0x0000000080500000, 0x0000000080500000| Complete 
|   5|0x0000000080500000, 0x0000000080600000, 0x0000000080600000|100%|HC|  |TAMS 0x0000000080600000, 0x0000000080600000| Complete 
|   6|0x0000000080600000, 0x0000000080700000, 0x0000000080700000|100%| O|  |TAMS 0x0000000080700000, 0x0000000080700000| Untracked 
|   7|0x0000000080700000, 0x0000000080800000, 0x0000000080800000|100%| O|  |TAMS 0x0000000080800000, 0x0000000080800000| Untracked 
|   8|0x0000000080800000, 0x0000000080900000, 0x0000000080900000|100%| O|  |TAMS 0x0000000080900000, 0x0000000080900000| Untracked 
|   9|0x0000000080900000, 0x0000000080a00000, 0x0000000080a00000|100%| O|  |TAMS 0x0000000080a00000, 0x0000000080a00000| Untracked 
|  10|0x0000000080a00000, 0x0000000080b00000, 0x0000000080b00000|100%| O|  |TAMS 0x0000000080b00000, 0x0000000080b00000| Untracked 
|  11|0x0000000080b00000, 0x0000000080c00000, 0x0000000080c00000|100%| O|  |TAMS 0x0000000080c00000, 0x0000000080c00000| Untracked 
|  12|0x0000000080c00000, 0x0000000080d00000, 0x0000000080d00000|100%| O|  |TAMS 0x0000000080d00000, 0x0000000080d00000| Untracked 
|  13|0x0000000080d00000, 0x0000000080e00000, 0x0000000080e00000|100%| O|  |TAMS 0x0000000080e00000, 0x0000000080e00000| Untracked 
|  14|0x0000000080e00000, 0x0000000080f00000, 0x0000000080f00000|100%| O|  |TAMS 0x0000000080f00000, 0x0000000080f00000| Untracked 
|  15|0x0000000080f00000, 0x0000000081000000, 0x0000000081000000|100%| O|  |TAMS 0x0000000081000000, 0x0000000081000000| Untracked 
|  16|0x0000000081000000, 0x0000000081100000, 0x0000000081100000|100%| O|  |TAMS 0x0000000081100000, 0x0000000081100000| Untracked 
|  17|0x0000000081100000, 0x0000000081200000, 0x0000000081200000|100%| O|  |TAMS 0x0000000081200000, 0x0000000081200000| Untracked 
|  18|0x0000000081200000, 0x0000000081300000, 0x0000000081300000|100%| O|  |TAMS 0x0000000081300000, 0x0000000081300000| Untracked 
|  19|0x0000000081300000, 0x0000000081400000, 0x0000000081400000|100%| O|  |TAMS 0x0000000081400000, 0x0000000081400000| Untracked 
|  20|0x0000000081400000, 0x0000000081500000, 0x0000000081500000|100%| O|  |TAMS 0x0000000081500000, 0x0000000081500000| Untracked 
|  21|0x0000000081500000, 0x0000000081600000, 0x0000000081600000|100%| O|  |TAMS 0x0000000081600000, 0x0000000081600000| Untracked 
|  22|0x0000000081600000, 0x0000000081700000, 0x0000000081700000|100%| O|  |TAMS 0x0000000081700000, 0x0000000081700000| Untracked 
|  23|0x0000000081700000, 0x0000000081800000, 0x0000000081800000|100%| O|  |TAMS 0x0000000081800000, 0x0000000081800000| Untracked 
|  24|0x0000000081800000, 0x0000000081900000, 0x0000000081900000|100%| O|  |TAMS 0x0000000081900000, 0x0000000081900000| Untracked 
|  25|0x0000000081900000, 0x0000000081a00000, 0x0000000081a00000|100%| O|  |TAMS 0x0000000081a00000, 0x0000000081a00000| Untracked 
|  26|0x0000000081a00000, 0x0000000081b00000, 0x0000000081b00000|100%| O|  |TAMS 0x0000000081b00000, 0x0000000081b00000| Untracked 
|  27|0x0000000081b00000, 0x0000000081c00000, 0x0000000081c00000|100%| O|  |TAMS 0x0000000081c00000, 0x0000000081c00000| Untracked 
|  28|0x0000000081c00000, 0x0000000081d00000, 0x0000000081d00000|100%| O|  |TAMS 0x0000000081d00000, 0x0000000081d00000| Untracked 
|  29|0x0000000081d00000, 0x0000000081e00000, 0x0000000081e00000|100%| O|  |TAMS 0x0000000081e00000, 0x0000000081e00000| Untracked 
|  30|0x0000000081e00000, 0x0000000081f00000, 0x0000000081f00000|100%| O|  |TAMS 0x0000000081f00000, 0x0000000081f00000| Untracked 
|  31|0x0000000081f00000, 0x0000000082000000, 0x0000000082000000|100%| O|  |TAMS 0x0000000082000000, 0x0000000082000000| Untracked 
|  32|0x0000000082000000, 0x0000000082100000, 0x0000000082100000|100%|HS|  |TAMS 0x0000000082100000, 0x0000000082100000| Complete 
|  33|0x0000000082100000, 0x0000000082200000, 0x0000000082200000|100%|HS|  |TAMS 0x0000000082200000, 0x0000000082200000| Complete 
|  34|0x0000000082200000, 0x0000000082300000, 0x0000000082300000|100%|HS|  |TAMS 0x0000000082300000, 0x0000000082300000| Complete 
|  35|0x0000000082300000, 0x0000000082400000, 0x0000000082400000|100%|HC|  |TAMS 0x0000000082400000, 0x0000000082400000| Complete 
|  36|0x0000000082400000, 0x0000000082500000, 0x0000000082500000|100%|HS|  |TAMS 0x0000000082500000, 0x0000000082500000| Complete 
|  37|0x0000000082500000, 0x0000000082600000, 0x0000000082600000|100%|HC|  |TAMS 0x0000000082600000, 0x0000000082600000| Complete 
|  38|0x0000000082600000, 0x0000000082700000, 0x0000000082700000|100%|HS|  |TAMS 0x0000000082700000, 0x0000000082700000| Complete 
|  39|0x0000000082700000, 0x0000000082800000, 0x0000000082800000|100%|HS|  |TAMS 0x0000000082800000, 0x0000000082800000| Complete 
|  40|0x0000000082800000, 0x0000000082900000, 0x0000000082900000|100%|HC|  |TAMS 0x0000000082900000, 0x0000000082900000| Complete 
|  41|0x0000000082900000, 0x0000000082a00000, 0x0000000082a00000|100%|HC|  |TAMS 0x0000000082a00000, 0x0000000082a00000| Complete 
|  42|0x0000000082a00000, 0x0000000082b00000, 0x0000000082b00000|100%|HC|  |TAMS 0x0000000082b00000, 0x0000000082b00000| Complete 
|  43|0x0000000082b00000, 0x0000000082c00000, 0x0000000082c00000|100%|HS|  |TAMS 0x0000000082c00000, 0x0000000082c00000| Complete 
|  44|0x0000000082c00000, 0x0000000082d00000, 0x0000000082d00000|100%| O|  |TAMS 0x0000000082d00000, 0x0000000082d00000| Untracked 
|  45|0x0000000082d00000, 0x0000000082e00000, 0x0000000082e00000|100%|HS|  |TAMS 0x0000000082e00000, 0x0000000082e00000| Complete 
|  46|0x0000000082e00000, 0x0000000082f00000, 0x0000000082f00000|100%| O|  |TAMS 0x0000000082f00000, 0x0000000082f00000| Untracked 
|  47|0x0000000082f00000, 0x0000000083000000, 0x0000000083000000|100%| O|  |TAMS 0x0000000083000000, 0x0000000083000000| Untracked 
|  48|0x0000000083000000, 0x0000000083100000, 0x0000000083100000|100%| O|  |TAMS 0x0000000083100000, 0x0000000083100000| Untracked 
|  49|0x0000000083100000, 0x0000000083200000, 0x0000000083200000|100%| O|  |TAMS 0x0000000083200000, 0x0000000083200000| Untracked 
|  50|0x0000000083200000, 0x0000000083300000, 0x0000000083300000|100%| O|  |TAMS 0x0000000083300000, 0x0000000083300000| Untracked 
|  51|0x0000000083300000, 0x0000000083400000, 0x0000000083400000|100%| O|  |TAMS 0x0000000083400000, 0x0000000083400000| Untracked 
|  52|0x0000000083400000, 0x0000000083500000, 0x0000000083500000|100%| O|  |TAMS 0x0000000083500000, 0x0000000083500000| Untracked 
|  53|0x0000000083500000, 0x0000000083600000, 0x0000000083600000|100%| O|  |TAMS 0x0000000083600000, 0x0000000083600000| Untracked 
|  54|0x0000000083600000, 0x0000000083700000, 0x0000000083700000|100%| O|  |TAMS 0x0000000083700000, 0x0000000083700000| Untracked 
|  55|0x0000000083700000, 0x0000000083800000, 0x0000000083800000|100%| O|  |TAMS 0x0000000083800000, 0x0000000083800000| Untracked 
|  56|0x0000000083800000, 0x0000000083900000, 0x0000000083900000|100%| O|  |TAMS 0x0000000083900000, 0x0000000083900000| Untracked 
|  57|0x0000000083900000, 0x0000000083a00000, 0x0000000083a00000|100%| O|  |TAMS 0x0000000083a00000, 0x0000000083a00000| Untracked 
|  58|0x0000000083a00000, 0x0000000083a58800, 0x0000000083b00000| 34%| O|  |TAMS 0x0000000083a58800, 0x0000000083a58800| Untracked 
|  59|0x0000000083b00000, 0x0000000083c00000, 0x0000000083c00000|100%|HS|  |TAMS 0x0000000083c00000, 0x0000000083c00000| Complete 
|  60|0x0000000083c00000, 0x0000000083c00000, 0x0000000083d00000|  0%| F|  |TAMS 0x0000000083c00000, 0x0000000083c00000| Untracked 
|  61|0x0000000083d00000, 0x0000000083d00000, 0x0000000083e00000|  0%| F|  |TAMS 0x0000000083d00000, 0x0000000083d00000| Untracked 
|  62|0x0000000083e00000, 0x0000000083e00000, 0x0000000083f00000|  0%| F|  |TAMS 0x0000000083e00000, 0x0000000083e00000| Untracked 
|  63|0x0000000083f00000, 0x0000000083f00000, 0x0000000084000000|  0%| F|  |TAMS 0x0000000083f00000, 0x0000000083f00000| Untracked 
|  64|0x0000000084000000, 0x0000000084000000, 0x0000000084100000|  0%| F|  |TAMS 0x0000000084000000, 0x0000000084000000| Untracked 
|  65|0x0000000084100000, 0x0000000084100000, 0x0000000084200000|  0%| F|  |TAMS 0x0000000084100000, 0x0000000084100000| Untracked 
|  66|0x0000000084200000, 0x0000000084200000, 0x0000000084300000|  0%| F|  |TAMS 0x0000000084200000, 0x0000000084200000| Untracked 
|  67|0x0000000084300000, 0x0000000084300000, 0x0000000084400000|  0%| F|  |TAMS 0x0000000084300000, 0x0000000084300000| Untracked 
|  68|0x0000000084400000, 0x0000000084400000, 0x0000000084500000|  0%| F|  |TAMS 0x0000000084400000, 0x0000000084400000| Untracked 
|  69|0x0000000084500000, 0x0000000084500000, 0x0000000084600000|  0%| F|  |TAMS 0x0000000084500000, 0x0000000084500000| Untracked 
|  70|0x0000000084600000, 0x0000000084600000, 0x0000000084700000|  0%| F|  |TAMS 0x0000000084600000, 0x0000000084600000| Untracked 
|  71|0x0000000084700000, 0x0000000084700000, 0x0000000084800000|  0%| F|  |TAMS 0x0000000084700000, 0x0000000084700000| Untracked 
|  72|0x0000000084800000, 0x0000000084800000, 0x0000000084900000|  0%| F|  |TAMS 0x0000000084800000, 0x0000000084800000| Untracked 
|  73|0x0000000084900000, 0x0000000084900000, 0x0000000084a00000|  0%| F|  |TAMS 0x0000000084900000, 0x0000000084900000| Untracked 
|  74|0x0000000084a00000, 0x0000000084a00000, 0x0000000084b00000|  0%| F|  |TAMS 0x0000000084a00000, 0x0000000084a00000| Untracked 
|  75|0x0000000084b00000, 0x0000000084b00000, 0x0000000084c00000|  0%| F|  |TAMS 0x0000000084b00000, 0x0000000084b00000| Untracked 
|  76|0x0000000084c00000, 0x0000000084c00000, 0x0000000084d00000|  0%| F|  |TAMS 0x0000000084c00000, 0x0000000084c00000| Untracked 
|  77|0x0000000084d00000, 0x0000000084d00000, 0x0000000084e00000|  0%| F|  |TAMS 0x0000000084d00000, 0x0000000084d00000| Untracked 
|  78|0x0000000084e00000, 0x0000000084e00000, 0x0000000084f00000|  0%| F|  |TAMS 0x0000000084e00000, 0x0000000084e00000| Untracked 
|  79|0x0000000084f00000, 0x0000000084f00000, 0x0000000085000000|  0%| F|  |TAMS 0x0000000084f00000, 0x0000000084f00000| Untracked 
|  80|0x0000000085000000, 0x0000000085000000, 0x0000000085100000|  0%| F|  |TAMS 0x0000000085000000, 0x0000000085000000| Untracked 
|  81|0x0000000085100000, 0x0000000085100000, 0x0000000085200000|  0%| F|  |TAMS 0x0000000085100000, 0x0000000085100000| Untracked 
|  82|0x0000000085200000, 0x0000000085200000, 0x0000000085300000|  0%| F|  |TAMS 0x0000000085200000, 0x0000000085200000| Untracked 
|  83|0x0000000085300000, 0x0000000085300000, 0x0000000085400000|  0%| F|  |TAMS 0x0000000085300000, 0x0000000085300000| Untracked 
|  84|0x0000000085400000, 0x0000000085400000, 0x0000000085500000|  0%| F|  |TAMS 0x0000000085400000, 0x0000000085400000| Untracked 
|  85|0x0000000085500000, 0x0000000085500000, 0x0000000085600000|  0%| F|  |TAMS 0x0000000085500000, 0x0000000085500000| Untracked 
|  86|0x0000000085600000, 0x0000000085600000, 0x0000000085700000|  0%| F|  |TAMS 0x0000000085600000, 0x0000000085600000| Untracked 
|  87|0x0000000085700000, 0x0000000085700000, 0x0000000085800000|  0%| F|  |TAMS 0x0000000085700000, 0x0000000085700000| Untracked 
|  88|0x0000000085800000, 0x0000000085800000, 0x0000000085900000|  0%| F|  |TAMS 0x0000000085800000, 0x0000000085800000| Untracked 
|  89|0x0000000085900000, 0x0000000085900000, 0x0000000085a00000|  0%| F|  |TAMS 0x0000000085900000, 0x0000000085900000| Untracked 
|  90|0x0000000085a00000, 0x0000000085a00000, 0x0000000085b00000|  0%| F|  |TAMS 0x0000000085a00000, 0x0000000085a00000| Untracked 
|  91|0x0000000085b00000, 0x0000000085b00000, 0x0000000085c00000|  0%| F|  |TAMS 0x0000000085b00000, 0x0000000085b00000| Untracked 
|  92|0x0000000085c00000, 0x0000000085c00000, 0x0000000085d00000|  0%| F|  |TAMS 0x0000000085c00000, 0x0000000085c00000| Untracked 
|  93|0x0000000085d00000, 0x0000000085d00000, 0x0000000085e00000|  0%| F|  |TAMS 0x0000000085d00000, 0x0000000085d00000| Untracked 
|  94|0x0000000085e00000, 0x0000000085e00000, 0x0000000085f00000|  0%| F|  |TAMS 0x0000000085e00000, 0x0000000085e00000| Untracked 
|  95|0x0000000085f00000, 0x0000000085f00000, 0x0000000086000000|  0%| F|  |TAMS 0x0000000085f00000, 0x0000000085f00000| Untracked 
|  96|0x0000000086000000, 0x0000000086000000, 0x0000000086100000|  0%| F|  |TAMS 0x0000000086000000, 0x0000000086000000| Untracked 
|  97|0x0000000086100000, 0x0000000086100000, 0x0000000086200000|  0%| F|  |TAMS 0x0000000086100000, 0x0000000086100000| Untracked 
|  98|0x0000000086200000, 0x0000000086200000, 0x0000000086300000|  0%| F|  |TAMS 0x0000000086200000, 0x0000000086200000| Untracked 
|  99|0x0000000086300000, 0x0000000086300000, 0x0000000086400000|  0%| F|  |TAMS 0x0000000086300000, 0x0000000086300000| Untracked 
| 100|0x0000000086400000, 0x0000000086431d00, 0x0000000086500000| 19%| S|CS|TAMS 0x0000000086400000, 0x0000000086400000| Complete 
| 101|0x0000000086500000, 0x0000000086600000, 0x0000000086600000|100%| S|CS|TAMS 0x0000000086500000, 0x0000000086500000| Complete 
| 102|0x0000000086600000, 0x0000000086700000, 0x0000000086700000|100%| S|CS|TAMS 0x0000000086600000, 0x0000000086600000| Complete 
| 103|0x0000000086700000, 0x0000000086800000, 0x0000000086800000|100%| S|CS|TAMS 0x0000000086700000, 0x0000000086700000| Complete 
| 104|0x0000000086800000, 0x0000000086900000, 0x0000000086900000|100%| S|CS|TAMS 0x0000000086800000, 0x0000000086800000| Complete 
| 105|0x0000000086900000, 0x0000000086900000, 0x0000000086a00000|  0%| F|  |TAMS 0x0000000086900000, 0x0000000086900000| Untracked 
| 106|0x0000000086a00000, 0x0000000086a00000, 0x0000000086b00000|  0%| F|  |TAMS 0x0000000086a00000, 0x0000000086a00000| Untracked 
| 107|0x0000000086b00000, 0x0000000086b00000, 0x0000000086c00000|  0%| F|  |TAMS 0x0000000086b00000, 0x0000000086b00000| Untracked 
| 108|0x0000000086c00000, 0x0000000086c00000, 0x0000000086d00000|  0%| F|  |TAMS 0x0000000086c00000, 0x0000000086c00000| Untracked 
| 109|0x0000000086d00000, 0x0000000086d00000, 0x0000000086e00000|  0%| F|  |TAMS 0x0000000086d00000, 0x0000000086d00000| Untracked 
| 110|0x0000000086e00000, 0x0000000086e00000, 0x0000000086f00000|  0%| F|  |TAMS 0x0000000086e00000, 0x0000000086e00000| Untracked 
| 111|0x0000000086f00000, 0x0000000086f00000, 0x0000000087000000|  0%| F|  |TAMS 0x0000000086f00000, 0x0000000086f00000| Untracked 
| 112|0x0000000087000000, 0x0000000087000000, 0x0000000087100000|  0%| F|  |TAMS 0x0000000087000000, 0x0000000087000000| Untracked 
| 113|0x0000000087100000, 0x0000000087100000, 0x0000000087200000|  0%| F|  |TAMS 0x0000000087100000, 0x0000000087100000| Untracked 
| 114|0x0000000087200000, 0x0000000087200000, 0x0000000087300000|  0%| F|  |TAMS 0x0000000087200000, 0x0000000087200000| Untracked 
| 127|0x0000000087f00000, 0x0000000087f00000, 0x0000000088000000|  0%| F|  |TAMS 0x0000000087f00000, 0x0000000087f00000| Untracked 
|2045|0x00000000ffd00000, 0x00000000ffe00000, 0x00000000ffe00000|100%| O|  |TAMS 0x00000000ffe00000, 0x00000000ffe00000| Untracked 
|2046|0x00000000ffe00000, 0x00000000fff00000, 0x00000000fff00000|100%| O|  |TAMS 0x00000000fff00000, 0x00000000fff00000| Untracked 
|2047|0x00000000fff00000, 0x0000000100000000, 0x0000000100000000|100%| O|  |TAMS 0x0000000100000000, 0x0000000100000000| Untracked 

Card table byte_map: [0x0000020934340000,0x0000020934740000] _byte_map_base: 0x0000020933f40000

Marking Bits (Prev, Next): (CMBitMap*) 0x0000020921abb2d0, (CMBitMap*) 0x0000020921abb310
 Prev Bits: [0x0000020934b40000, 0x0000020936b40000)
 Next Bits: [0x0000020936b40000, 0x0000020938b40000)

Polling page: 0x000002091f810000

Metaspace:

Usage:
  Non-class:     58.27 MB used.
      Class:      9.07 MB used.
       Both:     67.35 MB used.

Virtual space:
  Non-class space:       64.00 MB reserved,      58.56 MB ( 92%) committed,  1 nodes.
      Class space:        1.00 GB reserved,       9.31 MB ( <1%) committed,  1 nodes.
             Both:        1.06 GB reserved,      67.88 MB (  6%) committed. 

Chunk freelists:
   Non-Class:  4.62 MB
       Class:  6.56 MB
        Both:  11.19 MB

MaxMetaspaceSize: unlimited
CompressedClassSpaceSize: 1.00 GB
Initial GC threshold: 21.00 MB
Current GC threshold: 106.25 MB
CDS: off
MetaspaceReclaimPolicy: balanced
 - commit_granule_bytes: 65536.
 - commit_granule_words: 8192.
 - virtual_space_node_default_size: 8388608.
 - enlarge_chunks_in_place: 1.
 - new_chunks_are_fully_committed: 0.
 - uncommit_free_chunks: 1.
 - use_allocation_guard: 0.
 - handle_deallocations: 1.


Internal statistics:

num_allocs_failed_limit: 6.
num_arena_births: 770.
num_arena_deaths: 0.
num_vsnodes_births: 2.
num_vsnodes_deaths: 0.
num_space_committed: 1086.
num_space_uncommitted: 0.
num_chunks_returned_to_freelist: 6.
num_chunks_taken_from_freelist: 3156.
num_chunk_merges: 3.
num_chunk_splits: 2069.
num_chunks_enlarged: 1400.
num_inconsistent_stats: 0.

CodeHeap 'non-profiled nmethods': size=120000Kb used=3407Kb max_used=3407Kb free=116592Kb
 bounds [0x000002092ca10000, 0x000002092cd70000, 0x0000020933f40000]
CodeHeap 'profiled nmethods': size=120000Kb used=12870Kb max_used=12870Kb free=107129Kb
 bounds [0x0000020924f40000, 0x0000020925be0000, 0x000002092c470000]
CodeHeap 'non-nmethods': size=5760Kb used=1651Kb max_used=1716Kb free=4108Kb
 bounds [0x000002092c470000, 0x000002092c6e0000, 0x000002092ca10000]
 total_blobs=7637 nmethods=6902 adapters=646
 compilation: enabled
              stopped_count=0, restarted_count=0
 full_count=0

Compilation events (20 events):
Event: 15.464 Thread 0x000002093b2b0a60 7695       2       java.util.regex.ASCII::toLower (16 bytes)
Event: 15.464 Thread 0x000002093b2b0a60 nmethod 7695 0x0000020925bcd990 code [0x0000020925bcdb20, 0x0000020925bcdc38]
Event: 15.464 Thread 0x000002093b2b0a60 7696       2       java.util.regex.ASCII::isUpper (18 bytes)
Event: 15.464 Thread 0x000002093b2b0a60 nmethod 7696 0x0000020925bcdd10 code [0x0000020925bcdea0, 0x0000020925bcdfb8]
Event: 15.467 Thread 0x000002093b2b0a60 7697  s    2       java.util.Hashtable::put (104 bytes)
Event: 15.468 Thread 0x000002093b2b0a60 nmethod 7697 0x0000020925bce090 code [0x0000020925bce280, 0x0000020925bce738]
Event: 15.468 Thread 0x000002093b2b0a60 7698       2       java.util.Hashtable::addEntry (87 bytes)
Event: 15.468 Thread 0x000002093b2b0a60 nmethod 7698 0x0000020925bce990 code [0x0000020925bceb60, 0x0000020925bcefb8]
Event: 15.468 Thread 0x000002093b2b0a60 7699       2       java.util.Hashtable$Entry::<init> (26 bytes)
Event: 15.469 Thread 0x000002093b2b0a60 nmethod 7699 0x0000020925bcf190 code [0x0000020925bcf320, 0x0000020925bcf538]
Event: 15.469 Thread 0x000002093b2b0a60 7700       2       sun.security.util.SignatureFileVerifier::updateSigners (132 bytes)
Event: 15.470 Thread 0x000002093b2b0a60 nmethod 7700 0x0000020925bcf610 code [0x0000020925bcf840, 0x0000020925bcff98]
Event: 15.470 Thread 0x000002093b2b0a60 7701       2       sun.security.util.SignatureFileVerifier::matches (93 bytes)
Event: 15.470 Thread 0x000002093b2b0a60 nmethod 7701 0x0000020925bd0490 code [0x0000020925bd0680, 0x0000020925bd0b38]
Event: 15.470 Thread 0x000002093b2b0a60 7702       2       java.security.Provider$UString::hashCode (8 bytes)
Event: 15.470 Thread 0x000002093b2b0a60 nmethod 7702 0x0000020925bd0e10 code [0x0000020925bd0fa0, 0x0000020925bd10c8]
Event: 15.470 Thread 0x000002093b2b0a60 7703       2       java.util.regex.Pattern$Branch::match (66 bytes)
Event: 15.471 Thread 0x000002093b2b0a60 nmethod 7703 0x0000020925bd1190 code [0x0000020925bd1360, 0x0000020925bd1618]
Event: 15.471 Thread 0x000002093b2b0a60 7704       2       java.security.ProtectionDomain$Key::<init> (5 bytes)
Event: 15.471 Thread 0x000002093b2b0a60 nmethod 7704 0x0000020925bd1790 code [0x0000020925bd1920, 0x0000020925bd1a18]

GC Heap History (20 events):
Event: 7.563 GC heap after
{Heap after GC invocations=12 (full 0):
 garbage-first heap   total 68608K, used 27855K [0x0000000080000000, 0x0000000100000000)
  region size 1024K, 4 young (4096K), 4 survivors (4096K)
 Metaspace       used 41286K, committed 41600K, reserved 1114112K
  class space    used 5474K, committed 5632K, reserved 1048576K
}
Event: 7.954 GC heap before
{Heap before GC invocations=12 (full 0):
 garbage-first heap   total 68608K, used 53455K [0x0000000080000000, 0x0000000100000000)
  region size 1024K, 29 young (29696K), 4 survivors (4096K)
 Metaspace       used 42391K, committed 42816K, reserved 1114112K
  class space    used 5650K, committed 5824K, reserved 1048576K
}
Event: 7.962 GC heap after
{Heap after GC invocations=13 (full 0):
 garbage-first heap   total 109568K, used 29053K [0x0000000080000000, 0x0000000100000000)
  region size 1024K, 2 young (2048K), 2 survivors (2048K)
 Metaspace       used 42391K, committed 42816K, reserved 1114112K
  class space    used 5650K, committed 5824K, reserved 1048576K
}
Event: 9.175 GC heap before
{Heap before GC invocations=13 (full 0):
 garbage-first heap   total 109568K, used 82301K [0x0000000080000000, 0x0000000100000000)
  region size 1024K, 54 young (55296K), 2 survivors (2048K)
 Metaspace       used 49064K, committed 49536K, reserved 1114112K
  class space    used 6744K, committed 6976K, reserved 1048576K
}
Event: 9.182 GC heap after
{Heap after GC invocations=14 (full 0):
 garbage-first heap   total 109568K, used 32213K [0x0000000080000000, 0x0000000100000000)
  region size 1024K, 5 young (5120K), 5 survivors (5120K)
 Metaspace       used 49064K, committed 49536K, reserved 1114112K
  class space    used 6744K, committed 6976K, reserved 1048576K
}
Event: 11.068 GC heap before
{Heap before GC invocations=14 (full 0):
 garbage-first heap   total 109568K, used 85461K [0x0000000080000000, 0x0000000100000000)
  region size 1024K, 55 young (56320K), 5 survivors (5120K)
 Metaspace       used 55508K, committed 56064K, reserved 1114112K
  class space    used 7648K, committed 7936K, reserved 1048576K
}
Event: 11.082 GC heap after
{Heap after GC invocations=15 (full 0):
 garbage-first heap   total 109568K, used 35203K [0x0000000080000000, 0x0000000100000000)
  region size 1024K, 7 young (7168K), 7 survivors (7168K)
 Metaspace       used 55508K, committed 56064K, reserved 1114112K
  class space    used 7648K, committed 7936K, reserved 1048576K
}
Event: 12.416 GC heap before
{Heap before GC invocations=15 (full 0):
 garbage-first heap   total 109568K, used 83331K [0x0000000080000000, 0x0000000100000000)
  region size 1024K, 55 young (56320K), 7 survivors (7168K)
 Metaspace       used 56793K, committed 57280K, reserved 1114112K
  class space    used 7757K, committed 8000K, reserved 1048576K
}
Event: 12.431 GC heap after
{Heap after GC invocations=16 (full 0):
 garbage-first heap   total 109568K, used 39506K [0x0000000080000000, 0x0000000100000000)
  region size 1024K, 7 young (7168K), 7 survivors (7168K)
 Metaspace       used 56793K, committed 57280K, reserved 1114112K
  class space    used 7757K, committed 8000K, reserved 1048576K
}
Event: 13.506 GC heap before
{Heap before GC invocations=16 (full 0):
 garbage-first heap   total 109568K, used 94802K [0x0000000080000000, 0x0000000100000000)
  region size 1024K, 48 young (49152K), 7 survivors (7168K)
 Metaspace       used 58677K, committed 59264K, reserved 1114112K
  class space    used 8027K, committed 8256K, reserved 1048576K
}
Event: 13.522 GC heap after
{Heap after GC invocations=17 (full 0):
 garbage-first heap   total 112640K, used 61712K [0x0000000080000000, 0x0000000100000000)
  region size 1024K, 7 young (7168K), 7 survivors (7168K)
 Metaspace       used 58677K, committed 59264K, reserved 1114112K
  class space    used 8027K, committed 8256K, reserved 1048576K
}
Event: 13.533 GC heap before
{Heap before GC invocations=17 (full 0):
 garbage-first heap   total 112640K, used 61712K [0x0000000080000000, 0x0000000100000000)
  region size 1024K, 8 young (8192K), 7 survivors (7168K)
 Metaspace       used 58735K, committed 59328K, reserved 1114112K
  class space    used 8029K, committed 8320K, reserved 1048576K
}
Event: 13.538 GC heap after
{Heap after GC invocations=18 (full 0):
 garbage-first heap   total 112640K, used 63811K [0x0000000080000000, 0x0000000100000000)
  region size 1024K, 1 young (1024K), 1 survivors (1024K)
 Metaspace       used 58735K, committed 59328K, reserved 1114112K
  class space    used 8029K, committed 8320K, reserved 1048576K
}
Event: 14.080 GC heap before
{Heap before GC invocations=19 (full 0):
 garbage-first heap   total 117760K, used 90435K [0x0000000080000000, 0x0000000100000000)
  region size 1024K, 27 young (27648K), 1 survivors (1024K)
 Metaspace       used 60776K, committed 61376K, reserved 1114112K
  class space    used 8325K, committed 8640K, reserved 1048576K
}
Event: 14.083 GC heap after
{Heap after GC invocations=20 (full 0):
 garbage-first heap   total 117760K, used 64762K [0x0000000080000000, 0x0000000100000000)
  region size 1024K, 1 young (1024K), 1 survivors (1024K)
 Metaspace       used 60776K, committed 61376K, reserved 1114112K
  class space    used 8325K, committed 8640K, reserved 1048576K
}
Event: 14.612 GC heap before
{Heap before GC invocations=20 (full 0):
 garbage-first heap   total 117760K, used 94458K [0x0000000080000000, 0x0000000100000000)
  region size 1024K, 30 young (30720K), 1 survivors (1024K)
 Metaspace       used 63953K, committed 64512K, reserved 1114112K
  class space    used 8641K, committed 8896K, reserved 1048576K
}
Event: 14.616 GC heap after
{Heap after GC invocations=21 (full 0):
 garbage-first heap   total 117760K, used 65316K [0x0000000080000000, 0x0000000100000000)
  region size 1024K, 2 young (2048K), 2 survivors (2048K)
 Metaspace       used 63953K, committed 64512K, reserved 1114112K
  class space    used 8641K, committed 8896K, reserved 1048576K
}
Event: 15.195 GC heap before
{Heap before GC invocations=22 (full 0):
 garbage-first heap   total 121856K, used 96036K [0x0000000080000000, 0x0000000100000000)
  region size 1024K, 32 young (32768K), 2 survivors (2048K)
 Metaspace       used 67177K, committed 67776K, reserved 1114112K
  class space    used 9084K, committed 9344K, reserved 1048576K
}
Event: 15.200 GC heap after
{Heap after GC invocations=23 (full 0):
 garbage-first heap   total 121856K, used 66369K [0x0000000080000000, 0x0000000100000000)
  region size 1024K, 3 young (3072K), 3 survivors (3072K)
 Metaspace       used 67177K, committed 67776K, reserved 1114112K
  class space    used 9084K, committed 9344K, reserved 1048576K
}
Event: 15.481 GC heap before
{Heap before GC invocations=23 (full 0):
 garbage-first heap   total 121856K, used 76609K [0x0000000080000000, 0x0000000100000000)
  region size 1024K, 14 young (14336K), 3 survivors (3072K)
 Metaspace       used 68965K, committed 69504K, reserved 1114112K
  class space    used 9292K, committed 9536K, reserved 1048576K
}

Dll operation events (3 events):
Event: 0.021 Loaded shared library C:\Users\HP\AppData\Local\Programs\Android Studio\jbr\bin\java.dll
Event: 0.192 Loaded shared library C:\Users\HP\AppData\Local\Programs\Android Studio\jbr\bin\zip.dll
Event: 0.675 Loaded shared library C:\Users\HP\AppData\Local\Programs\Android Studio\jbr\bin\verify.dll

Deoptimization events (20 events):
Event: 15.471 Thread 0x0000020940bc7110 Uncommon trap: trap_request=0xffffff45 fr.pc=0x000002092cb7d4f4 relative=0x0000000000000074
Event: 15.471 Thread 0x0000020940bc7110 Uncommon trap: reason=unstable_if action=reinterpret pc=0x000002092cb7d4f4 method=java.security.CodeSource.getCertificates()[Ljava/security/cert/Certificate; @ 22 c2
Event: 15.471 Thread 0x0000020940bc7110 DEOPT PACKING pc=0x000002092cb7d4f4 sp=0x00000018e1df2b60
Event: 15.471 Thread 0x0000020940bc7110 DEOPT UNPACKING pc=0x000002092c4c69a3 sp=0x00000018e1df2ae8 mode 2
Event: 15.475 Thread 0x0000020940bc7110 Uncommon trap: trap_request=0xffffff45 fr.pc=0x000002092cb0f120 relative=0x0000000000000080
Event: 15.475 Thread 0x0000020940bc7110 Uncommon trap: reason=unstable_if action=reinterpret pc=0x000002092cb0f120 method=java.util.jar.JarFile.maybeInstantiateVerifier()V @ 4 c2
Event: 15.475 Thread 0x0000020940bc7110 DEOPT PACKING pc=0x000002092cb0f120 sp=0x00000018e1df1450
Event: 15.475 Thread 0x0000020940bc7110 DEOPT UNPACKING pc=0x000002092c4c69a3 sp=0x00000018e1df13e0 mode 2
Event: 15.475 Thread 0x0000020940bc7110 Uncommon trap: trap_request=0xffffff45 fr.pc=0x000002092cc93ba4 relative=0x0000000000000204
Event: 15.475 Thread 0x0000020940bc7110 Uncommon trap: reason=unstable_if action=reinterpret pc=0x000002092cc93ba4 method=java.util.jar.JarFile.maybeInstantiateVerifier()V @ 4 c2
Event: 15.475 Thread 0x0000020940bc7110 DEOPT PACKING pc=0x000002092cc93ba4 sp=0x00000018e1df14f0
Event: 15.475 Thread 0x0000020940bc7110 DEOPT UNPACKING pc=0x000002092c4c69a3 sp=0x00000018e1df1438 mode 2
Event: 15.475 Thread 0x0000020940bc7110 Uncommon trap: trap_request=0xffffff45 fr.pc=0x000002092ca8ce0c relative=0x000000000000192c
Event: 15.475 Thread 0x0000020940bc7110 Uncommon trap: reason=unstable_if action=reinterpret pc=0x000002092ca8ce0c method=java.security.CodeSource.matchCerts(Ljava/security/CodeSource;Z)Z @ 11 c2
Event: 15.475 Thread 0x0000020940bc7110 DEOPT PACKING pc=0x000002092ca8ce0c sp=0x00000018e1df1390
Event: 15.475 Thread 0x0000020940bc7110 DEOPT UNPACKING pc=0x000002092c4c69a3 sp=0x00000018e1df1220 mode 2
Event: 15.476 Thread 0x0000020940bc7110 Uncommon trap: trap_request=0xffffff45 fr.pc=0x000002092ca65140 relative=0x0000000000000940
Event: 15.476 Thread 0x0000020940bc7110 Uncommon trap: reason=unstable_if action=reinterpret pc=0x000002092ca65140 method=java.util.jar.JarFile.getEntry(Ljava/lang/String;)Ljava/util/zip/ZipEntry; @ 15 c2
Event: 15.476 Thread 0x0000020940bc7110 DEOPT PACKING pc=0x000002092ca65140 sp=0x00000018e1df2d90
Event: 15.476 Thread 0x0000020940bc7110 DEOPT UNPACKING pc=0x000002092c4c69a3 sp=0x00000018e1df2d78 mode 2

Classes unloaded (0 events):
No events

Classes redefined (0 events):
No events

Internal exceptions (20 events):
Event: 10.981 Thread 0x0000020940bc7110 Exception <a 'java/lang/NoSuchMethodError'{0x0000000083b78ca8}: 'void java.lang.invoke.DirectMethodHandle$Holder.invokeStatic(java.lang.Object, java.lang.Object, java.lang.Object, int, java.lang.Object)'> (0x0000000083b78ca8) 
thrown [s\src\hotspot\share\interpreter\linkResolver.cpp, line 771]
Event: 11.901 Thread 0x0000020940bc7110 Exception <a 'java/lang/NoSuchMethodError'{0x000000008580d8b8}: 'java.lang.Object java.lang.invoke.DirectMethodHandle$Holder.newInvokeSpecial(java.lang.Object, java.lang.Object, java.lang.Object, java.lang.Object, int, java.lang.Object)'> (0x000000008580d8b8) 
thrown [s\src\hotspot\share\interpreter\linkResolver.cpp, line 771]
Event: 11.901 Thread 0x0000020940bc7110 Exception <a 'java/lang/NoSuchMethodError'{0x0000000085812c10}: 'java.lang.Object java.lang.invoke.Invokers$Holder.linkToTargetMethod(java.lang.Object, java.lang.Object, java.lang.Object, int, java.lang.Object, java.lang.Object)'> (0x0000000085812c10) 
thrown [s\src\hotspot\share\interpreter\linkResolver.cpp, line 771]
Event: 12.516 Thread 0x0000020940bc7110 Exception <a 'java/lang/NoSuchMethodError'{0x000000008635e140}: 'long java.lang.invoke.DirectMethodHandle$Holder.invokeVirtual(java.lang.Object, java.lang.Object)'> (0x000000008635e140) 
thrown [s\src\hotspot\share\interpreter\linkResolver.cpp, line 771]
Event: 12.520 Thread 0x0000020940bc9990 Exception <a 'java/lang/NoSuchMethodError'{0x0000000086203b18}: static Lorg/gradle/internal/build/event/types/DefaultOperationFinishedProgressEvent;.<clinit>()V> (0x0000000086203b18) 
thrown [s\src\hotspot\share\prims\jni.cpp, line 1127]
Event: 12.536 Thread 0x0000020940bc9990 Exception <a 'java/lang/NoSuchMethodError'{0x000000008622aa50}: static Lorg/gradle/internal/build/event/types/DefaultProjectConfigurationSuccessResult;.<clinit>()V> (0x000000008622aa50) 
thrown [s\src\hotspot\share\prims\jni.cpp, line 1127]
Event: 12.536 Thread 0x0000020940bc9990 Exception <a 'java/lang/NoSuchMethodError'{0x000000008622ed60}: static Lorg/gradle/internal/build/event/types/AbstractProjectConfigurationResult;.<clinit>()V> (0x000000008622ed60) 
thrown [s\src\hotspot\share\prims\jni.cpp, line 1127]
Event: 12.537 Thread 0x0000020940bc9990 Exception <a 'java/lang/NoSuchMethodError'{0x0000000086230270}: static Lorg/gradle/internal/build/event/types/AbstractOperationResult;.<clinit>()V> (0x0000000086230270) 
thrown [s\src\hotspot\share\prims\jni.cpp, line 1127]
Event: 12.538 Thread 0x0000020940bc9990 Exception <a 'java/lang/NoSuchMethodError'{0x0000000086231470}: static Lorg/gradle/internal/build/event/types/AbstractResult;.<clinit>()V> (0x0000000086231470) 
thrown [s\src\hotspot\share\prims\jni.cpp, line 1127]
Event: 12.540 Thread 0x0000020940bc9990 Exception <a 'java/lang/NoSuchMethodError'{0x0000000086247cd0}: static Lorg/gradle/internal/build/event/types/DefaultPluginApplicationResult;.<clinit>()V> (0x0000000086247cd0) 
thrown [s\src\hotspot\share\prims\jni.cpp, line 1127]
Event: 12.541 Thread 0x0000020940bc9990 Exception <a 'java/lang/NoSuchMethodError'{0x0000000086253690}: static Lorg/gradle/internal/build/event/types/DefaultBinaryPluginIdentifier;.<clinit>()V> (0x0000000086253690) 
thrown [s\src\hotspot\share\prims\jni.cpp, line 1127]
Event: 12.544 Thread 0x0000020940bc9990 Exception <a 'java/lang/NoSuchMethodError'{0x000000008626ae60}: static Lorg/gradle/internal/build/event/types/DefaultScriptPluginIdentifier;.<clinit>()V> (0x000000008626ae60) 
thrown [s\src\hotspot\share\prims\jni.cpp, line 1127]
Event: 12.619 Thread 0x0000020940bc7110 Implicit null exception at 0x000002092cd23912 to 0x000002092cd24030
Event: 12.619 Thread 0x0000020940bc7110 Implicit null exception at 0x000002092cd29414 to 0x000002092cd29b10
Event: 12.773 Thread 0x0000020940bc7110 Exception <a 'java/lang/NoSuchMethodError'{0x0000000085a213a0}: 'void java.lang.invoke.Invokers$Holder.invoke_MT(java.lang.Object, java.lang.Object, java.lang.Object, java.lang.Object)'> (0x0000000085a213a0) 
thrown [s\src\hotspot\share\interpreter\linkResolver.cpp, line 771]
Event: 12.786 Thread 0x0000020940bc7110 Exception <a 'java/lang/NoSuchMethodError'{0x0000000085aa0ab8}: 'java.lang.Object java.lang.invoke.DirectMethodHandle$Holder.invokeSpecial(java.lang.Object, java.lang.Object, java.lang.Object, int, java.lang.Object, java.lang.Object)'> (0x0000000085aa0ab8) 
thrown [s\src\hotspot\share\interpreter\linkResolver.cpp, line 771]
Event: 13.146 Thread 0x0000020940bc7110 Exception <a 'java/lang/ClassNotFoundException'{0x0000000085174488}: sun/misc/SharedSecrets> (0x0000000085174488) 
thrown [s\src\hotspot\share\classfile\systemDictionary.cpp, line 256]
Event: 13.146 Thread 0x0000020940bc7110 Exception <a 'java/lang/ClassNotFoundException'{0x0000000085175a60}: org/gradle/api/internal/plugins/DefaultObjectConfigurationActionBeanInfo> (0x0000000085175a60) 
thrown [s\src\hotspot\share\classfile\systemDictionary.cpp, line 256]
Event: 13.147 Thread 0x0000020940bc7110 Exception <a 'java/lang/ClassNotFoundException'{0x000000008518bdb8}: org/gradle/api/internal/plugins/DefaultObjectConfigurationActionCustomizer> (0x000000008518bdb8) 
thrown [s\src\hotspot\share\classfile\systemDictionary.cpp, line 256]
Event: 15.367 Thread 0x0000020940bc7110 Implicit null exception at 0x000002092cbe738c to 0x000002092cbe74c6

VM Operations (20 events):
Event: 13.641 Executing VM operation: G1PauseRemark done
Event: 13.676 Executing VM operation: G1PauseCleanup
Event: 13.676 Executing VM operation: G1PauseCleanup done
Event: 14.080 Executing VM operation: G1CollectForAllocation
Event: 14.083 Executing VM operation: G1CollectForAllocation done
Event: 14.612 Executing VM operation: G1CollectForAllocation
Event: 14.616 Executing VM operation: G1CollectForAllocation done
Event: 14.699 Executing VM operation: G1PauseRemark
Event: 14.703 Executing VM operation: G1PauseRemark done
Event: 14.742 Executing VM operation: G1PauseCleanup
Event: 14.742 Executing VM operation: G1PauseCleanup done
Event: 15.195 Executing VM operation: G1CollectForAllocation
Event: 15.200 Executing VM operation: G1CollectForAllocation done
Event: 15.325 Executing VM operation: HandshakeAllThreads
Event: 15.325 Executing VM operation: HandshakeAllThreads done
Event: 15.380 Executing VM operation: HandshakeAllThreads
Event: 15.381 Executing VM operation: HandshakeAllThreads done
Event: 15.381 Executing VM operation: HandshakeAllThreads
Event: 15.381 Executing VM operation: HandshakeAllThreads done
Event: 15.481 Executing VM operation: G1TryInitiateConcMark

Events (20 events):
Event: 15.464 loading class java/security/interfaces/ECKey
Event: 15.464 loading class java/security/interfaces/ECKey done
Event: 15.464 loading class java/security/interfaces/XECKey
Event: 15.464 loading class java/security/interfaces/XECKey done
Event: 15.464 loading class sun/security/util/KeyUtil
Event: 15.465 loading class sun/security/util/KeyUtil done
Event: 15.465 loading class sun/security/util/Length
Event: 15.465 loading class sun/security/util/Length done
Event: 15.465 loading class javax/crypto/SecretKey
Event: 15.465 loading class javax/crypto/SecretKey done
Event: 15.466 loading class java/util/Base64
Event: 15.467 loading class java/util/Base64 done
Event: 15.467 loading class java/util/Base64$Decoder
Event: 15.467 loading class java/util/Base64$Decoder done
Event: 15.467 loading class java/util/Base64$Encoder
Event: 15.467 loading class java/util/Base64$Encoder done
Event: 15.469 loading class java/util/jar/JarVerifier$VerifierStream
Event: 15.469 loading class java/util/jar/JarVerifier$VerifierStream done
Event: 15.469 loading class sun/security/util/ManifestEntryVerifier$SunProviderHolder
Event: 15.469 loading class sun/security/util/ManifestEntryVerifier$SunProviderHolder done


Dynamic libraries:
0x00007ff785fc0000 - 0x00007ff785fca000 	C:\Users\HP\AppData\Local\Programs\Android Studio\jbr\bin\java.exe
0x00007ffcaef50000 - 0x00007ffcaf148000 	C:\Windows\SYSTEM32\ntdll.dll
0x00007ffcad100000 - 0x00007ffcad1c2000 	C:\Windows\System32\KERNEL32.DLL
0x00007ffcac7a0000 - 0x00007ffcaca9e000 	C:\Windows\System32\KERNELBASE.dll
0x00007ffcacbe0000 - 0x00007ffcacce0000 	C:\Windows\System32\ucrtbase.dll
0x00007ffc85b20000 - 0x00007ffc85b3b000 	C:\Users\HP\AppData\Local\Programs\Android Studio\jbr\bin\VCRUNTIME140.dll
0x00007ffca0520000 - 0x00007ffca0537000 	C:\Users\HP\AppData\Local\Programs\Android Studio\jbr\bin\jli.dll
0x00007ffcae8c0000 - 0x00007ffcaea5d000 	C:\Windows\System32\USER32.dll
0x00007ffcacbb0000 - 0x00007ffcacbd2000 	C:\Windows\System32\win32u.dll
0x00007ffc94ee0000 - 0x00007ffc9517a000 	C:\Windows\WinSxS\amd64_microsoft.windows.common-controls_6595b64144ccf1df_6.0.19041.4355_none_60b8b9eb71f62e16\COMCTL32.dll
0x00007ffcad060000 - 0x00007ffcad0fe000 	C:\Windows\System32\msvcrt.dll
0x00007ffcae6f0000 - 0x00007ffcae71b000 	C:\Windows\System32\GDI32.dll
0x00007ffcac680000 - 0x00007ffcac797000 	C:\Windows\System32\gdi32full.dll
0x00007ffcacaa0000 - 0x00007ffcacb3d000 	C:\Windows\System32\msvcp_win.dll
0x00007ffcaeee0000 - 0x00007ffcaef0f000 	C:\Windows\System32\IMM32.DLL
0x00007ffca9c30000 - 0x00007ffca9c3c000 	C:\Users\HP\AppData\Local\Programs\Android Studio\jbr\bin\vcruntime140_1.dll
0x00007ffc74370000 - 0x00007ffc743fd000 	C:\Users\HP\AppData\Local\Programs\Android Studio\jbr\bin\msvcp140.dll
0x00007ffc5bfe0000 - 0x00007ffc5cc63000 	C:\Users\HP\AppData\Local\Programs\Android Studio\jbr\bin\server\jvm.dll
0x00007ffcae230000 - 0x00007ffcae2e1000 	C:\Windows\System32\ADVAPI32.dll
0x00007ffcae2f0000 - 0x00007ffcae38f000 	C:\Windows\System32\sechost.dll
0x00007ffcae720000 - 0x00007ffcae843000 	C:\Windows\System32\RPCRT4.dll
0x00007ffcacf40000 - 0x00007ffcacf67000 	C:\Windows\System32\bcrypt.dll
0x00007ffcac450000 - 0x00007ffcac49b000 	C:\Windows\SYSTEM32\POWRPROF.dll
0x00007ffc82900000 - 0x00007ffc82909000 	C:\Windows\SYSTEM32\WSOCK32.dll
0x00007ffc86a40000 - 0x00007ffc86a67000 	C:\Windows\SYSTEM32\WINMM.dll
0x00007ffca1840000 - 0x00007ffca184a000 	C:\Windows\SYSTEM32\VERSION.dll
0x00007ffcae850000 - 0x00007ffcae8bb000 	C:\Windows\System32\WS2_32.dll
0x00007ffcac430000 - 0x00007ffcac442000 	C:\Windows\SYSTEM32\UMPDC.dll
0x00007ffcaae10000 - 0x00007ffcaae22000 	C:\Windows\SYSTEM32\kernel.appcore.dll
0x00007ffca9580000 - 0x00007ffca958a000 	C:\Users\HP\AppData\Local\Programs\Android Studio\jbr\bin\jimage.dll
0x00007ffcaabf0000 - 0x00007ffcaadd4000 	C:\Windows\SYSTEM32\DBGHELP.DLL
0x00007ffc87140000 - 0x00007ffc87174000 	C:\Windows\SYSTEM32\dbgcore.DLL
0x00007ffcac5f0000 - 0x00007ffcac672000 	C:\Windows\System32\bcryptPrimitives.dll
0x00007ffca12f0000 - 0x00007ffca12fe000 	C:\Users\HP\AppData\Local\Programs\Android Studio\jbr\bin\instrument.dll
0x00007ffca1cf0000 - 0x00007ffca1d15000 	C:\Users\HP\AppData\Local\Programs\Android Studio\jbr\bin\java.dll
0x00007ffca1bf0000 - 0x00007ffca1c08000 	C:\Users\HP\AppData\Local\Programs\Android Studio\jbr\bin\zip.dll
0x00007ffcad740000 - 0x00007ffcadead000 	C:\Windows\System32\SHELL32.dll
0x00007ffcaa380000 - 0x00007ffcaab24000 	C:\Windows\SYSTEM32\windows.storage.dll
0x00007ffcae390000 - 0x00007ffcae6e3000 	C:\Windows\System32\combase.dll
0x00007ffcabfb0000 - 0x00007ffcabfde000 	C:\Windows\SYSTEM32\Wldp.dll
0x00007ffcadf10000 - 0x00007ffcadfdd000 	C:\Windows\System32\OLEAUT32.dll
0x00007ffcad690000 - 0x00007ffcad73d000 	C:\Windows\System32\SHCORE.dll
0x00007ffcad580000 - 0x00007ffcad5d5000 	C:\Windows\System32\shlwapi.dll
0x00007ffcac520000 - 0x00007ffcac544000 	C:\Windows\SYSTEM32\profapi.dll
0x00007ffca1370000 - 0x00007ffca1389000 	C:\Users\HP\AppData\Local\Programs\Android Studio\jbr\bin\net.dll
0x00007ffc9bda0000 - 0x00007ffc9bead000 	C:\Windows\SYSTEM32\WINHTTP.dll
0x00007ffcabd10000 - 0x00007ffcabd7a000 	C:\Windows\system32\mswsock.dll
0x00007ffca1350000 - 0x00007ffca1366000 	C:\Users\HP\AppData\Local\Programs\Android Studio\jbr\bin\nio.dll
0x00007ffca1300000 - 0x00007ffca1310000 	C:\Users\HP\AppData\Local\Programs\Android Studio\jbr\bin\verify.dll
0x00007ffc95c40000 - 0x00007ffc95c67000 	C:\Users\HP\.gradle\native\c067742578af261105cb4f569cf0c3c89f3d7b1fecec35dd04571415982c5e48\windows-amd64\native-platform.dll
0x00007ffc6d6d0000 - 0x00007ffc6d814000 	C:\Users\HP\.gradle\native\38dada09dfb8b06ba9b0570ebf7e218e3eb74d4ef43ca46872605cf95ebc2f47\windows-amd64\native-platform-file-events.dll
0x00007ffca38a0000 - 0x00007ffca38a9000 	C:\Users\HP\AppData\Local\Programs\Android Studio\jbr\bin\management.dll
0x00007ffca3820000 - 0x00007ffca382b000 	C:\Users\HP\AppData\Local\Programs\Android Studio\jbr\bin\management_ext.dll
0x00007ffcad4c0000 - 0x00007ffcad4c8000 	C:\Windows\System32\PSAPI.DLL
0x00007ffcabf10000 - 0x00007ffcabf28000 	C:\Windows\SYSTEM32\CRYPTSP.dll
0x00007ffcab630000 - 0x00007ffcab664000 	C:\Windows\system32\rsaenh.dll
0x00007ffcac4e0000 - 0x00007ffcac50e000 	C:\Windows\SYSTEM32\USERENV.dll
0x00007ffcabf00000 - 0x00007ffcabf0c000 	C:\Windows\SYSTEM32\CRYPTBASE.dll
0x00007ffcab9f0000 - 0x00007ffcaba2b000 	C:\Windows\SYSTEM32\IPHLPAPI.DLL
0x00007ffcaea60000 - 0x00007ffcaea68000 	C:\Windows\System32\NSI.dll
0x00007ffc9f2f0000 - 0x00007ffc9f307000 	C:\Windows\SYSTEM32\dhcpcsvc6.DLL
0x00007ffca05e0000 - 0x00007ffca05fd000 	C:\Windows\SYSTEM32\dhcpcsvc.DLL
0x00007ffcaba30000 - 0x00007ffcabafa000 	C:\Windows\SYSTEM32\DNSAPI.dll
0x00007ffca3910000 - 0x00007ffca3919000 	C:\Users\HP\AppData\Local\Programs\Android Studio\jbr\bin\extnet.dll
0x00007ffca5170000 - 0x00007ffca5177000 	C:\Windows\system32\wshunix.dll

dbghelp: loaded successfully - version: 4.0.5 - missing functions: none
symbol engine: initialized successfully - sym options: 0x614 - pdb path: .;C:\Users\HP\AppData\Local\Programs\Android Studio\jbr\bin;C:\Windows\SYSTEM32;C:\Windows\WinSxS\amd64_microsoft.windows.common-controls_6595b64144ccf1df_6.0.19041.4355_none_60b8b9eb71f62e16;C:\Users\HP\AppData\Local\Programs\Android Studio\jbr\bin\server;C:\Users\HP\.gradle\native\c067742578af261105cb4f569cf0c3c89f3d7b1fecec35dd04571415982c5e48\windows-amd64;C:\Users\HP\.gradle\native\38dada09dfb8b06ba9b0570ebf7e218e3eb74d4ef43ca46872605cf95ebc2f47\windows-amd64

VM Arguments:
jvm_args: --add-opens=java.base/java.util=ALL-UNNAMED --add-opens=java.base/java.lang=ALL-UNNAMED --add-opens=java.base/java.lang.invoke=ALL-UNNAMED --add-opens=java.prefs/java.util.prefs=ALL-UNNAMED --add-opens=java.base/java.nio.charset=ALL-UNNAMED --add-opens=java.base/java.net=ALL-UNNAMED --add-opens=java.base/java.util.concurrent.atomic=ALL-UNNAMED -Xmx2048m -Dfile.encoding=UTF-8 -Duser.country=US -Duser.language=en -Duser.variant -javaagent:C:\Users\HP\.gradle\wrapper\dists\gradle-8.7-bin\bhs2wmbdwecv87pi65oeuq5iu\gradle-8.7\lib\agents\gradle-instrumentation-agent-8.7.jar 
java_command: org.gradle.launcher.daemon.bootstrap.GradleDaemon 8.7
java_class_path (initial): C:\Users\HP\.gradle\wrapper\dists\gradle-8.7-bin\bhs2wmbdwecv87pi65oeuq5iu\gradle-8.7\lib\gradle-launcher-8.7.jar
Launcher Type: SUN_STANDARD

[Global flags]
     intx CICompilerCount                          = 3                                         {product} {ergonomic}
     uint ConcGCThreads                            = 1                                         {product} {ergonomic}
     uint G1ConcRefinementThreads                  = 4                                         {product} {ergonomic}
   size_t G1HeapRegionSize                         = 1048576                                   {product} {ergonomic}
    uintx GCDrainStackTargetSize                   = 64                                        {product} {ergonomic}
   size_t InitialHeapSize                          = 134217728                                 {product} {ergonomic}
   size_t MarkStackSize                            = 4194304                                   {product} {ergonomic}
   size_t MaxHeapSize                              = 2147483648                                {product} {command line}
   size_t MaxNewSize                               = 1287651328                                {product} {ergonomic}
   size_t MinHeapDeltaBytes                        = 1048576                                   {product} {ergonomic}
   size_t MinHeapSize                              = 8388608                                   {product} {ergonomic}
    uintx NonNMethodCodeHeapSize                   = 5832780                                {pd product} {ergonomic}
    uintx NonProfiledCodeHeapSize                  = 122912730                              {pd product} {ergonomic}
    uintx ProfiledCodeHeapSize                     = 122912730                              {pd product} {ergonomic}
    uintx ReservedCodeCacheSize                    = 251658240                              {pd product} {ergonomic}
     bool SegmentedCodeCache                       = true                                      {product} {ergonomic}
   size_t SoftMaxHeapSize                          = 2147483648                             {manageable} {ergonomic}
     bool UseCompressedClassPointers               = true                           {product lp64_product} {ergonomic}
     bool UseCompressedOops                        = true                           {product lp64_product} {ergonomic}
     bool UseG1GC                                  = true                                      {product} {ergonomic}
     bool UseLargePagesIndividualAllocation        = false                                  {pd product} {ergonomic}

Logging:
Log output configuration:
 #0: stdout all=warning uptime,level,tags
 #1: stderr all=off uptime,level,tags

Environment Variables:
PATH=C:\Windows\system32;C:\Windows;C:\Windows\System32\Wbem;C:\Windows\System32\WindowsPowerShell\v1.0\;C:\Windows\System32\OpenSSH\;C:\Program Files\Git\cmd;C:\Users\HP\AppData\Local\Programs\Python\Python312\Scripts\;C:\Users\HP\AppData\Local\Programs\Python\Python312\;C:\Users\HP\AppData\Local\Programs\Python\Launcher\;C:\Users\HP\AppData\Local\Microsoft\WindowsApps;C:\Users\HP\AppData\Local\JetBrains\Toolbox\scripts;C:\Users\HP\AppData\Local\Programs\Microsoft VS Code\bin;C:\Users\HP\AppData\Local\GitHubDesktop\bin
USERNAME=HP
OS=Windows_NT
PROCESSOR_IDENTIFIER=Intel64 Family 6 Model 78 Stepping 3, GenuineIntel
TMP=C:\Users\HP\AppData\Local\Temp
TEMP=C:\Users\HP\AppData\Local\Temp



Periodic native trim disabled

JNI global refs:
JNI global refs: 26, weak refs: 0

JNI global refs memory usage: 843, weak refs: 841

Process memory usage:
Resident Set Size: 324348K (3% of 8266332K total physical memory with 448360K free physical memory)

OOME stack traces (most recent first):
Classloader memory used:
Loader org.gradle.internal.classloader.VisitableURLClassLoader                         : 3640K
Loader bootstrap                                                                       : 2698K
Loader org.gradle.initialization.MixInLegacyTypesClassLoader                           : 1224K
Loader org.gradle.internal.classloader.VisitableURLClassLoader$InstrumentingVisitableURLClassLoader: 913K
Loader jdk.internal.loader.ClassLoaders$PlatformClassLoader                            : 65159B
Loader jdk.internal.reflect.DelegatingClassLoader                                      : 30131B
Loader jdk.internal.loader.ClassLoaders$AppClassLoader                                 : 28747B
Loader org.gradle.internal.classloader.VisitableURLClassLoader                         : 23724B

Classes loaded by more than one classloader:
Class Program                                                                         : loaded 4 times (x 72B)
Class com.google.common.collect.Iterators$MergingIterator                             : loaded 2 times (x 79B)
Class [Lcom.google.common.collect.AbstractMapEntry;                                   : loaded 2 times (x 67B)
Class com.google.common.collect.SingletonImmutableList                                : loaded 2 times (x 167B)
Class com.google.common.cache.CacheLoader$SupplierToCacheLoader                       : loaded 2 times (x 73B)
Class org.gradle.internal.classpath.ClassPath                                         : loaded 2 times (x 68B)
Class com.google.common.cache.RemovalListener                                         : loaded 2 times (x 68B)
Class org.gradle.api.internal.classpath.DefaultModuleRegistry                         : loaded 2 times (x 84B)
Class Settings_gradle$1$1                                                             : loaded 2 times (x 72B)
Class com.google.common.collect.ListMultimap                                          : loaded 2 times (x 68B)
Class com.google.common.base.CharMatcher$JavaDigit                                    : loaded 2 times (x 109B)
Class com.google.common.base.CharMatcher$Digit                                        : loaded 2 times (x 110B)
Class com.google.common.collect.AbstractMultimap                                      : loaded 2 times (x 121B)
Class com.google.common.cache.CacheBuilder$OneWeigher                                 : loaded 2 times (x 80B)
Class org.gradle.api.Action                                                           : loaded 2 times (x 68B)
Class com.google.common.collect.ImmutableEntry                                        : loaded 2 times (x 80B)
Class com.google.common.collect.Lists$StringAsImmutableList                           : loaded 2 times (x 167B)
Class com.google.common.cache.LocalCache$StrongEntry                                  : loaded 2 times (x 106B)
Class com.google.common.base.CharMatcher                                              : loaded 2 times (x 109B)
Class com.google.common.base.CharMatcher$IsNot                                        : loaded 2 times (x 109B)
Class com.google.common.base.Splitter                                                 : loaded 2 times (x 70B)
Class [Lcom.google.common.cache.Weigher;                                              : loaded 2 times (x 67B)
Class com.google.common.collect.Iterators$ArrayItr                                    : loaded 2 times (x 95B)
Class com.google.common.cache.LocalCache$Segment                                      : loaded 2 times (x 152B)
Class org.gradle.api.internal.DefaultClassPathProvider                                : loaded 2 times (x 74B)
Class org.gradle.internal.installation.GradleInstallation$1                           : loaded 2 times (x 73B)
Class com.google.common.cache.LocalCache$AbstractReferenceEntry                       : loaded 2 times (x 105B)
Class com.google.common.util.concurrent.AbstractFuture$Failure                        : loaded 2 times (x 70B)
Class com.google.common.base.CharMatcher$BitSetMatcher                                : loaded 2 times (x 110B)
Class com.google.common.collect.ImmutableMap$IteratorBasedImmutableMap                : loaded 2 times (x 123B)
Class com.google.common.collect.ImmutableMap                                          : loaded 2 times (x 118B)
Class com.google.common.base.Converter                                                : loaded 2 times (x 88B)
Class com.google.common.collect.ImmutableSet$EmptySetBuilderImpl                      : loaded 2 times (x 74B)
Class com.google.common.base.Equivalence                                              : loaded 2 times (x 80B)
Class com.google.common.cache.LocalCache$EntryFactory$1                               : loaded 2 times (x 81B)
Class com.google.common.cache.LocalCache$EntryFactory$2                               : loaded 2 times (x 81B)
Class com.google.common.cache.LocalCache$EntryFactory$3                               : loaded 2 times (x 81B)
Class com.google.common.cache.LocalCache$EntryFactory$4                               : loaded 2 times (x 81B)
Class com.google.common.cache.LocalCache$EntryFactory$5                               : loaded 2 times (x 81B)
Class com.google.common.cache.LocalCache$EntryFactory$6                               : loaded 2 times (x 81B)
Class com.google.common.cache.LocalCache$EntryFactory$7                               : loaded 2 times (x 81B)
Class com.google.common.cache.LocalCache$EntryFactory$8                               : loaded 2 times (x 81B)
Class com.google.common.base.Predicate                                                : loaded 2 times (x 68B)
Class com.google.common.cache.LocalCache$StrongValueReference                         : loaded 2 times (x 88B)
Class org.gradle.internal.classloader.FilteringClassLoader                            : loaded 2 times (x 103B)
Class com.google.common.collect.RegularImmutableSet                                   : loaded 2 times (x 146B)
Class [Lcom.google.common.cache.LocalCache$Strength;                                  : loaded 2 times (x 67B)
Class org.gradle.internal.classpath.DefaultClassPath$ImmutableUniqueList$Builder      : loaded 2 times (x 73B)
Class com.google.common.collect.Maps$8                                                : loaded 2 times (x 80B)
Class [Lcom.google.common.cache.CacheBuilder$NullListener;                            : loaded 2 times (x 67B)
Class com.google.common.base.PatternCompiler                                          : loaded 2 times (x 68B)
Class com.google.common.base.CharMatcher$InRange                                      : loaded 2 times (x 109B)
Class com.google.common.collect.BiMap                                                 : loaded 2 times (x 68B)
Class com.google.common.collect.Lists                                                 : loaded 2 times (x 69B)
Class com.google.common.math.IntMath$1                                                : loaded 2 times (x 69B)
Class org.gradle.internal.classloader.ClassLoaderVisitor                              : loaded 2 times (x 74B)
Class com.google.common.cache.CacheBuilder$NullListener                               : loaded 2 times (x 80B)
Class com.google.common.math.MathPreconditions                                        : loaded 2 times (x 69B)
Class org.gradle.internal.service.DefaultServiceLocator                               : loaded 2 times (x 81B)
Class org.gradle.internal.service.UnknownServiceException                             : loaded 2 times (x 81B)
Class com.google.common.util.concurrent.AbstractFuture$SynchronizedHelper             : loaded 2 times (x 76B)
Class com.google.common.collect.ArrayListMultimap                                     : loaded 2 times (x 170B)
Class com.google.common.base.Strings                                                  : loaded 2 times (x 69B)
Class com.google.common.cache.CacheLoader$InvalidCacheLoadException                   : loaded 2 times (x 80B)
Class org.gradle.internal.classloader.DefaultClassLoaderFactory                       : loaded 2 times (x 80B)
Class com.google.common.collect.UnmodifiableIterator                                  : loaded 2 times (x 78B)
Class com.google.common.base.Stopwatch                                                : loaded 2 times (x 70B)
Class com.google.common.base.Platform$JdkPatternCompiler                              : loaded 2 times (x 73B)
Class com.google.common.cache.LocalCache$LoadingValueReference                        : loaded 2 times (x 94B)
Class com.google.common.base.CharMatcher$SingleWidth                                  : loaded 2 times (x 110B)
Class com.google.common.collect.Hashing                                               : loaded 2 times (x 69B)
Class com.google.common.base.JdkPattern                                               : loaded 2 times (x 73B)
Class com.google.common.collect.Multimap                                              : loaded 2 times (x 68B)
Class com.google.common.base.FunctionalEquivalence                                    : loaded 2 times (x 81B)
Class com.google.common.cache.LocalCache$1                                            : loaded 2 times (x 87B)
Class com.google.common.cache.LocalCache$2                                            : loaded 2 times (x 140B)
Class com.google.common.collect.RegularImmutableBiMap                                 : loaded 2 times (x 146B)
Class org.gradle.internal.classloader.VisitableURLClassLoader$Spec                    : loaded 2 times (x 72B)
Class org.gradle.api.GradleException                                                  : loaded 2 times (x 80B)
Class com.google.common.base.CharMatcher$JavaLetterOrDigit                            : loaded 2 times (x 109B)
Class org.gradle.api.internal.classpath.ModuleRegistry                                : loaded 2 times (x 68B)
Class com.google.common.cache.CacheBuilder                                            : loaded 2 times (x 70B)
Class com.google.common.collect.ImmutableCollection                                   : loaded 2 times (x 123B)
Class com.google.common.base.PairwiseEquivalence                                      : loaded 2 times (x 81B)
Class com.google.common.base.Ticker                                                   : loaded 2 times (x 70B)
Class org.gradle.api.internal.ClassPathProvider                                       : loaded 2 times (x 68B)
Class com.google.common.collect.RegularImmutableMap$Values                            : loaded 2 times (x 167B)
Class org.gradle.internal.classloader.ClasspathUtil$1                                 : loaded 2 times (x 74B)
Class com.google.common.collect.ImmutableEnumMap                                      : loaded 2 times (x 123B)
Class com.google.common.collect.ImmutableList$ReverseImmutableList                    : loaded 2 times (x 168B)
Class com.google.common.cache.AbstractCache$StatsCounter                              : loaded 2 times (x 68B)
Class com.google.common.cache.LocalCache$Strength$1                                   : loaded 2 times (x 79B)
Class com.google.common.cache.LocalCache$Strength$2                                   : loaded 2 times (x 79B)
Class com.google.common.cache.LocalCache$Strength$3                                   : loaded 2 times (x 79B)
Class org.gradle.internal.classloader.ClassLoaderFactory                              : loaded 2 times (x 68B)
Class com.google.common.collect.ObjectArrays                                          : loaded 2 times (x 69B)
Class com.google.common.util.concurrent.AbstractFuture$Waiter                         : loaded 2 times (x 70B)
Class com.google.common.util.concurrent.Uninterruptibles                              : loaded 2 times (x 69B)
Class com.google.common.collect.Iterators$10                                          : loaded 2 times (x 79B)
Class com.google.common.collect.ImmutableList                                         : loaded 2 times (x 166B)
Class org.gradle.api.internal.classpath.ManifestUtil                                  : loaded 2 times (x 69B)
Class org.gradle.api.specs.Spec                                                       : loaded 2 times (x 68B)
Class com.google.common.cache.CacheLoader$UnsupportedLoadingOperationException        : loaded 2 times (x 80B)
Class com.google.common.base.CharMatcher$Whitespace                                   : loaded 2 times (x 110B)
Class com.google.common.util.concurrent.ListenableFuture                              : loaded 2 times (x 68B)
Class com.google.common.collect.Iterators$1                                           : loaded 2 times (x 79B)
Class com.google.common.collect.Iterators$4                                           : loaded 2 times (x 80B)
Class com.google.common.collect.RegularImmutableMap$BucketOverflowException           : loaded 2 times (x 80B)
Class com.google.common.collect.Iterators$5                                           : loaded 2 times (x 80B)
Class com.google.common.util.concurrent.AbstractFuture$UnsafeAtomicHelper             : loaded 2 times (x 76B)
Class com.google.common.base.Equivalence$Equals                                       : loaded 2 times (x 80B)
Class com.google.common.base.Preconditions                                            : loaded 2 times (x 69B)
Class com.google.common.base.Function                                                 : loaded 2 times (x 68B)
Class com.google.common.collect.Iterators$9                                           : loaded 2 times (x 79B)
Class org.gradle.internal.IoActions                                                   : loaded 2 times (x 69B)
Class com.google.common.cache.ReferenceEntry                                          : loaded 2 times (x 68B)
Class com.google.common.collect.RegularImmutableMap$KeySet                            : loaded 2 times (x 148B)
Class com.google.common.collect.CollectPreconditions                                  : loaded 2 times (x 69B)
Class com.google.common.collect.Maps                                                  : loaded 2 times (x 69B)
Class com.google.common.collect.RegularImmutableMap                                   : loaded 2 times (x 119B)
Class com.google.common.collect.AbstractIndexedListIterator                           : loaded 2 times (x 94B)
Class com.google.common.base.CharMatcher$None                                         : loaded 2 times (x 110B)
Class org.gradle.api.internal.classpath.EffectiveClassPath                            : loaded 2 times (x 88B)
Class com.google.common.collect.UnmodifiableListIterator                              : loaded 2 times (x 93B)
Class com.google.common.cache.CacheLoader$FunctionToCacheLoader                       : loaded 2 times (x 73B)
Class com.google.common.cache.CacheBuilder$1                                          : loaded 2 times (x 83B)
Class com.google.common.cache.CacheBuilder$2                                          : loaded 2 times (x 70B)
Class com.google.common.collect.ImmutableList$1                                       : loaded 2 times (x 95B)
Class com.google.common.base.Splitter$Strategy                                        : loaded 2 times (x 68B)
Class com.google.common.collect.ImmutableMapEntrySet$RegularEntrySet                  : loaded 2 times (x 149B)
Class [Lcom.google.common.cache.RemovalListener;                                      : loaded 2 times (x 67B)
Class [Lcom.google.common.collect.ImmutableMapEntry;                                  : loaded 2 times (x 67B)
Class org.gradle.internal.installation.CurrentGradleInstallation                      : loaded 2 times (x 71B)
Class org.gradle.internal.agents.InstrumentingClassLoader                             : loaded 2 times (x 68B)
Class org.gradle.internal.installation.CurrentGradleInstallationLocator               : loaded 2 times (x 69B)
Class [Lcom.google.common.cache.LocalCache$Segment;                                   : loaded 2 times (x 67B)
Class org.gradle.api.internal.classpath.Module                                        : loaded 2 times (x 68B)
Class com.google.common.base.Splitter$1$1                                             : loaded 2 times (x 84B)
Class com.google.common.collect.ImmutableSet$JdkBackedSetBuilderImpl                  : loaded 2 times (x 74B)
Class com.google.common.collect.ImmutableSet$RegularSetBuilderImpl                    : loaded 2 times (x 75B)
Class org.gradle.internal.service.CachingServiceLocator                               : loaded 2 times (x 80B)
Class [Lcom.google.common.collect.ImmutableEntry;                                     : loaded 2 times (x 67B)
Class org.gradle.internal.classpath.DefaultClassPath                                  : loaded 2 times (x 88B)
Class com.google.common.util.concurrent.AbstractFuture$SetFuture                      : loaded 2 times (x 73B)
Class com.google.common.base.Splitter$SplittingIterator                               : loaded 2 times (x 82B)
Class com.google.common.cache.LocalCache$LocalManualCache$1                           : loaded 2 times (x 73B)
Class Build_gradle$1                                                                  : loaded 2 times (x 76B)
Class [Lcom.google.common.cache.LocalCache$EntryFactory;                              : loaded 2 times (x 67B)
Class com.google.common.base.CharMatcher$Is                                           : loaded 2 times (x 109B)
Class com.google.common.base.Platform                                                 : loaded 2 times (x 69B)
Class com.google.common.collect.RegularImmutableAsList                                : loaded 2 times (x 176B)
Class com.google.common.collect.PeekingIterator                                       : loaded 2 times (x 68B)
Class com.google.common.collect.ImmutableMapEntrySet                                  : loaded 2 times (x 149B)
Class com.google.common.cache.CacheLoader                                             : loaded 2 times (x 72B)
Class com.google.common.collect.ImmutableBiMapFauxverideShim                          : loaded 2 times (x 118B)
Class com.google.common.cache.Cache                                                   : loaded 2 times (x 68B)
Class org.gradle.internal.classloader.SystemClassLoaderSpec                           : loaded 2 times (x 69B)
Class com.google.common.util.concurrent.internal.InternalFutureFailureAccess          : loaded 2 times (x 70B)
Class com.google.common.collect.SingletonImmutableSet                                 : loaded 2 times (x 144B)
Class [Lcom.google.common.base.AbstractIterator$State;                                : loaded 2 times (x 67B)
Class com.google.common.collect.ImmutableMap$Builder                                  : loaded 2 times (x 80B)
Class com.google.common.base.AbstractIterator                                         : loaded 2 times (x 78B)
Class com.google.common.base.AbstractIterator$1                                       : loaded 2 times (x 69B)
Class [Lcom.google.common.cache.CacheBuilder$OneWeigher;                              : loaded 2 times (x 67B)
Class com.google.common.collect.Iterators                                             : loaded 2 times (x 69B)
Class com.google.common.base.CharMatcher$1                                            : loaded 2 times (x 111B)
Class com.google.common.base.CharMatcher$Ascii                                        : loaded 2 times (x 110B)
Class com.google.common.cache.LocalCache$ComputingValueReference                      : loaded 2 times (x 94B)
Class org.gradle.api.UncheckedIOException                                             : loaded 2 times (x 80B)
Class com.google.common.base.CharMatcher$And                                          : loaded 2 times (x 110B)
Class com.google.common.collect.IndexedImmutableSet                                   : loaded 2 times (x 148B)
Class com.google.common.collect.IndexedImmutableSet$1                                 : loaded 2 times (x 172B)
Class com.google.common.collect.AbstractListMultimap                                  : loaded 2 times (x 170B)
Class com.google.common.base.CharMatcher$Any                                          : loaded 2 times (x 110B)
Class org.gradle.internal.installation.GradleInstallation                             : loaded 2 times (x 73B)
Class com.google.common.cache.LocalCache$Strength                                     : loaded 2 times (x 79B)
Class com.google.common.collect.ArrayListMultimapGwtSerializationDependencies         : loaded 2 times (x 170B)
Class com.google.common.base.CharMatcher$RangesMatcher                                : loaded 2 times (x 110B)
Class com.google.common.collect.ImmutableList$SubList                                 : loaded 2 times (x 168B)
Class com.google.common.cache.LocalCache$ValueReference                               : loaded 2 times (x 68B)
Class org.gradle.internal.classloader.ClasspathUtil                                   : loaded 2 times (x 69B)
Class com.google.common.util.concurrent.AbstractFuture                                : loaded 2 times (x 93B)
Class com.google.common.base.Splitter$1                                               : loaded 2 times (x 75B)
Class com.google.common.base.Ticker$1                                                 : loaded 2 times (x 70B)
Class com.google.common.collect.Maps$BiMapConverter                                   : loaded 2 times (x 88B)
Class org.gradle.api.internal.DefaultClassPathRegistry                                : loaded 2 times (x 74B)
Class com.google.common.util.concurrent.AbstractFuture$Cancellation                   : loaded 2 times (x 70B)
Class com.google.common.collect.ImmutableSet$SetBuilderImpl                           : loaded 2 times (x 74B)
Class org.gradle.api.internal.classpath.DefaultModuleRegistry$DefaultModule           : loaded 2 times (x 84B)
Class com.google.common.base.CharMatcher$JavaIsoControl                               : loaded 2 times (x 110B)
Class com.google.common.collect.ImmutableMap$1                                        : loaded 2 times (x 79B)
Class com.google.common.base.CharMatcher$Or                                           : loaded 2 times (x 110B)
Class org.gradle.kotlin.dsl.VersionCatalogAccessorsKt                                 : loaded 2 times (x 69B)
Class com.google.common.base.Suppliers$SupplierOfInstance                             : loaded 2 times (x 77B)
Class com.google.common.collect.Iterables                                             : loaded 2 times (x 69B)
Class com.google.common.base.CharMatcher$JavaLowerCase                                : loaded 2 times (x 109B)
Class org.gradle.api.internal.classpath.UnknownModuleException                        : loaded 2 times (x 80B)
Class com.google.common.util.concurrent.AbstractFuture$Listener                       : loaded 2 times (x 70B)
Class com.google.common.collect.Maps$EntryTransformer                                 : loaded 2 times (x 68B)
Class com.google.common.collect.ImmutableCollection$Builder                           : loaded 2 times (x 74B)
Class com.google.common.collect.SingletonImmutableBiMap                               : loaded 2 times (x 141B)
Class com.google.common.base.CommonPattern                                            : loaded 2 times (x 72B)
Class com.google.common.base.Suppliers                                                : loaded 2 times (x 69B)
Class com.google.common.cache.LoadingCache                                            : loaded 2 times (x 68B)
Class org.gradle.internal.service.ServiceLookupException                              : loaded 2 times (x 80B)
Class org.gradle.cache.GlobalCache                                                    : loaded 2 times (x 68B)
Class com.google.common.base.CharMatcher$NegatedFastMatcher                           : loaded 2 times (x 111B)
Class [Lorg.gradle.api.internal.ClassPathProvider;                                    : loaded 2 times (x 67B)
Class com.google.common.util.concurrent.AbstractFuture$SafeAtomicHelper               : loaded 2 times (x 77B)
Class org.gradle.util.internal.GUtil                                                  : loaded 2 times (x 69B)
Class com.google.common.math.IntMath                                                  : loaded 2 times (x 69B)
Class com.google.common.collect.AbstractIterator                                      : loaded 2 times (x 80B)
Class org.gradle.internal.classloader.ClassLoaderSpec                                 : loaded 2 times (x 69B)
Class com.google.common.base.NullnessCasts                                            : loaded 2 times (x 69B)
Class com.google.common.cache.LocalCache$LocalManualCache                             : loaded 2 times (x 97B)
Class com.google.common.collect.AbstractMapEntry                                      : loaded 2 times (x 79B)
Class com.google.common.base.CharMatcher$Negated                                      : loaded 2 times (x 111B)
Class com.google.common.cache.CacheLoader$1                                           : loaded 2 times (x 73B)
Class com.google.common.util.concurrent.AbstractFuture$TrustedFuture                  : loaded 2 times (x 95B)
Class com.google.common.collect.ImmutableSet$Builder                                  : loaded 2 times (x 83B)
Class com.google.common.base.CharMatcher$ForPredicate                                 : loaded 2 times (x 110B)
Class com.google.common.collect.ImmutableMap$MapViewOfValuesAsSingletonSets           : loaded 2 times (x 123B)
Class com.google.common.base.MoreObjects                                              : loaded 2 times (x 69B)
Class com.google.common.collect.SortedMapDifference                                   : loaded 2 times (x 68B)
Class com.google.common.cache.CacheStats                                              : loaded 2 times (x 69B)
Class org.gradle.internal.classloader.VisitableURLClassLoader                         : loaded 2 times (x 115B)
Class com.google.common.cache.LocalCache$LocalLoadingCache                            : loaded 2 times (x 132B)
Class com.google.common.base.Supplier                                                 : loaded 2 times (x 68B)
Class com.google.common.util.concurrent.AbstractFuture$AtomicHelper                   : loaded 2 times (x 76B)
Class com.google.common.collect.ImmutableBiMap                                        : loaded 2 times (x 141B)
Class org.gradle.internal.Cast                                                        : loaded 2 times (x 69B)
Class Build_gradle                                                                    : loaded 2 times (x 70B)
Class org.gradle.api.internal.ClassPathRegistry                                       : loaded 2 times (x 68B)
Class com.google.common.cache.LocalCache$EntryFactory                                 : loaded 2 times (x 81B)
Class com.google.common.util.concurrent.UncheckedExecutionException                   : loaded 2 times (x 80B)
Class com.google.common.collect.ImmutableSet                                          : loaded 2 times (x 143B)
Class org.gradle.internal.classloader.VisitableURLClassLoader$InstrumentingVisitableURLClassLoader: loaded 2 times (x 121B)
Class org.gradle.internal.classloader.ClassLoaderHierarchy                            : loaded 2 times (x 68B)
Class com.google.common.base.AbstractIterator$State                                   : loaded 2 times (x 77B)
Class com.google.common.cache.Weigher                                                 : loaded 2 times (x 68B)
Class com.google.common.base.CharMatcher$NamedFastMatcher                             : loaded 2 times (x 110B)
Class org.gradle.internal.InternalTransformer                                         : loaded 2 times (x 68B)
Class org.gradle.internal.service.ServiceLocator                                      : loaded 2 times (x 68B)
Class Settings_gradle$1                                                               : loaded 2 times (x 72B)
Class com.google.common.util.concurrent.SettableFuture                                : loaded 2 times (x 95B)
Class com.google.common.collect.ImmutableMapEntry                                     : loaded 2 times (x 83B)
Class com.google.common.base.CharMatcher$Invisible                                    : loaded 2 times (x 110B)
Class com.google.common.base.CharMatcher$FastMatcher                                  : loaded 2 times (x 109B)
Class org.gradle.internal.classpath.DefaultClassPath$ImmutableUniqueList              : loaded 2 times (x 159B)
Class com.google.common.base.CharMatcher$JavaLetter                                   : loaded 2 times (x 109B)
Class org.gradle.internal.classpath.TransformedClassPath                              : loaded 2 times (x 94B)
Class com.google.common.collect.MapDifference                                         : loaded 2 times (x 68B)
Class com.google.common.util.concurrent.AbstractFuture$Trusted                        : loaded 2 times (x 68B)
Class Settings_gradle                                                                 : loaded 2 times (x 126B)
Class com.google.common.collect.Platform                                              : loaded 2 times (x 69B)
Class com.google.common.collect.ImmutableAsList                                       : loaded 2 times (x 169B)
Class com.google.common.util.concurrent.ExecutionError                                : loaded 2 times (x 80B)
Class com.google.common.base.Equivalence$Identity                                     : loaded 2 times (x 80B)
Class com.google.common.base.CharMatcher$AnyOf                                        : loaded 2 times (x 110B)
Class com.google.common.base.CharMatcher$IsEither                                     : loaded 2 times (x 109B)
Class com.google.common.cache.LocalCache                                              : loaded 2 times (x 185B)
Class com.google.common.collect.RegularImmutableList                                  : loaded 2 times (x 172B)
Class com.google.common.util.concurrent.AbstractFuture$UnsafeAtomicHelper$1           : loaded 2 times (x 74B)
Class com.google.common.base.CharMatcher$JavaUpperCase                                : loaded 2 times (x 109B)
Class com.google.common.collect.Multiset                                              : loaded 2 times (x 68B)
Class com.google.common.collect.ImmutableSet$CachingAsList                            : loaded 2 times (x 145B)
Class com.google.common.collect.ImmutableMapEntry$NonTerminalImmutableMapEntry        : loaded 2 times (x 83B)
Class com.google.common.collect.AbstractMapBasedMultimap                              : loaded 2 times (x 137B)


---------------  S Y S T E M  ---------------

OS:
 Windows 10 , 64 bit Build 19041 (10.0.19041.5072)
OS uptime: 1 days 6:40 hours

CPU: total 4 (initial active 4) (2 cores per cpu, 2 threads per core) family 6 model 78 stepping 3 microcode 0xcc, cx8, cmov, fxsr, ht, mmx, 3dnowpref, sse, sse2, sse3, ssse3, sse4.1, sse4.2, popcnt, lzcnt, tsc, tscinvbit, avx, avx2, aes, erms, clmul, bmi1, bmi2, rtm, adx, fma, vzeroupper, clflush, clflushopt
Processor Information for processor 0
  Max Mhz: 2496, Current Mhz: 1497, Mhz Limit: 2396
Processor Information for processor 1
  Max Mhz: 2496, Current Mhz: 1497, Mhz Limit: 2396
Processor Information for processor 2
  Max Mhz: 2496, Current Mhz: 1497, Mhz Limit: 2396
Processor Information for processor 3
  Max Mhz: 2496, Current Mhz: 2396, Mhz Limit: 2396

Memory: 4k page, system-wide physical 8072M (437M free)
TotalPageFile size 9977M (AvailPageFile size 18M)
current process WorkingSet (physical memory assigned to process): 317M, peak: 325M
current process commit charge ("private bytes"): 342M, peak: 357M

vm_info: OpenJDK 64-Bit Server VM (17.0.11+0--11852314) for windows-amd64 JRE (17.0.11+0--11852314), built on May 16 2024 21:29:20 by "androidbuild" with MS VC++ 16.10 / 16.11 (VS2019)

END.
