#
# There is insufficient memory for the Java Runtime Environment to continue.
# Native memory allocation (mmap) failed to map 134217728 bytes. Error detail: G1 virtual space
# Possible reasons:
#   The system is out of physical RAM or swap space
#   This process is running with CompressedOops enabled, and the Java Heap may be blocking the growth of the native heap
# Possible solutions:
#   Reduce memory load on the system
#   Increase physical memory or swap space
#   Check if swap backing store is full
#   Decrease Java heap size (-Xmx/-Xms)
#   Decrease number of Java threads
#   Decrease Java thread stack sizes (-Xss)
#   Set larger code cache with -XX:ReservedCodeCacheSize=
#   JVM is running with Unscaled Compressed Oops mode in which the Java heap is
#     placed in the first 4GB address space. The Java Heap base address is the
#     maximum limit for the native heap growth. Please use -XX:HeapBaseMinAddress
#     to set the Java Heap base and to place the Java Heap above 4GB virtual address.
# This output file may be truncated or incomplete.
#
#  Out of Memory Error (os_windows.cpp:3825), pid=9600, tid=12568
#
# JRE version:  (17.0.11) (build )
# Java VM: OpenJDK 64-Bit Server VM (17.0.11+0--11852314, mixed mode, sharing, tiered, compressed oops, compressed class ptrs, g1 gc, windows-amd64)
# No core dump will be written. Minidumps are not enabled by default on client versions of Windows
#

---------------  S U M M A R Y ------------

Command Line: org.jetbrains.kotlin.cli.jvm.K2JVMCompiler @C:\Users\HP\Desktop\MVVM\app\build\20241112_14125720670572183867.compiler.options

Host: Intel(R) Core(TM) i5-6300U CPU @ 2.40GHz, 4 cores, 7G,  Windows 10 , 64 bit Build 19041 (10.0.19041.5072)
Time: Tue Nov 12 23:18:16 2024 Pacific Standard Time elapsed time: 0.019153 seconds (0d 0h 0m 0s)

---------------  T H R E A D  ---------------

Current thread (0x0000021237de2950):  JavaThread "Unknown thread" [_thread_in_vm, id=12568, stack(0x000000d1e4b00000,0x000000d1e4c00000)]

Stack: [0x000000d1e4b00000,0x000000d1e4c00000]
Native frames: (J=compiled Java code, j=interpreted, Vv=VM code, C=native code)
V  [jvm.dll+0x687bb9]
V  [jvm.dll+0x84142a]
V  [jvm.dll+0x8430ae]
V  [jvm.dll+0x843713]
V  [jvm.dll+0x24a35f]
V  [jvm.dll+0x684989]
V  [jvm.dll+0x67923a]
V  [jvm.dll+0x30af0b]
V  [jvm.dll+0x3123b6]
V  [jvm.dll+0x361dfe]
V  [jvm.dll+0x36202f]
V  [jvm.dll+0x2e0d38]
V  [jvm.dll+0x2e1ca4]
V  [jvm.dll+0x811f21]
V  [jvm.dll+0x36fb68]
V  [jvm.dll+0x7f0896]
V  [jvm.dll+0x3f3d2f]
V  [jvm.dll+0x3f58e1]
C  [jli.dll+0x528f]
C  [ucrtbase.dll+0x21bb2]
C  [KERNEL32.DLL+0x17374]
C  [ntdll.dll+0x4cc91]


---------------  P R O C E S S  ---------------

Threads class SMR info:
_java_thread_list=0x00007ff87930efd8, length=0, elements={
}

Java Threads: ( => current thread )

Other Threads:
  0x0000021237e3a120 GCTaskThread "GC Thread#0" [stack: 0x000000d1e4c00000,0x000000d1e4d00000] [id=13536]
  0x0000021237e4ac00 ConcurrentGCThread "G1 Main Marker" [stack: 0x000000d1e4d00000,0x000000d1e4e00000] [id=13792]
  0x0000021237e4b530 ConcurrentGCThread "G1 Conc#0" [stack: 0x000000d1e4e00000,0x000000d1e4f00000] [id=4456]

[error occurred during error reporting (printing all threads), id 0xc0000005, EXCEPTION_ACCESS_VIOLATION (0xc0000005) at pc=0x00007ff878ac1907]

VM state: not at safepoint (not fully initialized)

VM Mutex/Monitor currently owned by a thread:  ([mutex/lock_event])
[0x0000021237dde1e0] Heap_lock - owner thread: 0x0000021237de2950

Heap address: 0x0000000081c00000, size: 2020 MB, Compressed Oops mode: 32-bit

CDS archive(s) mapped at: [0x0000000000000000-0x0000000000000000-0x0000000000000000), size 0, SharedBaseAddress: 0x0000000800000000, ArchiveRelocationMode: 1.
Narrow klass base: 0x0000000000000000, Narrow klass shift: 0, Narrow klass range: 0x0

GC Precious Log:
<Empty>

Heap:
 garbage-first heap   total 0K, used 0K [0x0000000081c00000, 0x0000000100000000)
  region size 1024K, 0 young (0K), 0 survivors (0K)
 Metaspace       used 0K, committed 0K, reserved 0K
  class space    used 0K, committed 0K, reserved 0K

Heap Regions: E=young(eden), S=young(survivor), O=old, HS=humongous(starts), HC=humongous(continues), CS=collection set, F=free, OA=open archive, CA=closed archive, TAMS=top-at-mark-start (previous, next)

Card table byte_map: [0x000002124a6c0000,0x000002124aac0000] _byte_map_base: 0x000002124a2b2000

Marking Bits (Prev, Next): (CMBitMap*) 0x0000021237e3a650, (CMBitMap*) 0x0000021237e3a690
 Prev Bits: [0x000002124aec0000, 0x000002124ce50000)
 Next Bits: [0x000002124ce50000, 0x000002124ede0000)

GC Heap History (0 events):
No events

Dll operation events (1 events):
Event: 0.011 Loaded shared library C:\Users\HP\AppData\Local\Programs\Android Studio\jbr\bin\java.dll

Deoptimization events (0 events):
No events

Classes unloaded (0 events):
No events

Classes redefined (0 events):
No events

Internal exceptions (0 events):
No events

VM Operations (0 events):
No events

Events (0 events):
No events


Dynamic libraries:
0x00007ff6acd50000 - 0x00007ff6acd5a000 	C:\Users\HP\AppData\Local\Programs\Android Studio\jbr\bin\java.exe
0x00007ff8acab0000 - 0x00007ff8acca8000 	C:\Windows\SYSTEM32\ntdll.dll
0x00007ff8ab8c0000 - 0x00007ff8ab982000 	C:\Windows\System32\KERNEL32.DLL
0x00007ff8aa220000 - 0x00007ff8aa51e000 	C:\Windows\System32\KERNELBASE.dll
0x00007ff8aa730000 - 0x00007ff8aa830000 	C:\Windows\System32\ucrtbase.dll
0x00007ff8a1bd0000 - 0x00007ff8a1beb000 	C:\Users\HP\AppData\Local\Programs\Android Studio\jbr\bin\VCRUNTIME140.dll
0x00007ff88a210000 - 0x00007ff88a227000 	C:\Users\HP\AppData\Local\Programs\Android Studio\jbr\bin\jli.dll
0x00007ff8abea0000 - 0x00007ff8ac03d000 	C:\Windows\System32\USER32.dll
0x00007ff8aa520000 - 0x00007ff8aa542000 	C:\Windows\System32\win32u.dll
0x00007ff88e600000 - 0x00007ff88e89a000 	C:\Windows\WinSxS\amd64_microsoft.windows.common-controls_6595b64144ccf1df_6.0.19041.4355_none_60b8b9eb71f62e16\COMCTL32.dll
0x00007ff8ab500000 - 0x00007ff8ab52b000 	C:\Windows\System32\GDI32.dll
0x00007ff8aada0000 - 0x00007ff8aae3e000 	C:\Windows\System32\msvcrt.dll
0x00007ff8aa5a0000 - 0x00007ff8aa6b7000 	C:\Windows\System32\gdi32full.dll
0x00007ff8aa150000 - 0x00007ff8aa1ed000 	C:\Windows\System32\msvcp_win.dll
0x00007ff8aad70000 - 0x00007ff8aad9f000 	C:\Windows\System32\IMM32.DLL
0x00007ff8a2c20000 - 0x00007ff8a2c2c000 	C:\Users\HP\AppData\Local\Programs\Android Studio\jbr\bin\vcruntime140_1.dll
0x00007ff891b10000 - 0x00007ff891b9d000 	C:\Users\HP\AppData\Local\Programs\Android Studio\jbr\bin\msvcp140.dll
0x00007ff8787d0000 - 0x00007ff879453000 	C:\Users\HP\AppData\Local\Programs\Android Studio\jbr\bin\server\jvm.dll
0x00007ff8ac170000 - 0x00007ff8ac221000 	C:\Windows\System32\ADVAPI32.dll
0x00007ff8aba00000 - 0x00007ff8aba9f000 	C:\Windows\System32\sechost.dll
0x00007ff8ac040000 - 0x00007ff8ac163000 	C:\Windows\System32\RPCRT4.dll
0x00007ff8aa1f0000 - 0x00007ff8aa217000 	C:\Windows\System32\bcrypt.dll
0x00007ff8a9f00000 - 0x00007ff8a9f4b000 	C:\Windows\SYSTEM32\POWRPROF.dll
0x00007ff8a2c30000 - 0x00007ff8a2c39000 	C:\Windows\SYSTEM32\WSOCK32.dll
0x00007ff88a660000 - 0x00007ff88a687000 	C:\Windows\SYSTEM32\WINMM.dll
0x00007ff8ab990000 - 0x00007ff8ab9fb000 	C:\Windows\System32\WS2_32.dll
0x00007ff8a2430000 - 0x00007ff8a243a000 	C:\Windows\SYSTEM32\VERSION.dll
0x00007ff8a9ee0000 - 0x00007ff8a9ef2000 	C:\Windows\SYSTEM32\UMPDC.dll
0x00007ff8a7fd0000 - 0x00007ff8a7fe2000 	C:\Windows\SYSTEM32\kernel.appcore.dll
0x00007ff89c420000 - 0x00007ff89c42a000 	C:\Users\HP\AppData\Local\Programs\Android Studio\jbr\bin\jimage.dll
0x00007ff8a75e0000 - 0x00007ff8a77c4000 	C:\Windows\SYSTEM32\DBGHELP.DLL
0x00007ff89d820000 - 0x00007ff89d854000 	C:\Windows\SYSTEM32\dbgcore.DLL
0x00007ff8aaa40000 - 0x00007ff8aaac2000 	C:\Windows\System32\bcryptPrimitives.dll
0x00007ff89b5d0000 - 0x00007ff89b5f5000 	C:\Users\HP\AppData\Local\Programs\Android Studio\jbr\bin\java.dll

dbghelp: loaded successfully - version: 4.0.5 - missing functions: none
symbol engine: initialized successfully - sym options: 0x614 - pdb path: .;C:\Users\HP\AppData\Local\Programs\Android Studio\jbr\bin;C:\Windows\SYSTEM32;C:\Windows\WinSxS\amd64_microsoft.windows.common-controls_6595b64144ccf1df_6.0.19041.4355_none_60b8b9eb71f62e16;C:\Users\HP\AppData\Local\Programs\Android Studio\jbr\bin\server

VM Arguments:
java_command: org.jetbrains.kotlin.cli.jvm.K2JVMCompiler @C:\Users\HP\Desktop\MVVM\app\build\20241112_14125720670572183867.compiler.options
java_class_path (initial): C:\Users\HP\.gradle\caches\modules-2\files-2.1\org.jetbrains.kotlin\kotlin-compiler-embeddable\1.9.0\2c8c3a7402becca891f12739b3e9fd2dc2adbd7a\kotlin-compiler-embeddable-1.9.0.jar;C:\Users\HP\.gradle\caches\modules-2\files-2.1\org.jetbrains.kotlin\kotlin-stdlib\1.9.0\8ee15ef0c67dc83d874f412d84378d7f0eb50b63\kotlin-stdlib-1.9.0.jar;C:\Users\HP\.gradle\caches\modules-2\files-2.1\org.jetbrains.kotlin\kotlin-script-runtime\1.9.0\4b3102cbbb7e1b58d9d1adf89563f00069ffa7d1\kotlin-script-runtime-1.9.0.jar;C:\Users\HP\.gradle\caches\modules-2\files-2.1\org.jetbrains.kotlin\kotlin-reflect\1.6.10\1cbe9c92c12a94eea200d23c2bbaedaf3daf5132\kotlin-reflect-1.6.10.jar;C:\Users\HP\.gradle\caches\modules-2\files-2.1\org.jetbrains.kotlin\kotlin-daemon-embeddable\1.9.0\186543f5e28cf8d9a0290fecc2cf34301c40a65c\kotlin-daemon-embeddable-1.9.0.jar;C:\Users\HP\.gradle\caches\modules-2\files-2.1\org.jetbrains.intellij.deps\trove4j\1.0.20200330\3afb14d5f9ceb459d724e907a21145e8ff394f02\trove4j-1.0.20200330.jar;C:\Users\HP\.gradle\caches\modules-2\files-2.1\org.jetbrains.kotlin\kotlin-stdlib-common\1.9.0\cd65c21cfd1eec4d44ef09f9f52b6d9f8a720636\kotlin-stdlib-common-1.9.0.jar;C:\Users\HP\.gradle\caches\modules-2\files-2.1\org.jetbrains\annotations\13.0\919f0dfe192fb4e063e7dacadee7f8bb9a2672a9\annotations-13.0.jar
Launcher Type: SUN_STANDARD

[Global flags]
     intx CICompilerCount                          = 3                                         {product} {ergonomic}
     uint ConcGCThreads                            = 1                                         {product} {ergonomic}
     uint G1ConcRefinementThreads                  = 4                                         {product} {ergonomic}
   size_t G1HeapRegionSize                         = 1048576                                   {product} {ergonomic}
    uintx GCDrainStackTargetSize                   = 64                                        {product} {ergonomic}
   size_t InitialHeapSize                          = 134217728                                 {product} {ergonomic}
   size_t MarkStackSize                            = 4194304                                   {product} {ergonomic}
   size_t MaxHeapSize                              = 2118123520                                {product} {ergonomic}
   size_t MinHeapDeltaBytes                        = 1048576                                   {product} {ergonomic}
   size_t MinHeapSize                              = 8388608                                   {product} {ergonomic}
    uintx NonNMethodCodeHeapSize                   = 5832780                                {pd product} {ergonomic}
    uintx NonProfiledCodeHeapSize                  = 122912730                              {pd product} {ergonomic}
    uintx ProfiledCodeHeapSize                     = 122912730                              {pd product} {ergonomic}
    uintx ReservedCodeCacheSize                    = 251658240                              {pd product} {ergonomic}
     bool SegmentedCodeCache                       = true                                      {product} {ergonomic}
   size_t SoftMaxHeapSize                          = 2118123520                             {manageable} {ergonomic}
     bool UseCompressedClassPointers               = true                           {product lp64_product} {ergonomic}
     bool UseCompressedOops                        = true                           {product lp64_product} {ergonomic}
     bool UseG1GC                                  = true                                      {product} {ergonomic}
     bool UseLargePagesIndividualAllocation        = false                                  {pd product} {ergonomic}

Logging:
Log output configuration:
 #0: stdout all=warning uptime,level,tags
 #1: stderr all=off uptime,level,tags

Environment Variables:
PATH=C:\Windows\system32;C:\Windows;C:\Windows\System32\Wbem;C:\Windows\System32\WindowsPowerShell\v1.0\;C:\Windows\System32\OpenSSH\;C:\Program Files\Git\cmd;C:\Users\HP\AppData\Local\Programs\Python\Python312\Scripts\;C:\Users\HP\AppData\Local\Programs\Python\Python312\;C:\Users\HP\AppData\Local\Programs\Python\Launcher\;C:\Users\HP\AppData\Local\Microsoft\WindowsApps;C:\Users\HP\AppData\Local\JetBrains\Toolbox\scripts;C:\Users\HP\AppData\Local\Programs\Microsoft VS Code\bin;C:\Users\HP\AppData\Local\GitHubDesktop\bin
USERNAME=HP
OS=Windows_NT
PROCESSOR_IDENTIFIER=Intel64 Family 6 Model 78 Stepping 3, GenuineIntel
TMP=C:\Users\HP\AppData\Local\Temp
TEMP=C:\Users\HP\AppData\Local\Temp



Periodic native trim disabled

JNI global refs:
JNI global refs: 0, weak refs: 0

JNI global refs memory usage: 0, weak refs: 0

Process memory usage:
Resident Set Size: 11260K (0% of 8266332K total physical memory with 629972K free physical memory)

OOME stack traces (most recent first):
Classloader memory used:


---------------  S Y S T E M  ---------------

OS:
 Windows 10 , 64 bit Build 19041 (10.0.19041.5072)
OS uptime: 0 days 1:04 hours

CPU: total 4 (initial active 4) (2 cores per cpu, 2 threads per core) family 6 model 78 stepping 3 microcode 0xcc, cx8, cmov, fxsr, ht, mmx, 3dnowpref, sse, sse2, sse3, ssse3, sse4.1, sse4.2, popcnt, lzcnt, tsc, tscinvbit, avx, avx2, aes, erms, clmul, bmi1, bmi2, rtm, adx, fma, vzeroupper, clflush, clflushopt
Processor Information for all 4 processors :
  Max Mhz: 2496, Current Mhz: 2396, Mhz Limit: 2396

Memory: 4k page, system-wide physical 8072M (615M free)
TotalPageFile size 9977M (AvailPageFile size 44M)
current process WorkingSet (physical memory assigned to process): 11M, peak: 11M
current process commit charge ("private bytes"): 51M, peak: 179M

vm_info: OpenJDK 64-Bit Server VM (17.0.11+0--11852314) for windows-amd64 JRE (17.0.11+0--11852314), built on May 16 2024 21:29:20 by "androidbuild" with MS VC++ 16.10 / 16.11 (VS2019)

END.
